ARM GAS  C:\Users\Ala\AppData\Local\Temp\ccYWgRLD.s 			page 1


   1              		.syntax unified
   2              		.cpu cortex-m0
   3              		.fpu softvfp
   4              		.eabi_attribute 20, 1
   5              		.eabi_attribute 21, 1
   6              		.eabi_attribute 23, 3
   7              		.eabi_attribute 24, 1
   8              		.eabi_attribute 25, 1
   9              		.eabi_attribute 26, 1
  10              		.eabi_attribute 30, 4
  11              		.eabi_attribute 34, 0
  12              		.eabi_attribute 18, 4
  13              		.thumb
  14              		.syntax unified
  15              		.file	"DATALINK_Timer_PM.c"
  16              		.text
  17              	.Ltext0:
  18              		.cfi_sections	.debug_frame
  19              		.section	.text.DATALINK_Timer_SaveConfig,"ax",%progbits
  20              		.align	1
  21              		.global	DATALINK_Timer_SaveConfig
  22              		.code	16
  23              		.thumb_func
  24              		.type	DATALINK_Timer_SaveConfig, %function
  25              	DATALINK_Timer_SaveConfig:
  26              	.LFB0:
  27              		.file 1 "Generated_Source\\PSoC4\\DATALINK_Timer_PM.c"
   1:Generated_Source\PSoC4/DATALINK_Timer_PM.c **** /*******************************************************************************
   2:Generated_Source\PSoC4/DATALINK_Timer_PM.c **** * File Name: DATALINK_Timer_PM.c
   3:Generated_Source\PSoC4/DATALINK_Timer_PM.c **** * Version 2.80
   4:Generated_Source\PSoC4/DATALINK_Timer_PM.c **** *
   5:Generated_Source\PSoC4/DATALINK_Timer_PM.c **** *  Description:
   6:Generated_Source\PSoC4/DATALINK_Timer_PM.c **** *     This file provides the power management source code to API for the
   7:Generated_Source\PSoC4/DATALINK_Timer_PM.c **** *     Timer.
   8:Generated_Source\PSoC4/DATALINK_Timer_PM.c **** *
   9:Generated_Source\PSoC4/DATALINK_Timer_PM.c **** *   Note:
  10:Generated_Source\PSoC4/DATALINK_Timer_PM.c **** *     None
  11:Generated_Source\PSoC4/DATALINK_Timer_PM.c **** *
  12:Generated_Source\PSoC4/DATALINK_Timer_PM.c **** *******************************************************************************
  13:Generated_Source\PSoC4/DATALINK_Timer_PM.c **** * Copyright 2008-2017, Cypress Semiconductor Corporation.  All rights reserved.
  14:Generated_Source\PSoC4/DATALINK_Timer_PM.c **** * You may use this file only in accordance with the license, terms, conditions,
  15:Generated_Source\PSoC4/DATALINK_Timer_PM.c **** * disclaimers, and limitations in the end user license agreement accompanying
  16:Generated_Source\PSoC4/DATALINK_Timer_PM.c **** * the software package with which this file was provided.
  17:Generated_Source\PSoC4/DATALINK_Timer_PM.c **** ********************************************************************************/
  18:Generated_Source\PSoC4/DATALINK_Timer_PM.c **** 
  19:Generated_Source\PSoC4/DATALINK_Timer_PM.c **** #include "DATALINK_Timer.h"
  20:Generated_Source\PSoC4/DATALINK_Timer_PM.c **** 
  21:Generated_Source\PSoC4/DATALINK_Timer_PM.c **** static DATALINK_Timer_backupStruct DATALINK_Timer_backup;
  22:Generated_Source\PSoC4/DATALINK_Timer_PM.c **** 
  23:Generated_Source\PSoC4/DATALINK_Timer_PM.c **** 
  24:Generated_Source\PSoC4/DATALINK_Timer_PM.c **** /*******************************************************************************
  25:Generated_Source\PSoC4/DATALINK_Timer_PM.c **** * Function Name: DATALINK_Timer_SaveConfig
  26:Generated_Source\PSoC4/DATALINK_Timer_PM.c **** ********************************************************************************
  27:Generated_Source\PSoC4/DATALINK_Timer_PM.c **** *
  28:Generated_Source\PSoC4/DATALINK_Timer_PM.c **** * Summary:
  29:Generated_Source\PSoC4/DATALINK_Timer_PM.c **** *     Save the current user configuration
  30:Generated_Source\PSoC4/DATALINK_Timer_PM.c **** *
ARM GAS  C:\Users\Ala\AppData\Local\Temp\ccYWgRLD.s 			page 2


  31:Generated_Source\PSoC4/DATALINK_Timer_PM.c **** * Parameters:
  32:Generated_Source\PSoC4/DATALINK_Timer_PM.c **** *  void
  33:Generated_Source\PSoC4/DATALINK_Timer_PM.c **** *
  34:Generated_Source\PSoC4/DATALINK_Timer_PM.c **** * Return:
  35:Generated_Source\PSoC4/DATALINK_Timer_PM.c **** *  void
  36:Generated_Source\PSoC4/DATALINK_Timer_PM.c **** *
  37:Generated_Source\PSoC4/DATALINK_Timer_PM.c **** * Global variables:
  38:Generated_Source\PSoC4/DATALINK_Timer_PM.c **** *  DATALINK_Timer_backup:  Variables of this global structure are modified to
  39:Generated_Source\PSoC4/DATALINK_Timer_PM.c **** *  store the values of non retention configuration registers when Sleep() API is
  40:Generated_Source\PSoC4/DATALINK_Timer_PM.c **** *  called.
  41:Generated_Source\PSoC4/DATALINK_Timer_PM.c **** *
  42:Generated_Source\PSoC4/DATALINK_Timer_PM.c **** *******************************************************************************/
  43:Generated_Source\PSoC4/DATALINK_Timer_PM.c **** void DATALINK_Timer_SaveConfig(void) 
  44:Generated_Source\PSoC4/DATALINK_Timer_PM.c **** {
  28              		.loc 1 44 0
  29              		.cfi_startproc
  30              		@ args = 0, pretend = 0, frame = 0
  31              		@ frame_needed = 0, uses_anonymous_args = 0
  32 0000 10B5     		push	{r4, lr}
  33              		.cfi_def_cfa_offset 8
  34              		.cfi_offset 4, -8
  35              		.cfi_offset 14, -4
  45:Generated_Source\PSoC4/DATALINK_Timer_PM.c ****     #if (!DATALINK_Timer_UsingFixedFunction)
  46:Generated_Source\PSoC4/DATALINK_Timer_PM.c ****         DATALINK_Timer_backup.TimerUdb = DATALINK_Timer_ReadCounter();
  36              		.loc 1 46 0
  37 0002 FFF7FEFF 		bl	DATALINK_Timer_ReadCounter
  38              	.LVL0:
  39 0006 034B     		ldr	r3, .L2
  47:Generated_Source\PSoC4/DATALINK_Timer_PM.c ****         DATALINK_Timer_backup.InterruptMaskValue = DATALINK_Timer_STATUS_MASK;
  40              		.loc 1 47 0
  41 0008 034A     		ldr	r2, .L2+4
  46:Generated_Source\PSoC4/DATALINK_Timer_PM.c ****         DATALINK_Timer_backup.InterruptMaskValue = DATALINK_Timer_STATUS_MASK;
  42              		.loc 1 46 0
  43 000a 5870     		strb	r0, [r3, #1]
  44              		.loc 1 47 0
  45 000c 1278     		ldrb	r2, [r2]
  48:Generated_Source\PSoC4/DATALINK_Timer_PM.c ****         #if (DATALINK_Timer_UsingHWCaptureCounter)
  49:Generated_Source\PSoC4/DATALINK_Timer_PM.c ****             DATALINK_Timer_backup.TimerCaptureCounter = DATALINK_Timer_ReadCaptureCount();
  50:Generated_Source\PSoC4/DATALINK_Timer_PM.c ****         #endif /* Back Up capture counter register  */
  51:Generated_Source\PSoC4/DATALINK_Timer_PM.c **** 
  52:Generated_Source\PSoC4/DATALINK_Timer_PM.c ****         #if(!DATALINK_Timer_UDB_CONTROL_REG_REMOVED)
  53:Generated_Source\PSoC4/DATALINK_Timer_PM.c ****             DATALINK_Timer_backup.TimerControlRegister = DATALINK_Timer_ReadControlRegister();
  54:Generated_Source\PSoC4/DATALINK_Timer_PM.c ****         #endif /* Backup the enable state of the Timer component */
  55:Generated_Source\PSoC4/DATALINK_Timer_PM.c ****     #endif /* Backup non retention registers in UDB implementation. All fixed function registers ar
  56:Generated_Source\PSoC4/DATALINK_Timer_PM.c **** }
  46              		.loc 1 56 0
  47              		@ sp needed
  47:Generated_Source\PSoC4/DATALINK_Timer_PM.c ****         #if (DATALINK_Timer_UsingHWCaptureCounter)
  48              		.loc 1 47 0
  49 000e 9A70     		strb	r2, [r3, #2]
  50              		.loc 1 56 0
  51 0010 10BD     		pop	{r4, pc}
  52              	.L3:
  53 0012 C046     		.align	2
  54              	.L2:
  55 0014 00000000 		.word	.LANCHOR0
  56 0018 81000F40 		.word	1074724993
ARM GAS  C:\Users\Ala\AppData\Local\Temp\ccYWgRLD.s 			page 3


  57              		.cfi_endproc
  58              	.LFE0:
  59              		.size	DATALINK_Timer_SaveConfig, .-DATALINK_Timer_SaveConfig
  60              		.section	.text.DATALINK_Timer_RestoreConfig,"ax",%progbits
  61              		.align	1
  62              		.global	DATALINK_Timer_RestoreConfig
  63              		.code	16
  64              		.thumb_func
  65              		.type	DATALINK_Timer_RestoreConfig, %function
  66              	DATALINK_Timer_RestoreConfig:
  67              	.LFB1:
  57:Generated_Source\PSoC4/DATALINK_Timer_PM.c **** 
  58:Generated_Source\PSoC4/DATALINK_Timer_PM.c **** 
  59:Generated_Source\PSoC4/DATALINK_Timer_PM.c **** /*******************************************************************************
  60:Generated_Source\PSoC4/DATALINK_Timer_PM.c **** * Function Name: DATALINK_Timer_RestoreConfig
  61:Generated_Source\PSoC4/DATALINK_Timer_PM.c **** ********************************************************************************
  62:Generated_Source\PSoC4/DATALINK_Timer_PM.c **** *
  63:Generated_Source\PSoC4/DATALINK_Timer_PM.c **** * Summary:
  64:Generated_Source\PSoC4/DATALINK_Timer_PM.c **** *  Restores the current user configuration.
  65:Generated_Source\PSoC4/DATALINK_Timer_PM.c **** *
  66:Generated_Source\PSoC4/DATALINK_Timer_PM.c **** * Parameters:
  67:Generated_Source\PSoC4/DATALINK_Timer_PM.c **** *  void
  68:Generated_Source\PSoC4/DATALINK_Timer_PM.c **** *
  69:Generated_Source\PSoC4/DATALINK_Timer_PM.c **** * Return:
  70:Generated_Source\PSoC4/DATALINK_Timer_PM.c **** *  void
  71:Generated_Source\PSoC4/DATALINK_Timer_PM.c **** *
  72:Generated_Source\PSoC4/DATALINK_Timer_PM.c **** * Global variables:
  73:Generated_Source\PSoC4/DATALINK_Timer_PM.c **** *  DATALINK_Timer_backup:  Variables of this global structure are used to
  74:Generated_Source\PSoC4/DATALINK_Timer_PM.c **** *  restore the values of non retention registers on wakeup from sleep mode.
  75:Generated_Source\PSoC4/DATALINK_Timer_PM.c **** *
  76:Generated_Source\PSoC4/DATALINK_Timer_PM.c **** *******************************************************************************/
  77:Generated_Source\PSoC4/DATALINK_Timer_PM.c **** void DATALINK_Timer_RestoreConfig(void) 
  78:Generated_Source\PSoC4/DATALINK_Timer_PM.c **** {   
  68              		.loc 1 78 0
  69              		.cfi_startproc
  70              		@ args = 0, pretend = 0, frame = 0
  71              		@ frame_needed = 0, uses_anonymous_args = 0
  72 0000 10B5     		push	{r4, lr}
  73              		.cfi_def_cfa_offset 8
  74              		.cfi_offset 4, -8
  75              		.cfi_offset 14, -4
  79:Generated_Source\PSoC4/DATALINK_Timer_PM.c ****     #if (!DATALINK_Timer_UsingFixedFunction)
  80:Generated_Source\PSoC4/DATALINK_Timer_PM.c **** 
  81:Generated_Source\PSoC4/DATALINK_Timer_PM.c ****         DATALINK_Timer_WriteCounter(DATALINK_Timer_backup.TimerUdb);
  76              		.loc 1 81 0
  77 0002 044C     		ldr	r4, .L5
  82:Generated_Source\PSoC4/DATALINK_Timer_PM.c ****         DATALINK_Timer_STATUS_MASK =DATALINK_Timer_backup.InterruptMaskValue;
  83:Generated_Source\PSoC4/DATALINK_Timer_PM.c ****         #if (DATALINK_Timer_UsingHWCaptureCounter)
  84:Generated_Source\PSoC4/DATALINK_Timer_PM.c ****             DATALINK_Timer_SetCaptureCount(DATALINK_Timer_backup.TimerCaptureCounter);
  85:Generated_Source\PSoC4/DATALINK_Timer_PM.c ****         #endif /* Restore Capture counter register*/
  86:Generated_Source\PSoC4/DATALINK_Timer_PM.c **** 
  87:Generated_Source\PSoC4/DATALINK_Timer_PM.c ****         #if(!DATALINK_Timer_UDB_CONTROL_REG_REMOVED)
  88:Generated_Source\PSoC4/DATALINK_Timer_PM.c ****             DATALINK_Timer_WriteControlRegister(DATALINK_Timer_backup.TimerControlRegister);
  89:Generated_Source\PSoC4/DATALINK_Timer_PM.c ****         #endif /* Restore the enable state of the Timer component */
  90:Generated_Source\PSoC4/DATALINK_Timer_PM.c ****     #endif /* Restore non retention registers in the UDB implementation only */
  91:Generated_Source\PSoC4/DATALINK_Timer_PM.c **** }
  78              		.loc 1 91 0
ARM GAS  C:\Users\Ala\AppData\Local\Temp\ccYWgRLD.s 			page 4


  79              		@ sp needed
  81:Generated_Source\PSoC4/DATALINK_Timer_PM.c ****         DATALINK_Timer_STATUS_MASK =DATALINK_Timer_backup.InterruptMaskValue;
  80              		.loc 1 81 0
  81 0004 6078     		ldrb	r0, [r4, #1]
  82 0006 FFF7FEFF 		bl	DATALINK_Timer_WriteCounter
  83              	.LVL1:
  82:Generated_Source\PSoC4/DATALINK_Timer_PM.c ****         DATALINK_Timer_STATUS_MASK =DATALINK_Timer_backup.InterruptMaskValue;
  84              		.loc 1 82 0
  85 000a A278     		ldrb	r2, [r4, #2]
  86 000c 024B     		ldr	r3, .L5+4
  87 000e 1A70     		strb	r2, [r3]
  88              		.loc 1 91 0
  89 0010 10BD     		pop	{r4, pc}
  90              	.L6:
  91 0012 C046     		.align	2
  92              	.L5:
  93 0014 00000000 		.word	.LANCHOR0
  94 0018 81000F40 		.word	1074724993
  95              		.cfi_endproc
  96              	.LFE1:
  97              		.size	DATALINK_Timer_RestoreConfig, .-DATALINK_Timer_RestoreConfig
  98              		.section	.text.DATALINK_Timer_Sleep,"ax",%progbits
  99              		.align	1
 100              		.global	DATALINK_Timer_Sleep
 101              		.code	16
 102              		.thumb_func
 103              		.type	DATALINK_Timer_Sleep, %function
 104              	DATALINK_Timer_Sleep:
 105              	.LFB2:
  92:Generated_Source\PSoC4/DATALINK_Timer_PM.c **** 
  93:Generated_Source\PSoC4/DATALINK_Timer_PM.c **** 
  94:Generated_Source\PSoC4/DATALINK_Timer_PM.c **** /*******************************************************************************
  95:Generated_Source\PSoC4/DATALINK_Timer_PM.c **** * Function Name: DATALINK_Timer_Sleep
  96:Generated_Source\PSoC4/DATALINK_Timer_PM.c **** ********************************************************************************
  97:Generated_Source\PSoC4/DATALINK_Timer_PM.c **** *
  98:Generated_Source\PSoC4/DATALINK_Timer_PM.c **** * Summary:
  99:Generated_Source\PSoC4/DATALINK_Timer_PM.c **** *     Stop and Save the user configuration
 100:Generated_Source\PSoC4/DATALINK_Timer_PM.c **** *
 101:Generated_Source\PSoC4/DATALINK_Timer_PM.c **** * Parameters:
 102:Generated_Source\PSoC4/DATALINK_Timer_PM.c **** *  void
 103:Generated_Source\PSoC4/DATALINK_Timer_PM.c **** *
 104:Generated_Source\PSoC4/DATALINK_Timer_PM.c **** * Return:
 105:Generated_Source\PSoC4/DATALINK_Timer_PM.c **** *  void
 106:Generated_Source\PSoC4/DATALINK_Timer_PM.c **** *
 107:Generated_Source\PSoC4/DATALINK_Timer_PM.c **** * Global variables:
 108:Generated_Source\PSoC4/DATALINK_Timer_PM.c **** *  DATALINK_Timer_backup.TimerEnableState:  Is modified depending on the
 109:Generated_Source\PSoC4/DATALINK_Timer_PM.c **** *  enable state of the block before entering sleep mode.
 110:Generated_Source\PSoC4/DATALINK_Timer_PM.c **** *
 111:Generated_Source\PSoC4/DATALINK_Timer_PM.c **** *******************************************************************************/
 112:Generated_Source\PSoC4/DATALINK_Timer_PM.c **** void DATALINK_Timer_Sleep(void) 
 113:Generated_Source\PSoC4/DATALINK_Timer_PM.c **** {
 106              		.loc 1 113 0
 107              		.cfi_startproc
 108              		@ args = 0, pretend = 0, frame = 0
 109              		@ frame_needed = 0, uses_anonymous_args = 0
 110 0000 10B5     		push	{r4, lr}
 111              		.cfi_def_cfa_offset 8
ARM GAS  C:\Users\Ala\AppData\Local\Temp\ccYWgRLD.s 			page 5


 112              		.cfi_offset 4, -8
 113              		.cfi_offset 14, -4
 114:Generated_Source\PSoC4/DATALINK_Timer_PM.c ****     #if(!DATALINK_Timer_UDB_CONTROL_REG_REMOVED)
 115:Generated_Source\PSoC4/DATALINK_Timer_PM.c ****         /* Save Counter's enable state */
 116:Generated_Source\PSoC4/DATALINK_Timer_PM.c ****         if(DATALINK_Timer_CTRL_ENABLE == (DATALINK_Timer_CONTROL & DATALINK_Timer_CTRL_ENABLE))
 117:Generated_Source\PSoC4/DATALINK_Timer_PM.c ****         {
 118:Generated_Source\PSoC4/DATALINK_Timer_PM.c ****             /* Timer is enabled */
 119:Generated_Source\PSoC4/DATALINK_Timer_PM.c ****             DATALINK_Timer_backup.TimerEnableState = 1u;
 120:Generated_Source\PSoC4/DATALINK_Timer_PM.c ****         }
 121:Generated_Source\PSoC4/DATALINK_Timer_PM.c ****         else
 122:Generated_Source\PSoC4/DATALINK_Timer_PM.c ****         {
 123:Generated_Source\PSoC4/DATALINK_Timer_PM.c ****             /* Timer is disabled */
 124:Generated_Source\PSoC4/DATALINK_Timer_PM.c ****             DATALINK_Timer_backup.TimerEnableState = 0u;
 125:Generated_Source\PSoC4/DATALINK_Timer_PM.c ****         }
 126:Generated_Source\PSoC4/DATALINK_Timer_PM.c ****     #endif /* Back up enable state from the Timer control register */
 127:Generated_Source\PSoC4/DATALINK_Timer_PM.c ****     DATALINK_Timer_Stop();
 114              		.loc 1 127 0
 115 0002 FFF7FEFF 		bl	DATALINK_Timer_Stop
 116              	.LVL2:
 128:Generated_Source\PSoC4/DATALINK_Timer_PM.c ****     DATALINK_Timer_SaveConfig();
 129:Generated_Source\PSoC4/DATALINK_Timer_PM.c **** }
 117              		.loc 1 129 0
 118              		@ sp needed
 128:Generated_Source\PSoC4/DATALINK_Timer_PM.c ****     DATALINK_Timer_SaveConfig();
 119              		.loc 1 128 0
 120 0006 FFF7FEFF 		bl	DATALINK_Timer_SaveConfig
 121              	.LVL3:
 122              		.loc 1 129 0
 123 000a 10BD     		pop	{r4, pc}
 124              		.cfi_endproc
 125              	.LFE2:
 126              		.size	DATALINK_Timer_Sleep, .-DATALINK_Timer_Sleep
 127              		.section	.text.DATALINK_Timer_Wakeup,"ax",%progbits
 128              		.align	1
 129              		.global	DATALINK_Timer_Wakeup
 130              		.code	16
 131              		.thumb_func
 132              		.type	DATALINK_Timer_Wakeup, %function
 133              	DATALINK_Timer_Wakeup:
 134              	.LFB3:
 130:Generated_Source\PSoC4/DATALINK_Timer_PM.c **** 
 131:Generated_Source\PSoC4/DATALINK_Timer_PM.c **** 
 132:Generated_Source\PSoC4/DATALINK_Timer_PM.c **** /*******************************************************************************
 133:Generated_Source\PSoC4/DATALINK_Timer_PM.c **** * Function Name: DATALINK_Timer_Wakeup
 134:Generated_Source\PSoC4/DATALINK_Timer_PM.c **** ********************************************************************************
 135:Generated_Source\PSoC4/DATALINK_Timer_PM.c **** *
 136:Generated_Source\PSoC4/DATALINK_Timer_PM.c **** * Summary:
 137:Generated_Source\PSoC4/DATALINK_Timer_PM.c **** *  Restores and enables the user configuration
 138:Generated_Source\PSoC4/DATALINK_Timer_PM.c **** *
 139:Generated_Source\PSoC4/DATALINK_Timer_PM.c **** * Parameters:
 140:Generated_Source\PSoC4/DATALINK_Timer_PM.c **** *  void
 141:Generated_Source\PSoC4/DATALINK_Timer_PM.c **** *
 142:Generated_Source\PSoC4/DATALINK_Timer_PM.c **** * Return:
 143:Generated_Source\PSoC4/DATALINK_Timer_PM.c **** *  void
 144:Generated_Source\PSoC4/DATALINK_Timer_PM.c **** *
 145:Generated_Source\PSoC4/DATALINK_Timer_PM.c **** * Global variables:
 146:Generated_Source\PSoC4/DATALINK_Timer_PM.c **** *  DATALINK_Timer_backup.enableState:  Is used to restore the enable state of
ARM GAS  C:\Users\Ala\AppData\Local\Temp\ccYWgRLD.s 			page 6


 147:Generated_Source\PSoC4/DATALINK_Timer_PM.c **** *  block on wakeup from sleep mode.
 148:Generated_Source\PSoC4/DATALINK_Timer_PM.c **** *
 149:Generated_Source\PSoC4/DATALINK_Timer_PM.c **** *******************************************************************************/
 150:Generated_Source\PSoC4/DATALINK_Timer_PM.c **** void DATALINK_Timer_Wakeup(void) 
 151:Generated_Source\PSoC4/DATALINK_Timer_PM.c **** {
 135              		.loc 1 151 0
 136              		.cfi_startproc
 137              		@ args = 0, pretend = 0, frame = 0
 138              		@ frame_needed = 0, uses_anonymous_args = 0
 139 0000 10B5     		push	{r4, lr}
 140              		.cfi_def_cfa_offset 8
 141              		.cfi_offset 4, -8
 142              		.cfi_offset 14, -4
 152:Generated_Source\PSoC4/DATALINK_Timer_PM.c ****     DATALINK_Timer_RestoreConfig();
 143              		.loc 1 152 0
 144 0002 FFF7FEFF 		bl	DATALINK_Timer_RestoreConfig
 145              	.LVL4:
 153:Generated_Source\PSoC4/DATALINK_Timer_PM.c ****     #if(!DATALINK_Timer_UDB_CONTROL_REG_REMOVED)
 154:Generated_Source\PSoC4/DATALINK_Timer_PM.c ****         if(DATALINK_Timer_backup.TimerEnableState == 1u)
 155:Generated_Source\PSoC4/DATALINK_Timer_PM.c ****         {     /* Enable Timer's operation */
 156:Generated_Source\PSoC4/DATALINK_Timer_PM.c ****                 DATALINK_Timer_Enable();
 157:Generated_Source\PSoC4/DATALINK_Timer_PM.c ****         } /* Do nothing if Timer was disabled before */
 158:Generated_Source\PSoC4/DATALINK_Timer_PM.c ****     #endif /* Remove this code section if Control register is removed */
 159:Generated_Source\PSoC4/DATALINK_Timer_PM.c **** }
 146              		.loc 1 159 0
 147              		@ sp needed
 148 0006 10BD     		pop	{r4, pc}
 149              		.cfi_endproc
 150              	.LFE3:
 151              		.size	DATALINK_Timer_Wakeup, .-DATALINK_Timer_Wakeup
 152              		.bss
 153              		.set	.LANCHOR0,. + 0
 154              		.type	DATALINK_Timer_backup, %object
 155              		.size	DATALINK_Timer_backup, 3
 156              	DATALINK_Timer_backup:
 157 0000 000000   		.space	3
 158              		.text
 159              	.Letext0:
 160              		.file 2 "Generated_Source\\PSoC4\\cytypes.h"
 161              		.file 3 "Generated_Source\\PSoC4\\DATALINK_Timer.h"
 162              		.section	.debug_info,"",%progbits
 163              	.Ldebug_info0:
 164 0000 97010000 		.4byte	0x197
 165 0004 0400     		.2byte	0x4
 166 0006 00000000 		.4byte	.Ldebug_abbrev0
 167 000a 04       		.byte	0x4
 168 000b 01       		.uleb128 0x1
 169 000c 05020000 		.4byte	.LASF27
 170 0010 0C       		.byte	0xc
 171 0011 6C000000 		.4byte	.LASF28
 172 0015 89010000 		.4byte	.LASF29
 173 0019 00000000 		.4byte	.Ldebug_ranges0+0
 174 001d 00000000 		.4byte	0
 175 0021 00000000 		.4byte	.Ldebug_line0
 176 0025 02       		.uleb128 0x2
 177 0026 01       		.byte	0x1
 178 0027 06       		.byte	0x6
ARM GAS  C:\Users\Ala\AppData\Local\Temp\ccYWgRLD.s 			page 7


 179 0028 F9010000 		.4byte	.LASF0
 180 002c 02       		.uleb128 0x2
 181 002d 01       		.byte	0x1
 182 002e 08       		.byte	0x8
 183 002f 97000000 		.4byte	.LASF1
 184 0033 02       		.uleb128 0x2
 185 0034 02       		.byte	0x2
 186 0035 05       		.byte	0x5
 187 0036 69010000 		.4byte	.LASF2
 188 003a 02       		.uleb128 0x2
 189 003b 02       		.byte	0x2
 190 003c 07       		.byte	0x7
 191 003d 33000000 		.4byte	.LASF3
 192 0041 02       		.uleb128 0x2
 193 0042 04       		.byte	0x4
 194 0043 05       		.byte	0x5
 195 0044 D0010000 		.4byte	.LASF4
 196 0048 02       		.uleb128 0x2
 197 0049 04       		.byte	0x4
 198 004a 07       		.byte	0x7
 199 004b AA000000 		.4byte	.LASF5
 200 004f 02       		.uleb128 0x2
 201 0050 08       		.byte	0x8
 202 0051 05       		.byte	0x5
 203 0052 56010000 		.4byte	.LASF6
 204 0056 02       		.uleb128 0x2
 205 0057 08       		.byte	0x8
 206 0058 07       		.byte	0x7
 207 0059 1B010000 		.4byte	.LASF7
 208 005d 03       		.uleb128 0x3
 209 005e 04       		.byte	0x4
 210 005f 05       		.byte	0x5
 211 0060 696E7400 		.ascii	"int\000"
 212 0064 02       		.uleb128 0x2
 213 0065 04       		.byte	0x4
 214 0066 07       		.byte	0x7
 215 0067 0E010000 		.4byte	.LASF8
 216 006b 04       		.uleb128 0x4
 217 006c BC000000 		.4byte	.LASF12
 218 0070 02       		.byte	0x2
 219 0071 F701     		.2byte	0x1f7
 220 0073 2C000000 		.4byte	0x2c
 221 0077 02       		.uleb128 0x2
 222 0078 04       		.byte	0x4
 223 0079 04       		.byte	0x4
 224 007a 11000000 		.4byte	.LASF9
 225 007e 02       		.uleb128 0x2
 226 007f 08       		.byte	0x8
 227 0080 04       		.byte	0x4
 228 0081 C2000000 		.4byte	.LASF10
 229 0085 02       		.uleb128 0x2
 230 0086 01       		.byte	0x1
 231 0087 08       		.byte	0x8
 232 0088 64010000 		.4byte	.LASF11
 233 008c 04       		.uleb128 0x4
 234 008d A5000000 		.4byte	.LASF13
 235 0091 02       		.byte	0x2
ARM GAS  C:\Users\Ala\AppData\Local\Temp\ccYWgRLD.s 			page 8


 236 0092 A102     		.2byte	0x2a1
 237 0094 98000000 		.4byte	0x98
 238 0098 05       		.uleb128 0x5
 239 0099 6B000000 		.4byte	0x6b
 240 009d 02       		.uleb128 0x2
 241 009e 08       		.byte	0x8
 242 009f 04       		.byte	0x4
 243 00a0 ED010000 		.4byte	.LASF14
 244 00a4 02       		.uleb128 0x2
 245 00a5 04       		.byte	0x4
 246 00a6 07       		.byte	0x7
 247 00a7 4D010000 		.4byte	.LASF15
 248 00ab 06       		.uleb128 0x6
 249 00ac 03       		.byte	0x3
 250 00ad 03       		.byte	0x3
 251 00ae 43       		.byte	0x43
 252 00af D8000000 		.4byte	0xd8
 253 00b3 07       		.uleb128 0x7
 254 00b4 00000000 		.4byte	.LASF16
 255 00b8 03       		.byte	0x3
 256 00b9 45       		.byte	0x45
 257 00ba 6B000000 		.4byte	0x6b
 258 00be 00       		.byte	0
 259 00bf 07       		.uleb128 0x7
 260 00c0 63000000 		.4byte	.LASF17
 261 00c4 03       		.byte	0x3
 262 00c5 48       		.byte	0x48
 263 00c6 6B000000 		.4byte	0x6b
 264 00ca 01       		.byte	0x1
 265 00cb 07       		.uleb128 0x7
 266 00cc FB000000 		.4byte	.LASF18
 267 00d0 03       		.byte	0x3
 268 00d1 49       		.byte	0x49
 269 00d2 6B000000 		.4byte	0x6b
 270 00d6 02       		.byte	0x2
 271 00d7 00       		.byte	0
 272 00d8 08       		.uleb128 0x8
 273 00d9 17000000 		.4byte	.LASF19
 274 00dd 03       		.byte	0x3
 275 00de 53       		.byte	0x53
 276 00df AB000000 		.4byte	0xab
 277 00e3 09       		.uleb128 0x9
 278 00e4 B6010000 		.4byte	.LASF20
 279 00e8 01       		.byte	0x1
 280 00e9 2B       		.byte	0x2b
 281 00ea 00000000 		.4byte	.LFB0
 282 00ee 1C000000 		.4byte	.LFE0-.LFB0
 283 00f2 01       		.uleb128 0x1
 284 00f3 9C       		.byte	0x9c
 285 00f4 02010000 		.4byte	0x102
 286 00f8 0A       		.uleb128 0xa
 287 00f9 06000000 		.4byte	.LVL0
 288 00fd 79010000 		.4byte	0x179
 289 0101 00       		.byte	0
 290 0102 09       		.uleb128 0x9
 291 0103 46000000 		.4byte	.LASF21
 292 0107 01       		.byte	0x1
ARM GAS  C:\Users\Ala\AppData\Local\Temp\ccYWgRLD.s 			page 9


 293 0108 4D       		.byte	0x4d
 294 0109 00000000 		.4byte	.LFB1
 295 010d 1C000000 		.4byte	.LFE1-.LFB1
 296 0111 01       		.uleb128 0x1
 297 0112 9C       		.byte	0x9c
 298 0113 21010000 		.4byte	0x121
 299 0117 0A       		.uleb128 0xa
 300 0118 0A000000 		.4byte	.LVL1
 301 011c 84010000 		.4byte	0x184
 302 0120 00       		.byte	0
 303 0121 09       		.uleb128 0x9
 304 0122 93020000 		.4byte	.LASF22
 305 0126 01       		.byte	0x1
 306 0127 70       		.byte	0x70
 307 0128 00000000 		.4byte	.LFB2
 308 012c 0C000000 		.4byte	.LFE2-.LFB2
 309 0130 01       		.uleb128 0x1
 310 0131 9C       		.byte	0x9c
 311 0132 49010000 		.4byte	0x149
 312 0136 0A       		.uleb128 0xa
 313 0137 06000000 		.4byte	.LVL2
 314 013b 8F010000 		.4byte	0x18f
 315 013f 0A       		.uleb128 0xa
 316 0140 0A000000 		.4byte	.LVL3
 317 0144 E3000000 		.4byte	0xe3
 318 0148 00       		.byte	0
 319 0149 09       		.uleb128 0x9
 320 014a C9000000 		.4byte	.LASF23
 321 014e 01       		.byte	0x1
 322 014f 96       		.byte	0x96
 323 0150 00000000 		.4byte	.LFB3
 324 0154 08000000 		.4byte	.LFE3-.LFB3
 325 0158 01       		.uleb128 0x1
 326 0159 9C       		.byte	0x9c
 327 015a 68010000 		.4byte	0x168
 328 015e 0A       		.uleb128 0xa
 329 015f 06000000 		.4byte	.LVL4
 330 0163 02010000 		.4byte	0x102
 331 0167 00       		.byte	0
 332 0168 0B       		.uleb128 0xb
 333 0169 73010000 		.4byte	.LASF30
 334 016d 01       		.byte	0x1
 335 016e 15       		.byte	0x15
 336 016f D8000000 		.4byte	0xd8
 337 0173 05       		.uleb128 0x5
 338 0174 03       		.byte	0x3
 339 0175 00000000 		.4byte	DATALINK_Timer_backup
 340 0179 0C       		.uleb128 0xc
 341 017a 32010000 		.4byte	.LASF24
 342 017e 32010000 		.4byte	.LASF24
 343 0182 03       		.byte	0x3
 344 0183 69       		.byte	0x69
 345 0184 0C       		.uleb128 0xc
 346 0185 DF000000 		.4byte	.LASF25
 347 0189 DF000000 		.4byte	.LASF25
 348 018d 03       		.byte	0x3
 349 018e 6A       		.byte	0x6a
ARM GAS  C:\Users\Ala\AppData\Local\Temp\ccYWgRLD.s 			page 10


 350 018f 0C       		.uleb128 0xc
 351 0190 D9010000 		.4byte	.LASF26
 352 0194 D9010000 		.4byte	.LASF26
 353 0198 03       		.byte	0x3
 354 0199 5B       		.byte	0x5b
 355 019a 00       		.byte	0
 356              		.section	.debug_abbrev,"",%progbits
 357              	.Ldebug_abbrev0:
 358 0000 01       		.uleb128 0x1
 359 0001 11       		.uleb128 0x11
 360 0002 01       		.byte	0x1
 361 0003 25       		.uleb128 0x25
 362 0004 0E       		.uleb128 0xe
 363 0005 13       		.uleb128 0x13
 364 0006 0B       		.uleb128 0xb
 365 0007 03       		.uleb128 0x3
 366 0008 0E       		.uleb128 0xe
 367 0009 1B       		.uleb128 0x1b
 368 000a 0E       		.uleb128 0xe
 369 000b 55       		.uleb128 0x55
 370 000c 17       		.uleb128 0x17
 371 000d 11       		.uleb128 0x11
 372 000e 01       		.uleb128 0x1
 373 000f 10       		.uleb128 0x10
 374 0010 17       		.uleb128 0x17
 375 0011 00       		.byte	0
 376 0012 00       		.byte	0
 377 0013 02       		.uleb128 0x2
 378 0014 24       		.uleb128 0x24
 379 0015 00       		.byte	0
 380 0016 0B       		.uleb128 0xb
 381 0017 0B       		.uleb128 0xb
 382 0018 3E       		.uleb128 0x3e
 383 0019 0B       		.uleb128 0xb
 384 001a 03       		.uleb128 0x3
 385 001b 0E       		.uleb128 0xe
 386 001c 00       		.byte	0
 387 001d 00       		.byte	0
 388 001e 03       		.uleb128 0x3
 389 001f 24       		.uleb128 0x24
 390 0020 00       		.byte	0
 391 0021 0B       		.uleb128 0xb
 392 0022 0B       		.uleb128 0xb
 393 0023 3E       		.uleb128 0x3e
 394 0024 0B       		.uleb128 0xb
 395 0025 03       		.uleb128 0x3
 396 0026 08       		.uleb128 0x8
 397 0027 00       		.byte	0
 398 0028 00       		.byte	0
 399 0029 04       		.uleb128 0x4
 400 002a 16       		.uleb128 0x16
 401 002b 00       		.byte	0
 402 002c 03       		.uleb128 0x3
 403 002d 0E       		.uleb128 0xe
 404 002e 3A       		.uleb128 0x3a
 405 002f 0B       		.uleb128 0xb
 406 0030 3B       		.uleb128 0x3b
ARM GAS  C:\Users\Ala\AppData\Local\Temp\ccYWgRLD.s 			page 11


 407 0031 05       		.uleb128 0x5
 408 0032 49       		.uleb128 0x49
 409 0033 13       		.uleb128 0x13
 410 0034 00       		.byte	0
 411 0035 00       		.byte	0
 412 0036 05       		.uleb128 0x5
 413 0037 35       		.uleb128 0x35
 414 0038 00       		.byte	0
 415 0039 49       		.uleb128 0x49
 416 003a 13       		.uleb128 0x13
 417 003b 00       		.byte	0
 418 003c 00       		.byte	0
 419 003d 06       		.uleb128 0x6
 420 003e 13       		.uleb128 0x13
 421 003f 01       		.byte	0x1
 422 0040 0B       		.uleb128 0xb
 423 0041 0B       		.uleb128 0xb
 424 0042 3A       		.uleb128 0x3a
 425 0043 0B       		.uleb128 0xb
 426 0044 3B       		.uleb128 0x3b
 427 0045 0B       		.uleb128 0xb
 428 0046 01       		.uleb128 0x1
 429 0047 13       		.uleb128 0x13
 430 0048 00       		.byte	0
 431 0049 00       		.byte	0
 432 004a 07       		.uleb128 0x7
 433 004b 0D       		.uleb128 0xd
 434 004c 00       		.byte	0
 435 004d 03       		.uleb128 0x3
 436 004e 0E       		.uleb128 0xe
 437 004f 3A       		.uleb128 0x3a
 438 0050 0B       		.uleb128 0xb
 439 0051 3B       		.uleb128 0x3b
 440 0052 0B       		.uleb128 0xb
 441 0053 49       		.uleb128 0x49
 442 0054 13       		.uleb128 0x13
 443 0055 38       		.uleb128 0x38
 444 0056 0B       		.uleb128 0xb
 445 0057 00       		.byte	0
 446 0058 00       		.byte	0
 447 0059 08       		.uleb128 0x8
 448 005a 16       		.uleb128 0x16
 449 005b 00       		.byte	0
 450 005c 03       		.uleb128 0x3
 451 005d 0E       		.uleb128 0xe
 452 005e 3A       		.uleb128 0x3a
 453 005f 0B       		.uleb128 0xb
 454 0060 3B       		.uleb128 0x3b
 455 0061 0B       		.uleb128 0xb
 456 0062 49       		.uleb128 0x49
 457 0063 13       		.uleb128 0x13
 458 0064 00       		.byte	0
 459 0065 00       		.byte	0
 460 0066 09       		.uleb128 0x9
 461 0067 2E       		.uleb128 0x2e
 462 0068 01       		.byte	0x1
 463 0069 3F       		.uleb128 0x3f
ARM GAS  C:\Users\Ala\AppData\Local\Temp\ccYWgRLD.s 			page 12


 464 006a 19       		.uleb128 0x19
 465 006b 03       		.uleb128 0x3
 466 006c 0E       		.uleb128 0xe
 467 006d 3A       		.uleb128 0x3a
 468 006e 0B       		.uleb128 0xb
 469 006f 3B       		.uleb128 0x3b
 470 0070 0B       		.uleb128 0xb
 471 0071 27       		.uleb128 0x27
 472 0072 19       		.uleb128 0x19
 473 0073 11       		.uleb128 0x11
 474 0074 01       		.uleb128 0x1
 475 0075 12       		.uleb128 0x12
 476 0076 06       		.uleb128 0x6
 477 0077 40       		.uleb128 0x40
 478 0078 18       		.uleb128 0x18
 479 0079 9742     		.uleb128 0x2117
 480 007b 19       		.uleb128 0x19
 481 007c 01       		.uleb128 0x1
 482 007d 13       		.uleb128 0x13
 483 007e 00       		.byte	0
 484 007f 00       		.byte	0
 485 0080 0A       		.uleb128 0xa
 486 0081 898201   		.uleb128 0x4109
 487 0084 00       		.byte	0
 488 0085 11       		.uleb128 0x11
 489 0086 01       		.uleb128 0x1
 490 0087 31       		.uleb128 0x31
 491 0088 13       		.uleb128 0x13
 492 0089 00       		.byte	0
 493 008a 00       		.byte	0
 494 008b 0B       		.uleb128 0xb
 495 008c 34       		.uleb128 0x34
 496 008d 00       		.byte	0
 497 008e 03       		.uleb128 0x3
 498 008f 0E       		.uleb128 0xe
 499 0090 3A       		.uleb128 0x3a
 500 0091 0B       		.uleb128 0xb
 501 0092 3B       		.uleb128 0x3b
 502 0093 0B       		.uleb128 0xb
 503 0094 49       		.uleb128 0x49
 504 0095 13       		.uleb128 0x13
 505 0096 02       		.uleb128 0x2
 506 0097 18       		.uleb128 0x18
 507 0098 00       		.byte	0
 508 0099 00       		.byte	0
 509 009a 0C       		.uleb128 0xc
 510 009b 2E       		.uleb128 0x2e
 511 009c 00       		.byte	0
 512 009d 3F       		.uleb128 0x3f
 513 009e 19       		.uleb128 0x19
 514 009f 3C       		.uleb128 0x3c
 515 00a0 19       		.uleb128 0x19
 516 00a1 6E       		.uleb128 0x6e
 517 00a2 0E       		.uleb128 0xe
 518 00a3 03       		.uleb128 0x3
 519 00a4 0E       		.uleb128 0xe
 520 00a5 3A       		.uleb128 0x3a
ARM GAS  C:\Users\Ala\AppData\Local\Temp\ccYWgRLD.s 			page 13


 521 00a6 0B       		.uleb128 0xb
 522 00a7 3B       		.uleb128 0x3b
 523 00a8 0B       		.uleb128 0xb
 524 00a9 00       		.byte	0
 525 00aa 00       		.byte	0
 526 00ab 00       		.byte	0
 527              		.section	.debug_aranges,"",%progbits
 528 0000 34000000 		.4byte	0x34
 529 0004 0200     		.2byte	0x2
 530 0006 00000000 		.4byte	.Ldebug_info0
 531 000a 04       		.byte	0x4
 532 000b 00       		.byte	0
 533 000c 0000     		.2byte	0
 534 000e 0000     		.2byte	0
 535 0010 00000000 		.4byte	.LFB0
 536 0014 1C000000 		.4byte	.LFE0-.LFB0
 537 0018 00000000 		.4byte	.LFB1
 538 001c 1C000000 		.4byte	.LFE1-.LFB1
 539 0020 00000000 		.4byte	.LFB2
 540 0024 0C000000 		.4byte	.LFE2-.LFB2
 541 0028 00000000 		.4byte	.LFB3
 542 002c 08000000 		.4byte	.LFE3-.LFB3
 543 0030 00000000 		.4byte	0
 544 0034 00000000 		.4byte	0
 545              		.section	.debug_ranges,"",%progbits
 546              	.Ldebug_ranges0:
 547 0000 00000000 		.4byte	.LFB0
 548 0004 1C000000 		.4byte	.LFE0
 549 0008 00000000 		.4byte	.LFB1
 550 000c 1C000000 		.4byte	.LFE1
 551 0010 00000000 		.4byte	.LFB2
 552 0014 0C000000 		.4byte	.LFE2
 553 0018 00000000 		.4byte	.LFB3
 554 001c 08000000 		.4byte	.LFE3
 555 0020 00000000 		.4byte	0
 556 0024 00000000 		.4byte	0
 557              		.section	.debug_line,"",%progbits
 558              	.Ldebug_line0:
 559 0000 C7000000 		.section	.debug_str,"MS",%progbits,1
 559      02006200 
 559      00000201 
 559      FB0E0D00 
 559      01010101 
 560              	.LASF16:
 561 0000 54696D65 		.ascii	"TimerEnableState\000"
 561      72456E61 
 561      626C6553 
 561      74617465 
 561      00
 562              	.LASF9:
 563 0011 666C6F61 		.ascii	"float\000"
 563      7400
 564              	.LASF19:
 565 0017 44415441 		.ascii	"DATALINK_Timer_backupStruct\000"
 565      4C494E4B 
 565      5F54696D 
 565      65725F62 
ARM GAS  C:\Users\Ala\AppData\Local\Temp\ccYWgRLD.s 			page 14


 565      61636B75 
 566              	.LASF3:
 567 0033 73686F72 		.ascii	"short unsigned int\000"
 567      7420756E 
 567      7369676E 
 567      65642069 
 567      6E7400
 568              	.LASF21:
 569 0046 44415441 		.ascii	"DATALINK_Timer_RestoreConfig\000"
 569      4C494E4B 
 569      5F54696D 
 569      65725F52 
 569      6573746F 
 570              	.LASF17:
 571 0063 54696D65 		.ascii	"TimerUdb\000"
 571      72556462 
 571      00
 572              	.LASF28:
 573 006c 47656E65 		.ascii	"Generated_Source\\PSoC4\\DATALINK_Timer_PM.c\000"
 573      72617465 
 573      645F536F 
 573      75726365 
 573      5C50536F 
 574              	.LASF1:
 575 0097 756E7369 		.ascii	"unsigned char\000"
 575      676E6564 
 575      20636861 
 575      7200
 576              	.LASF13:
 577 00a5 72656738 		.ascii	"reg8\000"
 577      00
 578              	.LASF5:
 579 00aa 6C6F6E67 		.ascii	"long unsigned int\000"
 579      20756E73 
 579      69676E65 
 579      6420696E 
 579      7400
 580              	.LASF12:
 581 00bc 75696E74 		.ascii	"uint8\000"
 581      3800
 582              	.LASF10:
 583 00c2 646F7562 		.ascii	"double\000"
 583      6C6500
 584              	.LASF23:
 585 00c9 44415441 		.ascii	"DATALINK_Timer_Wakeup\000"
 585      4C494E4B 
 585      5F54696D 
 585      65725F57 
 585      616B6575 
 586              	.LASF25:
 587 00df 44415441 		.ascii	"DATALINK_Timer_WriteCounter\000"
 587      4C494E4B 
 587      5F54696D 
 587      65725F57 
 587      72697465 
 588              	.LASF18:
 589 00fb 496E7465 		.ascii	"InterruptMaskValue\000"
ARM GAS  C:\Users\Ala\AppData\Local\Temp\ccYWgRLD.s 			page 15


 589      72727570 
 589      744D6173 
 589      6B56616C 
 589      756500
 590              	.LASF8:
 591 010e 756E7369 		.ascii	"unsigned int\000"
 591      676E6564 
 591      20696E74 
 591      00
 592              	.LASF7:
 593 011b 6C6F6E67 		.ascii	"long long unsigned int\000"
 593      206C6F6E 
 593      6720756E 
 593      7369676E 
 593      65642069 
 594              	.LASF24:
 595 0132 44415441 		.ascii	"DATALINK_Timer_ReadCounter\000"
 595      4C494E4B 
 595      5F54696D 
 595      65725F52 
 595      65616443 
 596              	.LASF15:
 597 014d 73697A65 		.ascii	"sizetype\000"
 597      74797065 
 597      00
 598              	.LASF6:
 599 0156 6C6F6E67 		.ascii	"long long int\000"
 599      206C6F6E 
 599      6720696E 
 599      7400
 600              	.LASF11:
 601 0164 63686172 		.ascii	"char\000"
 601      00
 602              	.LASF2:
 603 0169 73686F72 		.ascii	"short int\000"
 603      7420696E 
 603      7400
 604              	.LASF30:
 605 0173 44415441 		.ascii	"DATALINK_Timer_backup\000"
 605      4C494E4B 
 605      5F54696D 
 605      65725F62 
 605      61636B75 
 606              	.LASF29:
 607 0189 433A5C55 		.ascii	"C:\\Users\\Ala\\Desktop\\Cypress\\BeoM_main.cydsn\000"
 607      73657273 
 607      5C416C61 
 607      5C446573 
 607      6B746F70 
 608              	.LASF20:
 609 01b6 44415441 		.ascii	"DATALINK_Timer_SaveConfig\000"
 609      4C494E4B 
 609      5F54696D 
 609      65725F53 
 609      61766543 
 610              	.LASF4:
 611 01d0 6C6F6E67 		.ascii	"long int\000"
ARM GAS  C:\Users\Ala\AppData\Local\Temp\ccYWgRLD.s 			page 16


 611      20696E74 
 611      00
 612              	.LASF26:
 613 01d9 44415441 		.ascii	"DATALINK_Timer_Stop\000"
 613      4C494E4B 
 613      5F54696D 
 613      65725F53 
 613      746F7000 
 614              	.LASF14:
 615 01ed 6C6F6E67 		.ascii	"long double\000"
 615      20646F75 
 615      626C6500 
 616              	.LASF0:
 617 01f9 7369676E 		.ascii	"signed char\000"
 617      65642063 
 617      68617200 
 618              	.LASF27:
 619 0205 474E5520 		.ascii	"GNU C11 5.4.1 20160609 (release) [ARM/embedded-5-br"
 619      43313120 
 619      352E342E 
 619      31203230 
 619      31363036 
 620 0238 616E6368 		.ascii	"anch revision 237715] -mcpu=cortex-m0 -mthumb -g -O"
 620      20726576 
 620      6973696F 
 620      6E203233 
 620      37373135 
 621 026b 73202D66 		.ascii	"s -ffunction-sections -ffat-lto-objects\000"
 621      66756E63 
 621      74696F6E 
 621      2D736563 
 621      74696F6E 
 622              	.LASF22:
 623 0293 44415441 		.ascii	"DATALINK_Timer_Sleep\000"
 623      4C494E4B 
 623      5F54696D 
 623      65725F53 
 623      6C656570 
 624              		.ident	"GCC: (GNU Tools for ARM Embedded Processors) 5.4.1 20160609 (release) [ARM/embedded-5-bran
