ARM GAS  C:\Users\Ala\AppData\Local\Temp\ccTOSny3.s 			page 1


   1              		.syntax unified
   2              		.cpu cortex-m0
   3              		.fpu softvfp
   4              		.eabi_attribute 20, 1
   5              		.eabi_attribute 21, 1
   6              		.eabi_attribute 23, 3
   7              		.eabi_attribute 24, 1
   8              		.eabi_attribute 25, 1
   9              		.eabi_attribute 26, 1
  10              		.eabi_attribute 30, 4
  11              		.eabi_attribute 34, 0
  12              		.eabi_attribute 18, 4
  13              		.thumb
  14              		.syntax unified
  15              		.file	"Em_EEPROM.c"
  16              		.text
  17              	.Ltext0:
  18              		.cfi_sections	.debug_frame
  19              		.section	.text.Em_EEPROM_Init,"ax",%progbits
  20              		.align	1
  21              		.global	Em_EEPROM_Init
  22              		.code	16
  23              		.thumb_func
  24              		.type	Em_EEPROM_Init, %function
  25              	Em_EEPROM_Init:
  26              	.LFB0:
  27              		.file 1 "Generated_Source\\PSoC4\\Em_EEPROM.c"
   1:Generated_Source\PSoC4/Em_EEPROM.c **** /*******************************************************************************
   2:Generated_Source\PSoC4/Em_EEPROM.c **** * File Name: Em_EEPROM.c
   3:Generated_Source\PSoC4/Em_EEPROM.c **** * Version 2.20
   4:Generated_Source\PSoC4/Em_EEPROM.c **** *
   5:Generated_Source\PSoC4/Em_EEPROM.c **** * Description:
   6:Generated_Source\PSoC4/Em_EEPROM.c **** *  This file provides source code of the API for the Emulated EEPROM
   7:Generated_Source\PSoC4/Em_EEPROM.c **** *  Component.
   8:Generated_Source\PSoC4/Em_EEPROM.c **** *
   9:Generated_Source\PSoC4/Em_EEPROM.c **** ********************************************************************************
  10:Generated_Source\PSoC4/Em_EEPROM.c **** * Copyright 2013-2017, Cypress Semiconductor Corporation. All rights reserved.
  11:Generated_Source\PSoC4/Em_EEPROM.c **** * You may use this file only in accordance with the license, terms, conditions,
  12:Generated_Source\PSoC4/Em_EEPROM.c **** * disclaimers, and limitations in the end user license agreement accompanying
  13:Generated_Source\PSoC4/Em_EEPROM.c **** * the software package with which this file was provided.
  14:Generated_Source\PSoC4/Em_EEPROM.c **** *******************************************************************************/
  15:Generated_Source\PSoC4/Em_EEPROM.c **** 
  16:Generated_Source\PSoC4/Em_EEPROM.c **** #include "Em_EEPROM.h"
  17:Generated_Source\PSoC4/Em_EEPROM.c **** 
  18:Generated_Source\PSoC4/Em_EEPROM.c **** /** The instance-specific configuration structure. This should be used in the
  19:Generated_Source\PSoC4/Em_EEPROM.c **** *  associated Em_EEPROM_Init() function.
  20:Generated_Source\PSoC4/Em_EEPROM.c **** */
  21:Generated_Source\PSoC4/Em_EEPROM.c **** cy_stc_eeprom_config_t const Em_EEPROM_config =
  22:Generated_Source\PSoC4/Em_EEPROM.c **** {
  23:Generated_Source\PSoC4/Em_EEPROM.c ****     64U,
  24:Generated_Source\PSoC4/Em_EEPROM.c ****     1U,
  25:Generated_Source\PSoC4/Em_EEPROM.c ****     0U,
  26:Generated_Source\PSoC4/Em_EEPROM.c ****     0U,
  27:Generated_Source\PSoC4/Em_EEPROM.c ****     0U
  28:Generated_Source\PSoC4/Em_EEPROM.c **** };
  29:Generated_Source\PSoC4/Em_EEPROM.c **** 
  30:Generated_Source\PSoC4/Em_EEPROM.c **** /** The instance-specific context structure that holds all required information
ARM GAS  C:\Users\Ala\AppData\Local\Temp\ccTOSny3.s 			page 2


  31:Generated_Source\PSoC4/Em_EEPROM.c **** * about an EEPROM instance. This structure is filled by the Em_EEPROM
  32:Generated_Source\PSoC4/Em_EEPROM.c **** * library Init() function and used by EEPROM library functions.
  33:Generated_Source\PSoC4/Em_EEPROM.c **** */
  34:Generated_Source\PSoC4/Em_EEPROM.c **** cy_stc_eeprom_context_t Em_EEPROM_context;
  35:Generated_Source\PSoC4/Em_EEPROM.c **** 
  36:Generated_Source\PSoC4/Em_EEPROM.c **** /* For PSoC 6 place EEPROM into Emulated EEPROM flash area */
  37:Generated_Source\PSoC4/Em_EEPROM.c **** #if ((CY_PSOC6) && (Em_EEPROM_STORAGE_EM_EEPROM))
  38:Generated_Source\PSoC4/Em_EEPROM.c **** 
  39:Generated_Source\PSoC4/Em_EEPROM.c ****     CY_SECTION(".cy_em_eeprom") CY_ALIGN(CY_FLASH_SIZEOF_ROW)
  40:Generated_Source\PSoC4/Em_EEPROM.c ****     const uint8 Em_EEPROM_em_EepromStorage[Em_EEPROM_ACTUAL_SIZE] = {0u};
  41:Generated_Source\PSoC4/Em_EEPROM.c **** 
  42:Generated_Source\PSoC4/Em_EEPROM.c **** #endif /* ((CY_PSOC6) && (Em_EEPROM_STORAGE_EM_EEPROM)) */
  43:Generated_Source\PSoC4/Em_EEPROM.c **** 
  44:Generated_Source\PSoC4/Em_EEPROM.c **** 
  45:Generated_Source\PSoC4/Em_EEPROM.c **** /*******************************************************************************
  46:Generated_Source\PSoC4/Em_EEPROM.c **** * Function Name: Em_EEPROM_Init
  47:Generated_Source\PSoC4/Em_EEPROM.c **** ********************************************************************************
  48:Generated_Source\PSoC4/Em_EEPROM.c **** *
  49:Generated_Source\PSoC4/Em_EEPROM.c **** * Fills the start address of the EEPROM to the component configuration structure
  50:Generated_Source\PSoC4/Em_EEPROM.c **** * and invokes Cy_Em_EEPROM_Init() function. In case of PSoC 6 the function 
  51:Generated_Source\PSoC4/Em_EEPROM.c **** * is located in Cy_Em_EEPROM middleware library which is part of PDL. In case if
  52:Generated_Source\PSoC4/Em_EEPROM.c **** * it is utilized in the design based on non-PSOC 6 device the function is 
  53:Generated_Source\PSoC4/Em_EEPROM.c **** * located in internal design wide resource component - Em_EEPROM_Dynamic.
  54:Generated_Source\PSoC4/Em_EEPROM.c **** *
  55:Generated_Source\PSoC4/Em_EEPROM.c **** * \param startAddress
  56:Generated_Source\PSoC4/Em_EEPROM.c **** * Start address of the EEPROM storage. For PSoC 6, if Emulated EEPROM is 
  57:Generated_Source\PSoC4/Em_EEPROM.c **** * selected for EEPROM storage, the start address will be overwritten to some 
  58:Generated_Source\PSoC4/Em_EEPROM.c **** * address from Emulated EEPROM flash area.
  59:Generated_Source\PSoC4/Em_EEPROM.c **** *
  60:Generated_Source\PSoC4/Em_EEPROM.c **** * \return
  61:Generated_Source\PSoC4/Em_EEPROM.c **** * A result of function execution of type cy_en_em_eeprom_status_t.
  62:Generated_Source\PSoC4/Em_EEPROM.c **** *
  63:Generated_Source\PSoC4/Em_EEPROM.c **** *******************************************************************************/
  64:Generated_Source\PSoC4/Em_EEPROM.c **** cy_en_em_eeprom_status_t Em_EEPROM_Init(uint32 startAddress)
  65:Generated_Source\PSoC4/Em_EEPROM.c **** {
  28              		.loc 1 65 0
  29              		.cfi_startproc
  30              		@ args = 0, pretend = 0, frame = 16
  31              		@ frame_needed = 0, uses_anonymous_args = 0
  32              	.LVL0:
  33 0000 1FB5     		push	{r0, r1, r2, r3, r4, lr}
  34              		.cfi_def_cfa_offset 24
  35              		.cfi_offset 0, -24
  36              		.cfi_offset 1, -20
  37              		.cfi_offset 2, -16
  38              		.cfi_offset 3, -12
  39              		.cfi_offset 4, -8
  40              		.cfi_offset 14, -4
  66:Generated_Source\PSoC4/Em_EEPROM.c ****     cy_en_em_eeprom_status_t ret;
  67:Generated_Source\PSoC4/Em_EEPROM.c ****     cy_stc_eeprom_config_t config;
  68:Generated_Source\PSoC4/Em_EEPROM.c **** 
  69:Generated_Source\PSoC4/Em_EEPROM.c ****     config.blockingWrite =      Em_EEPROM_config.blockingWrite;
  41              		.loc 1 69 0
  42 0002 0023     		movs	r3, #0
  43 0004 6A46     		mov	r2, sp
  44 0006 5372     		strb	r3, [r2, #9]
  70:Generated_Source\PSoC4/Em_EEPROM.c ****     config.eepromSize =         Em_EEPROM_config.eepromSize;
ARM GAS  C:\Users\Ala\AppData\Local\Temp\ccTOSny3.s 			page 3


  45              		.loc 1 70 0
  46 0008 4022     		movs	r2, #64
  47 000a 0092     		str	r2, [sp]
  71:Generated_Source\PSoC4/Em_EEPROM.c ****     config.redundantCopy =      Em_EEPROM_config.redundantCopy;
  48              		.loc 1 71 0
  49 000c 6A46     		mov	r2, sp
  72:Generated_Source\PSoC4/Em_EEPROM.c ****     config.wearLevelingFactor = Em_EEPROM_config.wearLevelingFactor;
  73:Generated_Source\PSoC4/Em_EEPROM.c ****     
  74:Generated_Source\PSoC4/Em_EEPROM.c **** #if ((CY_PSOC6) && (Em_EEPROM_STORAGE_EM_EEPROM))
  75:Generated_Source\PSoC4/Em_EEPROM.c ****     /* For PSoC 6, if Emulated EEPROM is selected - override the eeprom start 
  76:Generated_Source\PSoC4/Em_EEPROM.c ****     * address.
  77:Generated_Source\PSoC4/Em_EEPROM.c ****     */
  78:Generated_Source\PSoC4/Em_EEPROM.c ****     config.userFlashStartAddr = (uint32)Em_EEPROM_em_EepromStorage;
  79:Generated_Source\PSoC4/Em_EEPROM.c **** #else
  80:Generated_Source\PSoC4/Em_EEPROM.c ****     config.userFlashStartAddr = startAddress;
  50              		.loc 1 80 0
  51 000e 0390     		str	r0, [sp, #12]
  71:Generated_Source\PSoC4/Em_EEPROM.c ****     config.redundantCopy =      Em_EEPROM_config.redundantCopy;
  52              		.loc 1 71 0
  53 0010 1372     		strb	r3, [r2, #8]
  81:Generated_Source\PSoC4/Em_EEPROM.c **** #endif /* ((CY_PSOC6) && (Em_EEPROM_STORAGE_EM_EEPROM)) */
  82:Generated_Source\PSoC4/Em_EEPROM.c ****         
  83:Generated_Source\PSoC4/Em_EEPROM.c ****     ret = Cy_Em_EEPROM_Init(&config, &Em_EEPROM_context);
  54              		.loc 1 83 0
  55 0012 0449     		ldr	r1, .L2
  72:Generated_Source\PSoC4/Em_EEPROM.c ****     config.wearLevelingFactor = Em_EEPROM_config.wearLevelingFactor;
  56              		.loc 1 72 0
  57 0014 0133     		adds	r3, r3, #1
  58              		.loc 1 83 0
  59 0016 6846     		mov	r0, sp
  60              	.LVL1:
  72:Generated_Source\PSoC4/Em_EEPROM.c ****     config.wearLevelingFactor = Em_EEPROM_config.wearLevelingFactor;
  61              		.loc 1 72 0
  62 0018 0193     		str	r3, [sp, #4]
  63              		.loc 1 83 0
  64 001a FFF7FEFF 		bl	Cy_Em_EEPROM_Init
  65              	.LVL2:
  84:Generated_Source\PSoC4/Em_EEPROM.c **** 
  85:Generated_Source\PSoC4/Em_EEPROM.c ****     return(ret);
  86:Generated_Source\PSoC4/Em_EEPROM.c **** }
  66              		.loc 1 86 0
  67 001e 05B0     		add	sp, sp, #20
  68              		@ sp needed
  69 0020 00BD     		pop	{pc}
  70              	.L3:
  71 0022 C046     		.align	2
  72              	.L2:
  73 0024 00000000 		.word	Em_EEPROM_context
  74              		.cfi_endproc
  75              	.LFE0:
  76              		.size	Em_EEPROM_Init, .-Em_EEPROM_Init
  77              		.comm	Em_EEPROM_context,28,4
  78              		.global	Em_EEPROM_config
  79              		.section	.rodata
  80              		.align	2
  81              		.type	Em_EEPROM_config, %object
  82              		.size	Em_EEPROM_config, 16
ARM GAS  C:\Users\Ala\AppData\Local\Temp\ccTOSny3.s 			page 4


  83              	Em_EEPROM_config:
  84 0000 40000000 		.word	64
  85 0004 01000000 		.word	1
  86 0008 00       		.byte	0
  87 0009 00       		.byte	0
  88 000a 0000     		.space	2
  89 000c 00000000 		.word	0
  90              		.text
  91              	.Letext0:
  92              		.file 2 "Generated_Source\\PSoC4\\cytypes.h"
  93              		.file 3 "Generated_Source\\PSoC4\\cy_em_eeprom.h"
  94              		.section	.debug_info,"",%progbits
  95              	.Ldebug_info0:
  96 0000 3E020000 		.4byte	0x23e
  97 0004 0400     		.2byte	0x4
  98 0006 00000000 		.4byte	.Ldebug_abbrev0
  99 000a 04       		.byte	0x4
 100 000b 01       		.uleb128 0x1
 101 000c 65020000 		.4byte	.LASF35
 102 0010 0C       		.byte	0xc
 103 0011 09020000 		.4byte	.LASF36
 104 0015 DC010000 		.4byte	.LASF37
 105 0019 00000000 		.4byte	.Ldebug_ranges0+0
 106 001d 00000000 		.4byte	0
 107 0021 00000000 		.4byte	.Ldebug_line0
 108 0025 02       		.uleb128 0x2
 109 0026 01       		.byte	0x1
 110 0027 06       		.byte	0x6
 111 0028 59020000 		.4byte	.LASF0
 112 002c 02       		.uleb128 0x2
 113 002d 01       		.byte	0x1
 114 002e 08       		.byte	0x8
 115 002f 81000000 		.4byte	.LASF1
 116 0033 02       		.uleb128 0x2
 117 0034 02       		.byte	0x2
 118 0035 05       		.byte	0x5
 119 0036 D2010000 		.4byte	.LASF2
 120 003a 02       		.uleb128 0x2
 121 003b 02       		.byte	0x2
 122 003c 07       		.byte	0x7
 123 003d 32000000 		.4byte	.LASF3
 124 0041 02       		.uleb128 0x2
 125 0042 04       		.byte	0x4
 126 0043 05       		.byte	0x5
 127 0044 36020000 		.4byte	.LASF4
 128 0048 02       		.uleb128 0x2
 129 0049 04       		.byte	0x4
 130 004a 07       		.byte	0x7
 131 004b A7000000 		.4byte	.LASF5
 132 004f 02       		.uleb128 0x2
 133 0050 08       		.byte	0x8
 134 0051 05       		.byte	0x5
 135 0052 82010000 		.4byte	.LASF6
 136 0056 02       		.uleb128 0x2
 137 0057 08       		.byte	0x8
 138 0058 07       		.byte	0x7
 139 0059 19010000 		.4byte	.LASF7
ARM GAS  C:\Users\Ala\AppData\Local\Temp\ccTOSny3.s 			page 5


 140 005d 03       		.uleb128 0x3
 141 005e 04       		.byte	0x4
 142 005f 05       		.byte	0x5
 143 0060 696E7400 		.ascii	"int\000"
 144 0064 02       		.uleb128 0x2
 145 0065 04       		.byte	0x4
 146 0066 07       		.byte	0x7
 147 0067 F6000000 		.4byte	.LASF8
 148 006b 04       		.uleb128 0x4
 149 006c B9000000 		.4byte	.LASF9
 150 0070 02       		.byte	0x2
 151 0071 F701     		.2byte	0x1f7
 152 0073 2C000000 		.4byte	0x2c
 153 0077 04       		.uleb128 0x4
 154 0078 EF000000 		.4byte	.LASF10
 155 007c 02       		.byte	0x2
 156 007d F901     		.2byte	0x1f9
 157 007f 48000000 		.4byte	0x48
 158 0083 02       		.uleb128 0x2
 159 0084 04       		.byte	0x4
 160 0085 04       		.byte	0x4
 161 0086 7B000000 		.4byte	.LASF11
 162 008a 02       		.uleb128 0x2
 163 008b 08       		.byte	0x8
 164 008c 04       		.byte	0x4
 165 008d E8000000 		.4byte	.LASF12
 166 0091 02       		.uleb128 0x2
 167 0092 01       		.byte	0x1
 168 0093 08       		.byte	0x8
 169 0094 9D010000 		.4byte	.LASF13
 170 0098 02       		.uleb128 0x2
 171 0099 08       		.byte	0x8
 172 009a 04       		.byte	0x4
 173 009b 3F020000 		.4byte	.LASF14
 174 009f 02       		.uleb128 0x2
 175 00a0 04       		.byte	0x4
 176 00a1 07       		.byte	0x7
 177 00a2 79010000 		.4byte	.LASF15
 178 00a6 05       		.uleb128 0x5
 179 00a7 10       		.byte	0x10
 180 00a8 03       		.byte	0x3
 181 00a9 FB       		.byte	0xfb
 182 00aa EF000000 		.4byte	0xef
 183 00ae 06       		.uleb128 0x6
 184 00af 70000000 		.4byte	.LASF16
 185 00b3 03       		.byte	0x3
 186 00b4 FE       		.byte	0xfe
 187 00b5 77000000 		.4byte	0x77
 188 00b9 00       		.byte	0
 189 00ba 07       		.uleb128 0x7
 190 00bb 5D000000 		.4byte	.LASF17
 191 00bf 03       		.byte	0x3
 192 00c0 0301     		.2byte	0x103
 193 00c2 77000000 		.4byte	0x77
 194 00c6 04       		.byte	0x4
 195 00c7 07       		.uleb128 0x7
 196 00c8 6B010000 		.4byte	.LASF18
ARM GAS  C:\Users\Ala\AppData\Local\Temp\ccTOSny3.s 			page 6


 197 00cc 03       		.byte	0x3
 198 00cd 0601     		.2byte	0x106
 199 00cf 6B000000 		.4byte	0x6b
 200 00d3 08       		.byte	0x8
 201 00d4 07       		.uleb128 0x7
 202 00d5 56010000 		.4byte	.LASF19
 203 00d9 03       		.byte	0x3
 204 00da 0B01     		.2byte	0x10b
 205 00dc 6B000000 		.4byte	0x6b
 206 00e0 09       		.byte	0x9
 207 00e1 07       		.uleb128 0x7
 208 00e2 00000000 		.4byte	.LASF20
 209 00e6 03       		.byte	0x3
 210 00e7 0E01     		.2byte	0x10e
 211 00e9 77000000 		.4byte	0x77
 212 00ed 0C       		.byte	0xc
 213 00ee 00       		.byte	0
 214 00ef 04       		.uleb128 0x4
 215 00f0 BF000000 		.4byte	.LASF21
 216 00f4 03       		.byte	0x3
 217 00f5 0F01     		.2byte	0x10f
 218 00f7 A6000000 		.4byte	0xa6
 219 00fb 08       		.uleb128 0x8
 220 00fc 1C       		.byte	0x1c
 221 00fd 03       		.byte	0x3
 222 00fe 1601     		.2byte	0x116
 223 0100 6D010000 		.4byte	0x16d
 224 0104 07       		.uleb128 0x7
 225 0105 2C020000 		.4byte	.LASF22
 226 0109 03       		.byte	0x3
 227 010a 1B01     		.2byte	0x11b
 228 010c 77000000 		.4byte	0x77
 229 0110 00       		.byte	0
 230 0111 07       		.uleb128 0x7
 231 0112 25000000 		.4byte	.LASF23
 232 0116 03       		.byte	0x3
 233 0117 2001     		.2byte	0x120
 234 0119 77000000 		.4byte	0x77
 235 011d 04       		.byte	0x4
 236 011e 07       		.uleb128 0x7
 237 011f 4B020000 		.4byte	.LASF24
 238 0123 03       		.byte	0x3
 239 0124 2301     		.2byte	0x123
 240 0126 77000000 		.4byte	0x77
 241 012a 08       		.byte	0x8
 242 012b 07       		.uleb128 0x7
 243 012c 70000000 		.4byte	.LASF16
 244 0130 03       		.byte	0x3
 245 0131 2601     		.2byte	0x126
 246 0133 77000000 		.4byte	0x77
 247 0137 0C       		.byte	0xc
 248 0138 07       		.uleb128 0x7
 249 0139 5D000000 		.4byte	.LASF17
 250 013d 03       		.byte	0x3
 251 013e 2B01     		.2byte	0x12b
 252 0140 77000000 		.4byte	0x77
 253 0144 10       		.byte	0x10
ARM GAS  C:\Users\Ala\AppData\Local\Temp\ccTOSny3.s 			page 7


 254 0145 07       		.uleb128 0x7
 255 0146 6B010000 		.4byte	.LASF18
 256 014a 03       		.byte	0x3
 257 014b 2E01     		.2byte	0x12e
 258 014d 6B000000 		.4byte	0x6b
 259 0151 14       		.byte	0x14
 260 0152 07       		.uleb128 0x7
 261 0153 56010000 		.4byte	.LASF19
 262 0157 03       		.byte	0x3
 263 0158 3301     		.2byte	0x133
 264 015a 6B000000 		.4byte	0x6b
 265 015e 15       		.byte	0x15
 266 015f 07       		.uleb128 0x7
 267 0160 00000000 		.4byte	.LASF20
 268 0164 03       		.byte	0x3
 269 0165 3601     		.2byte	0x136
 270 0167 77000000 		.4byte	0x77
 271 016b 18       		.byte	0x18
 272 016c 00       		.byte	0
 273 016d 04       		.uleb128 0x4
 274 016e 45000000 		.4byte	.LASF25
 275 0172 03       		.byte	0x3
 276 0173 3701     		.2byte	0x137
 277 0175 FB000000 		.4byte	0xfb
 278 0179 09       		.uleb128 0x9
 279 017a 01       		.byte	0x1
 280 017b 2C000000 		.4byte	0x2c
 281 017f 03       		.byte	0x3
 282 0180 5401     		.2byte	0x154
 283 0182 A5010000 		.4byte	0x1a5
 284 0186 0A       		.uleb128 0xa
 285 0187 30010000 		.4byte	.LASF26
 286 018b 00       		.byte	0
 287 018c 0A       		.uleb128 0xa
 288 018d A2010000 		.4byte	.LASF27
 289 0191 01       		.byte	0x1
 290 0192 0A       		.uleb128 0xa
 291 0193 F3020000 		.4byte	.LASF28
 292 0197 02       		.byte	0x2
 293 0198 0A       		.uleb128 0xa
 294 0199 03010000 		.4byte	.LASF29
 295 019d 03       		.byte	0x3
 296 019e 0A       		.uleb128 0xa
 297 019f 8F000000 		.4byte	.LASF30
 298 01a3 04       		.byte	0x4
 299 01a4 00       		.byte	0
 300 01a5 04       		.uleb128 0x4
 301 01a6 B9010000 		.4byte	.LASF31
 302 01aa 03       		.byte	0x3
 303 01ab 5A01     		.2byte	0x15a
 304 01ad 79010000 		.4byte	0x179
 305 01b1 0B       		.uleb128 0xb
 306 01b2 0D030000 		.4byte	.LASF38
 307 01b6 01       		.byte	0x1
 308 01b7 40       		.byte	0x40
 309 01b8 A5010000 		.4byte	0x1a5
 310 01bc 00000000 		.4byte	.LFB0
ARM GAS  C:\Users\Ala\AppData\Local\Temp\ccTOSny3.s 			page 8


 311 01c0 28000000 		.4byte	.LFE0-.LFB0
 312 01c4 01       		.uleb128 0x1
 313 01c5 9C       		.byte	0x9c
 314 01c6 0E020000 		.4byte	0x20e
 315 01ca 0C       		.uleb128 0xc
 316 01cb 90010000 		.4byte	.LASF39
 317 01cf 01       		.byte	0x1
 318 01d0 40       		.byte	0x40
 319 01d1 77000000 		.4byte	0x77
 320 01d5 00000000 		.4byte	.LLST0
 321 01d9 0D       		.uleb128 0xd
 322 01da 72657400 		.ascii	"ret\000"
 323 01de 01       		.byte	0x1
 324 01df 42       		.byte	0x42
 325 01e0 A5010000 		.4byte	0x1a5
 326 01e4 01       		.uleb128 0x1
 327 01e5 50       		.byte	0x50
 328 01e6 0E       		.uleb128 0xe
 329 01e7 64010000 		.4byte	.LASF32
 330 01eb 01       		.byte	0x1
 331 01ec 43       		.byte	0x43
 332 01ed EF000000 		.4byte	0xef
 333 01f1 02       		.uleb128 0x2
 334 01f2 91       		.byte	0x91
 335 01f3 68       		.sleb128 -24
 336 01f4 0F       		.uleb128 0xf
 337 01f5 1E000000 		.4byte	.LVL2
 338 01f9 35020000 		.4byte	0x235
 339 01fd 10       		.uleb128 0x10
 340 01fe 01       		.uleb128 0x1
 341 01ff 50       		.byte	0x50
 342 0200 02       		.uleb128 0x2
 343 0201 7D       		.byte	0x7d
 344 0202 00       		.sleb128 0
 345 0203 10       		.uleb128 0x10
 346 0204 01       		.uleb128 0x1
 347 0205 51       		.byte	0x51
 348 0206 05       		.uleb128 0x5
 349 0207 03       		.byte	0x3
 350 0208 00000000 		.4byte	Em_EEPROM_context
 351 020c 00       		.byte	0
 352 020d 00       		.byte	0
 353 020e 11       		.uleb128 0x11
 354 020f 45010000 		.4byte	.LASF33
 355 0213 01       		.byte	0x1
 356 0214 15       		.byte	0x15
 357 0215 1F020000 		.4byte	0x21f
 358 0219 05       		.uleb128 0x5
 359 021a 03       		.byte	0x3
 360 021b 00000000 		.4byte	Em_EEPROM_config
 361 021f 12       		.uleb128 0x12
 362 0220 EF000000 		.4byte	0xef
 363 0224 11       		.uleb128 0x11
 364 0225 13000000 		.4byte	.LASF34
 365 0229 01       		.byte	0x1
 366 022a 22       		.byte	0x22
 367 022b 6D010000 		.4byte	0x16d
ARM GAS  C:\Users\Ala\AppData\Local\Temp\ccTOSny3.s 			page 9


 368 022f 05       		.uleb128 0x5
 369 0230 03       		.byte	0x3
 370 0231 00000000 		.4byte	Em_EEPROM_context
 371 0235 13       		.uleb128 0x13
 372 0236 D6000000 		.4byte	.LASF40
 373 023a D6000000 		.4byte	.LASF40
 374 023e 03       		.byte	0x3
 375 023f 6701     		.2byte	0x167
 376 0241 00       		.byte	0
 377              		.section	.debug_abbrev,"",%progbits
 378              	.Ldebug_abbrev0:
 379 0000 01       		.uleb128 0x1
 380 0001 11       		.uleb128 0x11
 381 0002 01       		.byte	0x1
 382 0003 25       		.uleb128 0x25
 383 0004 0E       		.uleb128 0xe
 384 0005 13       		.uleb128 0x13
 385 0006 0B       		.uleb128 0xb
 386 0007 03       		.uleb128 0x3
 387 0008 0E       		.uleb128 0xe
 388 0009 1B       		.uleb128 0x1b
 389 000a 0E       		.uleb128 0xe
 390 000b 55       		.uleb128 0x55
 391 000c 17       		.uleb128 0x17
 392 000d 11       		.uleb128 0x11
 393 000e 01       		.uleb128 0x1
 394 000f 10       		.uleb128 0x10
 395 0010 17       		.uleb128 0x17
 396 0011 00       		.byte	0
 397 0012 00       		.byte	0
 398 0013 02       		.uleb128 0x2
 399 0014 24       		.uleb128 0x24
 400 0015 00       		.byte	0
 401 0016 0B       		.uleb128 0xb
 402 0017 0B       		.uleb128 0xb
 403 0018 3E       		.uleb128 0x3e
 404 0019 0B       		.uleb128 0xb
 405 001a 03       		.uleb128 0x3
 406 001b 0E       		.uleb128 0xe
 407 001c 00       		.byte	0
 408 001d 00       		.byte	0
 409 001e 03       		.uleb128 0x3
 410 001f 24       		.uleb128 0x24
 411 0020 00       		.byte	0
 412 0021 0B       		.uleb128 0xb
 413 0022 0B       		.uleb128 0xb
 414 0023 3E       		.uleb128 0x3e
 415 0024 0B       		.uleb128 0xb
 416 0025 03       		.uleb128 0x3
 417 0026 08       		.uleb128 0x8
 418 0027 00       		.byte	0
 419 0028 00       		.byte	0
 420 0029 04       		.uleb128 0x4
 421 002a 16       		.uleb128 0x16
 422 002b 00       		.byte	0
 423 002c 03       		.uleb128 0x3
 424 002d 0E       		.uleb128 0xe
ARM GAS  C:\Users\Ala\AppData\Local\Temp\ccTOSny3.s 			page 10


 425 002e 3A       		.uleb128 0x3a
 426 002f 0B       		.uleb128 0xb
 427 0030 3B       		.uleb128 0x3b
 428 0031 05       		.uleb128 0x5
 429 0032 49       		.uleb128 0x49
 430 0033 13       		.uleb128 0x13
 431 0034 00       		.byte	0
 432 0035 00       		.byte	0
 433 0036 05       		.uleb128 0x5
 434 0037 13       		.uleb128 0x13
 435 0038 01       		.byte	0x1
 436 0039 0B       		.uleb128 0xb
 437 003a 0B       		.uleb128 0xb
 438 003b 3A       		.uleb128 0x3a
 439 003c 0B       		.uleb128 0xb
 440 003d 3B       		.uleb128 0x3b
 441 003e 0B       		.uleb128 0xb
 442 003f 01       		.uleb128 0x1
 443 0040 13       		.uleb128 0x13
 444 0041 00       		.byte	0
 445 0042 00       		.byte	0
 446 0043 06       		.uleb128 0x6
 447 0044 0D       		.uleb128 0xd
 448 0045 00       		.byte	0
 449 0046 03       		.uleb128 0x3
 450 0047 0E       		.uleb128 0xe
 451 0048 3A       		.uleb128 0x3a
 452 0049 0B       		.uleb128 0xb
 453 004a 3B       		.uleb128 0x3b
 454 004b 0B       		.uleb128 0xb
 455 004c 49       		.uleb128 0x49
 456 004d 13       		.uleb128 0x13
 457 004e 38       		.uleb128 0x38
 458 004f 0B       		.uleb128 0xb
 459 0050 00       		.byte	0
 460 0051 00       		.byte	0
 461 0052 07       		.uleb128 0x7
 462 0053 0D       		.uleb128 0xd
 463 0054 00       		.byte	0
 464 0055 03       		.uleb128 0x3
 465 0056 0E       		.uleb128 0xe
 466 0057 3A       		.uleb128 0x3a
 467 0058 0B       		.uleb128 0xb
 468 0059 3B       		.uleb128 0x3b
 469 005a 05       		.uleb128 0x5
 470 005b 49       		.uleb128 0x49
 471 005c 13       		.uleb128 0x13
 472 005d 38       		.uleb128 0x38
 473 005e 0B       		.uleb128 0xb
 474 005f 00       		.byte	0
 475 0060 00       		.byte	0
 476 0061 08       		.uleb128 0x8
 477 0062 13       		.uleb128 0x13
 478 0063 01       		.byte	0x1
 479 0064 0B       		.uleb128 0xb
 480 0065 0B       		.uleb128 0xb
 481 0066 3A       		.uleb128 0x3a
ARM GAS  C:\Users\Ala\AppData\Local\Temp\ccTOSny3.s 			page 11


 482 0067 0B       		.uleb128 0xb
 483 0068 3B       		.uleb128 0x3b
 484 0069 05       		.uleb128 0x5
 485 006a 01       		.uleb128 0x1
 486 006b 13       		.uleb128 0x13
 487 006c 00       		.byte	0
 488 006d 00       		.byte	0
 489 006e 09       		.uleb128 0x9
 490 006f 04       		.uleb128 0x4
 491 0070 01       		.byte	0x1
 492 0071 0B       		.uleb128 0xb
 493 0072 0B       		.uleb128 0xb
 494 0073 49       		.uleb128 0x49
 495 0074 13       		.uleb128 0x13
 496 0075 3A       		.uleb128 0x3a
 497 0076 0B       		.uleb128 0xb
 498 0077 3B       		.uleb128 0x3b
 499 0078 05       		.uleb128 0x5
 500 0079 01       		.uleb128 0x1
 501 007a 13       		.uleb128 0x13
 502 007b 00       		.byte	0
 503 007c 00       		.byte	0
 504 007d 0A       		.uleb128 0xa
 505 007e 28       		.uleb128 0x28
 506 007f 00       		.byte	0
 507 0080 03       		.uleb128 0x3
 508 0081 0E       		.uleb128 0xe
 509 0082 1C       		.uleb128 0x1c
 510 0083 0B       		.uleb128 0xb
 511 0084 00       		.byte	0
 512 0085 00       		.byte	0
 513 0086 0B       		.uleb128 0xb
 514 0087 2E       		.uleb128 0x2e
 515 0088 01       		.byte	0x1
 516 0089 3F       		.uleb128 0x3f
 517 008a 19       		.uleb128 0x19
 518 008b 03       		.uleb128 0x3
 519 008c 0E       		.uleb128 0xe
 520 008d 3A       		.uleb128 0x3a
 521 008e 0B       		.uleb128 0xb
 522 008f 3B       		.uleb128 0x3b
 523 0090 0B       		.uleb128 0xb
 524 0091 27       		.uleb128 0x27
 525 0092 19       		.uleb128 0x19
 526 0093 49       		.uleb128 0x49
 527 0094 13       		.uleb128 0x13
 528 0095 11       		.uleb128 0x11
 529 0096 01       		.uleb128 0x1
 530 0097 12       		.uleb128 0x12
 531 0098 06       		.uleb128 0x6
 532 0099 40       		.uleb128 0x40
 533 009a 18       		.uleb128 0x18
 534 009b 9742     		.uleb128 0x2117
 535 009d 19       		.uleb128 0x19
 536 009e 01       		.uleb128 0x1
 537 009f 13       		.uleb128 0x13
 538 00a0 00       		.byte	0
ARM GAS  C:\Users\Ala\AppData\Local\Temp\ccTOSny3.s 			page 12


 539 00a1 00       		.byte	0
 540 00a2 0C       		.uleb128 0xc
 541 00a3 05       		.uleb128 0x5
 542 00a4 00       		.byte	0
 543 00a5 03       		.uleb128 0x3
 544 00a6 0E       		.uleb128 0xe
 545 00a7 3A       		.uleb128 0x3a
 546 00a8 0B       		.uleb128 0xb
 547 00a9 3B       		.uleb128 0x3b
 548 00aa 0B       		.uleb128 0xb
 549 00ab 49       		.uleb128 0x49
 550 00ac 13       		.uleb128 0x13
 551 00ad 02       		.uleb128 0x2
 552 00ae 17       		.uleb128 0x17
 553 00af 00       		.byte	0
 554 00b0 00       		.byte	0
 555 00b1 0D       		.uleb128 0xd
 556 00b2 34       		.uleb128 0x34
 557 00b3 00       		.byte	0
 558 00b4 03       		.uleb128 0x3
 559 00b5 08       		.uleb128 0x8
 560 00b6 3A       		.uleb128 0x3a
 561 00b7 0B       		.uleb128 0xb
 562 00b8 3B       		.uleb128 0x3b
 563 00b9 0B       		.uleb128 0xb
 564 00ba 49       		.uleb128 0x49
 565 00bb 13       		.uleb128 0x13
 566 00bc 02       		.uleb128 0x2
 567 00bd 18       		.uleb128 0x18
 568 00be 00       		.byte	0
 569 00bf 00       		.byte	0
 570 00c0 0E       		.uleb128 0xe
 571 00c1 34       		.uleb128 0x34
 572 00c2 00       		.byte	0
 573 00c3 03       		.uleb128 0x3
 574 00c4 0E       		.uleb128 0xe
 575 00c5 3A       		.uleb128 0x3a
 576 00c6 0B       		.uleb128 0xb
 577 00c7 3B       		.uleb128 0x3b
 578 00c8 0B       		.uleb128 0xb
 579 00c9 49       		.uleb128 0x49
 580 00ca 13       		.uleb128 0x13
 581 00cb 02       		.uleb128 0x2
 582 00cc 18       		.uleb128 0x18
 583 00cd 00       		.byte	0
 584 00ce 00       		.byte	0
 585 00cf 0F       		.uleb128 0xf
 586 00d0 898201   		.uleb128 0x4109
 587 00d3 01       		.byte	0x1
 588 00d4 11       		.uleb128 0x11
 589 00d5 01       		.uleb128 0x1
 590 00d6 31       		.uleb128 0x31
 591 00d7 13       		.uleb128 0x13
 592 00d8 00       		.byte	0
 593 00d9 00       		.byte	0
 594 00da 10       		.uleb128 0x10
 595 00db 8A8201   		.uleb128 0x410a
ARM GAS  C:\Users\Ala\AppData\Local\Temp\ccTOSny3.s 			page 13


 596 00de 00       		.byte	0
 597 00df 02       		.uleb128 0x2
 598 00e0 18       		.uleb128 0x18
 599 00e1 9142     		.uleb128 0x2111
 600 00e3 18       		.uleb128 0x18
 601 00e4 00       		.byte	0
 602 00e5 00       		.byte	0
 603 00e6 11       		.uleb128 0x11
 604 00e7 34       		.uleb128 0x34
 605 00e8 00       		.byte	0
 606 00e9 03       		.uleb128 0x3
 607 00ea 0E       		.uleb128 0xe
 608 00eb 3A       		.uleb128 0x3a
 609 00ec 0B       		.uleb128 0xb
 610 00ed 3B       		.uleb128 0x3b
 611 00ee 0B       		.uleb128 0xb
 612 00ef 49       		.uleb128 0x49
 613 00f0 13       		.uleb128 0x13
 614 00f1 3F       		.uleb128 0x3f
 615 00f2 19       		.uleb128 0x19
 616 00f3 02       		.uleb128 0x2
 617 00f4 18       		.uleb128 0x18
 618 00f5 00       		.byte	0
 619 00f6 00       		.byte	0
 620 00f7 12       		.uleb128 0x12
 621 00f8 26       		.uleb128 0x26
 622 00f9 00       		.byte	0
 623 00fa 49       		.uleb128 0x49
 624 00fb 13       		.uleb128 0x13
 625 00fc 00       		.byte	0
 626 00fd 00       		.byte	0
 627 00fe 13       		.uleb128 0x13
 628 00ff 2E       		.uleb128 0x2e
 629 0100 00       		.byte	0
 630 0101 3F       		.uleb128 0x3f
 631 0102 19       		.uleb128 0x19
 632 0103 3C       		.uleb128 0x3c
 633 0104 19       		.uleb128 0x19
 634 0105 6E       		.uleb128 0x6e
 635 0106 0E       		.uleb128 0xe
 636 0107 03       		.uleb128 0x3
 637 0108 0E       		.uleb128 0xe
 638 0109 3A       		.uleb128 0x3a
 639 010a 0B       		.uleb128 0xb
 640 010b 3B       		.uleb128 0x3b
 641 010c 05       		.uleb128 0x5
 642 010d 00       		.byte	0
 643 010e 00       		.byte	0
 644 010f 00       		.byte	0
 645              		.section	.debug_loc,"",%progbits
 646              	.Ldebug_loc0:
 647              	.LLST0:
 648 0000 00000000 		.4byte	.LVL0
 649 0004 18000000 		.4byte	.LVL1
 650 0008 0100     		.2byte	0x1
 651 000a 50       		.byte	0x50
 652 000b 18000000 		.4byte	.LVL1
ARM GAS  C:\Users\Ala\AppData\Local\Temp\ccTOSny3.s 			page 14


 653 000f 1D000000 		.4byte	.LVL2-1
 654 0013 0200     		.2byte	0x2
 655 0015 91       		.byte	0x91
 656 0016 74       		.sleb128 -12
 657 0017 1D000000 		.4byte	.LVL2-1
 658 001b 28000000 		.4byte	.LFE0
 659 001f 0400     		.2byte	0x4
 660 0021 F3       		.byte	0xf3
 661 0022 01       		.uleb128 0x1
 662 0023 50       		.byte	0x50
 663 0024 9F       		.byte	0x9f
 664 0025 00000000 		.4byte	0
 665 0029 00000000 		.4byte	0
 666              		.section	.debug_aranges,"",%progbits
 667 0000 1C000000 		.4byte	0x1c
 668 0004 0200     		.2byte	0x2
 669 0006 00000000 		.4byte	.Ldebug_info0
 670 000a 04       		.byte	0x4
 671 000b 00       		.byte	0
 672 000c 0000     		.2byte	0
 673 000e 0000     		.2byte	0
 674 0010 00000000 		.4byte	.LFB0
 675 0014 28000000 		.4byte	.LFE0-.LFB0
 676 0018 00000000 		.4byte	0
 677 001c 00000000 		.4byte	0
 678              		.section	.debug_ranges,"",%progbits
 679              	.Ldebug_ranges0:
 680 0000 00000000 		.4byte	.LFB0
 681 0004 28000000 		.4byte	.LFE0
 682 0008 00000000 		.4byte	0
 683 000c 00000000 		.4byte	0
 684              		.section	.debug_line,"",%progbits
 685              	.Ldebug_line0:
 686 0000 87000000 		.section	.debug_str,"MS",%progbits,1
 686      02005800 
 686      00000201 
 686      FB0E0D00 
 686      01010101 
 687              	.LASF20:
 688 0000 75736572 		.ascii	"userFlashStartAddr\000"
 688      466C6173 
 688      68537461 
 688      72744164 
 688      647200
 689              	.LASF34:
 690 0013 456D5F45 		.ascii	"Em_EEPROM_context\000"
 690      4550524F 
 690      4D5F636F 
 690      6E746578 
 690      7400
 691              	.LASF23:
 692 0025 6E756D62 		.ascii	"numberOfRows\000"
 692      65724F66 
 692      526F7773 
 692      00
 693              	.LASF3:
 694 0032 73686F72 		.ascii	"short unsigned int\000"
ARM GAS  C:\Users\Ala\AppData\Local\Temp\ccTOSny3.s 			page 15


 694      7420756E 
 694      7369676E 
 694      65642069 
 694      6E7400
 695              	.LASF25:
 696 0045 63795F73 		.ascii	"cy_stc_eeprom_context_t\000"
 696      74635F65 
 696      6570726F 
 696      6D5F636F 
 696      6E746578 
 697              	.LASF17:
 698 005d 77656172 		.ascii	"wearLevelingFactor\000"
 698      4C657665 
 698      6C696E67 
 698      46616374 
 698      6F7200
 699              	.LASF16:
 700 0070 65657072 		.ascii	"eepromSize\000"
 700      6F6D5369 
 700      7A6500
 701              	.LASF11:
 702 007b 666C6F61 		.ascii	"float\000"
 702      7400
 703              	.LASF1:
 704 0081 756E7369 		.ascii	"unsigned char\000"
 704      676E6564 
 704      20636861 
 704      7200
 705              	.LASF30:
 706 008f 43595F45 		.ascii	"CY_EM_EEPROM_WRITE_FAIL\000"
 706      4D5F4545 
 706      50524F4D 
 706      5F575249 
 706      54455F46 
 707              	.LASF5:
 708 00a7 6C6F6E67 		.ascii	"long unsigned int\000"
 708      20756E73 
 708      69676E65 
 708      6420696E 
 708      7400
 709              	.LASF9:
 710 00b9 75696E74 		.ascii	"uint8\000"
 710      3800
 711              	.LASF21:
 712 00bf 63795F73 		.ascii	"cy_stc_eeprom_config_t\000"
 712      74635F65 
 712      6570726F 
 712      6D5F636F 
 712      6E666967 
 713              	.LASF40:
 714 00d6 43795F45 		.ascii	"Cy_Em_EEPROM_Init\000"
 714      6D5F4545 
 714      50524F4D 
 714      5F496E69 
 714      7400
 715              	.LASF12:
 716 00e8 646F7562 		.ascii	"double\000"
ARM GAS  C:\Users\Ala\AppData\Local\Temp\ccTOSny3.s 			page 16


 716      6C6500
 717              	.LASF10:
 718 00ef 75696E74 		.ascii	"uint32\000"
 718      333200
 719              	.LASF8:
 720 00f6 756E7369 		.ascii	"unsigned int\000"
 720      676E6564 
 720      20696E74 
 720      00
 721              	.LASF29:
 722 0103 43595F45 		.ascii	"CY_EM_EEPROM_BAD_DATA\000"
 722      4D5F4545 
 722      50524F4D 
 722      5F424144 
 722      5F444154 
 723              	.LASF7:
 724 0119 6C6F6E67 		.ascii	"long long unsigned int\000"
 724      206C6F6E 
 724      6720756E 
 724      7369676E 
 724      65642069 
 725              	.LASF26:
 726 0130 43595F45 		.ascii	"CY_EM_EEPROM_SUCCESS\000"
 726      4D5F4545 
 726      50524F4D 
 726      5F535543 
 726      43455353 
 727              	.LASF33:
 728 0145 456D5F45 		.ascii	"Em_EEPROM_config\000"
 728      4550524F 
 728      4D5F636F 
 728      6E666967 
 728      00
 729              	.LASF19:
 730 0156 626C6F63 		.ascii	"blockingWrite\000"
 730      6B696E67 
 730      57726974 
 730      6500
 731              	.LASF32:
 732 0164 636F6E66 		.ascii	"config\000"
 732      696700
 733              	.LASF18:
 734 016b 72656475 		.ascii	"redundantCopy\000"
 734      6E64616E 
 734      74436F70 
 734      7900
 735              	.LASF15:
 736 0179 73697A65 		.ascii	"sizetype\000"
 736      74797065 
 736      00
 737              	.LASF6:
 738 0182 6C6F6E67 		.ascii	"long long int\000"
 738      206C6F6E 
 738      6720696E 
 738      7400
 739              	.LASF39:
 740 0190 73746172 		.ascii	"startAddress\000"
ARM GAS  C:\Users\Ala\AppData\Local\Temp\ccTOSny3.s 			page 17


 740      74416464 
 740      72657373 
 740      00
 741              	.LASF13:
 742 019d 63686172 		.ascii	"char\000"
 742      00
 743              	.LASF27:
 744 01a2 43595F45 		.ascii	"CY_EM_EEPROM_BAD_PARAM\000"
 744      4D5F4545 
 744      50524F4D 
 744      5F424144 
 744      5F504152 
 745              	.LASF31:
 746 01b9 63795F65 		.ascii	"cy_en_em_eeprom_status_t\000"
 746      6E5F656D 
 746      5F656570 
 746      726F6D5F 
 746      73746174 
 747              	.LASF2:
 748 01d2 73686F72 		.ascii	"short int\000"
 748      7420696E 
 748      7400
 749              	.LASF37:
 750 01dc 433A5C55 		.ascii	"C:\\Users\\Ala\\Desktop\\Cypress\\BeoM_main.cydsn\000"
 750      73657273 
 750      5C416C61 
 750      5C446573 
 750      6B746F70 
 751              	.LASF36:
 752 0209 47656E65 		.ascii	"Generated_Source\\PSoC4\\Em_EEPROM.c\000"
 752      72617465 
 752      645F536F 
 752      75726365 
 752      5C50536F 
 753              	.LASF22:
 754 022c 776C456E 		.ascii	"wlEndAddr\000"
 754      64416464 
 754      7200
 755              	.LASF4:
 756 0236 6C6F6E67 		.ascii	"long int\000"
 756      20696E74 
 756      00
 757              	.LASF14:
 758 023f 6C6F6E67 		.ascii	"long double\000"
 758      20646F75 
 758      626C6500 
 759              	.LASF24:
 760 024b 6C617374 		.ascii	"lastWrRowAddr\000"
 760      5772526F 
 760      77416464 
 760      7200
 761              	.LASF0:
 762 0259 7369676E 		.ascii	"signed char\000"
 762      65642063 
 762      68617200 
 763              	.LASF35:
 764 0265 474E5520 		.ascii	"GNU C11 5.4.1 20160609 (release) [ARM/embedded-5-br"
ARM GAS  C:\Users\Ala\AppData\Local\Temp\ccTOSny3.s 			page 18


 764      43313120 
 764      352E342E 
 764      31203230 
 764      31363036 
 765 0298 616E6368 		.ascii	"anch revision 237715] -mcpu=cortex-m0 -mthumb -g -O"
 765      20726576 
 765      6973696F 
 765      6E203233 
 765      37373135 
 766 02cb 73202D66 		.ascii	"s -ffunction-sections -ffat-lto-objects\000"
 766      66756E63 
 766      74696F6E 
 766      2D736563 
 766      74696F6E 
 767              	.LASF28:
 768 02f3 43595F45 		.ascii	"CY_EM_EEPROM_BAD_CHECKSUM\000"
 768      4D5F4545 
 768      50524F4D 
 768      5F424144 
 768      5F434845 
 769              	.LASF38:
 770 030d 456D5F45 		.ascii	"Em_EEPROM_Init\000"
 770      4550524F 
 770      4D5F496E 
 770      697400
 771              		.ident	"GCC: (GNU Tools for ARM Embedded Processors) 5.4.1 20160609 (release) [ARM/embedded-5-bran
