ARM GAS  C:\Users\Ala\AppData\Local\Temp\ccIdkMgM.s 			page 1


   1              		.syntax unified
   2              		.cpu cortex-m0
   3              		.fpu softvfp
   4              		.eabi_attribute 20, 1
   5              		.eabi_attribute 21, 1
   6              		.eabi_attribute 23, 3
   7              		.eabi_attribute 24, 1
   8              		.eabi_attribute 25, 1
   9              		.eabi_attribute 26, 1
  10              		.eabi_attribute 30, 4
  11              		.eabi_attribute 34, 0
  12              		.eabi_attribute 18, 4
  13              		.thumb
  14              		.syntax unified
  15              		.file	"inputs.c"
  16              		.text
  17              	.Ltext0:
  18              		.cfi_sections	.debug_frame
  19              		.section	.text.PWR_OK_MODE_SHORT_ISR,"ax",%progbits
  20              		.align	1
  21              		.global	PWR_OK_MODE_SHORT_ISR
  22              		.code	16
  23              		.thumb_func
  24              		.type	PWR_OK_MODE_SHORT_ISR, %function
  25              	PWR_OK_MODE_SHORT_ISR:
  26              	.LFB32:
  27              		.file 1 "inputs.c"
   1:inputs.c      **** /* ========================================
   2:inputs.c      ****  *
   3:inputs.c      ****  * Copyright HEMI, 2020
   4:inputs.c      ****  * All Rights Reserved
   5:inputs.c      ****  * UNPUBLISHED, LICENSED SOFTWARE.
   6:inputs.c      ****  * 
   7:inputs.c      ****  * Functions used by BeoModern main PSoC to monitor input informaiton coming from
   8:inputs.c      ****  * push buttons and over DataLink interface
   9:inputs.c      ****  *
  10:inputs.c      ****  * CONFIDENTIAL AND PROPRIETARY INFORMATION
  11:inputs.c      ****  * WHICH IS THE PROPERTY OF HEMI.
  12:inputs.c      ****  *
  13:inputs.c      ****  * ========================================
  14:inputs.c      **** */
  15:inputs.c      **** #include <project.h>
  16:inputs.c      **** #include <modes.h>
  17:inputs.c      **** #include <inputs.h>
  18:inputs.c      **** 
  19:inputs.c      **** /* global variables */
  20:inputs.c      **** uint8 MODE_SWITCH = 0;    /* switch storing info on MODE button long press */
  21:inputs.c      **** uint8 PWR_OK_SWITCH = 0;  /* switch storing info on Power/OK button long press */
  22:inputs.c      **** 
  23:inputs.c      **** uint8 MODE_SHORT_V = 0;     /* variable storing MODE short button press event */
  24:inputs.c      **** uint8 PWR_OK_SHORT_V = 0;   /* variable storing PWR/OK short button press event */
  25:inputs.c      **** uint8 MODE_LONG_V = 0;      /* variable storing MODE long button press event  */
  26:inputs.c      **** uint8 PWR_OK_LONG_V = 0;    /* variable storing PWR/OK long button press event  */
  27:inputs.c      **** 
  28:inputs.c      **** 
  29:inputs.c      **** // DATALINK DATA ARRAY
  30:inputs.c      **** uint8 DATALINK_TABLE[64] = {0};
ARM GAS  C:\Users\Ala\AppData\Local\Temp\ccIdkMgM.s 			page 2


  31:inputs.c      **** uint8 DATALINK_TABLE_COUNTER = 0;
  32:inputs.c      **** uint8 DATALINK_TABLE_COUNTER_MAX = 0;
  33:inputs.c      **** 
  34:inputs.c      **** 
  35:inputs.c      **** 
  36:inputs.c      **** /*******************************************************************************
  37:inputs.c      **** * Function Name: CY_ISR(PWR_OK_MODE_SHORT_ISR)
  38:inputs.c      **** ********************************************************************************
  39:inputs.c      **** * Summary:
  40:inputs.c      **** *  The Interrupt Service Routine. Triggered when PWR_OK or MODE button was released 
  41:inputs.c      **** *  after pressing. Looks on faling edge. 
  42:inputs.c      **** *  If falling edge is later than time assigned to long press, routine clears long 
  43:inputs.c      **** *  press flag only.
  44:inputs.c      **** *  If falling edge is earlier than time assigned to long press, routine blinks 
  45:inputs.c      **** *  LED and set apriopriate variable MODE_SHORT_V or PWR_OK_SHORT_V
  46:inputs.c      **** *  After that interrupt is cleared (after waiting fo 2mS to debounce.     
  47:inputs.c      **** *   
  48:inputs.c      **** * Parameters:
  49:inputs.c      **** *  None
  50:inputs.c      **** *
  51:inputs.c      **** * Return:
  52:inputs.c      **** *  None
  53:inputs.c      **** *
  54:inputs.c      **** *******************************************************************************/
  55:inputs.c      **** CY_ISR(PWR_OK_MODE_SHORT_ISR)
  56:inputs.c      **** {
  28              		.loc 1 56 0
  29              		.cfi_startproc
  30              		@ args = 0, pretend = 0, frame = 0
  31              		@ frame_needed = 0, uses_anonymous_args = 0
  57:inputs.c      **** // Check if interrupt is triggered by MODE push button release (rising edge)
  58:inputs.c      ****     if(PWR_OK_MODE_INTSTAT & 0x40u)
  32              		.loc 1 58 0
  33 0000 0F4B     		ldr	r3, .L13
  56:inputs.c      **** // Check if interrupt is triggered by MODE push button release (rising edge)
  34              		.loc 1 56 0
  35 0002 10B5     		push	{r4, lr}
  36              		.cfi_def_cfa_offset 8
  37              		.cfi_offset 4, -8
  38              		.cfi_offset 14, -4
  39              		.loc 1 58 0
  40 0004 1A68     		ldr	r2, [r3]
  41 0006 5206     		lsls	r2, r2, #25
  42 0008 08D5     		bpl	.L2
  59:inputs.c      ****     { 
  60:inputs.c      ****     if (MODE_SWITCH == 1)       // check if rising edge is after long press time
  43              		.loc 1 60 0
  44 000a 0E4A     		ldr	r2, .L13+4
  45 000c 1178     		ldrb	r1, [r2]
  46 000e 0129     		cmp	r1, #1
  47 0010 02D1     		bne	.L3
  61:inputs.c      ****         {
  62:inputs.c      ****             MODE_SWITCH = 0;    // if it is, clear flag and exit
  48              		.loc 1 62 0
  49 0012 0021     		movs	r1, #0
  50 0014 1170     		strb	r1, [r2]
  51 0016 01E0     		b	.L2
ARM GAS  C:\Users\Ala\AppData\Local\Temp\ccIdkMgM.s 			page 3


  52              	.L3:
  63:inputs.c      ****         }
  64:inputs.c      ****         else
  65:inputs.c      ****         {
  66:inputs.c      ****             MODE_SHORT_V = 1;   // if it is not, set variale indicating MODE short press
  53              		.loc 1 66 0
  54 0018 0121     		movs	r1, #1
  55 001a 5170     		strb	r1, [r2, #1]
  56              	.L2:
  67:inputs.c      ****         }
  68:inputs.c      ****     }
  69:inputs.c      **** // Check if interrupt is triggered by PWR_OK push button release (rising edge)
  70:inputs.c      ****     if(PWR_OK_MODE_INTSTAT & 0x80u)
  57              		.loc 1 70 0
  58 001c 1B68     		ldr	r3, [r3]
  59 001e 1B06     		lsls	r3, r3, #24
  60 0020 08D5     		bpl	.L4
  71:inputs.c      ****     {
  72:inputs.c      ****     if (PWR_OK_SWITCH == 1)     // check if rising edge is after long press time
  61              		.loc 1 72 0
  62 0022 084B     		ldr	r3, .L13+4
  63 0024 9A78     		ldrb	r2, [r3, #2]
  64 0026 012A     		cmp	r2, #1
  65 0028 02D1     		bne	.L5
  73:inputs.c      ****         {
  74:inputs.c      ****             PWR_OK_SWITCH = 0;  // if it is, clear flag and exit
  66              		.loc 1 74 0
  67 002a 0022     		movs	r2, #0
  68 002c 9A70     		strb	r2, [r3, #2]
  69 002e 01E0     		b	.L4
  70              	.L5:
  75:inputs.c      ****         }
  76:inputs.c      ****         else
  77:inputs.c      ****         {
  78:inputs.c      ****             PWR_OK_SHORT_V = 1;   // if it is not, set variale indicating PWR_OK short press
  71              		.loc 1 78 0
  72 0030 0122     		movs	r2, #1
  73 0032 DA70     		strb	r2, [r3, #3]
  74              	.L4:
  79:inputs.c      ****         }
  80:inputs.c      ****     } 
  81:inputs.c      **** // Wait 2mS before clearing interrupt to debounce push buttons
  82:inputs.c      ****     CyDelay(2);
  75              		.loc 1 82 0
  76 0034 0220     		movs	r0, #2
  77 0036 FFF7FEFF 		bl	CyDelay
  78              	.LVL0:
  83:inputs.c      **** // Clear interrupt 
  84:inputs.c      ****     PWR_OK_MODE_ClearInterrupt();  
  85:inputs.c      **** }
  79              		.loc 1 85 0
  80              		@ sp needed
  84:inputs.c      **** }
  81              		.loc 1 84 0
  82 003a FFF7FEFF 		bl	PWR_OK_MODE_ClearInterrupt
  83              	.LVL1:
  84              		.loc 1 85 0
ARM GAS  C:\Users\Ala\AppData\Local\Temp\ccIdkMgM.s 			page 4


  85 003e 10BD     		pop	{r4, pc}
  86              	.L14:
  87              		.align	2
  88              	.L13:
  89 0040 10030440 		.word	1074004752
  90 0044 00000000 		.word	.LANCHOR0
  91              		.cfi_endproc
  92              	.LFE32:
  93              		.size	PWR_OK_MODE_SHORT_ISR, .-PWR_OK_MODE_SHORT_ISR
  94              		.section	.text.MODE_LONG_ISR,"ax",%progbits
  95              		.align	1
  96              		.global	MODE_LONG_ISR
  97              		.code	16
  98              		.thumb_func
  99              		.type	MODE_LONG_ISR, %function
 100              	MODE_LONG_ISR:
 101              	.LFB33:
  86:inputs.c      **** 
  87:inputs.c      **** 
  88:inputs.c      **** /*******************************************************************************
  89:inputs.c      **** * Function Name: CY_ISR(MODE_LONG_ISR)
  90:inputs.c      **** ********************************************************************************
  91:inputs.c      **** * Summary:
  92:inputs.c      **** *  The Interrupt Service Routine. Triggered when Timer started by MODE button  
  93:inputs.c      **** *  reaches pre-defined count. 
  94:inputs.c      **** *  When triggered, interrupt source is cleared, MODE_SWITCH variable is set and
  95:inputs.c      **** *  LED blinks
  96:inputs.c      **** *   
  97:inputs.c      **** * Parameters:
  98:inputs.c      **** *  None
  99:inputs.c      **** *
 100:inputs.c      **** * Return:
 101:inputs.c      **** *  None
 102:inputs.c      **** *
 103:inputs.c      **** *******************************************************************************/
 104:inputs.c      **** CY_ISR(MODE_LONG_ISR)
 105:inputs.c      **** {
 102              		.loc 1 105 0
 103              		.cfi_startproc
 104              		@ args = 0, pretend = 0, frame = 0
 105              		@ frame_needed = 0, uses_anonymous_args = 0
 106 0000 10B5     		push	{r4, lr}
 107              		.cfi_def_cfa_offset 8
 108              		.cfi_offset 4, -8
 109              		.cfi_offset 14, -4
 106:inputs.c      ****     /* Check interrupt source and clear Interrupt */
 107:inputs.c      ****     if (Timer_1_GetInterruptSourceMasked() == Timer_1_INTR_MASK_TC)
 110              		.loc 1 107 0
 111 0002 FFF7FEFF 		bl	Timer_1_GetInterruptSourceMasked
 112              	.LVL2:
 113 0006 0128     		cmp	r0, #1
 114 0008 04D1     		bne	.L15
 108:inputs.c      ****     {
 109:inputs.c      ****         MODE_SWITCH = 1;        // set switch to prevent recognizing falling edge as short press
 115              		.loc 1 109 0
 116 000a 034B     		ldr	r3, .L17
 117 000c 1870     		strb	r0, [r3]
ARM GAS  C:\Users\Ala\AppData\Local\Temp\ccIdkMgM.s 			page 5


 110:inputs.c      ****         MODE_LONG_V = 1;        // set variable indicating long press
 118              		.loc 1 110 0
 119 000e 1871     		strb	r0, [r3, #4]
 111:inputs.c      ****         Timer_1_ClearInterrupt(Timer_1_INTR_MASK_TC);
 120              		.loc 1 111 0
 121 0010 FFF7FEFF 		bl	Timer_1_ClearInterrupt
 122              	.LVL3:
 123              	.L15:
 112:inputs.c      ****                                 // clear interrupt source from timer
 113:inputs.c      ****     }
 114:inputs.c      **** }
 124              		.loc 1 114 0
 125              		@ sp needed
 126 0014 10BD     		pop	{r4, pc}
 127              	.L18:
 128 0016 C046     		.align	2
 129              	.L17:
 130 0018 00000000 		.word	.LANCHOR0
 131              		.cfi_endproc
 132              	.LFE33:
 133              		.size	MODE_LONG_ISR, .-MODE_LONG_ISR
 134              		.section	.text.PWR_OK_LONG_ISR,"ax",%progbits
 135              		.align	1
 136              		.global	PWR_OK_LONG_ISR
 137              		.code	16
 138              		.thumb_func
 139              		.type	PWR_OK_LONG_ISR, %function
 140              	PWR_OK_LONG_ISR:
 141              	.LFB34:
 115:inputs.c      **** 
 116:inputs.c      **** 
 117:inputs.c      **** /*******************************************************************************
 118:inputs.c      **** * Function Name: CY_ISR(PWR_OK_LONG_ISR)
 119:inputs.c      **** ********************************************************************************
 120:inputs.c      **** * Summary:
 121:inputs.c      **** *  The Interrupt Service Routine. Triggered when Timer started by PWR_OK button  
 122:inputs.c      **** *  reaches pre-defined count. 
 123:inputs.c      **** *  When triggered, interrupt source is cleared, PWR_OK_SWITCH variable is set and
 124:inputs.c      **** *  LED blinks
 125:inputs.c      **** *   
 126:inputs.c      **** * Parameters:
 127:inputs.c      **** *  None
 128:inputs.c      **** *
 129:inputs.c      **** * Return:
 130:inputs.c      **** *  None
 131:inputs.c      **** *
 132:inputs.c      **** ********************************************************************************/
 133:inputs.c      **** CY_ISR(PWR_OK_LONG_ISR)
 134:inputs.c      **** {
 142              		.loc 1 134 0
 143              		.cfi_startproc
 144              		@ args = 0, pretend = 0, frame = 0
 145              		@ frame_needed = 0, uses_anonymous_args = 0
 146 0000 10B5     		push	{r4, lr}
 147              		.cfi_def_cfa_offset 8
 148              		.cfi_offset 4, -8
 149              		.cfi_offset 14, -4
ARM GAS  C:\Users\Ala\AppData\Local\Temp\ccIdkMgM.s 			page 6


 135:inputs.c      ****     /* Check interrupt source and clear Interrupt */
 136:inputs.c      ****     if (Timer_2_GetInterruptSourceMasked() == Timer_2_INTR_MASK_TC)
 150              		.loc 1 136 0
 151 0002 FFF7FEFF 		bl	Timer_2_GetInterruptSourceMasked
 152              	.LVL4:
 153 0006 0128     		cmp	r0, #1
 154 0008 04D1     		bne	.L19
 137:inputs.c      ****     {
 138:inputs.c      ****         PWR_OK_SWITCH = 1;      // set switch to prevent recognizing falling edge as short press
 155              		.loc 1 138 0
 156 000a 034B     		ldr	r3, .L21
 157 000c 9870     		strb	r0, [r3, #2]
 139:inputs.c      ****         PWR_OK_LONG_V = 1;      // set variable indicating long press
 158              		.loc 1 139 0
 159 000e 5871     		strb	r0, [r3, #5]
 140:inputs.c      ****         Timer_2_ClearInterrupt(Timer_2_INTR_MASK_TC);
 160              		.loc 1 140 0
 161 0010 FFF7FEFF 		bl	Timer_2_ClearInterrupt
 162              	.LVL5:
 163              	.L19:
 141:inputs.c      ****                                 // clear interrupt source from timer
 142:inputs.c      ****     }
 143:inputs.c      **** }
 164              		.loc 1 143 0
 165              		@ sp needed
 166 0014 10BD     		pop	{r4, pc}
 167              	.L22:
 168 0016 C046     		.align	2
 169              	.L21:
 170 0018 00000000 		.word	.LANCHOR0
 171              		.cfi_endproc
 172              	.LFE34:
 173              		.size	PWR_OK_LONG_ISR, .-PWR_OK_LONG_ISR
 174              		.section	.text.DATALINK_INTRRUPTHandler,"ax",%progbits
 175              		.align	1
 176              		.global	DATALINK_INTRRUPTHandler
 177              		.code	16
 178              		.thumb_func
 179              		.type	DATALINK_INTRRUPTHandler, %function
 180              	DATALINK_INTRRUPTHandler:
 181              	.LFB35:
 144:inputs.c      **** 
 145:inputs.c      **** 
 146:inputs.c      **** /*******************************************************************************
 147:inputs.c      **** * Function Name: CY_ISR(DATALINK_INTRRUPTHandler)
 148:inputs.c      **** ********************************************************************************
 149:inputs.c      **** * Summary:
 150:inputs.c      **** *  The Interrupt Service Routine. Triggered by DATALINK counter exceeding timer 
 151:inputs.c      **** *  count (STOP condition) or when timer FIFO is full (4 new bits)
 152:inputs.c      **** *   
 153:inputs.c      **** * Parameters:
 154:inputs.c      **** *  Routine operates on 3 global vatiables (due to the fact that it can caleld in 
 155:inputs.c      **** *  the middle of incomming command to clear 4 byte FIFO.
 156:inputs.c      **** *  DATALINK_TABLE[64] - to store incoming information about timer values
 157:inputs.c      **** *  DATALINK_TABLE_COUNTER - to store current posiiton in incoming command
 158:inputs.c      **** *  DATALINK_TABLE_COUNTER_MAX - to store and indicate to the system that new 
 159:inputs.c      **** *  command arrived. Serving routine (datalink)decoder) operate on it plus 
ARM GAS  C:\Users\Ala\AppData\Local\Temp\ccIdkMgM.s 			page 7


 160:inputs.c      **** *  DATALINK_TABLE content. 
 161:inputs.c      **** *
 162:inputs.c      **** * Return:
 163:inputs.c      **** *  Sets value of DATALINK_TABLE_COUNTER_MAX to the size of last DATALINK command.
 164:inputs.c      **** *
 165:inputs.c      **** ********************************************************************************/
 166:inputs.c      **** CY_ISR(DATALINK_INTRRUPTHandler)
 167:inputs.c      **** {
 182              		.loc 1 167 0
 183              		.cfi_startproc
 184              		@ args = 0, pretend = 0, frame = 0
 185              		@ frame_needed = 0, uses_anonymous_args = 0
 186              	.LVL6:
 187 0000 F8B5     		push	{r3, r4, r5, r6, r7, lr}
 188              		.cfi_def_cfa_offset 24
 189              		.cfi_offset 3, -24
 190              		.cfi_offset 4, -20
 191              		.cfi_offset 5, -16
 192              		.cfi_offset 6, -12
 193              		.cfi_offset 7, -8
 194              		.cfi_offset 14, -4
 168:inputs.c      **** // variable storing info on DATALINK interrupt source
 169:inputs.c      ****     uint8 DATALINK_STATUS = 0; 
 170:inputs.c      **** // read DATALINK timer status regiister    
 171:inputs.c      ****     DATALINK_STATUS = DATALINK_Timer_ReadStatusRegister();
 195              		.loc 1 171 0
 196 0002 FFF7FEFF 		bl	DATALINK_Timer_ReadStatusRegister
 197              	.LVL7:
 198 0006 0600     		movs	r6, r0
 199              	.LVL8:
 172:inputs.c      **** // Check if interrupt came from Timer Counter expired (indicating end of new command)
 173:inputs.c      ****     if (0u != (DATALINK_STATUS & 0x01))
 200              		.loc 1 173 0
 201 0008 C307     		lsls	r3, r0, #31
 202 000a 15D5     		bpl	.L25
 174:inputs.c      ****     {
 175:inputs.c      **** // flush all data that is still in FIFO        
 176:inputs.c      ****         while (0u != (DATALINK_Timer_ReadStatusRegister() & 0x08))
 203              		.loc 1 176 0
 204 000c 0827     		movs	r7, #8
 205              	.LVL9:
 206              	.L31:
 207 000e FFF7FEFF 		bl	DATALINK_Timer_ReadStatusRegister
 208              	.LVL10:
 209 0012 124C     		ldr	r4, .L33
 210 0014 3840     		ands	r0, r7
 211 0016 08D0     		beq	.L32
 177:inputs.c      ****         {
 178:inputs.c      **** // increase table pointer            
 179:inputs.c      ****             DATALINK_TABLE_COUNTER = DATALINK_TABLE_COUNTER + 1;
 212              		.loc 1 179 0
 213 0018 A579     		ldrb	r5, [r4, #6]
 214 001a 0135     		adds	r5, r5, #1
 215 001c EDB2     		uxtb	r5, r5
 216 001e A571     		strb	r5, [r4, #6]
 180:inputs.c      **** // store data from fifo into table            
 181:inputs.c      ****             DATALINK_TABLE[DATALINK_TABLE_COUNTER] = DATALINK_Timer_ReadCapture();
ARM GAS  C:\Users\Ala\AppData\Local\Temp\ccIdkMgM.s 			page 8


 217              		.loc 1 181 0
 218 0020 FFF7FEFF 		bl	DATALINK_Timer_ReadCapture
 219              	.LVL11:
 220 0024 0734     		adds	r4, r4, #7
 221 0026 6055     		strb	r0, [r4, r5]
 222 0028 F1E7     		b	.L31
 223              	.L32:
 182:inputs.c      ****         }
 183:inputs.c      **** // store latest table data size - this will indicate that new command was received
 184:inputs.c      ****         DATALINK_TABLE_COUNTER_MAX = DATALINK_TABLE_COUNTER;
 224              		.loc 1 184 0
 225 002a 2300     		movs	r3, r4
 226 002c A279     		ldrb	r2, [r4, #6]
 227 002e 4733     		adds	r3, r3, #71
 228 0030 1A70     		strb	r2, [r3]
 185:inputs.c      **** // reset table data pointer for next command        
 186:inputs.c      ****         DATALINK_TABLE_COUNTER = 0;
 229              		.loc 1 186 0
 230 0032 A071     		strb	r0, [r4, #6]
 187:inputs.c      **** // clear all remining interrupts        
 188:inputs.c      ****         DATALINK_INTRRUPT_ClearPending();
 231              		.loc 1 188 0
 232 0034 FFF7FEFF 		bl	DATALINK_INTRRUPT_ClearPending
 233              	.LVL12:
 234              	.L25:
 189:inputs.c      ****     }
 190:inputs.c      ****   
 191:inputs.c      **** // Check interrupt came from FIFO full (4 new bits)
 192:inputs.c      ****     if (0u != (DATALINK_STATUS & DATALINK_Timer_STATUS_FIFOFULL))
 193:inputs.c      ****     {
 194:inputs.c      **** // flush all data that is still in FIFO           
 195:inputs.c      ****         while (0u != (DATALINK_Timer_ReadStatusRegister() & 0x08))
 235              		.loc 1 195 0
 236 0038 0825     		movs	r5, #8
 192:inputs.c      ****     {
 237              		.loc 1 192 0
 238 003a 7307     		lsls	r3, r6, #29
 239 003c 0DD5     		bpl	.L23
 240              	.L30:
 241              		.loc 1 195 0
 242 003e FFF7FEFF 		bl	DATALINK_Timer_ReadStatusRegister
 243              	.LVL13:
 244 0042 2842     		tst	r0, r5
 245 0044 09D0     		beq	.L23
 196:inputs.c      ****         {
 197:inputs.c      **** // increase table pointer             
 198:inputs.c      ****             DATALINK_TABLE_COUNTER = DATALINK_TABLE_COUNTER + 1;
 246              		.loc 1 198 0
 247 0046 054E     		ldr	r6, .L33
 248 0048 B479     		ldrb	r4, [r6, #6]
 249 004a 0134     		adds	r4, r4, #1
 250 004c E4B2     		uxtb	r4, r4
 251 004e B471     		strb	r4, [r6, #6]
 199:inputs.c      **** // store data from fifo into table             
 200:inputs.c      ****             DATALINK_TABLE[DATALINK_TABLE_COUNTER] = DATALINK_Timer_ReadCapture();
 252              		.loc 1 200 0
 253 0050 FFF7FEFF 		bl	DATALINK_Timer_ReadCapture
ARM GAS  C:\Users\Ala\AppData\Local\Temp\ccIdkMgM.s 			page 9


 254              	.LVL14:
 255 0054 F31D     		adds	r3, r6, #7
 256 0056 1855     		strb	r0, [r3, r4]
 257 0058 F1E7     		b	.L30
 258              	.L23:
 201:inputs.c      ****         }
 202:inputs.c      ****     }
 203:inputs.c      **** }
 259              		.loc 1 203 0
 260              		@ sp needed
 261 005a F8BD     		pop	{r3, r4, r5, r6, r7, pc}
 262              	.L34:
 263              		.align	2
 264              	.L33:
 265 005c 00000000 		.word	.LANCHOR0
 266              		.cfi_endproc
 267              	.LFE35:
 268              		.size	DATALINK_INTRRUPTHandler, .-DATALINK_INTRRUPTHandler
 269              		.section	.text.DISPLAY_Timer_INTHandler,"ax",%progbits
 270              		.align	1
 271              		.global	DISPLAY_Timer_INTHandler
 272              		.code	16
 273              		.thumb_func
 274              		.type	DISPLAY_Timer_INTHandler, %function
 275              	DISPLAY_Timer_INTHandler:
 276              	.LFB36:
 204:inputs.c      **** 
 205:inputs.c      **** 
 206:inputs.c      **** /*******************************************************************************
 207:inputs.c      **** * Function Name: CY_ISR(DISPLAY_Timer_INTHandler)
 208:inputs.c      **** ********************************************************************************
 209:inputs.c      **** * Summary:
 210:inputs.c      **** *  The Interrupt Service Routine. Triggered by software when timer expires after 
 211:inputs.c      **** *  DISPLAY_Timer_Start() is called. It uses timer to count 2 seconds wait.
 212:inputs.c      **** *  This time is used to display information that are temporary (like button press
 213:inputs.c      **** *  or BT status).
 214:inputs.c      **** *   
 215:inputs.c      **** * Parameters:
 216:inputs.c      **** *  Timer interrupt handler 
 217:inputs.c      **** *
 218:inputs.c      **** * Return:
 219:inputs.c      **** *  updates DISPLAY_UPDATE variable.when TC is called.
 220:inputs.c      **** *
 221:inputs.c      **** ********************************************************************************/
 222:inputs.c      **** CY_ISR(DISPLAY_Timer_INTHandler)
 223:inputs.c      **** {
 277              		.loc 1 223 0
 278              		.cfi_startproc
 279              		@ args = 0, pretend = 0, frame = 0
 280              		@ frame_needed = 0, uses_anonymous_args = 0
 281 0000 10B5     		push	{r4, lr}
 282              		.cfi_def_cfa_offset 8
 283              		.cfi_offset 4, -8
 284              		.cfi_offset 14, -4
 224:inputs.c      **** // Check if interrupt came from Timer Counter expired (indicating timer count elapsed)
 225:inputs.c      ****     if (0u != (DISPLAY_Timer_ReadStatusRegister() & 0x01))
 285              		.loc 1 225 0
ARM GAS  C:\Users\Ala\AppData\Local\Temp\ccIdkMgM.s 			page 10


 286 0002 FFF7FEFF 		bl	DISPLAY_Timer_ReadStatusRegister
 287              	.LVL15:
 288 0006 0123     		movs	r3, #1
 289 0008 1842     		tst	r0, r3
 290 000a 05D0     		beq	.L35
 226:inputs.c      ****     {
 227:inputs.c      **** // sets display update variable 
 228:inputs.c      ****         DISPLAY_UPDATE = 1;
 291              		.loc 1 228 0
 292 000c 034A     		ldr	r2, .L40
 293 000e 1370     		strb	r3, [r2]
 229:inputs.c      **** // clear all remining interrupts        
 230:inputs.c      ****         DISPLAY_Timer_INT_ClearPending();
 294              		.loc 1 230 0
 295 0010 FFF7FEFF 		bl	DISPLAY_Timer_INT_ClearPending
 296              	.LVL16:
 231:inputs.c      **** // stop timer and wait for another software call to start        
 232:inputs.c      ****         DISPLAY_Timer_Stop();
 297              		.loc 1 232 0
 298 0014 FFF7FEFF 		bl	DISPLAY_Timer_Stop
 299              	.LVL17:
 300              	.L35:
 233:inputs.c      ****     }
 234:inputs.c      **** 
 235:inputs.c      **** }
 301              		.loc 1 235 0
 302              		@ sp needed
 303 0018 10BD     		pop	{r4, pc}
 304              	.L41:
 305 001a C046     		.align	2
 306              	.L40:
 307 001c 00000000 		.word	DISPLAY_UPDATE
 308              		.cfi_endproc
 309              	.LFE36:
 310              		.size	DISPLAY_Timer_INTHandler, .-DISPLAY_Timer_INTHandler
 311              		.global	PWR_OK_SWITCH
 312              		.global	MODE_SWITCH
 313              		.comm	DISPLAY_UPDATE,1,1
 314              		.global	DATALINK_TABLE_COUNTER_MAX
 315              		.global	DATALINK_TABLE_COUNTER
 316              		.global	DATALINK_TABLE
 317              		.global	PWR_OK_LONG_V
 318              		.global	MODE_LONG_V
 319              		.global	PWR_OK_SHORT_V
 320              		.global	MODE_SHORT_V
 321              		.comm	current_PSUstate,5,1
 322              		.comm	next_PSUstate,5,1
 323              		.comm	new_disp_ctrl2,1,1
 324              		.comm	new_disp_ctrl1,1,1
 325              		.comm	new_display_data_buffer,24,1
 326              		.comm	new_display_data_flag,1,1
 327              		.comm	BT_Tx_STATE,1,1
 328              		.comm	DISPLAY_STATE,1,1
 329              		.comm	SYSTEM_STATE,1,1
 330              		.comm	eepromArray,3,1
 331              		.comm	array,3,1
 332              		.bss
ARM GAS  C:\Users\Ala\AppData\Local\Temp\ccIdkMgM.s 			page 11


 333              		.set	.LANCHOR0,. + 0
 334              		.type	MODE_SWITCH, %object
 335              		.size	MODE_SWITCH, 1
 336              	MODE_SWITCH:
 337 0000 00       		.space	1
 338              		.type	MODE_SHORT_V, %object
 339              		.size	MODE_SHORT_V, 1
 340              	MODE_SHORT_V:
 341 0001 00       		.space	1
 342              		.type	PWR_OK_SWITCH, %object
 343              		.size	PWR_OK_SWITCH, 1
 344              	PWR_OK_SWITCH:
 345 0002 00       		.space	1
 346              		.type	PWR_OK_SHORT_V, %object
 347              		.size	PWR_OK_SHORT_V, 1
 348              	PWR_OK_SHORT_V:
 349 0003 00       		.space	1
 350              		.type	MODE_LONG_V, %object
 351              		.size	MODE_LONG_V, 1
 352              	MODE_LONG_V:
 353 0004 00       		.space	1
 354              		.type	PWR_OK_LONG_V, %object
 355              		.size	PWR_OK_LONG_V, 1
 356              	PWR_OK_LONG_V:
 357 0005 00       		.space	1
 358              		.type	DATALINK_TABLE_COUNTER, %object
 359              		.size	DATALINK_TABLE_COUNTER, 1
 360              	DATALINK_TABLE_COUNTER:
 361 0006 00       		.space	1
 362              		.type	DATALINK_TABLE, %object
 363              		.size	DATALINK_TABLE, 64
 364              	DATALINK_TABLE:
 365 0007 00000000 		.space	64
 365      00000000 
 365      00000000 
 365      00000000 
 365      00000000 
 366              		.type	DATALINK_TABLE_COUNTER_MAX, %object
 367              		.size	DATALINK_TABLE_COUNTER_MAX, 1
 368              	DATALINK_TABLE_COUNTER_MAX:
 369 0047 00       		.space	1
 370              		.text
 371              	.Letext0:
 372              		.file 2 "Generated_Source\\PSoC4/cytypes.h"
 373              		.file 3 "./modes.h"
 374              		.file 4 "./inputs.h"
 375              		.file 5 "Generated_Source\\PSoC4/CyLib.h"
 376              		.file 6 "Generated_Source\\PSoC4/PWR_OK_MODE.h"
 377              		.file 7 "Generated_Source\\PSoC4/Timer_1.h"
 378              		.file 8 "Generated_Source\\PSoC4/Timer_2.h"
 379              		.file 9 "Generated_Source\\PSoC4/DATALINK_Timer.h"
 380              		.file 10 "Generated_Source\\PSoC4/DATALINK_INTRRUPT.h"
 381              		.file 11 "Generated_Source\\PSoC4/DISPLAY_Timer.h"
 382              		.file 12 "Generated_Source\\PSoC4/DISPLAY_Timer_INT.h"
 383              		.section	.debug_info,"",%progbits
 384              	.Ldebug_info0:
 385 0000 33040000 		.4byte	0x433
ARM GAS  C:\Users\Ala\AppData\Local\Temp\ccIdkMgM.s 			page 12


 386 0004 0400     		.2byte	0x4
 387 0006 00000000 		.4byte	.Ldebug_abbrev0
 388 000a 04       		.byte	0x4
 389 000b 01       		.uleb128 0x1
 390 000c B4030000 		.4byte	.LASF61
 391 0010 0C       		.byte	0xc
 392 0011 42000000 		.4byte	.LASF62
 393 0015 2E020000 		.4byte	.LASF63
 394 0019 00000000 		.4byte	.Ldebug_ranges0+0
 395 001d 00000000 		.4byte	0
 396 0021 00000000 		.4byte	.Ldebug_line0
 397 0025 02       		.uleb128 0x2
 398 0026 01       		.byte	0x1
 399 0027 06       		.byte	0x6
 400 0028 0B020000 		.4byte	.LASF0
 401 002c 02       		.uleb128 0x2
 402 002d 01       		.byte	0x1
 403 002e 08       		.byte	0x8
 404 002f D6010000 		.4byte	.LASF1
 405 0033 02       		.uleb128 0x2
 406 0034 02       		.byte	0x2
 407 0035 05       		.byte	0x5
 408 0036 25000000 		.4byte	.LASF2
 409 003a 02       		.uleb128 0x2
 410 003b 02       		.byte	0x2
 411 003c 07       		.byte	0x7
 412 003d C5020000 		.4byte	.LASF3
 413 0041 02       		.uleb128 0x2
 414 0042 04       		.byte	0x4
 415 0043 05       		.byte	0x5
 416 0044 6C010000 		.4byte	.LASF4
 417 0048 02       		.uleb128 0x2
 418 0049 04       		.byte	0x4
 419 004a 07       		.byte	0x7
 420 004b 5A030000 		.4byte	.LASF5
 421 004f 02       		.uleb128 0x2
 422 0050 08       		.byte	0x8
 423 0051 05       		.byte	0x5
 424 0052 4F010000 		.4byte	.LASF6
 425 0056 02       		.uleb128 0x2
 426 0057 08       		.byte	0x8
 427 0058 07       		.byte	0x7
 428 0059 17020000 		.4byte	.LASF7
 429 005d 03       		.uleb128 0x3
 430 005e 04       		.byte	0x4
 431 005f 05       		.byte	0x5
 432 0060 696E7400 		.ascii	"int\000"
 433 0064 02       		.uleb128 0x2
 434 0065 04       		.byte	0x4
 435 0066 07       		.byte	0x7
 436 0067 5B020000 		.4byte	.LASF8
 437 006b 04       		.uleb128 0x4
 438 006c EF000000 		.4byte	.LASF9
 439 0070 02       		.byte	0x2
 440 0071 F701     		.2byte	0x1f7
 441 0073 2C000000 		.4byte	0x2c
 442 0077 04       		.uleb128 0x4
ARM GAS  C:\Users\Ala\AppData\Local\Temp\ccIdkMgM.s 			page 13


 443 0078 45030000 		.4byte	.LASF10
 444 007c 02       		.byte	0x2
 445 007d F901     		.2byte	0x1f9
 446 007f 48000000 		.4byte	0x48
 447 0083 02       		.uleb128 0x2
 448 0084 04       		.byte	0x4
 449 0085 04       		.byte	0x4
 450 0086 3B010000 		.4byte	.LASF11
 451 008a 02       		.uleb128 0x2
 452 008b 08       		.byte	0x8
 453 008c 04       		.byte	0x4
 454 008d 82030000 		.4byte	.LASF12
 455 0091 02       		.uleb128 0x2
 456 0092 01       		.byte	0x1
 457 0093 08       		.byte	0x8
 458 0094 E7020000 		.4byte	.LASF13
 459 0098 04       		.uleb128 0x4
 460 0099 A1020000 		.4byte	.LASF14
 461 009d 02       		.byte	0x2
 462 009e A302     		.2byte	0x2a3
 463 00a0 A4000000 		.4byte	0xa4
 464 00a4 05       		.uleb128 0x5
 465 00a5 77000000 		.4byte	0x77
 466 00a9 02       		.uleb128 0x2
 467 00aa 08       		.byte	0x8
 468 00ab 04       		.byte	0x4
 469 00ac 00000000 		.4byte	.LASF15
 470 00b0 02       		.uleb128 0x2
 471 00b1 04       		.byte	0x4
 472 00b2 07       		.byte	0x7
 473 00b3 AB030000 		.4byte	.LASF16
 474 00b7 06       		.uleb128 0x6
 475 00b8 42040000 		.4byte	.LASF64
 476 00bc 05       		.byte	0x5
 477 00bd 03       		.byte	0x3
 478 00be 2E       		.byte	0x2e
 479 00bf 00010000 		.4byte	0x100
 480 00c3 07       		.uleb128 0x7
 481 00c4 B7010000 		.4byte	.LASF17
 482 00c8 03       		.byte	0x3
 483 00c9 2F       		.byte	0x2f
 484 00ca 6B000000 		.4byte	0x6b
 485 00ce 00       		.byte	0
 486 00cf 07       		.uleb128 0x7
 487 00d0 D8020000 		.4byte	.LASF18
 488 00d4 03       		.byte	0x3
 489 00d5 30       		.byte	0x30
 490 00d6 6B000000 		.4byte	0x6b
 491 00da 01       		.byte	0x1
 492 00db 07       		.uleb128 0x7
 493 00dc 8E010000 		.4byte	.LASF19
 494 00e0 03       		.byte	0x3
 495 00e1 31       		.byte	0x31
 496 00e2 6B000000 		.4byte	0x6b
 497 00e6 02       		.byte	0x2
 498 00e7 07       		.uleb128 0x7
 499 00e8 86000000 		.4byte	.LASF20
ARM GAS  C:\Users\Ala\AppData\Local\Temp\ccIdkMgM.s 			page 14


 500 00ec 03       		.byte	0x3
 501 00ed 32       		.byte	0x32
 502 00ee 6B000000 		.4byte	0x6b
 503 00f2 03       		.byte	0x3
 504 00f3 07       		.uleb128 0x7
 505 00f4 EC020000 		.4byte	.LASF21
 506 00f8 03       		.byte	0x3
 507 00f9 33       		.byte	0x33
 508 00fa 6B000000 		.4byte	0x6b
 509 00fe 04       		.byte	0x4
 510 00ff 00       		.byte	0
 511 0100 08       		.uleb128 0x8
 512 0101 1C000000 		.4byte	.LASF22
 513 0105 03       		.byte	0x3
 514 0106 36       		.byte	0x36
 515 0107 B7000000 		.4byte	0xb7
 516 010b 09       		.uleb128 0x9
 517 010c 6C030000 		.4byte	.LASF23
 518 0110 01       		.byte	0x1
 519 0111 37       		.byte	0x37
 520 0112 00000000 		.4byte	.LFB32
 521 0116 48000000 		.4byte	.LFE32-.LFB32
 522 011a 01       		.uleb128 0x1
 523 011b 9C       		.byte	0x9c
 524 011c 3D010000 		.4byte	0x13d
 525 0120 0A       		.uleb128 0xa
 526 0121 3A000000 		.4byte	.LVL0
 527 0125 AE030000 		.4byte	0x3ae
 528 0129 33010000 		.4byte	0x133
 529 012d 0B       		.uleb128 0xb
 530 012e 01       		.uleb128 0x1
 531 012f 50       		.byte	0x50
 532 0130 01       		.uleb128 0x1
 533 0131 32       		.byte	0x32
 534 0132 00       		.byte	0
 535 0133 0C       		.uleb128 0xc
 536 0134 3E000000 		.4byte	.LVL1
 537 0138 B9030000 		.4byte	0x3b9
 538 013c 00       		.byte	0
 539 013d 09       		.uleb128 0x9
 540 013e A3040000 		.4byte	.LASF24
 541 0142 01       		.byte	0x1
 542 0143 68       		.byte	0x68
 543 0144 00000000 		.4byte	.LFB33
 544 0148 1C000000 		.4byte	.LFE33-.LFB33
 545 014c 01       		.uleb128 0x1
 546 014d 9C       		.byte	0x9c
 547 014e 65010000 		.4byte	0x165
 548 0152 0C       		.uleb128 0xc
 549 0153 06000000 		.4byte	.LVL2
 550 0157 C4030000 		.4byte	0x3c4
 551 015b 0C       		.uleb128 0xc
 552 015c 14000000 		.4byte	.LVL3
 553 0160 D0030000 		.4byte	0x3d0
 554 0164 00       		.byte	0
 555 0165 09       		.uleb128 0x9
 556 0166 0C000000 		.4byte	.LASF25
ARM GAS  C:\Users\Ala\AppData\Local\Temp\ccIdkMgM.s 			page 15


 557 016a 01       		.byte	0x1
 558 016b 85       		.byte	0x85
 559 016c 00000000 		.4byte	.LFB34
 560 0170 1C000000 		.4byte	.LFE34-.LFB34
 561 0174 01       		.uleb128 0x1
 562 0175 9C       		.byte	0x9c
 563 0176 8D010000 		.4byte	0x18d
 564 017a 0C       		.uleb128 0xc
 565 017b 06000000 		.4byte	.LVL4
 566 017f DC030000 		.4byte	0x3dc
 567 0183 0C       		.uleb128 0xc
 568 0184 14000000 		.4byte	.LVL5
 569 0188 E8030000 		.4byte	0x3e8
 570 018c 00       		.byte	0
 571 018d 09       		.uleb128 0x9
 572 018e 94000000 		.4byte	.LASF26
 573 0192 01       		.byte	0x1
 574 0193 A6       		.byte	0xa6
 575 0194 00000000 		.4byte	.LFB35
 576 0198 60000000 		.4byte	.LFE35-.LFB35
 577 019c 01       		.uleb128 0x1
 578 019d 9C       		.byte	0x9c
 579 019e E8010000 		.4byte	0x1e8
 580 01a2 0D       		.uleb128 0xd
 581 01a3 9B010000 		.4byte	.LASF65
 582 01a7 01       		.byte	0x1
 583 01a8 A9       		.byte	0xa9
 584 01a9 6B000000 		.4byte	0x6b
 585 01ad 00000000 		.4byte	.LLST0
 586 01b1 0C       		.uleb128 0xc
 587 01b2 06000000 		.4byte	.LVL7
 588 01b6 F4030000 		.4byte	0x3f4
 589 01ba 0C       		.uleb128 0xc
 590 01bb 12000000 		.4byte	.LVL10
 591 01bf F4030000 		.4byte	0x3f4
 592 01c3 0C       		.uleb128 0xc
 593 01c4 24000000 		.4byte	.LVL11
 594 01c8 FF030000 		.4byte	0x3ff
 595 01cc 0C       		.uleb128 0xc
 596 01cd 38000000 		.4byte	.LVL12
 597 01d1 0A040000 		.4byte	0x40a
 598 01d5 0C       		.uleb128 0xc
 599 01d6 42000000 		.4byte	.LVL13
 600 01da F4030000 		.4byte	0x3f4
 601 01de 0C       		.uleb128 0xc
 602 01df 54000000 		.4byte	.LVL14
 603 01e3 FF030000 		.4byte	0x3ff
 604 01e7 00       		.byte	0
 605 01e8 09       		.uleb128 0x9
 606 01e9 75010000 		.4byte	.LASF27
 607 01ed 01       		.byte	0x1
 608 01ee DE       		.byte	0xde
 609 01ef 00000000 		.4byte	.LFB36
 610 01f3 20000000 		.4byte	.LFE36-.LFB36
 611 01f7 01       		.uleb128 0x1
 612 01f8 9C       		.byte	0x9c
 613 01f9 19020000 		.4byte	0x219
ARM GAS  C:\Users\Ala\AppData\Local\Temp\ccIdkMgM.s 			page 16


 614 01fd 0C       		.uleb128 0xc
 615 01fe 06000000 		.4byte	.LVL15
 616 0202 15040000 		.4byte	0x415
 617 0206 0C       		.uleb128 0xc
 618 0207 14000000 		.4byte	.LVL16
 619 020b 20040000 		.4byte	0x420
 620 020f 0C       		.uleb128 0xc
 621 0210 18000000 		.4byte	.LVL17
 622 0214 2B040000 		.4byte	0x42b
 623 0218 00       		.byte	0
 624 0219 0E       		.uleb128 0xe
 625 021a 6B000000 		.4byte	0x6b
 626 021e 29020000 		.4byte	0x229
 627 0222 0F       		.uleb128 0xf
 628 0223 B0000000 		.4byte	0xb0
 629 0227 02       		.byte	0x2
 630 0228 00       		.byte	0
 631 0229 10       		.uleb128 0x10
 632 022a 96030000 		.4byte	.LASF28
 633 022e 03       		.byte	0x3
 634 022f 1E       		.byte	0x1e
 635 0230 19020000 		.4byte	0x219
 636 0234 05       		.uleb128 0x5
 637 0235 03       		.byte	0x3
 638 0236 00000000 		.4byte	array
 639 023a 10       		.uleb128 0x10
 640 023b 4B000000 		.4byte	.LASF29
 641 023f 03       		.byte	0x3
 642 0240 1F       		.byte	0x1f
 643 0241 19020000 		.4byte	0x219
 644 0245 05       		.uleb128 0x5
 645 0246 03       		.byte	0x3
 646 0247 00000000 		.4byte	eepromArray
 647 024b 10       		.uleb128 0x10
 648 024c 89030000 		.4byte	.LASF30
 649 0250 03       		.byte	0x3
 650 0251 22       		.byte	0x22
 651 0252 6B000000 		.4byte	0x6b
 652 0256 05       		.uleb128 0x5
 653 0257 03       		.byte	0x3
 654 0258 00000000 		.4byte	SYSTEM_STATE
 655 025c 10       		.uleb128 0x10
 656 025d 57000000 		.4byte	.LASF31
 657 0261 03       		.byte	0x3
 658 0262 23       		.byte	0x23
 659 0263 6B000000 		.4byte	0x6b
 660 0267 05       		.uleb128 0x5
 661 0268 03       		.byte	0x3
 662 0269 00000000 		.4byte	DISPLAY_STATE
 663 026d 10       		.uleb128 0x10
 664 026e 14010000 		.4byte	.LASF32
 665 0272 03       		.byte	0x3
 666 0273 24       		.byte	0x24
 667 0274 6B000000 		.4byte	0x6b
 668 0278 05       		.uleb128 0x5
 669 0279 03       		.byte	0x3
 670 027a 00000000 		.4byte	BT_Tx_STATE
ARM GAS  C:\Users\Ala\AppData\Local\Temp\ccIdkMgM.s 			page 17


 671 027e 10       		.uleb128 0x10
 672 027f B1040000 		.4byte	.LASF33
 673 0283 03       		.byte	0x3
 674 0284 27       		.byte	0x27
 675 0285 6B000000 		.4byte	0x6b
 676 0289 05       		.uleb128 0x5
 677 028a 03       		.byte	0x3
 678 028b 00000000 		.4byte	new_display_data_flag
 679 028f 0E       		.uleb128 0xe
 680 0290 6B000000 		.4byte	0x6b
 681 0294 9F020000 		.4byte	0x29f
 682 0298 0F       		.uleb128 0xf
 683 0299 B0000000 		.4byte	0xb0
 684 029d 17       		.byte	0x17
 685 029e 00       		.byte	0
 686 029f 10       		.uleb128 0x10
 687 02a0 64040000 		.4byte	.LASF34
 688 02a4 03       		.byte	0x3
 689 02a5 29       		.byte	0x29
 690 02a6 8F020000 		.4byte	0x28f
 691 02aa 05       		.uleb128 0x5
 692 02ab 03       		.byte	0x3
 693 02ac 00000000 		.4byte	new_display_data_buffer
 694 02b0 10       		.uleb128 0x10
 695 02b1 A7020000 		.4byte	.LASF35
 696 02b5 03       		.byte	0x3
 697 02b6 2A       		.byte	0x2a
 698 02b7 6B000000 		.4byte	0x6b
 699 02bb 05       		.uleb128 0x5
 700 02bc 03       		.byte	0x3
 701 02bd 00000000 		.4byte	new_disp_ctrl1
 702 02c1 10       		.uleb128 0x10
 703 02c2 B6020000 		.4byte	.LASF36
 704 02c6 03       		.byte	0x3
 705 02c7 2B       		.byte	0x2b
 706 02c8 6B000000 		.4byte	0x6b
 707 02cc 05       		.uleb128 0x5
 708 02cd 03       		.byte	0x3
 709 02ce 00000000 		.4byte	new_disp_ctrl2
 710 02d2 10       		.uleb128 0x10
 711 02d3 41010000 		.4byte	.LASF37
 712 02d7 03       		.byte	0x3
 713 02d8 38       		.byte	0x38
 714 02d9 00010000 		.4byte	0x100
 715 02dd 05       		.uleb128 0x5
 716 02de 03       		.byte	0x3
 717 02df 00000000 		.4byte	next_PSUstate
 718 02e3 10       		.uleb128 0x10
 719 02e4 C7040000 		.4byte	.LASF38
 720 02e8 03       		.byte	0x3
 721 02e9 38       		.byte	0x38
 722 02ea 00010000 		.4byte	0x100
 723 02ee 05       		.uleb128 0x5
 724 02ef 03       		.byte	0x3
 725 02f0 00000000 		.4byte	current_PSUstate
 726 02f4 10       		.uleb128 0x10
 727 02f5 1D030000 		.4byte	.LASF39
ARM GAS  C:\Users\Ala\AppData\Local\Temp\ccIdkMgM.s 			page 18


 728 02f9 01       		.byte	0x1
 729 02fa 17       		.byte	0x17
 730 02fb 6B000000 		.4byte	0x6b
 731 02ff 05       		.uleb128 0x5
 732 0300 03       		.byte	0x3
 733 0301 00000000 		.4byte	MODE_SHORT_V
 734 0305 10       		.uleb128 0x10
 735 0306 5D010000 		.4byte	.LASF40
 736 030a 01       		.byte	0x1
 737 030b 18       		.byte	0x18
 738 030c 6B000000 		.4byte	0x6b
 739 0310 05       		.uleb128 0x5
 740 0311 03       		.byte	0x3
 741 0312 00000000 		.4byte	PWR_OK_SHORT_V
 742 0316 10       		.uleb128 0x10
 743 0317 FF010000 		.4byte	.LASF41
 744 031b 01       		.byte	0x1
 745 031c 19       		.byte	0x19
 746 031d 6B000000 		.4byte	0x6b
 747 0321 05       		.uleb128 0x5
 748 0322 03       		.byte	0x3
 749 0323 00000000 		.4byte	MODE_LONG_V
 750 0327 10       		.uleb128 0x10
 751 0328 4C030000 		.4byte	.LASF42
 752 032c 01       		.byte	0x1
 753 032d 1A       		.byte	0x1a
 754 032e 6B000000 		.4byte	0x6b
 755 0332 05       		.uleb128 0x5
 756 0333 03       		.byte	0x3
 757 0334 00000000 		.4byte	PWR_OK_LONG_V
 758 0338 0E       		.uleb128 0xe
 759 0339 6B000000 		.4byte	0x6b
 760 033d 48030000 		.4byte	0x348
 761 0341 0F       		.uleb128 0xf
 762 0342 B0000000 		.4byte	0xb0
 763 0346 3F       		.byte	0x3f
 764 0347 00       		.byte	0
 765 0348 10       		.uleb128 0x10
 766 0349 9C030000 		.4byte	.LASF43
 767 034d 01       		.byte	0x1
 768 034e 1E       		.byte	0x1e
 769 034f 38030000 		.4byte	0x338
 770 0353 05       		.uleb128 0x5
 771 0354 03       		.byte	0x3
 772 0355 00000000 		.4byte	DATALINK_TABLE
 773 0359 10       		.uleb128 0x10
 774 035a BF010000 		.4byte	.LASF44
 775 035e 01       		.byte	0x1
 776 035f 1F       		.byte	0x1f
 777 0360 6B000000 		.4byte	0x6b
 778 0364 05       		.uleb128 0x5
 779 0365 03       		.byte	0x3
 780 0366 00000000 		.4byte	DATALINK_TABLE_COUNTER
 781 036a 10       		.uleb128 0x10
 782 036b E4010000 		.4byte	.LASF45
 783 036f 01       		.byte	0x1
 784 0370 20       		.byte	0x20
ARM GAS  C:\Users\Ala\AppData\Local\Temp\ccIdkMgM.s 			page 19


 785 0371 6B000000 		.4byte	0x6b
 786 0375 05       		.uleb128 0x5
 787 0376 03       		.byte	0x3
 788 0377 00000000 		.4byte	DATALINK_TABLE_COUNTER_MAX
 789 037b 10       		.uleb128 0x10
 790 037c 55040000 		.4byte	.LASF46
 791 0380 04       		.byte	0x4
 792 0381 1D       		.byte	0x1d
 793 0382 6B000000 		.4byte	0x6b
 794 0386 05       		.uleb128 0x5
 795 0387 03       		.byte	0x3
 796 0388 00000000 		.4byte	DISPLAY_UPDATE
 797 038c 10       		.uleb128 0x10
 798 038d AB010000 		.4byte	.LASF47
 799 0391 01       		.byte	0x1
 800 0392 14       		.byte	0x14
 801 0393 6B000000 		.4byte	0x6b
 802 0397 05       		.uleb128 0x5
 803 0398 03       		.byte	0x3
 804 0399 00000000 		.4byte	MODE_SWITCH
 805 039d 10       		.uleb128 0x10
 806 039e 0F030000 		.4byte	.LASF48
 807 03a2 01       		.byte	0x1
 808 03a3 15       		.byte	0x15
 809 03a4 6B000000 		.4byte	0x6b
 810 03a8 05       		.uleb128 0x5
 811 03a9 03       		.byte	0x3
 812 03aa 00000000 		.4byte	PWR_OK_SWITCH
 813 03ae 11       		.uleb128 0x11
 814 03af 7C040000 		.4byte	.LASF49
 815 03b3 7C040000 		.4byte	.LASF49
 816 03b7 05       		.byte	0x5
 817 03b8 EC       		.byte	0xec
 818 03b9 11       		.uleb128 0x11
 819 03ba 20010000 		.4byte	.LASF50
 820 03be 20010000 		.4byte	.LASF50
 821 03c2 06       		.byte	0x6
 822 03c3 39       		.byte	0x39
 823 03c4 12       		.uleb128 0x12
 824 03c5 65000000 		.4byte	.LASF51
 825 03c9 65000000 		.4byte	.LASF51
 826 03cd 07       		.byte	0x7
 827 03ce 4501     		.2byte	0x145
 828 03d0 12       		.uleb128 0x12
 829 03d1 68020000 		.4byte	.LASF52
 830 03d5 68020000 		.4byte	.LASF52
 831 03d9 07       		.byte	0x7
 832 03da 4701     		.2byte	0x147
 833 03dc 12       		.uleb128 0x12
 834 03dd AD000000 		.4byte	.LASF53
 835 03e1 AD000000 		.4byte	.LASF53
 836 03e5 08       		.byte	0x8
 837 03e6 4501     		.2byte	0x145
 838 03e8 12       		.uleb128 0x12
 839 03e9 F8020000 		.4byte	.LASF54
 840 03ed F8020000 		.4byte	.LASF54
 841 03f1 08       		.byte	0x8
ARM GAS  C:\Users\Ala\AppData\Local\Temp\ccIdkMgM.s 			page 20


 842 03f2 4701     		.2byte	0x147
 843 03f4 11       		.uleb128 0x11
 844 03f5 7F020000 		.4byte	.LASF55
 845 03f9 7F020000 		.4byte	.LASF55
 846 03fd 09       		.byte	0x9
 847 03fe 5E       		.byte	0x5e
 848 03ff 11       		.uleb128 0x11
 849 0400 2A030000 		.4byte	.LASF56
 850 0404 2A030000 		.4byte	.LASF56
 851 0408 09       		.byte	0x9
 852 0409 6B       		.byte	0x6b
 853 040a 11       		.uleb128 0x11
 854 040b F5000000 		.4byte	.LASF57
 855 040f F5000000 		.4byte	.LASF57
 856 0413 0A       		.byte	0xa
 857 0414 28       		.byte	0x28
 858 0415 11       		.uleb128 0x11
 859 0416 CE000000 		.4byte	.LASF58
 860 041a CE000000 		.4byte	.LASF58
 861 041e 0B       		.byte	0xb
 862 041f 5E       		.byte	0x5e
 863 0420 11       		.uleb128 0x11
 864 0421 84040000 		.4byte	.LASF59
 865 0425 84040000 		.4byte	.LASF59
 866 0429 0C       		.byte	0xc
 867 042a 28       		.byte	0x28
 868 042b 11       		.uleb128 0x11
 869 042c 2F000000 		.4byte	.LASF60
 870 0430 2F000000 		.4byte	.LASF60
 871 0434 0B       		.byte	0xb
 872 0435 5B       		.byte	0x5b
 873 0436 00       		.byte	0
 874              		.section	.debug_abbrev,"",%progbits
 875              	.Ldebug_abbrev0:
 876 0000 01       		.uleb128 0x1
 877 0001 11       		.uleb128 0x11
 878 0002 01       		.byte	0x1
 879 0003 25       		.uleb128 0x25
 880 0004 0E       		.uleb128 0xe
 881 0005 13       		.uleb128 0x13
 882 0006 0B       		.uleb128 0xb
 883 0007 03       		.uleb128 0x3
 884 0008 0E       		.uleb128 0xe
 885 0009 1B       		.uleb128 0x1b
 886 000a 0E       		.uleb128 0xe
 887 000b 55       		.uleb128 0x55
 888 000c 17       		.uleb128 0x17
 889 000d 11       		.uleb128 0x11
 890 000e 01       		.uleb128 0x1
 891 000f 10       		.uleb128 0x10
 892 0010 17       		.uleb128 0x17
 893 0011 00       		.byte	0
 894 0012 00       		.byte	0
 895 0013 02       		.uleb128 0x2
 896 0014 24       		.uleb128 0x24
 897 0015 00       		.byte	0
 898 0016 0B       		.uleb128 0xb
ARM GAS  C:\Users\Ala\AppData\Local\Temp\ccIdkMgM.s 			page 21


 899 0017 0B       		.uleb128 0xb
 900 0018 3E       		.uleb128 0x3e
 901 0019 0B       		.uleb128 0xb
 902 001a 03       		.uleb128 0x3
 903 001b 0E       		.uleb128 0xe
 904 001c 00       		.byte	0
 905 001d 00       		.byte	0
 906 001e 03       		.uleb128 0x3
 907 001f 24       		.uleb128 0x24
 908 0020 00       		.byte	0
 909 0021 0B       		.uleb128 0xb
 910 0022 0B       		.uleb128 0xb
 911 0023 3E       		.uleb128 0x3e
 912 0024 0B       		.uleb128 0xb
 913 0025 03       		.uleb128 0x3
 914 0026 08       		.uleb128 0x8
 915 0027 00       		.byte	0
 916 0028 00       		.byte	0
 917 0029 04       		.uleb128 0x4
 918 002a 16       		.uleb128 0x16
 919 002b 00       		.byte	0
 920 002c 03       		.uleb128 0x3
 921 002d 0E       		.uleb128 0xe
 922 002e 3A       		.uleb128 0x3a
 923 002f 0B       		.uleb128 0xb
 924 0030 3B       		.uleb128 0x3b
 925 0031 05       		.uleb128 0x5
 926 0032 49       		.uleb128 0x49
 927 0033 13       		.uleb128 0x13
 928 0034 00       		.byte	0
 929 0035 00       		.byte	0
 930 0036 05       		.uleb128 0x5
 931 0037 35       		.uleb128 0x35
 932 0038 00       		.byte	0
 933 0039 49       		.uleb128 0x49
 934 003a 13       		.uleb128 0x13
 935 003b 00       		.byte	0
 936 003c 00       		.byte	0
 937 003d 06       		.uleb128 0x6
 938 003e 13       		.uleb128 0x13
 939 003f 01       		.byte	0x1
 940 0040 03       		.uleb128 0x3
 941 0041 0E       		.uleb128 0xe
 942 0042 0B       		.uleb128 0xb
 943 0043 0B       		.uleb128 0xb
 944 0044 3A       		.uleb128 0x3a
 945 0045 0B       		.uleb128 0xb
 946 0046 3B       		.uleb128 0x3b
 947 0047 0B       		.uleb128 0xb
 948 0048 01       		.uleb128 0x1
 949 0049 13       		.uleb128 0x13
 950 004a 00       		.byte	0
 951 004b 00       		.byte	0
 952 004c 07       		.uleb128 0x7
 953 004d 0D       		.uleb128 0xd
 954 004e 00       		.byte	0
 955 004f 03       		.uleb128 0x3
ARM GAS  C:\Users\Ala\AppData\Local\Temp\ccIdkMgM.s 			page 22


 956 0050 0E       		.uleb128 0xe
 957 0051 3A       		.uleb128 0x3a
 958 0052 0B       		.uleb128 0xb
 959 0053 3B       		.uleb128 0x3b
 960 0054 0B       		.uleb128 0xb
 961 0055 49       		.uleb128 0x49
 962 0056 13       		.uleb128 0x13
 963 0057 38       		.uleb128 0x38
 964 0058 0B       		.uleb128 0xb
 965 0059 00       		.byte	0
 966 005a 00       		.byte	0
 967 005b 08       		.uleb128 0x8
 968 005c 16       		.uleb128 0x16
 969 005d 00       		.byte	0
 970 005e 03       		.uleb128 0x3
 971 005f 0E       		.uleb128 0xe
 972 0060 3A       		.uleb128 0x3a
 973 0061 0B       		.uleb128 0xb
 974 0062 3B       		.uleb128 0x3b
 975 0063 0B       		.uleb128 0xb
 976 0064 49       		.uleb128 0x49
 977 0065 13       		.uleb128 0x13
 978 0066 00       		.byte	0
 979 0067 00       		.byte	0
 980 0068 09       		.uleb128 0x9
 981 0069 2E       		.uleb128 0x2e
 982 006a 01       		.byte	0x1
 983 006b 3F       		.uleb128 0x3f
 984 006c 19       		.uleb128 0x19
 985 006d 03       		.uleb128 0x3
 986 006e 0E       		.uleb128 0xe
 987 006f 3A       		.uleb128 0x3a
 988 0070 0B       		.uleb128 0xb
 989 0071 3B       		.uleb128 0x3b
 990 0072 0B       		.uleb128 0xb
 991 0073 27       		.uleb128 0x27
 992 0074 19       		.uleb128 0x19
 993 0075 11       		.uleb128 0x11
 994 0076 01       		.uleb128 0x1
 995 0077 12       		.uleb128 0x12
 996 0078 06       		.uleb128 0x6
 997 0079 40       		.uleb128 0x40
 998 007a 18       		.uleb128 0x18
 999 007b 9742     		.uleb128 0x2117
 1000 007d 19       		.uleb128 0x19
 1001 007e 01       		.uleb128 0x1
 1002 007f 13       		.uleb128 0x13
 1003 0080 00       		.byte	0
 1004 0081 00       		.byte	0
 1005 0082 0A       		.uleb128 0xa
 1006 0083 898201   		.uleb128 0x4109
 1007 0086 01       		.byte	0x1
 1008 0087 11       		.uleb128 0x11
 1009 0088 01       		.uleb128 0x1
 1010 0089 31       		.uleb128 0x31
 1011 008a 13       		.uleb128 0x13
 1012 008b 01       		.uleb128 0x1
ARM GAS  C:\Users\Ala\AppData\Local\Temp\ccIdkMgM.s 			page 23


 1013 008c 13       		.uleb128 0x13
 1014 008d 00       		.byte	0
 1015 008e 00       		.byte	0
 1016 008f 0B       		.uleb128 0xb
 1017 0090 8A8201   		.uleb128 0x410a
 1018 0093 00       		.byte	0
 1019 0094 02       		.uleb128 0x2
 1020 0095 18       		.uleb128 0x18
 1021 0096 9142     		.uleb128 0x2111
 1022 0098 18       		.uleb128 0x18
 1023 0099 00       		.byte	0
 1024 009a 00       		.byte	0
 1025 009b 0C       		.uleb128 0xc
 1026 009c 898201   		.uleb128 0x4109
 1027 009f 00       		.byte	0
 1028 00a0 11       		.uleb128 0x11
 1029 00a1 01       		.uleb128 0x1
 1030 00a2 31       		.uleb128 0x31
 1031 00a3 13       		.uleb128 0x13
 1032 00a4 00       		.byte	0
 1033 00a5 00       		.byte	0
 1034 00a6 0D       		.uleb128 0xd
 1035 00a7 34       		.uleb128 0x34
 1036 00a8 00       		.byte	0
 1037 00a9 03       		.uleb128 0x3
 1038 00aa 0E       		.uleb128 0xe
 1039 00ab 3A       		.uleb128 0x3a
 1040 00ac 0B       		.uleb128 0xb
 1041 00ad 3B       		.uleb128 0x3b
 1042 00ae 0B       		.uleb128 0xb
 1043 00af 49       		.uleb128 0x49
 1044 00b0 13       		.uleb128 0x13
 1045 00b1 02       		.uleb128 0x2
 1046 00b2 17       		.uleb128 0x17
 1047 00b3 00       		.byte	0
 1048 00b4 00       		.byte	0
 1049 00b5 0E       		.uleb128 0xe
 1050 00b6 01       		.uleb128 0x1
 1051 00b7 01       		.byte	0x1
 1052 00b8 49       		.uleb128 0x49
 1053 00b9 13       		.uleb128 0x13
 1054 00ba 01       		.uleb128 0x1
 1055 00bb 13       		.uleb128 0x13
 1056 00bc 00       		.byte	0
 1057 00bd 00       		.byte	0
 1058 00be 0F       		.uleb128 0xf
 1059 00bf 21       		.uleb128 0x21
 1060 00c0 00       		.byte	0
 1061 00c1 49       		.uleb128 0x49
 1062 00c2 13       		.uleb128 0x13
 1063 00c3 2F       		.uleb128 0x2f
 1064 00c4 0B       		.uleb128 0xb
 1065 00c5 00       		.byte	0
 1066 00c6 00       		.byte	0
 1067 00c7 10       		.uleb128 0x10
 1068 00c8 34       		.uleb128 0x34
 1069 00c9 00       		.byte	0
ARM GAS  C:\Users\Ala\AppData\Local\Temp\ccIdkMgM.s 			page 24


 1070 00ca 03       		.uleb128 0x3
 1071 00cb 0E       		.uleb128 0xe
 1072 00cc 3A       		.uleb128 0x3a
 1073 00cd 0B       		.uleb128 0xb
 1074 00ce 3B       		.uleb128 0x3b
 1075 00cf 0B       		.uleb128 0xb
 1076 00d0 49       		.uleb128 0x49
 1077 00d1 13       		.uleb128 0x13
 1078 00d2 3F       		.uleb128 0x3f
 1079 00d3 19       		.uleb128 0x19
 1080 00d4 02       		.uleb128 0x2
 1081 00d5 18       		.uleb128 0x18
 1082 00d6 00       		.byte	0
 1083 00d7 00       		.byte	0
 1084 00d8 11       		.uleb128 0x11
 1085 00d9 2E       		.uleb128 0x2e
 1086 00da 00       		.byte	0
 1087 00db 3F       		.uleb128 0x3f
 1088 00dc 19       		.uleb128 0x19
 1089 00dd 3C       		.uleb128 0x3c
 1090 00de 19       		.uleb128 0x19
 1091 00df 6E       		.uleb128 0x6e
 1092 00e0 0E       		.uleb128 0xe
 1093 00e1 03       		.uleb128 0x3
 1094 00e2 0E       		.uleb128 0xe
 1095 00e3 3A       		.uleb128 0x3a
 1096 00e4 0B       		.uleb128 0xb
 1097 00e5 3B       		.uleb128 0x3b
 1098 00e6 0B       		.uleb128 0xb
 1099 00e7 00       		.byte	0
 1100 00e8 00       		.byte	0
 1101 00e9 12       		.uleb128 0x12
 1102 00ea 2E       		.uleb128 0x2e
 1103 00eb 00       		.byte	0
 1104 00ec 3F       		.uleb128 0x3f
 1105 00ed 19       		.uleb128 0x19
 1106 00ee 3C       		.uleb128 0x3c
 1107 00ef 19       		.uleb128 0x19
 1108 00f0 6E       		.uleb128 0x6e
 1109 00f1 0E       		.uleb128 0xe
 1110 00f2 03       		.uleb128 0x3
 1111 00f3 0E       		.uleb128 0xe
 1112 00f4 3A       		.uleb128 0x3a
 1113 00f5 0B       		.uleb128 0xb
 1114 00f6 3B       		.uleb128 0x3b
 1115 00f7 05       		.uleb128 0x5
 1116 00f8 00       		.byte	0
 1117 00f9 00       		.byte	0
 1118 00fa 00       		.byte	0
 1119              		.section	.debug_loc,"",%progbits
 1120              	.Ldebug_loc0:
 1121              	.LLST0:
 1122 0000 00000000 		.4byte	.LVL6
 1123 0004 08000000 		.4byte	.LVL8
 1124 0008 0200     		.2byte	0x2
 1125 000a 30       		.byte	0x30
 1126 000b 9F       		.byte	0x9f
ARM GAS  C:\Users\Ala\AppData\Local\Temp\ccIdkMgM.s 			page 25


 1127 000c 08000000 		.4byte	.LVL8
 1128 0010 0E000000 		.4byte	.LVL9
 1129 0014 0100     		.2byte	0x1
 1130 0016 50       		.byte	0x50
 1131 0017 00000000 		.4byte	0
 1132 001b 00000000 		.4byte	0
 1133              		.section	.debug_aranges,"",%progbits
 1134 0000 3C000000 		.4byte	0x3c
 1135 0004 0200     		.2byte	0x2
 1136 0006 00000000 		.4byte	.Ldebug_info0
 1137 000a 04       		.byte	0x4
 1138 000b 00       		.byte	0
 1139 000c 0000     		.2byte	0
 1140 000e 0000     		.2byte	0
 1141 0010 00000000 		.4byte	.LFB32
 1142 0014 48000000 		.4byte	.LFE32-.LFB32
 1143 0018 00000000 		.4byte	.LFB33
 1144 001c 1C000000 		.4byte	.LFE33-.LFB33
 1145 0020 00000000 		.4byte	.LFB34
 1146 0024 1C000000 		.4byte	.LFE34-.LFB34
 1147 0028 00000000 		.4byte	.LFB35
 1148 002c 60000000 		.4byte	.LFE35-.LFB35
 1149 0030 00000000 		.4byte	.LFB36
 1150 0034 20000000 		.4byte	.LFE36-.LFB36
 1151 0038 00000000 		.4byte	0
 1152 003c 00000000 		.4byte	0
 1153              		.section	.debug_ranges,"",%progbits
 1154              	.Ldebug_ranges0:
 1155 0000 00000000 		.4byte	.LFB32
 1156 0004 48000000 		.4byte	.LFE32
 1157 0008 00000000 		.4byte	.LFB33
 1158 000c 1C000000 		.4byte	.LFE33
 1159 0010 00000000 		.4byte	.LFB34
 1160 0014 1C000000 		.4byte	.LFE34
 1161 0018 00000000 		.4byte	.LFB35
 1162 001c 60000000 		.4byte	.LFE35
 1163 0020 00000000 		.4byte	.LFB36
 1164 0024 20000000 		.4byte	.LFE36
 1165 0028 00000000 		.4byte	0
 1166 002c 00000000 		.4byte	0
 1167              		.section	.debug_line,"",%progbits
 1168              	.Ldebug_line0:
 1169 0000 69010000 		.section	.debug_str,"MS",%progbits,1
 1169      0200E900 
 1169      00000201 
 1169      FB0E0D00 
 1169      01010101 
 1170              	.LASF15:
 1171 0000 6C6F6E67 		.ascii	"long double\000"
 1171      20646F75 
 1171      626C6500 
 1172              	.LASF25:
 1173 000c 5057525F 		.ascii	"PWR_OK_LONG_ISR\000"
 1173      4F4B5F4C 
 1173      4F4E475F 
 1173      49535200 
 1174              	.LASF22:
ARM GAS  C:\Users\Ala\AppData\Local\Temp\ccIdkMgM.s 			page 26


 1175 001c 70737553 		.ascii	"psuState\000"
 1175      74617465 
 1175      00
 1176              	.LASF2:
 1177 0025 73686F72 		.ascii	"short int\000"
 1177      7420696E 
 1177      7400
 1178              	.LASF60:
 1179 002f 44495350 		.ascii	"DISPLAY_Timer_Stop\000"
 1179      4C41595F 
 1179      54696D65 
 1179      725F5374 
 1179      6F7000
 1180              	.LASF62:
 1181 0042 696E7075 		.ascii	"inputs.c\000"
 1181      74732E63 
 1181      00
 1182              	.LASF29:
 1183 004b 65657072 		.ascii	"eepromArray\000"
 1183      6F6D4172 
 1183      72617900 
 1184              	.LASF31:
 1185 0057 44495350 		.ascii	"DISPLAY_STATE\000"
 1185      4C41595F 
 1185      53544154 
 1185      4500
 1186              	.LASF51:
 1187 0065 54696D65 		.ascii	"Timer_1_GetInterruptSourceMasked\000"
 1187      725F315F 
 1187      47657449 
 1187      6E746572 
 1187      72757074 
 1188              	.LASF20:
 1189 0086 426C7565 		.ascii	"BlueTooth_PWR\000"
 1189      546F6F74 
 1189      685F5057 
 1189      5200
 1190              	.LASF26:
 1191 0094 44415441 		.ascii	"DATALINK_INTRRUPTHandler\000"
 1191      4C494E4B 
 1191      5F494E54 
 1191      52525550 
 1191      5448616E 
 1192              	.LASF53:
 1193 00ad 54696D65 		.ascii	"Timer_2_GetInterruptSourceMasked\000"
 1193      725F325F 
 1193      47657449 
 1193      6E746572 
 1193      72757074 
 1194              	.LASF58:
 1195 00ce 44495350 		.ascii	"DISPLAY_Timer_ReadStatusRegister\000"
 1195      4C41595F 
 1195      54696D65 
 1195      725F5265 
 1195      61645374 
 1196              	.LASF9:
 1197 00ef 75696E74 		.ascii	"uint8\000"
ARM GAS  C:\Users\Ala\AppData\Local\Temp\ccIdkMgM.s 			page 27


 1197      3800
 1198              	.LASF57:
 1199 00f5 44415441 		.ascii	"DATALINK_INTRRUPT_ClearPending\000"
 1199      4C494E4B 
 1199      5F494E54 
 1199      52525550 
 1199      545F436C 
 1200              	.LASF32:
 1201 0114 42545F54 		.ascii	"BT_Tx_STATE\000"
 1201      785F5354 
 1201      41544500 
 1202              	.LASF50:
 1203 0120 5057525F 		.ascii	"PWR_OK_MODE_ClearInterrupt\000"
 1203      4F4B5F4D 
 1203      4F44455F 
 1203      436C6561 
 1203      72496E74 
 1204              	.LASF11:
 1205 013b 666C6F61 		.ascii	"float\000"
 1205      7400
 1206              	.LASF37:
 1207 0141 6E657874 		.ascii	"next_PSUstate\000"
 1207      5F505355 
 1207      73746174 
 1207      6500
 1208              	.LASF6:
 1209 014f 6C6F6E67 		.ascii	"long long int\000"
 1209      206C6F6E 
 1209      6720696E 
 1209      7400
 1210              	.LASF40:
 1211 015d 5057525F 		.ascii	"PWR_OK_SHORT_V\000"
 1211      4F4B5F53 
 1211      484F5254 
 1211      5F5600
 1212              	.LASF4:
 1213 016c 6C6F6E67 		.ascii	"long int\000"
 1213      20696E74 
 1213      00
 1214              	.LASF27:
 1215 0175 44495350 		.ascii	"DISPLAY_Timer_INTHandler\000"
 1215      4C41595F 
 1215      54696D65 
 1215      725F494E 
 1215      5448616E 
 1216              	.LASF19:
 1217 018e 5369676D 		.ascii	"SigmaDSP_PWR\000"
 1217      61445350 
 1217      5F505752 
 1217      00
 1218              	.LASF65:
 1219 019b 44415441 		.ascii	"DATALINK_STATUS\000"
 1219      4C494E4B 
 1219      5F535441 
 1219      54555300 
 1220              	.LASF47:
 1221 01ab 4D4F4445 		.ascii	"MODE_SWITCH\000"
ARM GAS  C:\Users\Ala\AppData\Local\Temp\ccIdkMgM.s 			page 28


 1221      5F535749 
 1221      54434800 
 1222              	.LASF17:
 1223 01b7 5250495F 		.ascii	"RPI_PWR\000"
 1223      50575200 
 1224              	.LASF44:
 1225 01bf 44415441 		.ascii	"DATALINK_TABLE_COUNTER\000"
 1225      4C494E4B 
 1225      5F544142 
 1225      4C455F43 
 1225      4F554E54 
 1226              	.LASF1:
 1227 01d6 756E7369 		.ascii	"unsigned char\000"
 1227      676E6564 
 1227      20636861 
 1227      7200
 1228              	.LASF45:
 1229 01e4 44415441 		.ascii	"DATALINK_TABLE_COUNTER_MAX\000"
 1229      4C494E4B 
 1229      5F544142 
 1229      4C455F43 
 1229      4F554E54 
 1230              	.LASF41:
 1231 01ff 4D4F4445 		.ascii	"MODE_LONG_V\000"
 1231      5F4C4F4E 
 1231      475F5600 
 1232              	.LASF0:
 1233 020b 7369676E 		.ascii	"signed char\000"
 1233      65642063 
 1233      68617200 
 1234              	.LASF7:
 1235 0217 6C6F6E67 		.ascii	"long long unsigned int\000"
 1235      206C6F6E 
 1235      6720756E 
 1235      7369676E 
 1235      65642069 
 1236              	.LASF63:
 1237 022e 433A5C55 		.ascii	"C:\\Users\\Ala\\Desktop\\Cypress\\BeoM_main.cydsn\000"
 1237      73657273 
 1237      5C416C61 
 1237      5C446573 
 1237      6B746F70 
 1238              	.LASF8:
 1239 025b 756E7369 		.ascii	"unsigned int\000"
 1239      676E6564 
 1239      20696E74 
 1239      00
 1240              	.LASF52:
 1241 0268 54696D65 		.ascii	"Timer_1_ClearInterrupt\000"
 1241      725F315F 
 1241      436C6561 
 1241      72496E74 
 1241      65727275 
 1242              	.LASF55:
 1243 027f 44415441 		.ascii	"DATALINK_Timer_ReadStatusRegister\000"
 1243      4C494E4B 
 1243      5F54696D 
ARM GAS  C:\Users\Ala\AppData\Local\Temp\ccIdkMgM.s 			page 29


 1243      65725F52 
 1243      65616453 
 1244              	.LASF14:
 1245 02a1 72656733 		.ascii	"reg32\000"
 1245      3200
 1246              	.LASF35:
 1247 02a7 6E65775F 		.ascii	"new_disp_ctrl1\000"
 1247      64697370 
 1247      5F637472 
 1247      6C3100
 1248              	.LASF36:
 1249 02b6 6E65775F 		.ascii	"new_disp_ctrl2\000"
 1249      64697370 
 1249      5F637472 
 1249      6C3200
 1250              	.LASF3:
 1251 02c5 73686F72 		.ascii	"short unsigned int\000"
 1251      7420756E 
 1251      7369676E 
 1251      65642069 
 1251      6E7400
 1252              	.LASF18:
 1253 02d8 5250695F 		.ascii	"RPi_GPIO_state\000"
 1253      4750494F 
 1253      5F737461 
 1253      746500
 1254              	.LASF13:
 1255 02e7 63686172 		.ascii	"char\000"
 1255      00
 1256              	.LASF21:
 1257 02ec 44697370 		.ascii	"Display_PWR\000"
 1257      6C61795F 
 1257      50575200 
 1258              	.LASF54:
 1259 02f8 54696D65 		.ascii	"Timer_2_ClearInterrupt\000"
 1259      725F325F 
 1259      436C6561 
 1259      72496E74 
 1259      65727275 
 1260              	.LASF48:
 1261 030f 5057525F 		.ascii	"PWR_OK_SWITCH\000"
 1261      4F4B5F53 
 1261      57495443 
 1261      4800
 1262              	.LASF39:
 1263 031d 4D4F4445 		.ascii	"MODE_SHORT_V\000"
 1263      5F53484F 
 1263      52545F56 
 1263      00
 1264              	.LASF56:
 1265 032a 44415441 		.ascii	"DATALINK_Timer_ReadCapture\000"
 1265      4C494E4B 
 1265      5F54696D 
 1265      65725F52 
 1265      65616443 
 1266              	.LASF10:
 1267 0345 75696E74 		.ascii	"uint32\000"
ARM GAS  C:\Users\Ala\AppData\Local\Temp\ccIdkMgM.s 			page 30


 1267      333200
 1268              	.LASF42:
 1269 034c 5057525F 		.ascii	"PWR_OK_LONG_V\000"
 1269      4F4B5F4C 
 1269      4F4E475F 
 1269      5600
 1270              	.LASF5:
 1271 035a 6C6F6E67 		.ascii	"long unsigned int\000"
 1271      20756E73 
 1271      69676E65 
 1271      6420696E 
 1271      7400
 1272              	.LASF23:
 1273 036c 5057525F 		.ascii	"PWR_OK_MODE_SHORT_ISR\000"
 1273      4F4B5F4D 
 1273      4F44455F 
 1273      53484F52 
 1273      545F4953 
 1274              	.LASF12:
 1275 0382 646F7562 		.ascii	"double\000"
 1275      6C6500
 1276              	.LASF30:
 1277 0389 53595354 		.ascii	"SYSTEM_STATE\000"
 1277      454D5F53 
 1277      54415445 
 1277      00
 1278              	.LASF28:
 1279 0396 61727261 		.ascii	"array\000"
 1279      7900
 1280              	.LASF43:
 1281 039c 44415441 		.ascii	"DATALINK_TABLE\000"
 1281      4C494E4B 
 1281      5F544142 
 1281      4C4500
 1282              	.LASF16:
 1283 03ab 73697A65 		.ascii	"sizetype\000"
 1283      74797065 
 1283      00
 1284              	.LASF61:
 1285 03b4 474E5520 		.ascii	"GNU C11 5.4.1 20160609 (release) [ARM/embedded-5-br"
 1285      43313120 
 1285      352E342E 
 1285      31203230 
 1285      31363036 
 1286 03e7 616E6368 		.ascii	"anch revision 237715] -mcpu=cortex-m0 -mthumb -g -O"
 1286      20726576 
 1286      6973696F 
 1286      6E203233 
 1286      37373135 
 1287 041a 73202D66 		.ascii	"s -ffunction-sections -ffat-lto-objects\000"
 1287      66756E63 
 1287      74696F6E 
 1287      2D736563 
 1287      74696F6E 
 1288              	.LASF64:
 1289 0442 506F7765 		.ascii	"Power_Supply_State\000"
 1289      725F5375 
ARM GAS  C:\Users\Ala\AppData\Local\Temp\ccIdkMgM.s 			page 31


 1289      70706C79 
 1289      5F537461 
 1289      746500
 1290              	.LASF46:
 1291 0455 44495350 		.ascii	"DISPLAY_UPDATE\000"
 1291      4C41595F 
 1291      55504441 
 1291      544500
 1292              	.LASF34:
 1293 0464 6E65775F 		.ascii	"new_display_data_buffer\000"
 1293      64697370 
 1293      6C61795F 
 1293      64617461 
 1293      5F627566 
 1294              	.LASF49:
 1295 047c 43794465 		.ascii	"CyDelay\000"
 1295      6C617900 
 1296              	.LASF59:
 1297 0484 44495350 		.ascii	"DISPLAY_Timer_INT_ClearPending\000"
 1297      4C41595F 
 1297      54696D65 
 1297      725F494E 
 1297      545F436C 
 1298              	.LASF24:
 1299 04a3 4D4F4445 		.ascii	"MODE_LONG_ISR\000"
 1299      5F4C4F4E 
 1299      475F4953 
 1299      5200
 1300              	.LASF33:
 1301 04b1 6E65775F 		.ascii	"new_display_data_flag\000"
 1301      64697370 
 1301      6C61795F 
 1301      64617461 
 1301      5F666C61 
 1302              	.LASF38:
 1303 04c7 63757272 		.ascii	"current_PSUstate\000"
 1303      656E745F 
 1303      50535573 
 1303      74617465 
 1303      00
 1304              		.ident	"GCC: (GNU Tools for ARM Embedded Processors) 5.4.1 20160609 (release) [ARM/embedded-5-bran
