ARM GAS  C:\Users\Ala\AppData\Local\Temp\cchxkKbJ.s 			page 1


   1              		.syntax unified
   2              		.cpu cortex-m0
   3              		.fpu softvfp
   4              		.eabi_attribute 20, 1
   5              		.eabi_attribute 21, 1
   6              		.eabi_attribute 23, 3
   7              		.eabi_attribute 24, 1
   8              		.eabi_attribute 25, 1
   9              		.eabi_attribute 26, 1
  10              		.eabi_attribute 30, 4
  11              		.eabi_attribute 34, 0
  12              		.eabi_attribute 18, 4
  13              		.thumb
  14              		.syntax unified
  15              		.file	"main.c"
  16              		.text
  17              	.Ltext0:
  18              		.cfi_sections	.debug_frame
  19              		.section	.text.startup.main,"ax",%progbits
  20              		.align	1
  21              		.global	main
  22              		.code	16
  23              		.thumb_func
  24              		.type	main, %function
  25              	main:
  26              	.LFB32:
  27              		.file 1 "main.c"
   1:main.c        **** /*******************************************************************************
   2:main.c        **** * File Name: main.c
   3:main.c        **** *
   4:main.c        **** * Version: 1.0
   5:main.c        **** * Date: 2020
   6:main.c        **** *
   7:main.c        **** * Description:
   8:main.c        **** *  This project is intended to be used as main code that runs on PSoC KIT
   9:main.c        **** *  inside BeoModern system. 
  10:main.c        **** *  It is responsible for monitoring
  11:main.c        **** *  - two push buttons (short and long press)
  12:main.c        **** *  - listenning and responding to commands sent over BeO Datalink
  13:main.c        **** *  It is responsible for controling 
  14:main.c        **** *  - Raspberry Pi that acts as iRadio, mp3/flac player, DAB radio, FM radio
  15:main.c        **** *    station name display
  16:main.c        **** *  - SigmaDSP processor togethre with audio DAC responsible for processing 
  17:main.c        **** *    audio and producing analog sound
  18:main.c        **** *  - Bluetooth module
  19:main.c        **** *  - power supply system (power up and down different blocks)
  20:main.c        **** *  - information sent to the display module
  21:main.c        **** *
  22:main.c        **** *******************************************************************************/
  23:main.c        **** 
  24:main.c        **** #include <project.h>
  25:main.c        **** #include <inputs.h>
  26:main.c        **** #include <modes.h>
  27:main.c        **** #include <spi_int.h>
  28:main.c        **** #include <operate.h>
  29:main.c        **** #include <string.h>
  30:main.c        **** 
ARM GAS  C:\Users\Ala\AppData\Local\Temp\cchxkKbJ.s 			page 2


  31:main.c        **** // EEPROM storage in work flash, this is defined in Em_EEPROM.c
  32:main.c        **** #if defined (__ICCARM__)
  33:main.c        **** #pragma data_alignment = CY_FLASH_SIZEOF_ROW
  34:main.c        **** const uint8_t Em_EEPROM_em_EepromStorage[Em_EEPROM_PHYSICAL_SIZE] = {0u};
  35:main.c        **** #else
  36:main.c        **** const uint8_t Em_EEPROM_em_EepromStorage[Em_EEPROM_PHYSICAL_SIZE]
  37:main.c        **** CY_SECTION(".cy_checksum_exclude")
  38:main.c        **** __ALIGNED(CY_FLASH_SIZEOF_ROW) = {0u};
  39:main.c        **** #endif /* defined (__ICCARM__) */
  40:main.c        **** 
  41:main.c        **** // global display data variables
  42:main.c        **** uint32 display_return;
  43:main.c        **** uint8 current_display_data_buffer[24];
  44:main.c        **** uint8 current_disp_ctrl1;
  45:main.c        **** uint8 current_disp_ctrl2;
  46:main.c        **** 
  47:main.c        **** void main()
  48:main.c        **** {   
  28              		.loc 1 48 0
  29              		.cfi_startproc
  30              		@ args = 0, pretend = 0, frame = 32
  31              		@ frame_needed = 0, uses_anonymous_args = 0
  32              	.LVL0:
  33 0000 F0B5     		push	{r4, r5, r6, r7, lr}
  34              		.cfi_def_cfa_offset 20
  35              		.cfi_offset 4, -20
  36              		.cfi_offset 5, -16
  37              		.cfi_offset 6, -12
  38              		.cfi_offset 7, -8
  39              		.cfi_offset 14, -4
  40 0002 89B0     		sub	sp, sp, #36
  41              		.cfi_def_cfa_offset 56
  49:main.c        ****  // TO BE REMOVED TO BE REMOVED
  50:main.c        ****     uint8 swCounter = 0;    /* variable used by routine used to quickly move to load mode */
  51:main.c        ****  // TO BE REMOVED TO BE REMOVED
  52:main.c        ****  
  53:main.c        ****     uint8 currentSTATE = 9;    /* variable used by routine used to quickly move to load mode */
  54:main.c        ****     uint8 BTSTATE = 9;    /* variable used by routine used to quickly move to load mode */
  55:main.c        ****     uint8 datalink_command = 0;
  56:main.c        ****     
  57:main.c        **** // display data variables
  58:main.c        ****     uint32 display_return = 0;
  59:main.c        ****     uint8 current_display_data_buffer[24] = {"...4....4....4....4....4"};
  42              		.loc 1 59 0
  43 0004 1822     		movs	r2, #24
  44 0006 4949     		ldr	r1, .L13
  45 0008 02A8     		add	r0, sp, #8
  46 000a FFF7FEFF 		bl	memcpy
  47              	.LVL1:
  60:main.c        ****     uint8 current_disp_ctrl1 = 0;
  61:main.c        ****     uint8 current_disp_ctrl2 = 0;    
  62:main.c        ****     
  63:main.c        **** // Initalize EEPROM with the start address of the memory location
  64:main.c        ****     Em_EEPROM_Init((uint32_t)Em_EEPROM_em_EepromStorage);
  48              		.loc 1 64 0
  49 000e 4848     		ldr	r0, .L13+4
  50 0010 FFF7FEFF 		bl	Em_EEPROM_Init
ARM GAS  C:\Users\Ala\AppData\Local\Temp\cchxkKbJ.s 			page 3


  51              	.LVL2:
  65:main.c        ****     
  66:main.c        **** //Manually set P4.2 as input. Used to Read Raspberry Pi status
  67:main.c        ****     CY_SYS_PINS_SET_DRIVE_MODE(CYREG_PRT4_PC,2,CY_SYS_PINS_DM_DIG_HIZ);
  52              		.loc 1 67 0
  53 0014 474A     		ldr	r2, .L13+8
  54 0016 484B     		ldr	r3, .L13+12
  55 0018 1168     		ldr	r1, [r2]
  56 001a 0B40     		ands	r3, r1
  57 001c 4021     		movs	r1, #64
  58 001e 0B43     		orrs	r3, r1
  59 0020 1360     		str	r3, [r2]
  68:main.c        **** //Manually set P4.3 as input. Used to Read BT AAC status
  69:main.c        ****     CY_SYS_PINS_SET_DRIVE_MODE(CYREG_PRT4_PC,3,CY_SYS_PINS_DM_DIG_HIZ);
  60              		.loc 1 69 0
  61 0022 1168     		ldr	r1, [r2]
  62 0024 454B     		ldr	r3, .L13+16
  63 0026 0B40     		ands	r3, r1
  64 0028 8021     		movs	r1, #128
  65 002a 8900     		lsls	r1, r1, #2
  66 002c 0B43     		orrs	r3, r1
  67 002e 1360     		str	r3, [r2]
  70:main.c        ****     
  71:main.c        **** // Start push button timers    
  72:main.c        ****     Timer_1_Start();
  68              		.loc 1 72 0
  69 0030 FFF7FEFF 		bl	Timer_1_Start
  70              	.LVL3:
  73:main.c        ****     Timer_2_Start();
  71              		.loc 1 73 0
  72 0034 FFF7FEFF 		bl	Timer_2_Start
  73              	.LVL4:
  74:main.c        **** 
  75:main.c        **** // Start DATALINK timer
  76:main.c        ****     DATALINK_Timer_Start();
  74              		.loc 1 76 0
  75 0038 FFF7FEFF 		bl	DATALINK_Timer_Start
  76              	.LVL5:
  77:main.c        **** 
  78:main.c        **** // Start DISPLAY timer
  79:main.c        ****     DISPLAY_Timer_Start();
  77              		.loc 1 79 0
  78 003c FFF7FEFF 		bl	DISPLAY_Timer_Start
  79              	.LVL6:
  80:main.c        ****     
  81:main.c        **** // initialize interrupt routines for push buttons
  82:main.c        ****     PWR_OK_MODE_SHORT_StartEx(PWR_OK_MODE_SHORT_ISR);    
  80              		.loc 1 82 0
  81 0040 3F48     		ldr	r0, .L13+20
  82 0042 FFF7FEFF 		bl	PWR_OK_MODE_SHORT_StartEx
  83              	.LVL7:
  83:main.c        ****     MODE_LONG_StartEx(MODE_LONG_ISR);
  84              		.loc 1 83 0
  85 0046 3F48     		ldr	r0, .L13+24
  86 0048 FFF7FEFF 		bl	MODE_LONG_StartEx
  87              	.LVL8:
  84:main.c        ****     PWR_OK_LONG_StartEx(PWR_OK_LONG_ISR);
ARM GAS  C:\Users\Ala\AppData\Local\Temp\cchxkKbJ.s 			page 4


  88              		.loc 1 84 0
  89 004c 3E48     		ldr	r0, .L13+28
  90 004e FFF7FEFF 		bl	PWR_OK_LONG_StartEx
  91              	.LVL9:
  85:main.c        ****     
  86:main.c        **** // initialize DATALINK timer interrupt and set up handler for it
  87:main.c        ****     DATALINK_INTRRUPT_StartEx(DATALINK_INTRRUPTHandler);    
  92              		.loc 1 87 0
  93 0052 3E48     		ldr	r0, .L13+32
  94 0054 FFF7FEFF 		bl	DATALINK_INTRRUPT_StartEx
  95              	.LVL10:
  88:main.c        ****    
  89:main.c        **** // initialize DISPLAY timer interrupt and set up handler for it
  90:main.c        ****     DISPLAY_Timer_INT_StartEx(DISPLAY_Timer_INTHandler);    
  96              		.loc 1 90 0
  97 0058 3D48     		ldr	r0, .L13+36
  98 005a FFF7FEFF 		bl	DISPLAY_Timer_INT_StartEx
  99              	.LVL11:
  91:main.c        ****     
  92:main.c        **** // Enable interrupt routines
  93:main.c        ****     CyGlobalIntEnable;
 100              		.loc 1 93 0
 101              		.syntax divided
 102              	@ 93 "main.c" 1
 103 005e 62B6     		CPSIE   i
 104              	@ 0 "" 2
  94:main.c        ****     
  95:main.c        **** // Start SCB (UART mode) operation 
  96:main.c        ****     UART_Start();
 105              		.loc 1 96 0
 106              		.thumb
 107              		.syntax unified
 108 0060 FFF7FEFF 		bl	UART_Start
 109              	.LVL12:
  53:main.c        ****     uint8 BTSTATE = 9;    /* variable used by routine used to quickly move to load mode */
 110              		.loc 1 53 0
 111 0064 0927     		movs	r7, #9
  97:main.c        **** 
  98:main.c        **** // Start SCB (SPI Master mode) operation 
  99:main.c        ****     SPIM_Start();
 112              		.loc 1 99 0
 113 0066 FFF7FEFF 		bl	SPIM_Start
 114              	.LVL13:
  50:main.c        ****  // TO BE REMOVED TO BE REMOVED
 115              		.loc 1 50 0
 116 006a 0024     		movs	r4, #0
 100:main.c        **** 
 101:main.c        **** // inifinite loop - this uP is always ON
 102:main.c        ****     for (;;)
 103:main.c        ****     {
 104:main.c        ****             
 105:main.c        ****  // check if there are any activities with 2 push buttons (short or long press occured)
 106:main.c        ****         buttons_check();
 107:main.c        **** 
 108:main.c        **** // check if activity on datalink interface was deteced        
 109:main.c        ****         if (DATALINK_TABLE_COUNTER_MAX != 0)
 110:main.c        ****         {
ARM GAS  C:\Users\Ala\AppData\Local\Temp\cchxkKbJ.s 			page 5


 111:main.c        **** // if it was, check if command was addressed to BeoModern unit
 112:main.c        ****             datalink_command = datalink_decoder();
 113:main.c        ****             if ((datalink_command >= 10) & (datalink_command <=60) )
 114:main.c        ****             {
 115:main.c        **** // if it was, react to it                
 116:main.c        ****                 datalink_check(datalink_command);
 117:main.c        ****             }
 118:main.c        ****         }
 119:main.c        **** 
 120:main.c        **** // check if system state changed due to datalink command or pushbuttons activities        
 121:main.c        ****         if ( ( currentSTATE > SYSTEM_STATE ) || ( currentSTATE < SYSTEM_STATE ) )
 122:main.c        ****         {
 123:main.c        **** // switch beomodern state to new state and set current state to new value
 124:main.c        ****             currentSTATE = BeoM_PSU_state();
 125:main.c        **** // read back new bluetooth state
 126:main.c        ****             BTSTATE = BT_control(0,0);
 127:main.c        **** // configure power supply control to fulfil needs of new beomodern state            
 128:main.c        ****             current_PSUstate = psu_config(1, next_PSUstate);
 117              		.loc 1 128 0
 118 006c FF26     		movs	r6, #255
 119              	.LVL14:
 120              	.L2:
 106:main.c        **** 
 121              		.loc 1 106 0
 122 006e FFF7FEFF 		bl	buttons_check
 123              	.LVL15:
 109:main.c        ****         {
 124              		.loc 1 109 0
 125 0072 384B     		ldr	r3, .L13+40
 126 0074 1B78     		ldrb	r3, [r3]
 127 0076 002B     		cmp	r3, #0
 128 0078 08D0     		beq	.L4
 112:main.c        ****             if ((datalink_command >= 10) & (datalink_command <=60) )
 129              		.loc 1 112 0
 130 007a FFF7FEFF 		bl	datalink_decoder
 131              	.LVL16:
 113:main.c        ****             {
 132              		.loc 1 113 0
 133 007e 0300     		movs	r3, r0
 134 0080 0A3B     		subs	r3, r3, #10
 135 0082 DBB2     		uxtb	r3, r3
 136 0084 322B     		cmp	r3, #50
 137 0086 01D8     		bhi	.L4
 116:main.c        ****             }
 138              		.loc 1 116 0
 139 0088 FFF7FEFF 		bl	datalink_check
 140              	.LVL17:
 141              	.L4:
 121:main.c        ****         {
 142              		.loc 1 121 0
 143 008c 324B     		ldr	r3, .L13+44
 144 008e 1D78     		ldrb	r5, [r3]
 145 0090 AF42     		cmp	r7, r5
 146 0092 1ED0     		beq	.L6
 124:main.c        **** // read back new bluetooth state
 147              		.loc 1 124 0
 148 0094 FFF7FEFF 		bl	BeoM_PSU_state
ARM GAS  C:\Users\Ala\AppData\Local\Temp\cchxkKbJ.s 			page 6


 149              	.LVL18:
 126:main.c        **** // configure power supply control to fulfil needs of new beomodern state            
 150              		.loc 1 126 0
 151 0098 0021     		movs	r1, #0
 124:main.c        **** // read back new bluetooth state
 152              		.loc 1 124 0
 153 009a 0500     		movs	r5, r0
 154              	.LVL19:
 126:main.c        **** // configure power supply control to fulfil needs of new beomodern state            
 155              		.loc 1 126 0
 156 009c 0800     		movs	r0, r1
 157              	.LVL20:
 158 009e FFF7FEFF 		bl	BT_control
 159              	.LVL21:
 160              		.loc 1 128 0
 161 00a2 2E4F     		ldr	r7, .L13+48
 162 00a4 7B78     		ldrb	r3, [r7, #1]
 163 00a6 3878     		ldrb	r0, [r7]
 164 00a8 BA78     		ldrb	r2, [r7, #2]
 165 00aa 1B02     		lsls	r3, r3, #8
 166 00ac 0343     		orrs	r3, r0
 167 00ae 1204     		lsls	r2, r2, #16
 168 00b0 1900     		movs	r1, r3
 169 00b2 1300     		movs	r3, r2
 170 00b4 FA78     		ldrb	r2, [r7, #3]
 171 00b6 0B43     		orrs	r3, r1
 172 00b8 1206     		lsls	r2, r2, #24
 173 00ba 1A43     		orrs	r2, r3
 174 00bc 3B79     		ldrb	r3, [r7, #4]
 175 00be 0121     		movs	r1, #1
 176 00c0 6846     		mov	r0, sp
 177 00c2 3340     		ands	r3, r6
 178 00c4 FFF7FEFF 		bl	psu_config
 179              	.LVL22:
 180 00c8 0522     		movs	r2, #5
 181 00ca 6946     		mov	r1, sp
 182 00cc 2448     		ldr	r0, .L13+52
 183 00ce FFF7FEFF 		bl	memcpy
 184              	.LVL23:
 185              	.L6:
 129:main.c        ****         }
 130:main.c        ****     
 131:main.c        **** // update information sent over SPI to display based on current state and selected mode
 132:main.c        ****         display_update();
 186              		.loc 1 132 0
 187 00d2 FFF7FEFF 		bl	display_update
 188              	.LVL24:
 133:main.c        **** 
 134:main.c        ****         
 135:main.c        **** // check if there is new data ready to be sent to display over SPI interface
 136:main.c        ****         if (new_display_data_flag == 1)
 189              		.loc 1 136 0
 190 00d6 234F     		ldr	r7, .L13+56
 191 00d8 3B78     		ldrb	r3, [r7]
 192 00da 012B     		cmp	r3, #1
 193 00dc 11D1     		bne	.L7
 137:main.c        ****         {
ARM GAS  C:\Users\Ala\AppData\Local\Temp\cchxkKbJ.s 			page 7


 138:main.c        **** // copy new data into buffer that will be sent to display            
 139:main.c        ****             strcpy((char*)current_display_data_buffer,(char*)new_display_data_buffer);
 194              		.loc 1 139 0
 195 00de 2249     		ldr	r1, .L13+60
 196 00e0 02A8     		add	r0, sp, #8
 197 00e2 FFF7FEFF 		bl	strcpy
 198              	.LVL25:
 140:main.c        **** // copy new control values that will be sent to display            
 141:main.c        ****             current_disp_ctrl1 = new_disp_ctrl1;
 142:main.c        ****             current_disp_ctrl2 = new_disp_ctrl2;
 199              		.loc 1 142 0
 200 00e6 214B     		ldr	r3, .L13+64
 143:main.c        **** 
 144:main.c        **** // sent data over SPI to display module
 145:main.c        ****             SPIM_display_write(current_display_data_buffer, current_disp_ctrl1, current_disp_ctrl2)
 201              		.loc 1 145 0
 202 00e8 02A8     		add	r0, sp, #8
 203 00ea 1A78     		ldrb	r2, [r3]
 141:main.c        ****             current_disp_ctrl2 = new_disp_ctrl2;
 204              		.loc 1 141 0
 205 00ec 204B     		ldr	r3, .L13+68
 206              		.loc 1 145 0
 207 00ee 1978     		ldrb	r1, [r3]
 208 00f0 FFF7FEFF 		bl	SPIM_display_write
 209              	.LVL26:
 146:main.c        **** // Delay between commands to handle buffer update on slave side 
 147:main.c        **** // (when talking to display module using SPI pooling)
 148:main.c        **** //            CyDelayUs(50);
 149:main.c        **** // Delay between commands to handle buffer update on slave side 
 150:main.c        **** // (when talking to display module using SPI interrupt)
 151:main.c        ****             CyDelay(4);
 210              		.loc 1 151 0
 211 00f4 0420     		movs	r0, #4
 212 00f6 FFF7FEFF 		bl	CyDelay
 213              	.LVL27:
 152:main.c        **** 
 153:main.c        **** // Send packet to read response from display
 154:main.c        ****             display_return = SPIM_display_read();
 214              		.loc 1 154 0
 215 00fa FFF7FEFF 		bl	SPIM_display_read
 216              	.LVL28:
 155:main.c        ****             // clear flag indicating new data to dosplay             
 156:main.c        ****             new_display_data_flag = 0;
 217              		.loc 1 156 0
 218 00fe 0023     		movs	r3, #0
 219 0100 3B70     		strb	r3, [r7]
 220              	.L7:
 157:main.c        ****         }
 158:main.c        ****       
 159:main.c        ****         
 160:main.c        ****   
 161:main.c        **** // TO BE REMOVED TO BE REMOVED
 162:main.c        **** // Reset the software counter if SW1 is not pressed (Pulled high)
 163:main.c        ****         if(Pin_1_Read())
 221              		.loc 1 163 0
 222 0102 FFF7FEFF 		bl	Pin_1_Read
 223              	.LVL29:
ARM GAS  C:\Users\Ala\AppData\Local\Temp\cchxkKbJ.s 			page 8


 164:main.c        ****         {
 165:main.c        ****             swCounter = 0;
 166:main.c        ****         }
 167:main.c        ****         else
 168:main.c        ****             {
 169:main.c        **** // Increment the counter if SW1 is pressed (Shorted to GND)
 170:main.c        ****                 swCounter++;
 224              		.loc 1 170 0
 225 0106 0134     		adds	r4, r4, #1
 226              	.LVL30:
 227 0108 E4B2     		uxtb	r4, r4
 163:main.c        ****         {
 228              		.loc 1 163 0
 229 010a 0028     		cmp	r0, #0
 230 010c 00D0     		beq	.L8
 165:main.c        ****         }
 231              		.loc 1 165 0
 232 010e 0024     		movs	r4, #0
 233              	.L8:
 234              	.LVL31:
 171:main.c        ****             }
 172:main.c        **** // Provide a 10 ms delay to make the counter approximately periodic every 10 ms
 173:main.c        ****         PSoC_LED_Write(~PSoC_LED_Read());
 235              		.loc 1 173 0
 236 0110 FFF7FEFF 		bl	PSoC_LED_Read
 237              	.LVL32:
 238 0114 C043     		mvns	r0, r0
 239 0116 C0B2     		uxtb	r0, r0
 240 0118 FFF7FEFF 		bl	PSoC_LED_Write
 241              	.LVL33:
 174:main.c        **** // Check if the software counter has passed 100 ==> Enter bootloader mode
 175:main.c        **** //        if(swCounter > 100)
 176:main.c        ****         if(swCounter > 3)
 242              		.loc 1 176 0
 243 011c 032C     		cmp	r4, #3
 244 011e 01D8     		bhi	.L12
 245              	.L9:
  48:main.c        ****  // TO BE REMOVED TO BE REMOVED
 246              		.loc 1 48 0
 247 0120 2F00     		movs	r7, r5
 248 0122 A4E7     		b	.L2
 249              	.L12:
 177:main.c        ****         {
 178:main.c        ****             Bootloadable_1_Load();
 250              		.loc 1 178 0
 251 0124 FFF7FEFF 		bl	Bootloadable_1_Load
 252              	.LVL34:
 253 0128 FAE7     		b	.L9
 254              	.L14:
 255 012a C046     		.align	2
 256              	.L13:
 257 012c 00000000 		.word	.LANCHOR0
 258 0130 00000000 		.word	.LANCHOR1
 259 0134 08040440 		.word	1074005000
 260 0138 3FFEFFFF 		.word	-449
 261 013c FFF1FFFF 		.word	-3585
 262 0140 00000000 		.word	PWR_OK_MODE_SHORT_ISR
ARM GAS  C:\Users\Ala\AppData\Local\Temp\cchxkKbJ.s 			page 9


 263 0144 00000000 		.word	MODE_LONG_ISR
 264 0148 00000000 		.word	PWR_OK_LONG_ISR
 265 014c 00000000 		.word	DATALINK_INTRRUPTHandler
 266 0150 00000000 		.word	DISPLAY_Timer_INTHandler
 267 0154 00000000 		.word	DATALINK_TABLE_COUNTER_MAX
 268 0158 00000000 		.word	SYSTEM_STATE
 269 015c 00000000 		.word	next_PSUstate
 270 0160 00000000 		.word	current_PSUstate
 271 0164 00000000 		.word	new_display_data_flag
 272 0168 00000000 		.word	new_display_data_buffer
 273 016c 00000000 		.word	new_disp_ctrl2
 274 0170 00000000 		.word	new_disp_ctrl1
 275              		.cfi_endproc
 276              	.LFE32:
 277              		.size	main, .-main
 278              		.comm	current_disp_ctrl2,1,1
 279              		.comm	current_disp_ctrl1,1,1
 280              		.comm	current_display_data_buffer,24,1
 281              		.comm	display_return,4,4
 282              		.global	Em_EEPROM_em_EepromStorage
 283              		.comm	FM_RADIO_STATION,1,1
 284              		.comm	dummyBuffer,28,1
 285              		.comm	current_PSUstate,5,1
 286              		.comm	next_PSUstate,5,1
 287              		.comm	new_disp_ctrl2,1,1
 288              		.comm	new_disp_ctrl1,1,1
 289              		.comm	new_display_data_buffer,24,1
 290              		.comm	new_display_data_flag,1,1
 291              		.comm	BT_Tx_STATE,1,1
 292              		.comm	DISPLAY_STATE,1,1
 293              		.comm	SYSTEM_STATE,1,1
 294              		.comm	eepromArray,3,1
 295              		.comm	array,3,1
 296              		.comm	DISPLAY_UPDATE,1,1
 297              		.comm	DATALINK_TABLE_COUNTER_MAX,1,1
 298              		.comm	DATALINK_TABLE_COUNTER,1,1
 299              		.comm	DATALINK_TABLE,64,1
 300              		.comm	PWR_OK_LONG_V,1,1
 301              		.comm	MODE_LONG_V,1,1
 302              		.comm	PWR_OK_SHORT_V,1,1
 303              		.comm	MODE_SHORT_V,1,1
 304              		.section	.rodata
 305              		.set	.LANCHOR0,. + 0
 306              	.LC0:
 307 0000 2E2E2E34 		.ascii	"...4....4....4....4....4\000"
 307      2E2E2E2E 
 307      342E2E2E 
 307      2E342E2E 
 307      2E2E342E 
 308              		.section	.cy_checksum_exclude,"a",%progbits
 309              		.align	7
 310              		.set	.LANCHOR1,. + 0
 311              		.type	Em_EEPROM_em_EepromStorage, %object
 312              		.size	Em_EEPROM_em_EepromStorage, 128
 313              	Em_EEPROM_em_EepromStorage:
 314 0000 00000000 		.space	128
 314      00000000 
ARM GAS  C:\Users\Ala\AppData\Local\Temp\cchxkKbJ.s 			page 10


 314      00000000 
 314      00000000 
 314      00000000 
 315              		.text
 316              	.Letext0:
 317              		.file 2 "c:\\program files (x86)\\cypress\\psoc creator\\4.3\\psoc creator\\import\\gnu\\arm\\5.4.
 318              		.file 3 "c:\\program files (x86)\\cypress\\psoc creator\\4.3\\psoc creator\\import\\gnu\\arm\\5.4.
 319              		.file 4 "Generated_Source\\PSoC4/cytypes.h"
 320              		.file 5 "./modes.h"
 321              		.file 6 "./inputs.h"
 322              		.file 7 "./spi_int.h"
 323              		.file 8 "./operate.h"
 324              		.file 9 "Generated_Source\\PSoC4/Em_EEPROM.h"
 325              		.file 10 "Generated_Source\\PSoC4/Timer_1.h"
 326              		.file 11 "Generated_Source\\PSoC4/Timer_2.h"
 327              		.file 12 "Generated_Source\\PSoC4/DATALINK_Timer.h"
 328              		.file 13 "Generated_Source\\PSoC4/DISPLAY_Timer.h"
 329              		.file 14 "Generated_Source\\PSoC4/PWR_OK_MODE_SHORT.h"
 330              		.file 15 "Generated_Source\\PSoC4/MODE_LONG.h"
 331              		.file 16 "Generated_Source\\PSoC4/PWR_OK_LONG.h"
 332              		.file 17 "Generated_Source\\PSoC4/DATALINK_INTRRUPT.h"
 333              		.file 18 "Generated_Source\\PSoC4/DISPLAY_Timer_INT.h"
 334              		.file 19 "Generated_Source\\PSoC4/UART.h"
 335              		.file 20 "Generated_Source\\PSoC4/SPIM.h"
 336              		.file 21 "c:\\program files (x86)\\cypress\\psoc creator\\4.3\\psoc creator\\import\\gnu\\arm\\5.4
 337              		.file 22 "Generated_Source\\PSoC4/CyLib.h"
 338              		.file 23 "Generated_Source\\PSoC4/Pin_1.h"
 339              		.file 24 "Generated_Source\\PSoC4/PSoC_LED.h"
 340              		.file 25 "Generated_Source\\PSoC4/Bootloadable_1.h"
 341              		.section	.debug_info,"",%progbits
 342              	.Ldebug_info0:
 343 0000 A0060000 		.4byte	0x6a0
 344 0004 0400     		.2byte	0x4
 345 0006 00000000 		.4byte	.Ldebug_abbrev0
 346 000a 04       		.byte	0x4
 347 000b 01       		.uleb128 0x1
 348 000c 9C040000 		.4byte	.LASF84
 349 0010 0C       		.byte	0xc
 350 0011 0B040000 		.4byte	.LASF85
 351 0015 E1020000 		.4byte	.LASF86
 352 0019 00000000 		.4byte	.Ldebug_ranges0+0
 353 001d 00000000 		.4byte	0
 354 0021 00000000 		.4byte	.Ldebug_line0
 355 0025 02       		.uleb128 0x2
 356 0026 01       		.byte	0x1
 357 0027 06       		.byte	0x6
 358 0028 A4020000 		.4byte	.LASF0
 359 002c 03       		.uleb128 0x3
 360 002d 95050000 		.4byte	.LASF5
 361 0031 02       		.byte	0x2
 362 0032 1D       		.byte	0x1d
 363 0033 37000000 		.4byte	0x37
 364 0037 02       		.uleb128 0x2
 365 0038 01       		.byte	0x1
 366 0039 08       		.byte	0x8
 367 003a 44020000 		.4byte	.LASF1
 368 003e 02       		.uleb128 0x2
ARM GAS  C:\Users\Ala\AppData\Local\Temp\cchxkKbJ.s 			page 11


 369 003f 02       		.byte	0x2
 370 0040 05       		.byte	0x5
 371 0041 4D000000 		.4byte	.LASF2
 372 0045 02       		.uleb128 0x2
 373 0046 02       		.byte	0x2
 374 0047 07       		.byte	0x7
 375 0048 66030000 		.4byte	.LASF3
 376 004c 02       		.uleb128 0x2
 377 004d 04       		.byte	0x4
 378 004e 05       		.byte	0x5
 379 004f BE010000 		.4byte	.LASF4
 380 0053 03       		.uleb128 0x3
 381 0054 90000000 		.4byte	.LASF6
 382 0058 02       		.byte	0x2
 383 0059 41       		.byte	0x41
 384 005a 5E000000 		.4byte	0x5e
 385 005e 02       		.uleb128 0x2
 386 005f 04       		.byte	0x4
 387 0060 07       		.byte	0x7
 388 0061 20040000 		.4byte	.LASF7
 389 0065 02       		.uleb128 0x2
 390 0066 08       		.byte	0x8
 391 0067 05       		.byte	0x5
 392 0068 66010000 		.4byte	.LASF8
 393 006c 02       		.uleb128 0x2
 394 006d 08       		.byte	0x8
 395 006e 07       		.byte	0x7
 396 006f B0020000 		.4byte	.LASF9
 397 0073 04       		.uleb128 0x4
 398 0074 04       		.byte	0x4
 399 0075 05       		.byte	0x5
 400 0076 696E7400 		.ascii	"int\000"
 401 007a 02       		.uleb128 0x2
 402 007b 04       		.byte	0x4
 403 007c 07       		.byte	0x7
 404 007d 0E030000 		.4byte	.LASF10
 405 0081 03       		.uleb128 0x3
 406 0082 E7000000 		.4byte	.LASF11
 407 0086 03       		.byte	0x3
 408 0087 18       		.byte	0x18
 409 0088 2C000000 		.4byte	0x2c
 410 008c 03       		.uleb128 0x3
 411 008d D8020000 		.4byte	.LASF12
 412 0091 03       		.byte	0x3
 413 0092 30       		.byte	0x30
 414 0093 53000000 		.4byte	0x53
 415 0097 05       		.uleb128 0x5
 416 0098 17010000 		.4byte	.LASF13
 417 009c 04       		.byte	0x4
 418 009d F701     		.2byte	0x1f7
 419 009f 37000000 		.4byte	0x37
 420 00a3 05       		.uleb128 0x5
 421 00a4 04040000 		.4byte	.LASF14
 422 00a8 04       		.byte	0x4
 423 00a9 F901     		.2byte	0x1f9
 424 00ab 5E000000 		.4byte	0x5e
 425 00af 02       		.uleb128 0x2
ARM GAS  C:\Users\Ala\AppData\Local\Temp\cchxkKbJ.s 			page 12


 426 00b0 04       		.byte	0x4
 427 00b1 04       		.byte	0x4
 428 00b2 47010000 		.4byte	.LASF15
 429 00b6 02       		.uleb128 0x2
 430 00b7 08       		.byte	0x8
 431 00b8 04       		.byte	0x4
 432 00b9 32040000 		.4byte	.LASF16
 433 00bd 02       		.uleb128 0x2
 434 00be 01       		.byte	0x1
 435 00bf 08       		.byte	0x8
 436 00c0 88030000 		.4byte	.LASF17
 437 00c4 05       		.uleb128 0x5
 438 00c5 3C030000 		.4byte	.LASF18
 439 00c9 04       		.byte	0x4
 440 00ca A302     		.2byte	0x2a3
 441 00cc D0000000 		.4byte	0xd0
 442 00d0 06       		.uleb128 0x6
 443 00d1 A3000000 		.4byte	0xa3
 444 00d5 02       		.uleb128 0x2
 445 00d6 08       		.byte	0x8
 446 00d7 04       		.byte	0x4
 447 00d8 00000000 		.4byte	.LASF19
 448 00dc 02       		.uleb128 0x2
 449 00dd 04       		.byte	0x4
 450 00de 07       		.byte	0x7
 451 00df 57000000 		.4byte	.LASF20
 452 00e3 07       		.uleb128 0x7
 453 00e4 2A050000 		.4byte	.LASF87
 454 00e8 05       		.byte	0x5
 455 00e9 05       		.byte	0x5
 456 00ea 2E       		.byte	0x2e
 457 00eb 2C010000 		.4byte	0x12c
 458 00ef 08       		.uleb128 0x8
 459 00f0 25020000 		.4byte	.LASF21
 460 00f4 05       		.byte	0x5
 461 00f5 2F       		.byte	0x2f
 462 00f6 97000000 		.4byte	0x97
 463 00fa 00       		.byte	0
 464 00fb 08       		.uleb128 0x8
 465 00fc 79030000 		.4byte	.LASF22
 466 0100 05       		.byte	0x5
 467 0101 30       		.byte	0x30
 468 0102 97000000 		.4byte	0x97
 469 0106 01       		.byte	0x1
 470 0107 08       		.uleb128 0x8
 471 0108 F2010000 		.4byte	.LASF23
 472 010c 05       		.byte	0x5
 473 010d 31       		.byte	0x31
 474 010e 97000000 		.4byte	0x97
 475 0112 02       		.byte	0x2
 476 0113 08       		.uleb128 0x8
 477 0114 CB000000 		.4byte	.LASF24
 478 0118 05       		.byte	0x5
 479 0119 32       		.byte	0x32
 480 011a 97000000 		.4byte	0x97
 481 011e 03       		.byte	0x3
 482 011f 08       		.uleb128 0x8
ARM GAS  C:\Users\Ala\AppData\Local\Temp\cchxkKbJ.s 			page 13


 483 0120 8D030000 		.4byte	.LASF25
 484 0124 05       		.byte	0x5
 485 0125 33       		.byte	0x33
 486 0126 97000000 		.4byte	0x97
 487 012a 04       		.byte	0x4
 488 012b 00       		.byte	0
 489 012c 03       		.uleb128 0x3
 490 012d 2A000000 		.4byte	.LASF26
 491 0131 05       		.byte	0x5
 492 0132 36       		.byte	0x36
 493 0133 E3000000 		.4byte	0xe3
 494 0137 09       		.uleb128 0x9
 495 0138 99030000 		.4byte	.LASF88
 496 013c 01       		.byte	0x1
 497 013d 2F       		.byte	0x2f
 498 013e 00000000 		.4byte	.LFB32
 499 0142 74010000 		.4byte	.LFE32-.LFB32
 500 0146 01       		.uleb128 0x1
 501 0147 9C       		.byte	0x9c
 502 0148 51030000 		.4byte	0x351
 503 014c 0A       		.uleb128 0xa
 504 014d 60000000 		.4byte	.LASF27
 505 0151 01       		.byte	0x1
 506 0152 32       		.byte	0x32
 507 0153 97000000 		.4byte	0x97
 508 0157 00000000 		.4byte	.LLST0
 509 015b 0A       		.uleb128 0xa
 510 015c E5010000 		.4byte	.LASF28
 511 0160 01       		.byte	0x1
 512 0161 35       		.byte	0x35
 513 0162 97000000 		.4byte	0x97
 514 0166 2A000000 		.4byte	.LLST1
 515 016a 0A       		.uleb128 0xa
 516 016b 3F010000 		.4byte	.LASF29
 517 016f 01       		.byte	0x1
 518 0170 36       		.byte	0x36
 519 0171 97000000 		.4byte	0x97
 520 0175 5F000000 		.4byte	.LLST2
 521 0179 0A       		.uleb128 0xa
 522 017a 84020000 		.4byte	.LASF30
 523 017e 01       		.byte	0x1
 524 017f 37       		.byte	0x37
 525 0180 97000000 		.4byte	0x97
 526 0184 73000000 		.4byte	.LLST3
 527 0188 0A       		.uleb128 0xa
 528 0189 B0030000 		.4byte	.LASF31
 529 018d 01       		.byte	0x1
 530 018e 3A       		.byte	0x3a
 531 018f A3000000 		.4byte	0xa3
 532 0193 92000000 		.4byte	.LLST4
 533 0197 0B       		.uleb128 0xb
 534 0198 8E010000 		.4byte	.LASF32
 535 019c 01       		.byte	0x1
 536 019d 3B       		.byte	0x3b
 537 019e 51030000 		.4byte	0x351
 538 01a2 02       		.uleb128 0x2
 539 01a3 91       		.byte	0x91
ARM GAS  C:\Users\Ala\AppData\Local\Temp\cchxkKbJ.s 			page 14


 540 01a4 50       		.sleb128 -48
 541 01a5 0A       		.uleb128 0xa
 542 01a6 FF010000 		.4byte	.LASF33
 543 01aa 01       		.byte	0x1
 544 01ab 3C       		.byte	0x3c
 545 01ac 97000000 		.4byte	0x97
 546 01b0 A6000000 		.4byte	.LLST5
 547 01b4 0A       		.uleb128 0xa
 548 01b5 12020000 		.4byte	.LASF34
 549 01b9 01       		.byte	0x1
 550 01ba 3D       		.byte	0x3d
 551 01bb 97000000 		.4byte	0x97
 552 01bf C9000000 		.4byte	.LLST6
 553 01c3 0C       		.uleb128 0xc
 554 01c4 0E000000 		.4byte	.LVL1
 555 01c8 6F050000 		.4byte	0x56f
 556 01cc E5010000 		.4byte	0x1e5
 557 01d0 0D       		.uleb128 0xd
 558 01d1 01       		.uleb128 0x1
 559 01d2 50       		.byte	0x50
 560 01d3 02       		.uleb128 0x2
 561 01d4 91       		.byte	0x91
 562 01d5 50       		.sleb128 -48
 563 01d6 0D       		.uleb128 0xd
 564 01d7 01       		.uleb128 0x1
 565 01d8 51       		.byte	0x51
 566 01d9 05       		.uleb128 0x5
 567 01da 03       		.byte	0x3
 568 01db 00000000 		.4byte	.LANCHOR0
 569 01df 0D       		.uleb128 0xd
 570 01e0 01       		.uleb128 0x1
 571 01e1 52       		.byte	0x52
 572 01e2 01       		.uleb128 0x1
 573 01e3 48       		.byte	0x48
 574 01e4 00       		.byte	0
 575 01e5 0C       		.uleb128 0xc
 576 01e6 14000000 		.4byte	.LVL2
 577 01ea 78050000 		.4byte	0x578
 578 01ee FC010000 		.4byte	0x1fc
 579 01f2 0D       		.uleb128 0xd
 580 01f3 01       		.uleb128 0x1
 581 01f4 50       		.byte	0x50
 582 01f5 05       		.uleb128 0x5
 583 01f6 03       		.byte	0x3
 584 01f7 00000000 		.4byte	.LANCHOR1
 585 01fb 00       		.byte	0
 586 01fc 0E       		.uleb128 0xe
 587 01fd 34000000 		.4byte	.LVL3
 588 0201 83050000 		.4byte	0x583
 589 0205 0E       		.uleb128 0xe
 590 0206 38000000 		.4byte	.LVL4
 591 020a 8F050000 		.4byte	0x58f
 592 020e 0E       		.uleb128 0xe
 593 020f 3C000000 		.4byte	.LVL5
 594 0213 9B050000 		.4byte	0x59b
 595 0217 0E       		.uleb128 0xe
 596 0218 40000000 		.4byte	.LVL6
ARM GAS  C:\Users\Ala\AppData\Local\Temp\cchxkKbJ.s 			page 15


 597 021c A6050000 		.4byte	0x5a6
 598 0220 0E       		.uleb128 0xe
 599 0221 46000000 		.4byte	.LVL7
 600 0225 B1050000 		.4byte	0x5b1
 601 0229 0E       		.uleb128 0xe
 602 022a 4C000000 		.4byte	.LVL8
 603 022e BC050000 		.4byte	0x5bc
 604 0232 0E       		.uleb128 0xe
 605 0233 52000000 		.4byte	.LVL9
 606 0237 C7050000 		.4byte	0x5c7
 607 023b 0E       		.uleb128 0xe
 608 023c 58000000 		.4byte	.LVL10
 609 0240 D2050000 		.4byte	0x5d2
 610 0244 0E       		.uleb128 0xe
 611 0245 5E000000 		.4byte	.LVL11
 612 0249 DD050000 		.4byte	0x5dd
 613 024d 0E       		.uleb128 0xe
 614 024e 64000000 		.4byte	.LVL12
 615 0252 E8050000 		.4byte	0x5e8
 616 0256 0E       		.uleb128 0xe
 617 0257 6A000000 		.4byte	.LVL13
 618 025b F3050000 		.4byte	0x5f3
 619 025f 0E       		.uleb128 0xe
 620 0260 72000000 		.4byte	.LVL15
 621 0264 FE050000 		.4byte	0x5fe
 622 0268 0E       		.uleb128 0xe
 623 0269 7E000000 		.4byte	.LVL16
 624 026d 09060000 		.4byte	0x609
 625 0271 0E       		.uleb128 0xe
 626 0272 8C000000 		.4byte	.LVL17
 627 0276 14060000 		.4byte	0x614
 628 027a 0E       		.uleb128 0xe
 629 027b 98000000 		.4byte	.LVL18
 630 027f 1F060000 		.4byte	0x61f
 631 0283 0C       		.uleb128 0xc
 632 0284 A2000000 		.4byte	.LVL21
 633 0288 2A060000 		.4byte	0x62a
 634 028c 9B020000 		.4byte	0x29b
 635 0290 0D       		.uleb128 0xd
 636 0291 01       		.uleb128 0x1
 637 0292 50       		.byte	0x50
 638 0293 01       		.uleb128 0x1
 639 0294 30       		.byte	0x30
 640 0295 0D       		.uleb128 0xd
 641 0296 01       		.uleb128 0x1
 642 0297 51       		.byte	0x51
 643 0298 01       		.uleb128 0x1
 644 0299 30       		.byte	0x30
 645 029a 00       		.byte	0
 646 029b 0C       		.uleb128 0xc
 647 029c C8000000 		.4byte	.LVL22
 648 02a0 35060000 		.4byte	0x635
 649 02a4 B4020000 		.4byte	0x2b4
 650 02a8 0D       		.uleb128 0xd
 651 02a9 01       		.uleb128 0x1
 652 02aa 50       		.byte	0x50
 653 02ab 02       		.uleb128 0x2
ARM GAS  C:\Users\Ala\AppData\Local\Temp\cchxkKbJ.s 			page 16


 654 02ac 7D       		.byte	0x7d
 655 02ad 00       		.sleb128 0
 656 02ae 0D       		.uleb128 0xd
 657 02af 01       		.uleb128 0x1
 658 02b0 51       		.byte	0x51
 659 02b1 01       		.uleb128 0x1
 660 02b2 31       		.byte	0x31
 661 02b3 00       		.byte	0
 662 02b4 0C       		.uleb128 0xc
 663 02b5 D2000000 		.4byte	.LVL23
 664 02b9 6F050000 		.4byte	0x56f
 665 02bd D6020000 		.4byte	0x2d6
 666 02c1 0D       		.uleb128 0xd
 667 02c2 01       		.uleb128 0x1
 668 02c3 50       		.byte	0x50
 669 02c4 05       		.uleb128 0x5
 670 02c5 03       		.byte	0x3
 671 02c6 00000000 		.4byte	current_PSUstate
 672 02ca 0D       		.uleb128 0xd
 673 02cb 01       		.uleb128 0x1
 674 02cc 51       		.byte	0x51
 675 02cd 02       		.uleb128 0x2
 676 02ce 7D       		.byte	0x7d
 677 02cf 00       		.sleb128 0
 678 02d0 0D       		.uleb128 0xd
 679 02d1 01       		.uleb128 0x1
 680 02d2 52       		.byte	0x52
 681 02d3 01       		.uleb128 0x1
 682 02d4 35       		.byte	0x35
 683 02d5 00       		.byte	0
 684 02d6 0E       		.uleb128 0xe
 685 02d7 D6000000 		.4byte	.LVL24
 686 02db 40060000 		.4byte	0x640
 687 02df 0C       		.uleb128 0xc
 688 02e0 E6000000 		.4byte	.LVL25
 689 02e4 4B060000 		.4byte	0x64b
 690 02e8 FC020000 		.4byte	0x2fc
 691 02ec 0D       		.uleb128 0xd
 692 02ed 01       		.uleb128 0x1
 693 02ee 50       		.byte	0x50
 694 02ef 02       		.uleb128 0x2
 695 02f0 91       		.byte	0x91
 696 02f1 50       		.sleb128 -48
 697 02f2 0D       		.uleb128 0xd
 698 02f3 01       		.uleb128 0x1
 699 02f4 51       		.byte	0x51
 700 02f5 05       		.uleb128 0x5
 701 02f6 03       		.byte	0x3
 702 02f7 00000000 		.4byte	new_display_data_buffer
 703 02fb 00       		.byte	0
 704 02fc 0C       		.uleb128 0xc
 705 02fd F4000000 		.4byte	.LVL26
 706 0301 56060000 		.4byte	0x656
 707 0305 10030000 		.4byte	0x310
 708 0309 0D       		.uleb128 0xd
 709 030a 01       		.uleb128 0x1
 710 030b 50       		.byte	0x50
ARM GAS  C:\Users\Ala\AppData\Local\Temp\cchxkKbJ.s 			page 17


 711 030c 02       		.uleb128 0x2
 712 030d 91       		.byte	0x91
 713 030e 50       		.sleb128 -48
 714 030f 00       		.byte	0
 715 0310 0C       		.uleb128 0xc
 716 0311 FA000000 		.4byte	.LVL27
 717 0315 61060000 		.4byte	0x661
 718 0319 23030000 		.4byte	0x323
 719 031d 0D       		.uleb128 0xd
 720 031e 01       		.uleb128 0x1
 721 031f 50       		.byte	0x50
 722 0320 01       		.uleb128 0x1
 723 0321 34       		.byte	0x34
 724 0322 00       		.byte	0
 725 0323 0E       		.uleb128 0xe
 726 0324 FE000000 		.4byte	.LVL28
 727 0328 6C060000 		.4byte	0x66c
 728 032c 0E       		.uleb128 0xe
 729 032d 06010000 		.4byte	.LVL29
 730 0331 77060000 		.4byte	0x677
 731 0335 0E       		.uleb128 0xe
 732 0336 14010000 		.4byte	.LVL32
 733 033a 82060000 		.4byte	0x682
 734 033e 0E       		.uleb128 0xe
 735 033f 1C010000 		.4byte	.LVL33
 736 0343 8D060000 		.4byte	0x68d
 737 0347 0E       		.uleb128 0xe
 738 0348 28010000 		.4byte	.LVL34
 739 034c 98060000 		.4byte	0x698
 740 0350 00       		.byte	0
 741 0351 0F       		.uleb128 0xf
 742 0352 97000000 		.4byte	0x97
 743 0356 61030000 		.4byte	0x361
 744 035a 10       		.uleb128 0x10
 745 035b DC000000 		.4byte	0xdc
 746 035f 17       		.byte	0x17
 747 0360 00       		.byte	0
 748 0361 0F       		.uleb128 0xf
 749 0362 71030000 		.4byte	0x371
 750 0366 71030000 		.4byte	0x371
 751 036a 10       		.uleb128 0x10
 752 036b DC000000 		.4byte	0xdc
 753 036f 7F       		.byte	0x7f
 754 0370 00       		.byte	0
 755 0371 11       		.uleb128 0x11
 756 0372 81000000 		.4byte	0x81
 757 0376 12       		.uleb128 0x12
 758 0377 E9030000 		.4byte	.LASF35
 759 037b 01       		.byte	0x1
 760 037c 24       		.byte	0x24
 761 037d 87030000 		.4byte	0x387
 762 0381 05       		.uleb128 0x5
 763 0382 03       		.byte	0x3
 764 0383 00000000 		.4byte	Em_EEPROM_em_EepromStorage
 765 0387 11       		.uleb128 0x11
 766 0388 61030000 		.4byte	0x361
 767 038c 12       		.uleb128 0x12
ARM GAS  C:\Users\Ala\AppData\Local\Temp\cchxkKbJ.s 			page 18


 768 038d DC030000 		.4byte	.LASF36
 769 0391 06       		.byte	0x6
 770 0392 15       		.byte	0x15
 771 0393 97000000 		.4byte	0x97
 772 0397 05       		.uleb128 0x5
 773 0398 03       		.byte	0x3
 774 0399 00000000 		.4byte	MODE_SHORT_V
 775 039d 12       		.uleb128 0x12
 776 039e 7F010000 		.4byte	.LASF37
 777 03a2 06       		.byte	0x6
 778 03a3 16       		.byte	0x16
 779 03a4 97000000 		.4byte	0x97
 780 03a8 05       		.uleb128 0x5
 781 03a9 03       		.byte	0x3
 782 03aa 00000000 		.4byte	PWR_OK_SHORT_V
 783 03ae 12       		.uleb128 0x12
 784 03af 0C000000 		.4byte	.LASF38
 785 03b3 06       		.byte	0x6
 786 03b4 17       		.byte	0x17
 787 03b5 97000000 		.4byte	0x97
 788 03b9 05       		.uleb128 0x5
 789 03ba 03       		.byte	0x3
 790 03bb 00000000 		.4byte	MODE_LONG_V
 791 03bf 12       		.uleb128 0x12
 792 03c0 12040000 		.4byte	.LASF39
 793 03c4 06       		.byte	0x6
 794 03c5 18       		.byte	0x18
 795 03c6 97000000 		.4byte	0x97
 796 03ca 05       		.uleb128 0x5
 797 03cb 03       		.byte	0x3
 798 03cc 00000000 		.4byte	PWR_OK_LONG_V
 799 03d0 0F       		.uleb128 0xf
 800 03d1 97000000 		.4byte	0x97
 801 03d5 E0030000 		.4byte	0x3e0
 802 03d9 10       		.uleb128 0x10
 803 03da DC000000 		.4byte	0xdc
 804 03de 3F       		.byte	0x3f
 805 03df 00       		.byte	0
 806 03e0 12       		.uleb128 0x12
 807 03e1 8D040000 		.4byte	.LASF40
 808 03e5 06       		.byte	0x6
 809 03e6 1A       		.byte	0x1a
 810 03e7 D0030000 		.4byte	0x3d0
 811 03eb 05       		.uleb128 0x5
 812 03ec 03       		.byte	0x3
 813 03ed 00000000 		.4byte	DATALINK_TABLE
 814 03f1 12       		.uleb128 0x12
 815 03f2 2D020000 		.4byte	.LASF41
 816 03f6 06       		.byte	0x6
 817 03f7 1B       		.byte	0x1b
 818 03f8 97000000 		.4byte	0x97
 819 03fc 05       		.uleb128 0x5
 820 03fd 03       		.byte	0x3
 821 03fe 00000000 		.4byte	DATALINK_TABLE_COUNTER
 822 0402 12       		.uleb128 0x12
 823 0403 69020000 		.4byte	.LASF42
 824 0407 06       		.byte	0x6
ARM GAS  C:\Users\Ala\AppData\Local\Temp\cchxkKbJ.s 			page 19


 825 0408 1C       		.byte	0x1c
 826 0409 97000000 		.4byte	0x97
 827 040d 05       		.uleb128 0x5
 828 040e 03       		.byte	0x3
 829 040f 00000000 		.4byte	DATALINK_TABLE_COUNTER_MAX
 830 0413 12       		.uleb128 0x12
 831 0414 1B030000 		.4byte	.LASF43
 832 0418 06       		.byte	0x6
 833 0419 1D       		.byte	0x1d
 834 041a 97000000 		.4byte	0x97
 835 041e 05       		.uleb128 0x5
 836 041f 03       		.byte	0x3
 837 0420 00000000 		.4byte	DISPLAY_UPDATE
 838 0424 0F       		.uleb128 0xf
 839 0425 97000000 		.4byte	0x97
 840 0429 34040000 		.4byte	0x434
 841 042d 10       		.uleb128 0x10
 842 042e DC000000 		.4byte	0xdc
 843 0432 02       		.byte	0x2
 844 0433 00       		.byte	0
 845 0434 12       		.uleb128 0x12
 846 0435 46040000 		.4byte	.LASF44
 847 0439 05       		.byte	0x5
 848 043a 1E       		.byte	0x1e
 849 043b 24040000 		.4byte	0x424
 850 043f 05       		.uleb128 0x5
 851 0440 03       		.byte	0x3
 852 0441 00000000 		.4byte	array
 853 0445 12       		.uleb128 0x12
 854 0446 84000000 		.4byte	.LASF45
 855 044a 05       		.byte	0x5
 856 044b 1F       		.byte	0x1f
 857 044c 24040000 		.4byte	0x424
 858 0450 05       		.uleb128 0x5
 859 0451 03       		.byte	0x3
 860 0452 00000000 		.4byte	eepromArray
 861 0456 12       		.uleb128 0x12
 862 0457 39040000 		.4byte	.LASF46
 863 045b 05       		.byte	0x5
 864 045c 22       		.byte	0x22
 865 045d 97000000 		.4byte	0x97
 866 0461 05       		.uleb128 0x5
 867 0462 03       		.byte	0x3
 868 0463 00000000 		.4byte	SYSTEM_STATE
 869 0467 12       		.uleb128 0x12
 870 0468 76000000 		.4byte	.LASF47
 871 046c 05       		.byte	0x5
 872 046d 23       		.byte	0x23
 873 046e 97000000 		.4byte	0x97
 874 0472 05       		.uleb128 0x5
 875 0473 03       		.byte	0x3
 876 0474 00000000 		.4byte	DISPLAY_STATE
 877 0478 12       		.uleb128 0x12
 878 0479 52020000 		.4byte	.LASF48
 879 047d 05       		.byte	0x5
 880 047e 24       		.byte	0x24
 881 047f 97000000 		.4byte	0x97
ARM GAS  C:\Users\Ala\AppData\Local\Temp\cchxkKbJ.s 			page 20


 882 0483 05       		.uleb128 0x5
 883 0484 03       		.byte	0x3
 884 0485 00000000 		.4byte	BT_Tx_STATE
 885 0489 12       		.uleb128 0x12
 886 048a 6E050000 		.4byte	.LASF49
 887 048e 05       		.byte	0x5
 888 048f 27       		.byte	0x27
 889 0490 97000000 		.4byte	0x97
 890 0494 05       		.uleb128 0x5
 891 0495 03       		.byte	0x3
 892 0496 00000000 		.4byte	new_display_data_flag
 893 049a 12       		.uleb128 0x12
 894 049b 3D050000 		.4byte	.LASF50
 895 049f 05       		.byte	0x5
 896 04a0 29       		.byte	0x29
 897 04a1 51030000 		.4byte	0x351
 898 04a5 05       		.uleb128 0x5
 899 04a6 03       		.byte	0x3
 900 04a7 00000000 		.4byte	new_display_data_buffer
 901 04ab 12       		.uleb128 0x12
 902 04ac 7E040000 		.4byte	.LASF51
 903 04b0 05       		.byte	0x5
 904 04b1 2A       		.byte	0x2a
 905 04b2 97000000 		.4byte	0x97
 906 04b6 05       		.uleb128 0x5
 907 04b7 03       		.byte	0x3
 908 04b8 00000000 		.4byte	new_disp_ctrl1
 909 04bc 12       		.uleb128 0x12
 910 04bd 57030000 		.4byte	.LASF52
 911 04c1 05       		.byte	0x5
 912 04c2 2B       		.byte	0x2b
 913 04c3 97000000 		.4byte	0x97
 914 04c7 05       		.uleb128 0x5
 915 04c8 03       		.byte	0x3
 916 04c9 00000000 		.4byte	new_disp_ctrl2
 917 04cd 12       		.uleb128 0x12
 918 04ce 4D010000 		.4byte	.LASF53
 919 04d2 05       		.byte	0x5
 920 04d3 38       		.byte	0x38
 921 04d4 2C010000 		.4byte	0x12c
 922 04d8 05       		.uleb128 0x5
 923 04d9 03       		.byte	0x3
 924 04da 00000000 		.4byte	next_PSUstate
 925 04de 12       		.uleb128 0x12
 926 04df 84050000 		.4byte	.LASF54
 927 04e3 05       		.byte	0x5
 928 04e4 38       		.byte	0x38
 929 04e5 2C010000 		.4byte	0x12c
 930 04e9 05       		.uleb128 0x5
 931 04ea 03       		.byte	0x3
 932 04eb 00000000 		.4byte	current_PSUstate
 933 04ef 0F       		.uleb128 0xf
 934 04f0 FF040000 		.4byte	0x4ff
 935 04f4 FF040000 		.4byte	0x4ff
 936 04f8 10       		.uleb128 0x10
 937 04f9 DC000000 		.4byte	0xdc
 938 04fd 1B       		.byte	0x1b
ARM GAS  C:\Users\Ala\AppData\Local\Temp\cchxkKbJ.s 			page 21


 939 04fe 00       		.byte	0
 940 04ff 11       		.uleb128 0x11
 941 0500 97000000 		.4byte	0x97
 942 0504 12       		.uleb128 0x12
 943 0505 6A000000 		.4byte	.LASF55
 944 0509 07       		.byte	0x7
 945 050a 31       		.byte	0x31
 946 050b 15050000 		.4byte	0x515
 947 050f 05       		.uleb128 0x5
 948 0510 03       		.byte	0x3
 949 0511 00000000 		.4byte	dummyBuffer
 950 0515 11       		.uleb128 0x11
 951 0516 EF040000 		.4byte	0x4ef
 952 051a 12       		.uleb128 0x12
 953 051b C7020000 		.4byte	.LASF56
 954 051f 08       		.byte	0x8
 955 0520 13       		.byte	0x13
 956 0521 97000000 		.4byte	0x97
 957 0525 05       		.uleb128 0x5
 958 0526 03       		.byte	0x3
 959 0527 00000000 		.4byte	FM_RADIO_STATION
 960 052b 12       		.uleb128 0x12
 961 052c B0030000 		.4byte	.LASF31
 962 0530 01       		.byte	0x1
 963 0531 2A       		.byte	0x2a
 964 0532 A3000000 		.4byte	0xa3
 965 0536 05       		.uleb128 0x5
 966 0537 03       		.byte	0x3
 967 0538 00000000 		.4byte	display_return
 968 053c 12       		.uleb128 0x12
 969 053d 8E010000 		.4byte	.LASF32
 970 0541 01       		.byte	0x1
 971 0542 2B       		.byte	0x2b
 972 0543 51030000 		.4byte	0x351
 973 0547 05       		.uleb128 0x5
 974 0548 03       		.byte	0x3
 975 0549 00000000 		.4byte	current_display_data_buffer
 976 054d 12       		.uleb128 0x12
 977 054e FF010000 		.4byte	.LASF33
 978 0552 01       		.byte	0x1
 979 0553 2C       		.byte	0x2c
 980 0554 97000000 		.4byte	0x97
 981 0558 05       		.uleb128 0x5
 982 0559 03       		.byte	0x3
 983 055a 00000000 		.4byte	current_disp_ctrl1
 984 055e 12       		.uleb128 0x12
 985 055f 12020000 		.4byte	.LASF34
 986 0563 01       		.byte	0x1
 987 0564 2D       		.byte	0x2d
 988 0565 97000000 		.4byte	0x97
 989 0569 05       		.uleb128 0x5
 990 056a 03       		.byte	0x3
 991 056b 00000000 		.4byte	current_disp_ctrl2
 992 056f 13       		.uleb128 0x13
 993 0570 C4000000 		.4byte	.LASF89
 994 0574 C4000000 		.4byte	.LASF89
 995 0578 14       		.uleb128 0x14
ARM GAS  C:\Users\Ala\AppData\Local\Temp\cchxkKbJ.s 			page 22


 996 0579 60040000 		.4byte	.LASF57
 997 057d 60040000 		.4byte	.LASF57
 998 0581 09       		.byte	0x9
 999 0582 31       		.byte	0x31
 1000 0583 15       		.uleb128 0x15
 1001 0584 CE030000 		.4byte	.LASF58
 1002 0588 CE030000 		.4byte	.LASF58
 1003 058c 0A       		.byte	0xa
 1004 058d 3201     		.2byte	0x132
 1005 058f 15       		.uleb128 0x15
 1006 0590 09010000 		.4byte	.LASF59
 1007 0594 09010000 		.4byte	.LASF59
 1008 0598 0B       		.byte	0xb
 1009 0599 3201     		.2byte	0x132
 1010 059b 14       		.uleb128 0x14
 1011 059c 42030000 		.4byte	.LASF60
 1012 05a0 42030000 		.4byte	.LASF60
 1013 05a4 0C       		.byte	0xc
 1014 05a5 5A       		.byte	0x5a
 1015 05a6 14       		.uleb128 0x14
 1016 05a7 AA010000 		.4byte	.LASF61
 1017 05ab AA010000 		.4byte	.LASF61
 1018 05af 0D       		.byte	0xd
 1019 05b0 5A       		.byte	0x5a
 1020 05b1 14       		.uleb128 0x14
 1021 05b2 9B000000 		.4byte	.LASF62
 1022 05b6 9B000000 		.4byte	.LASF62
 1023 05ba 0E       		.byte	0xe
 1024 05bb 18       		.byte	0x18
 1025 05bc 14       		.uleb128 0x14
 1026 05bd 18000000 		.4byte	.LASF63
 1027 05c1 18000000 		.4byte	.LASF63
 1028 05c5 0F       		.byte	0xf
 1029 05c6 18       		.byte	0x18
 1030 05c7 14       		.uleb128 0x14
 1031 05c8 4C040000 		.4byte	.LASF64
 1032 05cc 4C040000 		.4byte	.LASF64
 1033 05d0 10       		.byte	0x10
 1034 05d1 18       		.byte	0x18
 1035 05d2 14       		.uleb128 0x14
 1036 05d3 33000000 		.4byte	.LASF65
 1037 05d7 33000000 		.4byte	.LASF65
 1038 05db 11       		.byte	0x11
 1039 05dc 18       		.byte	0x18
 1040 05dd 14       		.uleb128 0x14
 1041 05de EF000000 		.4byte	.LASF66
 1042 05e2 EF000000 		.4byte	.LASF66
 1043 05e6 12       		.byte	0x12
 1044 05e7 18       		.byte	0x18
 1045 05e8 14       		.uleb128 0x14
 1046 05e9 9E030000 		.4byte	.LASF67
 1047 05ed 9E030000 		.4byte	.LASF67
 1048 05f1 13       		.byte	0x13
 1049 05f2 72       		.byte	0x72
 1050 05f3 14       		.uleb128 0x14
 1051 05f4 74010000 		.4byte	.LASF68
 1052 05f8 74010000 		.4byte	.LASF68
ARM GAS  C:\Users\Ala\AppData\Local\Temp\cchxkKbJ.s 			page 23


 1053 05fc 14       		.byte	0x14
 1054 05fd 72       		.byte	0x72
 1055 05fe 14       		.uleb128 0x14
 1056 05ff 1D010000 		.4byte	.LASF69
 1057 0603 1D010000 		.4byte	.LASF69
 1058 0607 05       		.byte	0x5
 1059 0608 49       		.byte	0x49
 1060 0609 14       		.uleb128 0x14
 1061 060a 5D050000 		.4byte	.LASF70
 1062 060e 5D050000 		.4byte	.LASF70
 1063 0612 05       		.byte	0x5
 1064 0613 C7       		.byte	0xc7
 1065 0614 14       		.uleb128 0x14
 1066 0615 BF030000 		.4byte	.LASF71
 1067 0619 BF030000 		.4byte	.LASF71
 1068 061d 08       		.byte	0x8
 1069 061e 8A       		.byte	0x8a
 1070 061f 14       		.uleb128 0x14
 1071 0620 6F040000 		.4byte	.LASF72
 1072 0624 6F040000 		.4byte	.LASF72
 1073 0628 08       		.byte	0x8
 1074 0629 32       		.byte	0x32
 1075 062a 14       		.uleb128 0x14
 1076 062b C7010000 		.4byte	.LASF73
 1077 062f C7010000 		.4byte	.LASF73
 1078 0633 05       		.byte	0x5
 1079 0634 70       		.byte	0x70
 1080 0635 14       		.uleb128 0x14
 1081 0636 5E020000 		.4byte	.LASF74
 1082 063a 5E020000 		.4byte	.LASF74
 1083 063e 05       		.byte	0x5
 1084 063f 89       		.byte	0x89
 1085 0640 14       		.uleb128 0x14
 1086 0641 B5000000 		.4byte	.LASF75
 1087 0645 B5000000 		.4byte	.LASF75
 1088 0649 08       		.byte	0x8
 1089 064a 50       		.byte	0x50
 1090 064b 14       		.uleb128 0x14
 1091 064c A9030000 		.4byte	.LASF76
 1092 0650 A9030000 		.4byte	.LASF76
 1093 0654 15       		.byte	0x15
 1094 0655 1E       		.byte	0x1e
 1095 0656 14       		.uleb128 0x14
 1096 0657 D2010000 		.4byte	.LASF77
 1097 065b D2010000 		.4byte	.LASF77
 1098 065f 07       		.byte	0x7
 1099 0660 44       		.byte	0x44
 1100 0661 14       		.uleb128 0x14
 1101 0662 55050000 		.4byte	.LASF78
 1102 0666 55050000 		.4byte	.LASF78
 1103 066a 16       		.byte	0x16
 1104 066b EC       		.byte	0xec
 1105 066c 14       		.uleb128 0x14
 1106 066d 2A030000 		.4byte	.LASF79
 1107 0671 2A030000 		.4byte	.LASF79
 1108 0675 07       		.byte	0x7
 1109 0676 57       		.byte	0x57
ARM GAS  C:\Users\Ala\AppData\Local\Temp\cchxkKbJ.s 			page 24


 1110 0677 14       		.uleb128 0x14
 1111 0678 5B010000 		.4byte	.LASF80
 1112 067c 5B010000 		.4byte	.LASF80
 1113 0680 17       		.byte	0x17
 1114 0681 32       		.byte	0x32
 1115 0682 14       		.uleb128 0x14
 1116 0683 D9000000 		.4byte	.LASF81
 1117 0687 D9000000 		.4byte	.LASF81
 1118 068b 18       		.byte	0x18
 1119 068c 32       		.byte	0x32
 1120 068d 14       		.uleb128 0x14
 1121 068e 95020000 		.4byte	.LASF82
 1122 0692 95020000 		.4byte	.LASF82
 1123 0696 18       		.byte	0x18
 1124 0697 33       		.byte	0x33
 1125 0698 14       		.uleb128 0x14
 1126 0699 2B010000 		.4byte	.LASF83
 1127 069d 2B010000 		.4byte	.LASF83
 1128 06a1 19       		.byte	0x19
 1129 06a2 59       		.byte	0x59
 1130 06a3 00       		.byte	0
 1131              		.section	.debug_abbrev,"",%progbits
 1132              	.Ldebug_abbrev0:
 1133 0000 01       		.uleb128 0x1
 1134 0001 11       		.uleb128 0x11
 1135 0002 01       		.byte	0x1
 1136 0003 25       		.uleb128 0x25
 1137 0004 0E       		.uleb128 0xe
 1138 0005 13       		.uleb128 0x13
 1139 0006 0B       		.uleb128 0xb
 1140 0007 03       		.uleb128 0x3
 1141 0008 0E       		.uleb128 0xe
 1142 0009 1B       		.uleb128 0x1b
 1143 000a 0E       		.uleb128 0xe
 1144 000b 55       		.uleb128 0x55
 1145 000c 17       		.uleb128 0x17
 1146 000d 11       		.uleb128 0x11
 1147 000e 01       		.uleb128 0x1
 1148 000f 10       		.uleb128 0x10
 1149 0010 17       		.uleb128 0x17
 1150 0011 00       		.byte	0
 1151 0012 00       		.byte	0
 1152 0013 02       		.uleb128 0x2
 1153 0014 24       		.uleb128 0x24
 1154 0015 00       		.byte	0
 1155 0016 0B       		.uleb128 0xb
 1156 0017 0B       		.uleb128 0xb
 1157 0018 3E       		.uleb128 0x3e
 1158 0019 0B       		.uleb128 0xb
 1159 001a 03       		.uleb128 0x3
 1160 001b 0E       		.uleb128 0xe
 1161 001c 00       		.byte	0
 1162 001d 00       		.byte	0
 1163 001e 03       		.uleb128 0x3
 1164 001f 16       		.uleb128 0x16
 1165 0020 00       		.byte	0
 1166 0021 03       		.uleb128 0x3
ARM GAS  C:\Users\Ala\AppData\Local\Temp\cchxkKbJ.s 			page 25


 1167 0022 0E       		.uleb128 0xe
 1168 0023 3A       		.uleb128 0x3a
 1169 0024 0B       		.uleb128 0xb
 1170 0025 3B       		.uleb128 0x3b
 1171 0026 0B       		.uleb128 0xb
 1172 0027 49       		.uleb128 0x49
 1173 0028 13       		.uleb128 0x13
 1174 0029 00       		.byte	0
 1175 002a 00       		.byte	0
 1176 002b 04       		.uleb128 0x4
 1177 002c 24       		.uleb128 0x24
 1178 002d 00       		.byte	0
 1179 002e 0B       		.uleb128 0xb
 1180 002f 0B       		.uleb128 0xb
 1181 0030 3E       		.uleb128 0x3e
 1182 0031 0B       		.uleb128 0xb
 1183 0032 03       		.uleb128 0x3
 1184 0033 08       		.uleb128 0x8
 1185 0034 00       		.byte	0
 1186 0035 00       		.byte	0
 1187 0036 05       		.uleb128 0x5
 1188 0037 16       		.uleb128 0x16
 1189 0038 00       		.byte	0
 1190 0039 03       		.uleb128 0x3
 1191 003a 0E       		.uleb128 0xe
 1192 003b 3A       		.uleb128 0x3a
 1193 003c 0B       		.uleb128 0xb
 1194 003d 3B       		.uleb128 0x3b
 1195 003e 05       		.uleb128 0x5
 1196 003f 49       		.uleb128 0x49
 1197 0040 13       		.uleb128 0x13
 1198 0041 00       		.byte	0
 1199 0042 00       		.byte	0
 1200 0043 06       		.uleb128 0x6
 1201 0044 35       		.uleb128 0x35
 1202 0045 00       		.byte	0
 1203 0046 49       		.uleb128 0x49
 1204 0047 13       		.uleb128 0x13
 1205 0048 00       		.byte	0
 1206 0049 00       		.byte	0
 1207 004a 07       		.uleb128 0x7
 1208 004b 13       		.uleb128 0x13
 1209 004c 01       		.byte	0x1
 1210 004d 03       		.uleb128 0x3
 1211 004e 0E       		.uleb128 0xe
 1212 004f 0B       		.uleb128 0xb
 1213 0050 0B       		.uleb128 0xb
 1214 0051 3A       		.uleb128 0x3a
 1215 0052 0B       		.uleb128 0xb
 1216 0053 3B       		.uleb128 0x3b
 1217 0054 0B       		.uleb128 0xb
 1218 0055 01       		.uleb128 0x1
 1219 0056 13       		.uleb128 0x13
 1220 0057 00       		.byte	0
 1221 0058 00       		.byte	0
 1222 0059 08       		.uleb128 0x8
 1223 005a 0D       		.uleb128 0xd
ARM GAS  C:\Users\Ala\AppData\Local\Temp\cchxkKbJ.s 			page 26


 1224 005b 00       		.byte	0
 1225 005c 03       		.uleb128 0x3
 1226 005d 0E       		.uleb128 0xe
 1227 005e 3A       		.uleb128 0x3a
 1228 005f 0B       		.uleb128 0xb
 1229 0060 3B       		.uleb128 0x3b
 1230 0061 0B       		.uleb128 0xb
 1231 0062 49       		.uleb128 0x49
 1232 0063 13       		.uleb128 0x13
 1233 0064 38       		.uleb128 0x38
 1234 0065 0B       		.uleb128 0xb
 1235 0066 00       		.byte	0
 1236 0067 00       		.byte	0
 1237 0068 09       		.uleb128 0x9
 1238 0069 2E       		.uleb128 0x2e
 1239 006a 01       		.byte	0x1
 1240 006b 3F       		.uleb128 0x3f
 1241 006c 19       		.uleb128 0x19
 1242 006d 03       		.uleb128 0x3
 1243 006e 0E       		.uleb128 0xe
 1244 006f 3A       		.uleb128 0x3a
 1245 0070 0B       		.uleb128 0xb
 1246 0071 3B       		.uleb128 0x3b
 1247 0072 0B       		.uleb128 0xb
 1248 0073 8701     		.uleb128 0x87
 1249 0075 19       		.uleb128 0x19
 1250 0076 11       		.uleb128 0x11
 1251 0077 01       		.uleb128 0x1
 1252 0078 12       		.uleb128 0x12
 1253 0079 06       		.uleb128 0x6
 1254 007a 40       		.uleb128 0x40
 1255 007b 18       		.uleb128 0x18
 1256 007c 9742     		.uleb128 0x2117
 1257 007e 19       		.uleb128 0x19
 1258 007f 01       		.uleb128 0x1
 1259 0080 13       		.uleb128 0x13
 1260 0081 00       		.byte	0
 1261 0082 00       		.byte	0
 1262 0083 0A       		.uleb128 0xa
 1263 0084 34       		.uleb128 0x34
 1264 0085 00       		.byte	0
 1265 0086 03       		.uleb128 0x3
 1266 0087 0E       		.uleb128 0xe
 1267 0088 3A       		.uleb128 0x3a
 1268 0089 0B       		.uleb128 0xb
 1269 008a 3B       		.uleb128 0x3b
 1270 008b 0B       		.uleb128 0xb
 1271 008c 49       		.uleb128 0x49
 1272 008d 13       		.uleb128 0x13
 1273 008e 02       		.uleb128 0x2
 1274 008f 17       		.uleb128 0x17
 1275 0090 00       		.byte	0
 1276 0091 00       		.byte	0
 1277 0092 0B       		.uleb128 0xb
 1278 0093 34       		.uleb128 0x34
 1279 0094 00       		.byte	0
 1280 0095 03       		.uleb128 0x3
ARM GAS  C:\Users\Ala\AppData\Local\Temp\cchxkKbJ.s 			page 27


 1281 0096 0E       		.uleb128 0xe
 1282 0097 3A       		.uleb128 0x3a
 1283 0098 0B       		.uleb128 0xb
 1284 0099 3B       		.uleb128 0x3b
 1285 009a 0B       		.uleb128 0xb
 1286 009b 49       		.uleb128 0x49
 1287 009c 13       		.uleb128 0x13
 1288 009d 02       		.uleb128 0x2
 1289 009e 18       		.uleb128 0x18
 1290 009f 00       		.byte	0
 1291 00a0 00       		.byte	0
 1292 00a1 0C       		.uleb128 0xc
 1293 00a2 898201   		.uleb128 0x4109
 1294 00a5 01       		.byte	0x1
 1295 00a6 11       		.uleb128 0x11
 1296 00a7 01       		.uleb128 0x1
 1297 00a8 31       		.uleb128 0x31
 1298 00a9 13       		.uleb128 0x13
 1299 00aa 01       		.uleb128 0x1
 1300 00ab 13       		.uleb128 0x13
 1301 00ac 00       		.byte	0
 1302 00ad 00       		.byte	0
 1303 00ae 0D       		.uleb128 0xd
 1304 00af 8A8201   		.uleb128 0x410a
 1305 00b2 00       		.byte	0
 1306 00b3 02       		.uleb128 0x2
 1307 00b4 18       		.uleb128 0x18
 1308 00b5 9142     		.uleb128 0x2111
 1309 00b7 18       		.uleb128 0x18
 1310 00b8 00       		.byte	0
 1311 00b9 00       		.byte	0
 1312 00ba 0E       		.uleb128 0xe
 1313 00bb 898201   		.uleb128 0x4109
 1314 00be 00       		.byte	0
 1315 00bf 11       		.uleb128 0x11
 1316 00c0 01       		.uleb128 0x1
 1317 00c1 31       		.uleb128 0x31
 1318 00c2 13       		.uleb128 0x13
 1319 00c3 00       		.byte	0
 1320 00c4 00       		.byte	0
 1321 00c5 0F       		.uleb128 0xf
 1322 00c6 01       		.uleb128 0x1
 1323 00c7 01       		.byte	0x1
 1324 00c8 49       		.uleb128 0x49
 1325 00c9 13       		.uleb128 0x13
 1326 00ca 01       		.uleb128 0x1
 1327 00cb 13       		.uleb128 0x13
 1328 00cc 00       		.byte	0
 1329 00cd 00       		.byte	0
 1330 00ce 10       		.uleb128 0x10
 1331 00cf 21       		.uleb128 0x21
 1332 00d0 00       		.byte	0
 1333 00d1 49       		.uleb128 0x49
 1334 00d2 13       		.uleb128 0x13
 1335 00d3 2F       		.uleb128 0x2f
 1336 00d4 0B       		.uleb128 0xb
 1337 00d5 00       		.byte	0
ARM GAS  C:\Users\Ala\AppData\Local\Temp\cchxkKbJ.s 			page 28


 1338 00d6 00       		.byte	0
 1339 00d7 11       		.uleb128 0x11
 1340 00d8 26       		.uleb128 0x26
 1341 00d9 00       		.byte	0
 1342 00da 49       		.uleb128 0x49
 1343 00db 13       		.uleb128 0x13
 1344 00dc 00       		.byte	0
 1345 00dd 00       		.byte	0
 1346 00de 12       		.uleb128 0x12
 1347 00df 34       		.uleb128 0x34
 1348 00e0 00       		.byte	0
 1349 00e1 03       		.uleb128 0x3
 1350 00e2 0E       		.uleb128 0xe
 1351 00e3 3A       		.uleb128 0x3a
 1352 00e4 0B       		.uleb128 0xb
 1353 00e5 3B       		.uleb128 0x3b
 1354 00e6 0B       		.uleb128 0xb
 1355 00e7 49       		.uleb128 0x49
 1356 00e8 13       		.uleb128 0x13
 1357 00e9 3F       		.uleb128 0x3f
 1358 00ea 19       		.uleb128 0x19
 1359 00eb 02       		.uleb128 0x2
 1360 00ec 18       		.uleb128 0x18
 1361 00ed 00       		.byte	0
 1362 00ee 00       		.byte	0
 1363 00ef 13       		.uleb128 0x13
 1364 00f0 2E       		.uleb128 0x2e
 1365 00f1 00       		.byte	0
 1366 00f2 3F       		.uleb128 0x3f
 1367 00f3 19       		.uleb128 0x19
 1368 00f4 3C       		.uleb128 0x3c
 1369 00f5 19       		.uleb128 0x19
 1370 00f6 6E       		.uleb128 0x6e
 1371 00f7 0E       		.uleb128 0xe
 1372 00f8 03       		.uleb128 0x3
 1373 00f9 0E       		.uleb128 0xe
 1374 00fa 00       		.byte	0
 1375 00fb 00       		.byte	0
 1376 00fc 14       		.uleb128 0x14
 1377 00fd 2E       		.uleb128 0x2e
 1378 00fe 00       		.byte	0
 1379 00ff 3F       		.uleb128 0x3f
 1380 0100 19       		.uleb128 0x19
 1381 0101 3C       		.uleb128 0x3c
 1382 0102 19       		.uleb128 0x19
 1383 0103 6E       		.uleb128 0x6e
 1384 0104 0E       		.uleb128 0xe
 1385 0105 03       		.uleb128 0x3
 1386 0106 0E       		.uleb128 0xe
 1387 0107 3A       		.uleb128 0x3a
 1388 0108 0B       		.uleb128 0xb
 1389 0109 3B       		.uleb128 0x3b
 1390 010a 0B       		.uleb128 0xb
 1391 010b 00       		.byte	0
 1392 010c 00       		.byte	0
 1393 010d 15       		.uleb128 0x15
 1394 010e 2E       		.uleb128 0x2e
ARM GAS  C:\Users\Ala\AppData\Local\Temp\cchxkKbJ.s 			page 29


 1395 010f 00       		.byte	0
 1396 0110 3F       		.uleb128 0x3f
 1397 0111 19       		.uleb128 0x19
 1398 0112 3C       		.uleb128 0x3c
 1399 0113 19       		.uleb128 0x19
 1400 0114 6E       		.uleb128 0x6e
 1401 0115 0E       		.uleb128 0xe
 1402 0116 03       		.uleb128 0x3
 1403 0117 0E       		.uleb128 0xe
 1404 0118 3A       		.uleb128 0x3a
 1405 0119 0B       		.uleb128 0xb
 1406 011a 3B       		.uleb128 0x3b
 1407 011b 05       		.uleb128 0x5
 1408 011c 00       		.byte	0
 1409 011d 00       		.byte	0
 1410 011e 00       		.byte	0
 1411              		.section	.debug_loc,"",%progbits
 1412              	.Ldebug_loc0:
 1413              	.LLST0:
 1414 0000 00000000 		.4byte	.LVL0
 1415 0004 6E000000 		.4byte	.LVL14
 1416 0008 0200     		.2byte	0x2
 1417 000a 30       		.byte	0x30
 1418 000b 9F       		.byte	0x9f
 1419 000c 6E000000 		.4byte	.LVL14
 1420 0010 08010000 		.4byte	.LVL30
 1421 0014 0100     		.2byte	0x1
 1422 0016 54       		.byte	0x54
 1423 0017 10010000 		.4byte	.LVL31
 1424 001b 74010000 		.4byte	.LFE32
 1425 001f 0100     		.2byte	0x1
 1426 0021 54       		.byte	0x54
 1427 0022 00000000 		.4byte	0
 1428 0026 00000000 		.4byte	0
 1429              	.LLST1:
 1430 002a 00000000 		.4byte	.LVL0
 1431 002e 6E000000 		.4byte	.LVL14
 1432 0032 0200     		.2byte	0x2
 1433 0034 39       		.byte	0x39
 1434 0035 9F       		.byte	0x9f
 1435 0036 6E000000 		.4byte	.LVL14
 1436 003a 9C000000 		.4byte	.LVL19
 1437 003e 0100     		.2byte	0x1
 1438 0040 57       		.byte	0x57
 1439 0041 9C000000 		.4byte	.LVL19
 1440 0045 9E000000 		.4byte	.LVL20
 1441 0049 0100     		.2byte	0x1
 1442 004b 50       		.byte	0x50
 1443 004c 9E000000 		.4byte	.LVL20
 1444 0050 74010000 		.4byte	.LFE32
 1445 0054 0100     		.2byte	0x1
 1446 0056 55       		.byte	0x55
 1447 0057 00000000 		.4byte	0
 1448 005b 00000000 		.4byte	0
 1449              	.LLST2:
 1450 005f 00000000 		.4byte	.LVL0
 1451 0063 6E000000 		.4byte	.LVL14
ARM GAS  C:\Users\Ala\AppData\Local\Temp\cchxkKbJ.s 			page 30


 1452 0067 0200     		.2byte	0x2
 1453 0069 39       		.byte	0x39
 1454 006a 9F       		.byte	0x9f
 1455 006b 00000000 		.4byte	0
 1456 006f 00000000 		.4byte	0
 1457              	.LLST3:
 1458 0073 00000000 		.4byte	.LVL0
 1459 0077 6E000000 		.4byte	.LVL14
 1460 007b 0200     		.2byte	0x2
 1461 007d 30       		.byte	0x30
 1462 007e 9F       		.byte	0x9f
 1463 007f 7E000000 		.4byte	.LVL16
 1464 0083 8B000000 		.4byte	.LVL17-1
 1465 0087 0100     		.2byte	0x1
 1466 0089 50       		.byte	0x50
 1467 008a 00000000 		.4byte	0
 1468 008e 00000000 		.4byte	0
 1469              	.LLST4:
 1470 0092 00000000 		.4byte	.LVL0
 1471 0096 6E000000 		.4byte	.LVL14
 1472 009a 0200     		.2byte	0x2
 1473 009c 30       		.byte	0x30
 1474 009d 9F       		.byte	0x9f
 1475 009e 00000000 		.4byte	0
 1476 00a2 00000000 		.4byte	0
 1477              	.LLST5:
 1478 00a6 0E000000 		.4byte	.LVL1
 1479 00aa 6E000000 		.4byte	.LVL14
 1480 00ae 0200     		.2byte	0x2
 1481 00b0 30       		.byte	0x30
 1482 00b1 9F       		.byte	0x9f
 1483 00b2 E6000000 		.4byte	.LVL25
 1484 00b6 F3000000 		.4byte	.LVL26-1
 1485 00ba 0500     		.2byte	0x5
 1486 00bc 03       		.byte	0x3
 1487 00bd 00000000 		.4byte	new_disp_ctrl1
 1488 00c1 00000000 		.4byte	0
 1489 00c5 00000000 		.4byte	0
 1490              	.LLST6:
 1491 00c9 0E000000 		.4byte	.LVL1
 1492 00cd 6E000000 		.4byte	.LVL14
 1493 00d1 0200     		.2byte	0x2
 1494 00d3 30       		.byte	0x30
 1495 00d4 9F       		.byte	0x9f
 1496 00d5 E6000000 		.4byte	.LVL25
 1497 00d9 F3000000 		.4byte	.LVL26-1
 1498 00dd 0500     		.2byte	0x5
 1499 00df 03       		.byte	0x3
 1500 00e0 00000000 		.4byte	new_disp_ctrl2
 1501 00e4 00000000 		.4byte	0
 1502 00e8 00000000 		.4byte	0
 1503              		.section	.debug_aranges,"",%progbits
 1504 0000 1C000000 		.4byte	0x1c
 1505 0004 0200     		.2byte	0x2
 1506 0006 00000000 		.4byte	.Ldebug_info0
 1507 000a 04       		.byte	0x4
 1508 000b 00       		.byte	0
ARM GAS  C:\Users\Ala\AppData\Local\Temp\cchxkKbJ.s 			page 31


 1509 000c 0000     		.2byte	0
 1510 000e 0000     		.2byte	0
 1511 0010 00000000 		.4byte	.LFB32
 1512 0014 74010000 		.4byte	.LFE32-.LFB32
 1513 0018 00000000 		.4byte	0
 1514 001c 00000000 		.4byte	0
 1515              		.section	.debug_ranges,"",%progbits
 1516              	.Ldebug_ranges0:
 1517 0000 00000000 		.4byte	.LFB32
 1518 0004 74010000 		.4byte	.LFE32
 1519 0008 00000000 		.4byte	0
 1520 000c 00000000 		.4byte	0
 1521              		.section	.debug_line,"",%progbits
 1522              	.Ldebug_line0:
 1523 0000 47030000 		.section	.debug_str,"MS",%progbits,1
 1523      0200EC02 
 1523      00000201 
 1523      FB0E0D00 
 1523      01010101 
 1524              	.LASF19:
 1525 0000 6C6F6E67 		.ascii	"long double\000"
 1525      20646F75 
 1525      626C6500 
 1526              	.LASF38:
 1527 000c 4D4F4445 		.ascii	"MODE_LONG_V\000"
 1527      5F4C4F4E 
 1527      475F5600 
 1528              	.LASF63:
 1529 0018 4D4F4445 		.ascii	"MODE_LONG_StartEx\000"
 1529      5F4C4F4E 
 1529      475F5374 
 1529      61727445 
 1529      7800
 1530              	.LASF26:
 1531 002a 70737553 		.ascii	"psuState\000"
 1531      74617465 
 1531      00
 1532              	.LASF65:
 1533 0033 44415441 		.ascii	"DATALINK_INTRRUPT_StartEx\000"
 1533      4C494E4B 
 1533      5F494E54 
 1533      52525550 
 1533      545F5374 
 1534              	.LASF2:
 1535 004d 73686F72 		.ascii	"short int\000"
 1535      7420696E 
 1535      7400
 1536              	.LASF20:
 1537 0057 73697A65 		.ascii	"sizetype\000"
 1537      74797065 
 1537      00
 1538              	.LASF27:
 1539 0060 7377436F 		.ascii	"swCounter\000"
 1539      756E7465 
 1539      7200
 1540              	.LASF55:
 1541 006a 64756D6D 		.ascii	"dummyBuffer\000"
ARM GAS  C:\Users\Ala\AppData\Local\Temp\cchxkKbJ.s 			page 32


 1541      79427566 
 1541      66657200 
 1542              	.LASF47:
 1543 0076 44495350 		.ascii	"DISPLAY_STATE\000"
 1543      4C41595F 
 1543      53544154 
 1543      4500
 1544              	.LASF45:
 1545 0084 65657072 		.ascii	"eepromArray\000"
 1545      6F6D4172 
 1545      72617900 
 1546              	.LASF6:
 1547 0090 5F5F7569 		.ascii	"__uint32_t\000"
 1547      6E743332 
 1547      5F7400
 1548              	.LASF62:
 1549 009b 5057525F 		.ascii	"PWR_OK_MODE_SHORT_StartEx\000"
 1549      4F4B5F4D 
 1549      4F44455F 
 1549      53484F52 
 1549      545F5374 
 1550              	.LASF75:
 1551 00b5 64697370 		.ascii	"display_update\000"
 1551      6C61795F 
 1551      75706461 
 1551      746500
 1552              	.LASF89:
 1553 00c4 6D656D63 		.ascii	"memcpy\000"
 1553      707900
 1554              	.LASF24:
 1555 00cb 426C7565 		.ascii	"BlueTooth_PWR\000"
 1555      546F6F74 
 1555      685F5057 
 1555      5200
 1556              	.LASF81:
 1557 00d9 50536F43 		.ascii	"PSoC_LED_Read\000"
 1557      5F4C4544 
 1557      5F526561 
 1557      6400
 1558              	.LASF11:
 1559 00e7 75696E74 		.ascii	"uint8_t\000"
 1559      385F7400 
 1560              	.LASF66:
 1561 00ef 44495350 		.ascii	"DISPLAY_Timer_INT_StartEx\000"
 1561      4C41595F 
 1561      54696D65 
 1561      725F494E 
 1561      545F5374 
 1562              	.LASF59:
 1563 0109 54696D65 		.ascii	"Timer_2_Start\000"
 1563      725F325F 
 1563      53746172 
 1563      7400
 1564              	.LASF13:
 1565 0117 75696E74 		.ascii	"uint8\000"
 1565      3800
 1566              	.LASF69:
ARM GAS  C:\Users\Ala\AppData\Local\Temp\cchxkKbJ.s 			page 33


 1567 011d 62757474 		.ascii	"buttons_check\000"
 1567      6F6E735F 
 1567      63686563 
 1567      6B00
 1568              	.LASF83:
 1569 012b 426F6F74 		.ascii	"Bootloadable_1_Load\000"
 1569      6C6F6164 
 1569      61626C65 
 1569      5F315F4C 
 1569      6F616400 
 1570              	.LASF29:
 1571 013f 42545354 		.ascii	"BTSTATE\000"
 1571      41544500 
 1572              	.LASF15:
 1573 0147 666C6F61 		.ascii	"float\000"
 1573      7400
 1574              	.LASF53:
 1575 014d 6E657874 		.ascii	"next_PSUstate\000"
 1575      5F505355 
 1575      73746174 
 1575      6500
 1576              	.LASF80:
 1577 015b 50696E5F 		.ascii	"Pin_1_Read\000"
 1577      315F5265 
 1577      616400
 1578              	.LASF8:
 1579 0166 6C6F6E67 		.ascii	"long long int\000"
 1579      206C6F6E 
 1579      6720696E 
 1579      7400
 1580              	.LASF68:
 1581 0174 5350494D 		.ascii	"SPIM_Start\000"
 1581      5F537461 
 1581      727400
 1582              	.LASF37:
 1583 017f 5057525F 		.ascii	"PWR_OK_SHORT_V\000"
 1583      4F4B5F53 
 1583      484F5254 
 1583      5F5600
 1584              	.LASF32:
 1585 018e 63757272 		.ascii	"current_display_data_buffer\000"
 1585      656E745F 
 1585      64697370 
 1585      6C61795F 
 1585      64617461 
 1586              	.LASF61:
 1587 01aa 44495350 		.ascii	"DISPLAY_Timer_Start\000"
 1587      4C41595F 
 1587      54696D65 
 1587      725F5374 
 1587      61727400 
 1588              	.LASF4:
 1589 01be 6C6F6E67 		.ascii	"long int\000"
 1589      20696E74 
 1589      00
 1590              	.LASF73:
 1591 01c7 42545F63 		.ascii	"BT_control\000"
ARM GAS  C:\Users\Ala\AppData\Local\Temp\cchxkKbJ.s 			page 34


 1591      6F6E7472 
 1591      6F6C00
 1592              	.LASF77:
 1593 01d2 5350494D 		.ascii	"SPIM_display_write\000"
 1593      5F646973 
 1593      706C6179 
 1593      5F777269 
 1593      746500
 1594              	.LASF28:
 1595 01e5 63757272 		.ascii	"currentSTATE\000"
 1595      656E7453 
 1595      54415445 
 1595      00
 1596              	.LASF23:
 1597 01f2 5369676D 		.ascii	"SigmaDSP_PWR\000"
 1597      61445350 
 1597      5F505752 
 1597      00
 1598              	.LASF33:
 1599 01ff 63757272 		.ascii	"current_disp_ctrl1\000"
 1599      656E745F 
 1599      64697370 
 1599      5F637472 
 1599      6C3100
 1600              	.LASF34:
 1601 0212 63757272 		.ascii	"current_disp_ctrl2\000"
 1601      656E745F 
 1601      64697370 
 1601      5F637472 
 1601      6C3200
 1602              	.LASF21:
 1603 0225 5250495F 		.ascii	"RPI_PWR\000"
 1603      50575200 
 1604              	.LASF41:
 1605 022d 44415441 		.ascii	"DATALINK_TABLE_COUNTER\000"
 1605      4C494E4B 
 1605      5F544142 
 1605      4C455F43 
 1605      4F554E54 
 1606              	.LASF1:
 1607 0244 756E7369 		.ascii	"unsigned char\000"
 1607      676E6564 
 1607      20636861 
 1607      7200
 1608              	.LASF48:
 1609 0252 42545F54 		.ascii	"BT_Tx_STATE\000"
 1609      785F5354 
 1609      41544500 
 1610              	.LASF74:
 1611 025e 7073755F 		.ascii	"psu_config\000"
 1611      636F6E66 
 1611      696700
 1612              	.LASF42:
 1613 0269 44415441 		.ascii	"DATALINK_TABLE_COUNTER_MAX\000"
 1613      4C494E4B 
 1613      5F544142 
 1613      4C455F43 
ARM GAS  C:\Users\Ala\AppData\Local\Temp\cchxkKbJ.s 			page 35


 1613      4F554E54 
 1614              	.LASF30:
 1615 0284 64617461 		.ascii	"datalink_command\000"
 1615      6C696E6B 
 1615      5F636F6D 
 1615      6D616E64 
 1615      00
 1616              	.LASF82:
 1617 0295 50536F43 		.ascii	"PSoC_LED_Write\000"
 1617      5F4C4544 
 1617      5F577269 
 1617      746500
 1618              	.LASF0:
 1619 02a4 7369676E 		.ascii	"signed char\000"
 1619      65642063 
 1619      68617200 
 1620              	.LASF9:
 1621 02b0 6C6F6E67 		.ascii	"long long unsigned int\000"
 1621      206C6F6E 
 1621      6720756E 
 1621      7369676E 
 1621      65642069 
 1622              	.LASF56:
 1623 02c7 464D5F52 		.ascii	"FM_RADIO_STATION\000"
 1623      4144494F 
 1623      5F535441 
 1623      54494F4E 
 1623      00
 1624              	.LASF12:
 1625 02d8 75696E74 		.ascii	"uint32_t\000"
 1625      33325F74 
 1625      00
 1626              	.LASF86:
 1627 02e1 433A5C55 		.ascii	"C:\\Users\\Ala\\Desktop\\Cypress\\BeoM_main.cydsn\000"
 1627      73657273 
 1627      5C416C61 
 1627      5C446573 
 1627      6B746F70 
 1628              	.LASF10:
 1629 030e 756E7369 		.ascii	"unsigned int\000"
 1629      676E6564 
 1629      20696E74 
 1629      00
 1630              	.LASF43:
 1631 031b 44495350 		.ascii	"DISPLAY_UPDATE\000"
 1631      4C41595F 
 1631      55504441 
 1631      544500
 1632              	.LASF79:
 1633 032a 5350494D 		.ascii	"SPIM_display_read\000"
 1633      5F646973 
 1633      706C6179 
 1633      5F726561 
 1633      6400
 1634              	.LASF18:
 1635 033c 72656733 		.ascii	"reg32\000"
 1635      3200
ARM GAS  C:\Users\Ala\AppData\Local\Temp\cchxkKbJ.s 			page 36


 1636              	.LASF60:
 1637 0342 44415441 		.ascii	"DATALINK_Timer_Start\000"
 1637      4C494E4B 
 1637      5F54696D 
 1637      65725F53 
 1637      74617274 
 1638              	.LASF52:
 1639 0357 6E65775F 		.ascii	"new_disp_ctrl2\000"
 1639      64697370 
 1639      5F637472 
 1639      6C3200
 1640              	.LASF3:
 1641 0366 73686F72 		.ascii	"short unsigned int\000"
 1641      7420756E 
 1641      7369676E 
 1641      65642069 
 1641      6E7400
 1642              	.LASF22:
 1643 0379 5250695F 		.ascii	"RPi_GPIO_state\000"
 1643      4750494F 
 1643      5F737461 
 1643      746500
 1644              	.LASF17:
 1645 0388 63686172 		.ascii	"char\000"
 1645      00
 1646              	.LASF25:
 1647 038d 44697370 		.ascii	"Display_PWR\000"
 1647      6C61795F 
 1647      50575200 
 1648              	.LASF88:
 1649 0399 6D61696E 		.ascii	"main\000"
 1649      00
 1650              	.LASF67:
 1651 039e 55415254 		.ascii	"UART_Start\000"
 1651      5F537461 
 1651      727400
 1652              	.LASF76:
 1653 03a9 73747263 		.ascii	"strcpy\000"
 1653      707900
 1654              	.LASF31:
 1655 03b0 64697370 		.ascii	"display_return\000"
 1655      6C61795F 
 1655      72657475 
 1655      726E00
 1656              	.LASF71:
 1657 03bf 64617461 		.ascii	"datalink_check\000"
 1657      6C696E6B 
 1657      5F636865 
 1657      636B00
 1658              	.LASF58:
 1659 03ce 54696D65 		.ascii	"Timer_1_Start\000"
 1659      725F315F 
 1659      53746172 
 1659      7400
 1660              	.LASF36:
 1661 03dc 4D4F4445 		.ascii	"MODE_SHORT_V\000"
 1661      5F53484F 
ARM GAS  C:\Users\Ala\AppData\Local\Temp\cchxkKbJ.s 			page 37


 1661      52545F56 
 1661      00
 1662              	.LASF35:
 1663 03e9 456D5F45 		.ascii	"Em_EEPROM_em_EepromStorage\000"
 1663      4550524F 
 1663      4D5F656D 
 1663      5F456570 
 1663      726F6D53 
 1664              	.LASF14:
 1665 0404 75696E74 		.ascii	"uint32\000"
 1665      333200
 1666              	.LASF85:
 1667 040b 6D61696E 		.ascii	"main.c\000"
 1667      2E6300
 1668              	.LASF39:
 1669 0412 5057525F 		.ascii	"PWR_OK_LONG_V\000"
 1669      4F4B5F4C 
 1669      4F4E475F 
 1669      5600
 1670              	.LASF7:
 1671 0420 6C6F6E67 		.ascii	"long unsigned int\000"
 1671      20756E73 
 1671      69676E65 
 1671      6420696E 
 1671      7400
 1672              	.LASF16:
 1673 0432 646F7562 		.ascii	"double\000"
 1673      6C6500
 1674              	.LASF46:
 1675 0439 53595354 		.ascii	"SYSTEM_STATE\000"
 1675      454D5F53 
 1675      54415445 
 1675      00
 1676              	.LASF44:
 1677 0446 61727261 		.ascii	"array\000"
 1677      7900
 1678              	.LASF64:
 1679 044c 5057525F 		.ascii	"PWR_OK_LONG_StartEx\000"
 1679      4F4B5F4C 
 1679      4F4E475F 
 1679      53746172 
 1679      74457800 
 1680              	.LASF57:
 1681 0460 456D5F45 		.ascii	"Em_EEPROM_Init\000"
 1681      4550524F 
 1681      4D5F496E 
 1681      697400
 1682              	.LASF72:
 1683 046f 42656F4D 		.ascii	"BeoM_PSU_state\000"
 1683      5F505355 
 1683      5F737461 
 1683      746500
 1684              	.LASF51:
 1685 047e 6E65775F 		.ascii	"new_disp_ctrl1\000"
 1685      64697370 
 1685      5F637472 
 1685      6C3100
ARM GAS  C:\Users\Ala\AppData\Local\Temp\cchxkKbJ.s 			page 38


 1686              	.LASF40:
 1687 048d 44415441 		.ascii	"DATALINK_TABLE\000"
 1687      4C494E4B 
 1687      5F544142 
 1687      4C4500
 1688              	.LASF84:
 1689 049c 474E5520 		.ascii	"GNU C11 5.4.1 20160609 (release) [ARM/embedded-5-br"
 1689      43313120 
 1689      352E342E 
 1689      31203230 
 1689      31363036 
 1690 04cf 616E6368 		.ascii	"anch revision 237715] -mcpu=cortex-m0 -mthumb -g -O"
 1690      20726576 
 1690      6973696F 
 1690      6E203233 
 1690      37373135 
 1691 0502 73202D66 		.ascii	"s -ffunction-sections -ffat-lto-objects\000"
 1691      66756E63 
 1691      74696F6E 
 1691      2D736563 
 1691      74696F6E 
 1692              	.LASF87:
 1693 052a 506F7765 		.ascii	"Power_Supply_State\000"
 1693      725F5375 
 1693      70706C79 
 1693      5F537461 
 1693      746500
 1694              	.LASF50:
 1695 053d 6E65775F 		.ascii	"new_display_data_buffer\000"
 1695      64697370 
 1695      6C61795F 
 1695      64617461 
 1695      5F627566 
 1696              	.LASF78:
 1697 0555 43794465 		.ascii	"CyDelay\000"
 1697      6C617900 
 1698              	.LASF70:
 1699 055d 64617461 		.ascii	"datalink_decoder\000"
 1699      6C696E6B 
 1699      5F646563 
 1699      6F646572 
 1699      00
 1700              	.LASF49:
 1701 056e 6E65775F 		.ascii	"new_display_data_flag\000"
 1701      64697370 
 1701      6C61795F 
 1701      64617461 
 1701      5F666C61 
 1702              	.LASF54:
 1703 0584 63757272 		.ascii	"current_PSUstate\000"
 1703      656E745F 
 1703      50535573 
 1703      74617465 
 1703      00
 1704              	.LASF5:
 1705 0595 5F5F7569 		.ascii	"__uint8_t\000"
 1705      6E74385F 
ARM GAS  C:\Users\Ala\AppData\Local\Temp\cchxkKbJ.s 			page 39


 1705      7400
 1706              		.ident	"GCC: (GNU Tools for ARM Embedded Processors) 5.4.1 20160609 (release) [ARM/embedded-5-bran
