ARM GAS  C:\Users\Ala\AppData\Local\Temp\ccmkTB7a.s 			page 1


   1              		.syntax unified
   2              		.cpu cortex-m0
   3              		.fpu softvfp
   4              		.eabi_attribute 20, 1
   5              		.eabi_attribute 21, 1
   6              		.eabi_attribute 23, 3
   7              		.eabi_attribute 24, 1
   8              		.eabi_attribute 25, 1
   9              		.eabi_attribute 26, 1
  10              		.eabi_attribute 30, 6
  11              		.eabi_attribute 34, 0
  12              		.eabi_attribute 18, 4
  13              		.thumb
  14              		.syntax unified
  15              		.file	"SENT_TX_1_PM.c"
  16              		.text
  17              	.Ltext0:
  18              		.cfi_sections	.debug_frame
  19              		.section	.text.SENT_TX_1_Sleep,"ax",%progbits
  20              		.align	2
  21              		.global	SENT_TX_1_Sleep
  22              		.code	16
  23              		.thumb_func
  24              		.type	SENT_TX_1_Sleep, %function
  25              	SENT_TX_1_Sleep:
  26              	.LFB4:
  27              		.file 1 "Generated_Source\\PSoC4\\SENT_TX_1_PM.c"
   1:Generated_Source\PSoC4/SENT_TX_1_PM.c **** /*******************************************************************************
   2:Generated_Source\PSoC4/SENT_TX_1_PM.c **** * \file Name: SENT_TX_1_PM.c
   3:Generated_Source\PSoC4/SENT_TX_1_PM.c **** * \version 1.0
   4:Generated_Source\PSoC4/SENT_TX_1_PM.c **** *
   5:Generated_Source\PSoC4/SENT_TX_1_PM.c **** * This file contains the setup, control, and status commands to support
   6:Generated_Source\PSoC4/SENT_TX_1_PM.c **** * the component in Low-Power modes.
   7:Generated_Source\PSoC4/SENT_TX_1_PM.c **** *
   8:Generated_Source\PSoC4/SENT_TX_1_PM.c **** ********************************************************************************
   9:Generated_Source\PSoC4/SENT_TX_1_PM.c **** * \copyright
  10:Generated_Source\PSoC4/SENT_TX_1_PM.c **** * Copyright 2017, Cypress Semiconductor Corporation.  All rights reserved.
  11:Generated_Source\PSoC4/SENT_TX_1_PM.c **** * You may use this file only in accordance with the license, terms, conditions,
  12:Generated_Source\PSoC4/SENT_TX_1_PM.c **** * disclaimers, and limitations in the end user license agreement accompanying
  13:Generated_Source\PSoC4/SENT_TX_1_PM.c **** * the software package with which this file was provided.
  14:Generated_Source\PSoC4/SENT_TX_1_PM.c **** *******************************************************************************/
  15:Generated_Source\PSoC4/SENT_TX_1_PM.c **** 
  16:Generated_Source\PSoC4/SENT_TX_1_PM.c **** #include "SENT_TX_1.h"
  17:Generated_Source\PSoC4/SENT_TX_1_PM.c **** 
  18:Generated_Source\PSoC4/SENT_TX_1_PM.c **** 
  19:Generated_Source\PSoC4/SENT_TX_1_PM.c **** /*******************************************************************************
  20:Generated_Source\PSoC4/SENT_TX_1_PM.c **** * Function Name: SENT_TX_1_Sleep
  21:Generated_Source\PSoC4/SENT_TX_1_PM.c **** ****************************************************************************//**
  22:Generated_Source\PSoC4/SENT_TX_1_PM.c **** *
  23:Generated_Source\PSoC4/SENT_TX_1_PM.c **** * Stops the component operation and saves the user configuration.
  24:Generated_Source\PSoC4/SENT_TX_1_PM.c **** *
  25:Generated_Source\PSoC4/SENT_TX_1_PM.c **** * Before call this function, ensure that SENT is ready to sleep by checking the 
  26:Generated_Source\PSoC4/SENT_TX_1_PM.c **** * SENT_TX_1_status flag. For this purpose, use the 
  27:Generated_Source\PSoC4/SENT_TX_1_PM.c **** * SENT_TX_1_GetStatus() function.
  28:Generated_Source\PSoC4/SENT_TX_1_PM.c **** *
  29:Generated_Source\PSoC4/SENT_TX_1_PM.c **** * \return
  30:Generated_Source\PSoC4/SENT_TX_1_PM.c **** * CYRET_SUCCESS the SENT went into sleep. <br>
ARM GAS  C:\Users\Ala\AppData\Local\Temp\ccmkTB7a.s 			page 2


  31:Generated_Source\PSoC4/SENT_TX_1_PM.c **** * CYRET_CANCELED the SENT did not go into sleep, because SENT still sending 
  32:Generated_Source\PSoC4/SENT_TX_1_PM.c **** * previous data, SENT_TX_1_status = SENT_TX_1_BUSY. 
  33:Generated_Source\PSoC4/SENT_TX_1_PM.c **** *
  34:Generated_Source\PSoC4/SENT_TX_1_PM.c **** *******************************************************************************/
  35:Generated_Source\PSoC4/SENT_TX_1_PM.c **** uint32 SENT_TX_1_Sleep(void)
  36:Generated_Source\PSoC4/SENT_TX_1_PM.c **** {
  28              		.loc 1 36 0
  29              		.cfi_startproc
  30              		@ args = 0, pretend = 0, frame = 8
  31              		@ frame_needed = 1, uses_anonymous_args = 0
  32 0000 80B5     		push	{r7, lr}
  33              		.cfi_def_cfa_offset 8
  34              		.cfi_offset 7, -8
  35              		.cfi_offset 14, -4
  36 0002 82B0     		sub	sp, sp, #8
  37              		.cfi_def_cfa_offset 16
  38 0004 00AF     		add	r7, sp, #0
  39              		.cfi_def_cfa_register 7
  37:Generated_Source\PSoC4/SENT_TX_1_PM.c ****     uint32 retVal = CYRET_CANCELED;
  40              		.loc 1 37 0
  41 0006 0923     		movs	r3, #9
  42 0008 7B60     		str	r3, [r7, #4]
  38:Generated_Source\PSoC4/SENT_TX_1_PM.c **** 
  39:Generated_Source\PSoC4/SENT_TX_1_PM.c ****     if(SENT_TX_1_READY == SENT_TX_1_status)
  43              		.loc 1 39 0
  44 000a 064B     		ldr	r3, .L4
  45 000c 1B78     		ldrb	r3, [r3]
  46 000e 002B     		cmp	r3, #0
  47 0010 03D1     		bne	.L2
  40:Generated_Source\PSoC4/SENT_TX_1_PM.c ****     {
  41:Generated_Source\PSoC4/SENT_TX_1_PM.c ****         SENT_TX_1_PWM_Sleep();
  48              		.loc 1 41 0
  49 0012 FFF7FEFF 		bl	SENT_TX_1_PWM_Sleep
  42:Generated_Source\PSoC4/SENT_TX_1_PM.c ****         retVal = CYRET_SUCCESS;
  50              		.loc 1 42 0
  51 0016 0023     		movs	r3, #0
  52 0018 7B60     		str	r3, [r7, #4]
  53              	.L2:
  43:Generated_Source\PSoC4/SENT_TX_1_PM.c ****     }
  44:Generated_Source\PSoC4/SENT_TX_1_PM.c **** 
  45:Generated_Source\PSoC4/SENT_TX_1_PM.c ****     return (retVal);
  54              		.loc 1 45 0
  55 001a 7B68     		ldr	r3, [r7, #4]
  46:Generated_Source\PSoC4/SENT_TX_1_PM.c **** }
  56              		.loc 1 46 0
  57 001c 1800     		movs	r0, r3
  58 001e BD46     		mov	sp, r7
  59 0020 02B0     		add	sp, sp, #8
  60              		@ sp needed
  61 0022 80BD     		pop	{r7, pc}
  62              	.L5:
  63              		.align	2
  64              	.L4:
  65 0024 00000000 		.word	SENT_TX_1_status
  66              		.cfi_endproc
  67              	.LFE4:
  68              		.size	SENT_TX_1_Sleep, .-SENT_TX_1_Sleep
ARM GAS  C:\Users\Ala\AppData\Local\Temp\ccmkTB7a.s 			page 3


  69              		.text
  70              	.Letext0:
  71              		.file 2 "Generated_Source\\PSoC4\\cytypes.h"
  72              		.file 3 "Generated_Source\\PSoC4\\SENT_TX_1.h"
  73              		.section	.debug_info,"",%progbits
  74              	.Ldebug_info0:
  75 0000 D6000000 		.4byte	0xd6
  76 0004 0400     		.2byte	0x4
  77 0006 00000000 		.4byte	.Ldebug_abbrev0
  78 000a 04       		.byte	0x4
  79 000b 01       		.uleb128 0x1
  80 000c 2A010000 		.4byte	.LASF16
  81 0010 0C       		.byte	0xc
  82 0011 33000000 		.4byte	.LASF17
  83 0015 C8000000 		.4byte	.LASF18
  84 0019 00000000 		.4byte	.Ldebug_ranges0+0
  85 001d 00000000 		.4byte	0
  86 0021 00000000 		.4byte	.Ldebug_line0
  87 0025 02       		.uleb128 0x2
  88 0026 01       		.byte	0x1
  89 0027 06       		.byte	0x6
  90 0028 08010000 		.4byte	.LASF0
  91 002c 02       		.uleb128 0x2
  92 002d 01       		.byte	0x1
  93 002e 08       		.byte	0x8
  94 002f 9E000000 		.4byte	.LASF1
  95 0033 02       		.uleb128 0x2
  96 0034 02       		.byte	0x2
  97 0035 05       		.byte	0x5
  98 0036 20010000 		.4byte	.LASF2
  99 003a 02       		.uleb128 0x2
 100 003b 02       		.byte	0x2
 101 003c 07       		.byte	0x7
 102 003d F5000000 		.4byte	.LASF3
 103 0041 02       		.uleb128 0x2
 104 0042 04       		.byte	0x4
 105 0043 05       		.byte	0x5
 106 0044 B1000000 		.4byte	.LASF4
 107 0048 02       		.uleb128 0x2
 108 0049 04       		.byte	0x4
 109 004a 07       		.byte	0x7
 110 004b 5F000000 		.4byte	.LASF5
 111 004f 02       		.uleb128 0x2
 112 0050 08       		.byte	0x8
 113 0051 05       		.byte	0x5
 114 0052 00000000 		.4byte	.LASF6
 115 0056 02       		.uleb128 0x2
 116 0057 08       		.byte	0x8
 117 0058 07       		.byte	0x7
 118 0059 71000000 		.4byte	.LASF7
 119 005d 03       		.uleb128 0x3
 120 005e 04       		.byte	0x4
 121 005f 05       		.byte	0x5
 122 0060 696E7400 		.ascii	"int\000"
 123 0064 02       		.uleb128 0x2
 124 0065 04       		.byte	0x4
 125 0066 07       		.byte	0x7
ARM GAS  C:\Users\Ala\AppData\Local\Temp\ccmkTB7a.s 			page 4


 126 0067 26000000 		.4byte	.LASF8
 127 006b 04       		.uleb128 0x4
 128 006c 59000000 		.4byte	.LASF9
 129 0070 02       		.byte	0x2
 130 0071 F701     		.2byte	0x1f7
 131 0073 2C000000 		.4byte	0x2c
 132 0077 04       		.uleb128 0x4
 133 0078 0E000000 		.4byte	.LASF10
 134 007c 02       		.byte	0x2
 135 007d F901     		.2byte	0x1f9
 136 007f 48000000 		.4byte	0x48
 137 0083 02       		.uleb128 0x2
 138 0084 04       		.byte	0x4
 139 0085 04       		.byte	0x4
 140 0086 88000000 		.4byte	.LASF11
 141 008a 02       		.uleb128 0x2
 142 008b 08       		.byte	0x8
 143 008c 04       		.byte	0x4
 144 008d C1000000 		.4byte	.LASF12
 145 0091 02       		.uleb128 0x2
 146 0092 01       		.byte	0x1
 147 0093 08       		.byte	0x8
 148 0094 AC000000 		.4byte	.LASF13
 149 0098 02       		.uleb128 0x2
 150 0099 08       		.byte	0x8
 151 009a 04       		.byte	0x4
 152 009b 14010000 		.4byte	.LASF14
 153 009f 02       		.uleb128 0x2
 154 00a0 04       		.byte	0x4
 155 00a1 07       		.byte	0x7
 156 00a2 B8010000 		.4byte	.LASF15
 157 00a6 05       		.uleb128 0x5
 158 00a7 8E000000 		.4byte	.LASF19
 159 00ab 01       		.byte	0x1
 160 00ac 23       		.byte	0x23
 161 00ad 77000000 		.4byte	0x77
 162 00b1 00000000 		.4byte	.LFB4
 163 00b5 28000000 		.4byte	.LFE4-.LFB4
 164 00b9 01       		.uleb128 0x1
 165 00ba 9C       		.byte	0x9c
 166 00bb CE000000 		.4byte	0xce
 167 00bf 06       		.uleb128 0x6
 168 00c0 BA000000 		.4byte	.LASF20
 169 00c4 01       		.byte	0x1
 170 00c5 25       		.byte	0x25
 171 00c6 77000000 		.4byte	0x77
 172 00ca 02       		.uleb128 0x2
 173 00cb 91       		.byte	0x91
 174 00cc 74       		.sleb128 -12
 175 00cd 00       		.byte	0
 176 00ce 07       		.uleb128 0x7
 177 00cf 15000000 		.4byte	.LASF21
 178 00d3 03       		.byte	0x3
 179 00d4 B9       		.byte	0xb9
 180 00d5 6B000000 		.4byte	0x6b
 181 00d9 00       		.byte	0
 182              		.section	.debug_abbrev,"",%progbits
ARM GAS  C:\Users\Ala\AppData\Local\Temp\ccmkTB7a.s 			page 5


 183              	.Ldebug_abbrev0:
 184 0000 01       		.uleb128 0x1
 185 0001 11       		.uleb128 0x11
 186 0002 01       		.byte	0x1
 187 0003 25       		.uleb128 0x25
 188 0004 0E       		.uleb128 0xe
 189 0005 13       		.uleb128 0x13
 190 0006 0B       		.uleb128 0xb
 191 0007 03       		.uleb128 0x3
 192 0008 0E       		.uleb128 0xe
 193 0009 1B       		.uleb128 0x1b
 194 000a 0E       		.uleb128 0xe
 195 000b 55       		.uleb128 0x55
 196 000c 17       		.uleb128 0x17
 197 000d 11       		.uleb128 0x11
 198 000e 01       		.uleb128 0x1
 199 000f 10       		.uleb128 0x10
 200 0010 17       		.uleb128 0x17
 201 0011 00       		.byte	0
 202 0012 00       		.byte	0
 203 0013 02       		.uleb128 0x2
 204 0014 24       		.uleb128 0x24
 205 0015 00       		.byte	0
 206 0016 0B       		.uleb128 0xb
 207 0017 0B       		.uleb128 0xb
 208 0018 3E       		.uleb128 0x3e
 209 0019 0B       		.uleb128 0xb
 210 001a 03       		.uleb128 0x3
 211 001b 0E       		.uleb128 0xe
 212 001c 00       		.byte	0
 213 001d 00       		.byte	0
 214 001e 03       		.uleb128 0x3
 215 001f 24       		.uleb128 0x24
 216 0020 00       		.byte	0
 217 0021 0B       		.uleb128 0xb
 218 0022 0B       		.uleb128 0xb
 219 0023 3E       		.uleb128 0x3e
 220 0024 0B       		.uleb128 0xb
 221 0025 03       		.uleb128 0x3
 222 0026 08       		.uleb128 0x8
 223 0027 00       		.byte	0
 224 0028 00       		.byte	0
 225 0029 04       		.uleb128 0x4
 226 002a 16       		.uleb128 0x16
 227 002b 00       		.byte	0
 228 002c 03       		.uleb128 0x3
 229 002d 0E       		.uleb128 0xe
 230 002e 3A       		.uleb128 0x3a
 231 002f 0B       		.uleb128 0xb
 232 0030 3B       		.uleb128 0x3b
 233 0031 05       		.uleb128 0x5
 234 0032 49       		.uleb128 0x49
 235 0033 13       		.uleb128 0x13
 236 0034 00       		.byte	0
 237 0035 00       		.byte	0
 238 0036 05       		.uleb128 0x5
 239 0037 2E       		.uleb128 0x2e
ARM GAS  C:\Users\Ala\AppData\Local\Temp\ccmkTB7a.s 			page 6


 240 0038 01       		.byte	0x1
 241 0039 3F       		.uleb128 0x3f
 242 003a 19       		.uleb128 0x19
 243 003b 03       		.uleb128 0x3
 244 003c 0E       		.uleb128 0xe
 245 003d 3A       		.uleb128 0x3a
 246 003e 0B       		.uleb128 0xb
 247 003f 3B       		.uleb128 0x3b
 248 0040 0B       		.uleb128 0xb
 249 0041 27       		.uleb128 0x27
 250 0042 19       		.uleb128 0x19
 251 0043 49       		.uleb128 0x49
 252 0044 13       		.uleb128 0x13
 253 0045 11       		.uleb128 0x11
 254 0046 01       		.uleb128 0x1
 255 0047 12       		.uleb128 0x12
 256 0048 06       		.uleb128 0x6
 257 0049 40       		.uleb128 0x40
 258 004a 18       		.uleb128 0x18
 259 004b 9642     		.uleb128 0x2116
 260 004d 19       		.uleb128 0x19
 261 004e 01       		.uleb128 0x1
 262 004f 13       		.uleb128 0x13
 263 0050 00       		.byte	0
 264 0051 00       		.byte	0
 265 0052 06       		.uleb128 0x6
 266 0053 34       		.uleb128 0x34
 267 0054 00       		.byte	0
 268 0055 03       		.uleb128 0x3
 269 0056 0E       		.uleb128 0xe
 270 0057 3A       		.uleb128 0x3a
 271 0058 0B       		.uleb128 0xb
 272 0059 3B       		.uleb128 0x3b
 273 005a 0B       		.uleb128 0xb
 274 005b 49       		.uleb128 0x49
 275 005c 13       		.uleb128 0x13
 276 005d 02       		.uleb128 0x2
 277 005e 18       		.uleb128 0x18
 278 005f 00       		.byte	0
 279 0060 00       		.byte	0
 280 0061 07       		.uleb128 0x7
 281 0062 34       		.uleb128 0x34
 282 0063 00       		.byte	0
 283 0064 03       		.uleb128 0x3
 284 0065 0E       		.uleb128 0xe
 285 0066 3A       		.uleb128 0x3a
 286 0067 0B       		.uleb128 0xb
 287 0068 3B       		.uleb128 0x3b
 288 0069 0B       		.uleb128 0xb
 289 006a 49       		.uleb128 0x49
 290 006b 13       		.uleb128 0x13
 291 006c 3F       		.uleb128 0x3f
 292 006d 19       		.uleb128 0x19
 293 006e 3C       		.uleb128 0x3c
 294 006f 19       		.uleb128 0x19
 295 0070 00       		.byte	0
 296 0071 00       		.byte	0
ARM GAS  C:\Users\Ala\AppData\Local\Temp\ccmkTB7a.s 			page 7


 297 0072 00       		.byte	0
 298              		.section	.debug_aranges,"",%progbits
 299 0000 1C000000 		.4byte	0x1c
 300 0004 0200     		.2byte	0x2
 301 0006 00000000 		.4byte	.Ldebug_info0
 302 000a 04       		.byte	0x4
 303 000b 00       		.byte	0
 304 000c 0000     		.2byte	0
 305 000e 0000     		.2byte	0
 306 0010 00000000 		.4byte	.LFB4
 307 0014 28000000 		.4byte	.LFE4-.LFB4
 308 0018 00000000 		.4byte	0
 309 001c 00000000 		.4byte	0
 310              		.section	.debug_ranges,"",%progbits
 311              	.Ldebug_ranges0:
 312 0000 00000000 		.4byte	.LFB4
 313 0004 28000000 		.4byte	.LFE4
 314 0008 00000000 		.4byte	0
 315 000c 00000000 		.4byte	0
 316              		.section	.debug_line,"",%progbits
 317              	.Ldebug_line0:
 318 0000 73000000 		.section	.debug_str,"MS",%progbits,1
 318      02005800 
 318      00000201 
 318      FB0E0D00 
 318      01010101 
 319              	.LASF6:
 320 0000 6C6F6E67 		.ascii	"long long int\000"
 320      206C6F6E 
 320      6720696E 
 320      7400
 321              	.LASF10:
 322 000e 75696E74 		.ascii	"uint32\000"
 322      333200
 323              	.LASF21:
 324 0015 53454E54 		.ascii	"SENT_TX_1_status\000"
 324      5F54585F 
 324      315F7374 
 324      61747573 
 324      00
 325              	.LASF8:
 326 0026 756E7369 		.ascii	"unsigned int\000"
 326      676E6564 
 326      20696E74 
 326      00
 327              	.LASF17:
 328 0033 47656E65 		.ascii	"Generated_Source\\PSoC4\\SENT_TX_1_PM.c\000"
 328      72617465 
 328      645F536F 
 328      75726365 
 328      5C50536F 
 329              	.LASF9:
 330 0059 75696E74 		.ascii	"uint8\000"
 330      3800
 331              	.LASF5:
 332 005f 6C6F6E67 		.ascii	"long unsigned int\000"
 332      20756E73 
ARM GAS  C:\Users\Ala\AppData\Local\Temp\ccmkTB7a.s 			page 8


 332      69676E65 
 332      6420696E 
 332      7400
 333              	.LASF7:
 334 0071 6C6F6E67 		.ascii	"long long unsigned int\000"
 334      206C6F6E 
 334      6720756E 
 334      7369676E 
 334      65642069 
 335              	.LASF11:
 336 0088 666C6F61 		.ascii	"float\000"
 336      7400
 337              	.LASF19:
 338 008e 53454E54 		.ascii	"SENT_TX_1_Sleep\000"
 338      5F54585F 
 338      315F536C 
 338      65657000 
 339              	.LASF1:
 340 009e 756E7369 		.ascii	"unsigned char\000"
 340      676E6564 
 340      20636861 
 340      7200
 341              	.LASF13:
 342 00ac 63686172 		.ascii	"char\000"
 342      00
 343              	.LASF4:
 344 00b1 6C6F6E67 		.ascii	"long int\000"
 344      20696E74 
 344      00
 345              	.LASF20:
 346 00ba 72657456 		.ascii	"retVal\000"
 346      616C00
 347              	.LASF12:
 348 00c1 646F7562 		.ascii	"double\000"
 348      6C6500
 349              	.LASF18:
 350 00c8 433A5C55 		.ascii	"C:\\Users\\Ala\\Desktop\\Cypress\\BeoM_main.cydsn\000"
 350      73657273 
 350      5C416C61 
 350      5C446573 
 350      6B746F70 
 351              	.LASF3:
 352 00f5 73686F72 		.ascii	"short unsigned int\000"
 352      7420756E 
 352      7369676E 
 352      65642069 
 352      6E7400
 353              	.LASF0:
 354 0108 7369676E 		.ascii	"signed char\000"
 354      65642063 
 354      68617200 
 355              	.LASF14:
 356 0114 6C6F6E67 		.ascii	"long double\000"
 356      20646F75 
 356      626C6500 
 357              	.LASF2:
 358 0120 73686F72 		.ascii	"short int\000"
ARM GAS  C:\Users\Ala\AppData\Local\Temp\ccmkTB7a.s 			page 9


 358      7420696E 
 358      7400
 359              	.LASF16:
 360 012a 474E5520 		.ascii	"GNU C11 5.4.1 20160609 (release) [ARM/embedded-5-br"
 360      43313120 
 360      352E342E 
 360      31203230 
 360      31363036 
 361 015d 616E6368 		.ascii	"anch revision 237715] -mcpu=cortex-m0 -mthumb -g -O"
 361      20726576 
 361      6973696F 
 361      6E203233 
 361      37373135 
 362 0190 30202D66 		.ascii	"0 -ffunction-sections -ffat-lto-objects\000"
 362      66756E63 
 362      74696F6E 
 362      2D736563 
 362      74696F6E 
 363              	.LASF15:
 364 01b8 73697A65 		.ascii	"sizetype\000"
 364      74797065 
 364      00
 365              		.ident	"GCC: (GNU Tools for ARM Embedded Processors) 5.4.1 20160609 (release) [ARM/embedded-5-bran
