ARM GAS  C:\Users\Ala\AppData\Local\Temp\ccMfiCyE.s 			page 1


   1              		.syntax unified
   2              		.cpu cortex-m0
   3              		.fpu softvfp
   4              		.eabi_attribute 20, 1
   5              		.eabi_attribute 21, 1
   6              		.eabi_attribute 23, 3
   7              		.eabi_attribute 24, 1
   8              		.eabi_attribute 25, 1
   9              		.eabi_attribute 26, 1
  10              		.eabi_attribute 30, 6
  11              		.eabi_attribute 34, 0
  12              		.eabi_attribute 18, 4
  13              		.thumb
  14              		.syntax unified
  15              		.file	"ShiftReg_1_PM.c"
  16              		.text
  17              	.Ltext0:
  18              		.cfi_sections	.debug_frame
  19              		.bss
  20              		.align	2
  21              	ShiftReg_1_backup:
  22 0000 00000000 		.space	12
  22      00000000 
  22      00000000 
  23              		.section	.text.ShiftReg_1_SaveConfig,"ax",%progbits
  24              		.align	2
  25              		.global	ShiftReg_1_SaveConfig
  26              		.code	16
  27              		.thumb_func
  28              		.type	ShiftReg_1_SaveConfig, %function
  29              	ShiftReg_1_SaveConfig:
  30              	.LFB0:
  31              		.file 1 "Generated_Source\\PSoC4\\ShiftReg_1_PM.c"
   1:Generated_Source\PSoC4/ShiftReg_1_PM.c **** /*******************************************************************************
   2:Generated_Source\PSoC4/ShiftReg_1_PM.c **** * File Name: ShiftReg_1_PM.c
   3:Generated_Source\PSoC4/ShiftReg_1_PM.c **** * Version 2.30
   4:Generated_Source\PSoC4/ShiftReg_1_PM.c **** *
   5:Generated_Source\PSoC4/ShiftReg_1_PM.c **** * Description:
   6:Generated_Source\PSoC4/ShiftReg_1_PM.c **** *  This file provides the API source code for sleep mode support for Shift
   7:Generated_Source\PSoC4/ShiftReg_1_PM.c **** *  Register component.
   8:Generated_Source\PSoC4/ShiftReg_1_PM.c **** *
   9:Generated_Source\PSoC4/ShiftReg_1_PM.c **** * Note:
  10:Generated_Source\PSoC4/ShiftReg_1_PM.c **** *
  11:Generated_Source\PSoC4/ShiftReg_1_PM.c **** ********************************************************************************
  12:Generated_Source\PSoC4/ShiftReg_1_PM.c **** * Copyright 2008-2013, Cypress Semiconductor Corporation.  All rights reserved.
  13:Generated_Source\PSoC4/ShiftReg_1_PM.c **** * You may use this file only in accordance with the license, terms, conditions,
  14:Generated_Source\PSoC4/ShiftReg_1_PM.c **** * disclaimers, and limitations in the end user license agreement accompanying
  15:Generated_Source\PSoC4/ShiftReg_1_PM.c **** * the software package with which this file was provided.
  16:Generated_Source\PSoC4/ShiftReg_1_PM.c **** *******************************************************************************/
  17:Generated_Source\PSoC4/ShiftReg_1_PM.c **** 
  18:Generated_Source\PSoC4/ShiftReg_1_PM.c **** #include "ShiftReg_1.h"
  19:Generated_Source\PSoC4/ShiftReg_1_PM.c **** 
  20:Generated_Source\PSoC4/ShiftReg_1_PM.c **** static ShiftReg_1_BACKUP_STRUCT ShiftReg_1_backup =
  21:Generated_Source\PSoC4/ShiftReg_1_PM.c **** {
  22:Generated_Source\PSoC4/ShiftReg_1_PM.c ****     ShiftReg_1_DISABLED,
  23:Generated_Source\PSoC4/ShiftReg_1_PM.c **** 
  24:Generated_Source\PSoC4/ShiftReg_1_PM.c ****     ((uint32) ShiftReg_1_DEFAULT_A0),
ARM GAS  C:\Users\Ala\AppData\Local\Temp\ccMfiCyE.s 			page 2


  25:Generated_Source\PSoC4/ShiftReg_1_PM.c ****     ((uint32) ShiftReg_1_DEFAULT_A1),
  26:Generated_Source\PSoC4/ShiftReg_1_PM.c **** 
  27:Generated_Source\PSoC4/ShiftReg_1_PM.c ****     #if(CY_UDB_V0)
  28:Generated_Source\PSoC4/ShiftReg_1_PM.c ****         ((uint32) ShiftReg_1_INT_SRC),
  29:Generated_Source\PSoC4/ShiftReg_1_PM.c ****     #endif /* (CY_UDB_V0) */
  30:Generated_Source\PSoC4/ShiftReg_1_PM.c **** };
  31:Generated_Source\PSoC4/ShiftReg_1_PM.c **** 
  32:Generated_Source\PSoC4/ShiftReg_1_PM.c **** 
  33:Generated_Source\PSoC4/ShiftReg_1_PM.c **** /*******************************************************************************
  34:Generated_Source\PSoC4/ShiftReg_1_PM.c **** * Function Name: ShiftReg_1_SaveConfig
  35:Generated_Source\PSoC4/ShiftReg_1_PM.c **** ********************************************************************************
  36:Generated_Source\PSoC4/ShiftReg_1_PM.c **** *
  37:Generated_Source\PSoC4/ShiftReg_1_PM.c **** * Summary:
  38:Generated_Source\PSoC4/ShiftReg_1_PM.c **** *  Saves Shift Register configuration.
  39:Generated_Source\PSoC4/ShiftReg_1_PM.c **** *
  40:Generated_Source\PSoC4/ShiftReg_1_PM.c **** * Parameters:
  41:Generated_Source\PSoC4/ShiftReg_1_PM.c **** *  None.
  42:Generated_Source\PSoC4/ShiftReg_1_PM.c **** *
  43:Generated_Source\PSoC4/ShiftReg_1_PM.c **** * Return:
  44:Generated_Source\PSoC4/ShiftReg_1_PM.c **** *  None.
  45:Generated_Source\PSoC4/ShiftReg_1_PM.c **** *
  46:Generated_Source\PSoC4/ShiftReg_1_PM.c **** * Reentrant:
  47:Generated_Source\PSoC4/ShiftReg_1_PM.c **** *  No.
  48:Generated_Source\PSoC4/ShiftReg_1_PM.c **** *
  49:Generated_Source\PSoC4/ShiftReg_1_PM.c **** *******************************************************************************/
  50:Generated_Source\PSoC4/ShiftReg_1_PM.c **** void ShiftReg_1_SaveConfig(void) 
  51:Generated_Source\PSoC4/ShiftReg_1_PM.c **** {
  32              		.loc 1 51 0
  33              		.cfi_startproc
  34              		@ args = 0, pretend = 0, frame = 0
  35              		@ frame_needed = 1, uses_anonymous_args = 0
  36 0000 80B5     		push	{r7, lr}
  37              		.cfi_def_cfa_offset 8
  38              		.cfi_offset 7, -8
  39              		.cfi_offset 14, -4
  40 0002 00AF     		add	r7, sp, #0
  41              		.cfi_def_cfa_register 7
  52:Generated_Source\PSoC4/ShiftReg_1_PM.c ****     /* Store working registers A0 and A1 */
  53:Generated_Source\PSoC4/ShiftReg_1_PM.c ****     ShiftReg_1_backup.saveSrA0Reg   = CY_GET_REG32(ShiftReg_1_SHIFT_REG_LSB_PTR);
  42              		.loc 1 53 0
  43 0004 054B     		ldr	r3, .L2
  44 0006 1A68     		ldr	r2, [r3]
  45 0008 054B     		ldr	r3, .L2+4
  46 000a 5A60     		str	r2, [r3, #4]
  54:Generated_Source\PSoC4/ShiftReg_1_PM.c ****     ShiftReg_1_backup.saveSrA1Reg   = CY_GET_REG32(ShiftReg_1_SHIFT_REG_VALUE_LSB_PTR);
  47              		.loc 1 54 0
  48 000c 054B     		ldr	r3, .L2+8
  49 000e 1A68     		ldr	r2, [r3]
  50 0010 034B     		ldr	r3, .L2+4
  51 0012 9A60     		str	r2, [r3, #8]
  55:Generated_Source\PSoC4/ShiftReg_1_PM.c **** 
  56:Generated_Source\PSoC4/ShiftReg_1_PM.c ****     #if(CY_UDB_V0)
  57:Generated_Source\PSoC4/ShiftReg_1_PM.c ****         ShiftReg_1_backup.saveSrIntMask = ShiftReg_1_SR_STATUS_MASK;
  58:Generated_Source\PSoC4/ShiftReg_1_PM.c ****     #endif /* (CY_UDB_V0) */
  59:Generated_Source\PSoC4/ShiftReg_1_PM.c **** }
  52              		.loc 1 59 0
  53 0014 C046     		nop
ARM GAS  C:\Users\Ala\AppData\Local\Temp\ccMfiCyE.s 			page 3


  54 0016 BD46     		mov	sp, r7
  55              		@ sp needed
  56 0018 80BD     		pop	{r7, pc}
  57              	.L3:
  58 001a C046     		.align	2
  59              	.L2:
  60 001c 00200F40 		.word	1074733056
  61 0020 00000000 		.word	ShiftReg_1_backup
  62 0024 40200F40 		.word	1074733120
  63              		.cfi_endproc
  64              	.LFE0:
  65              		.size	ShiftReg_1_SaveConfig, .-ShiftReg_1_SaveConfig
  66              		.section	.text.ShiftReg_1_RestoreConfig,"ax",%progbits
  67              		.align	2
  68              		.global	ShiftReg_1_RestoreConfig
  69              		.code	16
  70              		.thumb_func
  71              		.type	ShiftReg_1_RestoreConfig, %function
  72              	ShiftReg_1_RestoreConfig:
  73              	.LFB1:
  60:Generated_Source\PSoC4/ShiftReg_1_PM.c **** 
  61:Generated_Source\PSoC4/ShiftReg_1_PM.c **** 
  62:Generated_Source\PSoC4/ShiftReg_1_PM.c **** /*******************************************************************************
  63:Generated_Source\PSoC4/ShiftReg_1_PM.c **** * Function Name: ShiftReg_1_RestoreConfig
  64:Generated_Source\PSoC4/ShiftReg_1_PM.c **** ********************************************************************************
  65:Generated_Source\PSoC4/ShiftReg_1_PM.c **** *
  66:Generated_Source\PSoC4/ShiftReg_1_PM.c **** * Summary:
  67:Generated_Source\PSoC4/ShiftReg_1_PM.c **** *  Restores Shift Register configuration.
  68:Generated_Source\PSoC4/ShiftReg_1_PM.c **** *
  69:Generated_Source\PSoC4/ShiftReg_1_PM.c **** * Parameters:
  70:Generated_Source\PSoC4/ShiftReg_1_PM.c **** *  None.
  71:Generated_Source\PSoC4/ShiftReg_1_PM.c **** *
  72:Generated_Source\PSoC4/ShiftReg_1_PM.c **** * Return:
  73:Generated_Source\PSoC4/ShiftReg_1_PM.c **** *  None.
  74:Generated_Source\PSoC4/ShiftReg_1_PM.c **** *
  75:Generated_Source\PSoC4/ShiftReg_1_PM.c **** *******************************************************************************/
  76:Generated_Source\PSoC4/ShiftReg_1_PM.c **** void ShiftReg_1_RestoreConfig(void) 
  77:Generated_Source\PSoC4/ShiftReg_1_PM.c **** {
  74              		.loc 1 77 0
  75              		.cfi_startproc
  76              		@ args = 0, pretend = 0, frame = 0
  77              		@ frame_needed = 1, uses_anonymous_args = 0
  78 0000 80B5     		push	{r7, lr}
  79              		.cfi_def_cfa_offset 8
  80              		.cfi_offset 7, -8
  81              		.cfi_offset 14, -4
  82 0002 00AF     		add	r7, sp, #0
  83              		.cfi_def_cfa_register 7
  78:Generated_Source\PSoC4/ShiftReg_1_PM.c ****     /* Restore working registers A0 and A1 */
  79:Generated_Source\PSoC4/ShiftReg_1_PM.c ****     CY_SET_REG32(ShiftReg_1_SHIFT_REG_LSB_PTR, ShiftReg_1_backup.saveSrA0Reg);
  84              		.loc 1 79 0
  85 0004 054A     		ldr	r2, .L5
  86 0006 064B     		ldr	r3, .L5+4
  87 0008 5B68     		ldr	r3, [r3, #4]
  88 000a 1360     		str	r3, [r2]
  80:Generated_Source\PSoC4/ShiftReg_1_PM.c ****     CY_SET_REG32(ShiftReg_1_SHIFT_REG_VALUE_LSB_PTR, ShiftReg_1_backup.saveSrA1Reg);
  89              		.loc 1 80 0
ARM GAS  C:\Users\Ala\AppData\Local\Temp\ccMfiCyE.s 			page 4


  90 000c 054A     		ldr	r2, .L5+8
  91 000e 044B     		ldr	r3, .L5+4
  92 0010 9B68     		ldr	r3, [r3, #8]
  93 0012 1360     		str	r3, [r2]
  81:Generated_Source\PSoC4/ShiftReg_1_PM.c **** 
  82:Generated_Source\PSoC4/ShiftReg_1_PM.c ****     #if(CY_UDB_V0)
  83:Generated_Source\PSoC4/ShiftReg_1_PM.c ****         ShiftReg_1_SR_STATUS_MASK = ((uint8) ShiftReg_1_backup.saveSrIntMask);
  84:Generated_Source\PSoC4/ShiftReg_1_PM.c ****     #endif /* (CY_UDB_V0) */
  85:Generated_Source\PSoC4/ShiftReg_1_PM.c **** }
  94              		.loc 1 85 0
  95 0014 C046     		nop
  96 0016 BD46     		mov	sp, r7
  97              		@ sp needed
  98 0018 80BD     		pop	{r7, pc}
  99              	.L6:
 100 001a C046     		.align	2
 101              	.L5:
 102 001c 00200F40 		.word	1074733056
 103 0020 00000000 		.word	ShiftReg_1_backup
 104 0024 40200F40 		.word	1074733120
 105              		.cfi_endproc
 106              	.LFE1:
 107              		.size	ShiftReg_1_RestoreConfig, .-ShiftReg_1_RestoreConfig
 108              		.section	.text.ShiftReg_1_Sleep,"ax",%progbits
 109              		.align	2
 110              		.global	ShiftReg_1_Sleep
 111              		.code	16
 112              		.thumb_func
 113              		.type	ShiftReg_1_Sleep, %function
 114              	ShiftReg_1_Sleep:
 115              	.LFB2:
  86:Generated_Source\PSoC4/ShiftReg_1_PM.c **** 
  87:Generated_Source\PSoC4/ShiftReg_1_PM.c **** 
  88:Generated_Source\PSoC4/ShiftReg_1_PM.c **** /*******************************************************************************
  89:Generated_Source\PSoC4/ShiftReg_1_PM.c **** * Function Name: ShiftReg_1_Sleep
  90:Generated_Source\PSoC4/ShiftReg_1_PM.c **** ********************************************************************************
  91:Generated_Source\PSoC4/ShiftReg_1_PM.c **** *
  92:Generated_Source\PSoC4/ShiftReg_1_PM.c **** * Summary:
  93:Generated_Source\PSoC4/ShiftReg_1_PM.c **** *  Prepare the component to enter a Sleep mode.
  94:Generated_Source\PSoC4/ShiftReg_1_PM.c **** *
  95:Generated_Source\PSoC4/ShiftReg_1_PM.c **** * Parameters:
  96:Generated_Source\PSoC4/ShiftReg_1_PM.c **** *  None.
  97:Generated_Source\PSoC4/ShiftReg_1_PM.c **** *
  98:Generated_Source\PSoC4/ShiftReg_1_PM.c **** * Return:
  99:Generated_Source\PSoC4/ShiftReg_1_PM.c **** *  None.
 100:Generated_Source\PSoC4/ShiftReg_1_PM.c **** *
 101:Generated_Source\PSoC4/ShiftReg_1_PM.c **** * Reentrant:
 102:Generated_Source\PSoC4/ShiftReg_1_PM.c **** *  No.
 103:Generated_Source\PSoC4/ShiftReg_1_PM.c **** *
 104:Generated_Source\PSoC4/ShiftReg_1_PM.c **** *******************************************************************************/
 105:Generated_Source\PSoC4/ShiftReg_1_PM.c **** void ShiftReg_1_Sleep(void) 
 106:Generated_Source\PSoC4/ShiftReg_1_PM.c **** {
 116              		.loc 1 106 0
 117              		.cfi_startproc
 118              		@ args = 0, pretend = 0, frame = 0
 119              		@ frame_needed = 1, uses_anonymous_args = 0
 120 0000 80B5     		push	{r7, lr}
ARM GAS  C:\Users\Ala\AppData\Local\Temp\ccMfiCyE.s 			page 5


 121              		.cfi_def_cfa_offset 8
 122              		.cfi_offset 7, -8
 123              		.cfi_offset 14, -4
 124 0002 00AF     		add	r7, sp, #0
 125              		.cfi_def_cfa_register 7
 107:Generated_Source\PSoC4/ShiftReg_1_PM.c ****     ShiftReg_1_backup.enableState = ((uint8) ShiftReg_1_IS_ENABLED);
 126              		.loc 1 107 0
 127 0004 094B     		ldr	r3, .L8
 128 0006 1B78     		ldrb	r3, [r3]
 129 0008 DBB2     		uxtb	r3, r3
 130 000a 1A00     		movs	r2, r3
 131 000c 0123     		movs	r3, #1
 132 000e 1340     		ands	r3, r2
 133 0010 5A1E     		subs	r2, r3, #1
 134 0012 9341     		sbcs	r3, r3, r2
 135 0014 DBB2     		uxtb	r3, r3
 136 0016 1A00     		movs	r2, r3
 137 0018 054B     		ldr	r3, .L8+4
 138 001a 1A70     		strb	r2, [r3]
 108:Generated_Source\PSoC4/ShiftReg_1_PM.c **** 
 109:Generated_Source\PSoC4/ShiftReg_1_PM.c ****     ShiftReg_1_Stop();
 139              		.loc 1 109 0
 140 001c FFF7FEFF 		bl	ShiftReg_1_Stop
 110:Generated_Source\PSoC4/ShiftReg_1_PM.c ****     ShiftReg_1_SaveConfig();
 141              		.loc 1 110 0
 142 0020 FFF7FEFF 		bl	ShiftReg_1_SaveConfig
 111:Generated_Source\PSoC4/ShiftReg_1_PM.c **** }
 143              		.loc 1 111 0
 144 0024 C046     		nop
 145 0026 BD46     		mov	sp, r7
 146              		@ sp needed
 147 0028 80BD     		pop	{r7, pc}
 148              	.L9:
 149 002a C046     		.align	2
 150              	.L8:
 151 002c 71000F40 		.word	1074724977
 152 0030 00000000 		.word	ShiftReg_1_backup
 153              		.cfi_endproc
 154              	.LFE2:
 155              		.size	ShiftReg_1_Sleep, .-ShiftReg_1_Sleep
 156              		.section	.text.ShiftReg_1_Wakeup,"ax",%progbits
 157              		.align	2
 158              		.global	ShiftReg_1_Wakeup
 159              		.code	16
 160              		.thumb_func
 161              		.type	ShiftReg_1_Wakeup, %function
 162              	ShiftReg_1_Wakeup:
 163              	.LFB3:
 112:Generated_Source\PSoC4/ShiftReg_1_PM.c **** 
 113:Generated_Source\PSoC4/ShiftReg_1_PM.c **** 
 114:Generated_Source\PSoC4/ShiftReg_1_PM.c **** /*******************************************************************************
 115:Generated_Source\PSoC4/ShiftReg_1_PM.c **** * Function Name: ShiftReg_1_Wakeup
 116:Generated_Source\PSoC4/ShiftReg_1_PM.c **** ********************************************************************************
 117:Generated_Source\PSoC4/ShiftReg_1_PM.c **** *
 118:Generated_Source\PSoC4/ShiftReg_1_PM.c **** * Summary:
 119:Generated_Source\PSoC4/ShiftReg_1_PM.c **** *  Restores and enables the user configuration.
 120:Generated_Source\PSoC4/ShiftReg_1_PM.c **** *
ARM GAS  C:\Users\Ala\AppData\Local\Temp\ccMfiCyE.s 			page 6


 121:Generated_Source\PSoC4/ShiftReg_1_PM.c **** * Parameters:
 122:Generated_Source\PSoC4/ShiftReg_1_PM.c **** *  None.
 123:Generated_Source\PSoC4/ShiftReg_1_PM.c **** *
 124:Generated_Source\PSoC4/ShiftReg_1_PM.c **** * Return:
 125:Generated_Source\PSoC4/ShiftReg_1_PM.c **** *  None.
 126:Generated_Source\PSoC4/ShiftReg_1_PM.c **** *
 127:Generated_Source\PSoC4/ShiftReg_1_PM.c **** *******************************************************************************/
 128:Generated_Source\PSoC4/ShiftReg_1_PM.c **** void ShiftReg_1_Wakeup(void) 
 129:Generated_Source\PSoC4/ShiftReg_1_PM.c **** {
 164              		.loc 1 129 0
 165              		.cfi_startproc
 166              		@ args = 0, pretend = 0, frame = 0
 167              		@ frame_needed = 1, uses_anonymous_args = 0
 168 0000 80B5     		push	{r7, lr}
 169              		.cfi_def_cfa_offset 8
 170              		.cfi_offset 7, -8
 171              		.cfi_offset 14, -4
 172 0002 00AF     		add	r7, sp, #0
 173              		.cfi_def_cfa_register 7
 130:Generated_Source\PSoC4/ShiftReg_1_PM.c ****     ShiftReg_1_RestoreConfig();
 174              		.loc 1 130 0
 175 0004 FFF7FEFF 		bl	ShiftReg_1_RestoreConfig
 131:Generated_Source\PSoC4/ShiftReg_1_PM.c **** 
 132:Generated_Source\PSoC4/ShiftReg_1_PM.c ****     if(0u != ShiftReg_1_backup.enableState)
 176              		.loc 1 132 0
 177 0008 044B     		ldr	r3, .L13
 178 000a 1B78     		ldrb	r3, [r3]
 179 000c 002B     		cmp	r3, #0
 180 000e 01D0     		beq	.L12
 133:Generated_Source\PSoC4/ShiftReg_1_PM.c ****     {
 134:Generated_Source\PSoC4/ShiftReg_1_PM.c ****         ShiftReg_1_Enable();
 181              		.loc 1 134 0
 182 0010 FFF7FEFF 		bl	ShiftReg_1_Enable
 183              	.L12:
 135:Generated_Source\PSoC4/ShiftReg_1_PM.c ****     }
 136:Generated_Source\PSoC4/ShiftReg_1_PM.c **** }
 184              		.loc 1 136 0
 185 0014 C046     		nop
 186 0016 BD46     		mov	sp, r7
 187              		@ sp needed
 188 0018 80BD     		pop	{r7, pc}
 189              	.L14:
 190 001a C046     		.align	2
 191              	.L13:
 192 001c 00000000 		.word	ShiftReg_1_backup
 193              		.cfi_endproc
 194              	.LFE3:
 195              		.size	ShiftReg_1_Wakeup, .-ShiftReg_1_Wakeup
 196              		.text
 197              	.Letext0:
 198              		.file 2 "Generated_Source\\PSoC4\\cytypes.h"
 199              		.file 3 "Generated_Source\\PSoC4\\ShiftReg_1.h"
 200              		.section	.debug_info,"",%progbits
 201              	.Ldebug_info0:
 202 0000 52010000 		.4byte	0x152
 203 0004 0400     		.2byte	0x4
 204 0006 00000000 		.4byte	.Ldebug_abbrev0
ARM GAS  C:\Users\Ala\AppData\Local\Temp\ccMfiCyE.s 			page 7


 205 000a 04       		.byte	0x4
 206 000b 01       		.uleb128 0x1
 207 000c 56000000 		.4byte	.LASF26
 208 0010 0C       		.byte	0xc
 209 0011 57010000 		.4byte	.LASF27
 210 0015 E0010000 		.4byte	.LASF28
 211 0019 00000000 		.4byte	.Ldebug_ranges0+0
 212 001d 00000000 		.4byte	0
 213 0021 00000000 		.4byte	.Ldebug_line0
 214 0025 02       		.uleb128 0x2
 215 0026 01       		.byte	0x1
 216 0027 06       		.byte	0x6
 217 0028 2E020000 		.4byte	.LASF0
 218 002c 02       		.uleb128 0x2
 219 002d 01       		.byte	0x1
 220 002e 08       		.byte	0x8
 221 002f 2B000000 		.4byte	.LASF1
 222 0033 02       		.uleb128 0x2
 223 0034 02       		.byte	0x2
 224 0035 05       		.byte	0x5
 225 0036 D6010000 		.4byte	.LASF2
 226 003a 02       		.uleb128 0x2
 227 003b 02       		.byte	0x2
 228 003c 07       		.byte	0x7
 229 003d 06000000 		.4byte	.LASF3
 230 0041 02       		.uleb128 0x2
 231 0042 04       		.byte	0x4
 232 0043 05       		.byte	0x5
 233 0044 0D020000 		.4byte	.LASF4
 234 0048 02       		.uleb128 0x2
 235 0049 04       		.byte	0x4
 236 004a 07       		.byte	0x7
 237 004b 3E000000 		.4byte	.LASF5
 238 004f 02       		.uleb128 0x2
 239 0050 08       		.byte	0x8
 240 0051 05       		.byte	0x5
 241 0052 B2010000 		.4byte	.LASF6
 242 0056 02       		.uleb128 0x2
 243 0057 08       		.byte	0x8
 244 0058 07       		.byte	0x7
 245 0059 40010000 		.4byte	.LASF7
 246 005d 03       		.uleb128 0x3
 247 005e 04       		.byte	0x4
 248 005f 05       		.byte	0x5
 249 0060 696E7400 		.ascii	"int\000"
 250 0064 02       		.uleb128 0x2
 251 0065 04       		.byte	0x4
 252 0066 07       		.byte	0x7
 253 0067 1D010000 		.4byte	.LASF8
 254 006b 04       		.uleb128 0x4
 255 006c 50000000 		.4byte	.LASF9
 256 0070 02       		.byte	0x2
 257 0071 F701     		.2byte	0x1f7
 258 0073 2C000000 		.4byte	0x2c
 259 0077 04       		.uleb128 0x4
 260 0078 16010000 		.4byte	.LASF10
 261 007c 02       		.byte	0x2
ARM GAS  C:\Users\Ala\AppData\Local\Temp\ccMfiCyE.s 			page 8


 262 007d F901     		.2byte	0x1f9
 263 007f 48000000 		.4byte	0x48
 264 0083 02       		.uleb128 0x2
 265 0084 04       		.byte	0x4
 266 0085 04       		.byte	0x4
 267 0086 25000000 		.4byte	.LASF11
 268 008a 02       		.uleb128 0x2
 269 008b 08       		.byte	0x8
 270 008c 04       		.byte	0x4
 271 008d E4000000 		.4byte	.LASF12
 272 0091 02       		.uleb128 0x2
 273 0092 01       		.byte	0x1
 274 0093 08       		.byte	0x8
 275 0094 C0010000 		.4byte	.LASF13
 276 0098 04       		.uleb128 0x4
 277 0099 39000000 		.4byte	.LASF14
 278 009d 02       		.byte	0x2
 279 009e A102     		.2byte	0x2a1
 280 00a0 A4000000 		.4byte	0xa4
 281 00a4 05       		.uleb128 0x5
 282 00a5 6B000000 		.4byte	0x6b
 283 00a9 04       		.uleb128 0x4
 284 00aa 00000000 		.4byte	.LASF15
 285 00ae 02       		.byte	0x2
 286 00af A302     		.2byte	0x2a3
 287 00b1 B5000000 		.4byte	0xb5
 288 00b5 05       		.uleb128 0x5
 289 00b6 77000000 		.4byte	0x77
 290 00ba 02       		.uleb128 0x2
 291 00bb 08       		.byte	0x8
 292 00bc 04       		.byte	0x4
 293 00bd 22020000 		.4byte	.LASF16
 294 00c1 02       		.uleb128 0x2
 295 00c2 04       		.byte	0x4
 296 00c3 07       		.byte	0x7
 297 00c4 97010000 		.4byte	.LASF17
 298 00c8 06       		.uleb128 0x6
 299 00c9 0C       		.byte	0xc
 300 00ca 03       		.byte	0x3
 301 00cb 2A       		.byte	0x2a
 302 00cc F5000000 		.4byte	0xf5
 303 00d0 07       		.uleb128 0x7
 304 00d1 16020000 		.4byte	.LASF18
 305 00d5 03       		.byte	0x3
 306 00d6 2C       		.byte	0x2c
 307 00d7 6B000000 		.4byte	0x6b
 308 00db 00       		.byte	0
 309 00dc 07       		.uleb128 0x7
 310 00dd 3A020000 		.4byte	.LASF19
 311 00e1 03       		.byte	0x3
 312 00e2 2E       		.byte	0x2e
 313 00e3 77000000 		.4byte	0x77
 314 00e7 04       		.byte	0x4
 315 00e8 07       		.uleb128 0x7
 316 00e9 19000000 		.4byte	.LASF20
 317 00ed 03       		.byte	0x3
 318 00ee 2F       		.byte	0x2f
ARM GAS  C:\Users\Ala\AppData\Local\Temp\ccMfiCyE.s 			page 9


 319 00ef 77000000 		.4byte	0x77
 320 00f3 08       		.byte	0x8
 321 00f4 00       		.byte	0
 322 00f5 08       		.uleb128 0x8
 323 00f6 FD000000 		.4byte	.LASF21
 324 00fa 03       		.byte	0x3
 325 00fb 35       		.byte	0x35
 326 00fc C8000000 		.4byte	0xc8
 327 0100 09       		.uleb128 0x9
 328 0101 2A010000 		.4byte	.LASF22
 329 0105 01       		.byte	0x1
 330 0106 32       		.byte	0x32
 331 0107 00000000 		.4byte	.LFB0
 332 010b 28000000 		.4byte	.LFE0-.LFB0
 333 010f 01       		.uleb128 0x1
 334 0110 9C       		.byte	0x9c
 335 0111 09       		.uleb128 0x9
 336 0112 7E010000 		.4byte	.LASF23
 337 0116 01       		.byte	0x1
 338 0117 4C       		.byte	0x4c
 339 0118 00000000 		.4byte	.LFB1
 340 011c 28000000 		.4byte	.LFE1-.LFB1
 341 0120 01       		.uleb128 0x1
 342 0121 9C       		.byte	0x9c
 343 0122 0A       		.uleb128 0xa
 344 0123 C5010000 		.4byte	.LASF24
 345 0127 01       		.byte	0x1
 346 0128 69       		.byte	0x69
 347 0129 00000000 		.4byte	.LFB2
 348 012d 34000000 		.4byte	.LFE2-.LFB2
 349 0131 01       		.uleb128 0x1
 350 0132 9C       		.byte	0x9c
 351 0133 0A       		.uleb128 0xa
 352 0134 A0010000 		.4byte	.LASF25
 353 0138 01       		.byte	0x1
 354 0139 80       		.byte	0x80
 355 013a 00000000 		.4byte	.LFB3
 356 013e 20000000 		.4byte	.LFE3-.LFB3
 357 0142 01       		.uleb128 0x1
 358 0143 9C       		.byte	0x9c
 359 0144 0B       		.uleb128 0xb
 360 0145 EB000000 		.4byte	.LASF29
 361 0149 01       		.byte	0x1
 362 014a 14       		.byte	0x14
 363 014b F5000000 		.4byte	0xf5
 364 014f 05       		.uleb128 0x5
 365 0150 03       		.byte	0x3
 366 0151 00000000 		.4byte	ShiftReg_1_backup
 367 0155 00       		.byte	0
 368              		.section	.debug_abbrev,"",%progbits
 369              	.Ldebug_abbrev0:
 370 0000 01       		.uleb128 0x1
 371 0001 11       		.uleb128 0x11
 372 0002 01       		.byte	0x1
 373 0003 25       		.uleb128 0x25
 374 0004 0E       		.uleb128 0xe
 375 0005 13       		.uleb128 0x13
ARM GAS  C:\Users\Ala\AppData\Local\Temp\ccMfiCyE.s 			page 10


 376 0006 0B       		.uleb128 0xb
 377 0007 03       		.uleb128 0x3
 378 0008 0E       		.uleb128 0xe
 379 0009 1B       		.uleb128 0x1b
 380 000a 0E       		.uleb128 0xe
 381 000b 55       		.uleb128 0x55
 382 000c 17       		.uleb128 0x17
 383 000d 11       		.uleb128 0x11
 384 000e 01       		.uleb128 0x1
 385 000f 10       		.uleb128 0x10
 386 0010 17       		.uleb128 0x17
 387 0011 00       		.byte	0
 388 0012 00       		.byte	0
 389 0013 02       		.uleb128 0x2
 390 0014 24       		.uleb128 0x24
 391 0015 00       		.byte	0
 392 0016 0B       		.uleb128 0xb
 393 0017 0B       		.uleb128 0xb
 394 0018 3E       		.uleb128 0x3e
 395 0019 0B       		.uleb128 0xb
 396 001a 03       		.uleb128 0x3
 397 001b 0E       		.uleb128 0xe
 398 001c 00       		.byte	0
 399 001d 00       		.byte	0
 400 001e 03       		.uleb128 0x3
 401 001f 24       		.uleb128 0x24
 402 0020 00       		.byte	0
 403 0021 0B       		.uleb128 0xb
 404 0022 0B       		.uleb128 0xb
 405 0023 3E       		.uleb128 0x3e
 406 0024 0B       		.uleb128 0xb
 407 0025 03       		.uleb128 0x3
 408 0026 08       		.uleb128 0x8
 409 0027 00       		.byte	0
 410 0028 00       		.byte	0
 411 0029 04       		.uleb128 0x4
 412 002a 16       		.uleb128 0x16
 413 002b 00       		.byte	0
 414 002c 03       		.uleb128 0x3
 415 002d 0E       		.uleb128 0xe
 416 002e 3A       		.uleb128 0x3a
 417 002f 0B       		.uleb128 0xb
 418 0030 3B       		.uleb128 0x3b
 419 0031 05       		.uleb128 0x5
 420 0032 49       		.uleb128 0x49
 421 0033 13       		.uleb128 0x13
 422 0034 00       		.byte	0
 423 0035 00       		.byte	0
 424 0036 05       		.uleb128 0x5
 425 0037 35       		.uleb128 0x35
 426 0038 00       		.byte	0
 427 0039 49       		.uleb128 0x49
 428 003a 13       		.uleb128 0x13
 429 003b 00       		.byte	0
 430 003c 00       		.byte	0
 431 003d 06       		.uleb128 0x6
 432 003e 13       		.uleb128 0x13
ARM GAS  C:\Users\Ala\AppData\Local\Temp\ccMfiCyE.s 			page 11


 433 003f 01       		.byte	0x1
 434 0040 0B       		.uleb128 0xb
 435 0041 0B       		.uleb128 0xb
 436 0042 3A       		.uleb128 0x3a
 437 0043 0B       		.uleb128 0xb
 438 0044 3B       		.uleb128 0x3b
 439 0045 0B       		.uleb128 0xb
 440 0046 01       		.uleb128 0x1
 441 0047 13       		.uleb128 0x13
 442 0048 00       		.byte	0
 443 0049 00       		.byte	0
 444 004a 07       		.uleb128 0x7
 445 004b 0D       		.uleb128 0xd
 446 004c 00       		.byte	0
 447 004d 03       		.uleb128 0x3
 448 004e 0E       		.uleb128 0xe
 449 004f 3A       		.uleb128 0x3a
 450 0050 0B       		.uleb128 0xb
 451 0051 3B       		.uleb128 0x3b
 452 0052 0B       		.uleb128 0xb
 453 0053 49       		.uleb128 0x49
 454 0054 13       		.uleb128 0x13
 455 0055 38       		.uleb128 0x38
 456 0056 0B       		.uleb128 0xb
 457 0057 00       		.byte	0
 458 0058 00       		.byte	0
 459 0059 08       		.uleb128 0x8
 460 005a 16       		.uleb128 0x16
 461 005b 00       		.byte	0
 462 005c 03       		.uleb128 0x3
 463 005d 0E       		.uleb128 0xe
 464 005e 3A       		.uleb128 0x3a
 465 005f 0B       		.uleb128 0xb
 466 0060 3B       		.uleb128 0x3b
 467 0061 0B       		.uleb128 0xb
 468 0062 49       		.uleb128 0x49
 469 0063 13       		.uleb128 0x13
 470 0064 00       		.byte	0
 471 0065 00       		.byte	0
 472 0066 09       		.uleb128 0x9
 473 0067 2E       		.uleb128 0x2e
 474 0068 00       		.byte	0
 475 0069 3F       		.uleb128 0x3f
 476 006a 19       		.uleb128 0x19
 477 006b 03       		.uleb128 0x3
 478 006c 0E       		.uleb128 0xe
 479 006d 3A       		.uleb128 0x3a
 480 006e 0B       		.uleb128 0xb
 481 006f 3B       		.uleb128 0x3b
 482 0070 0B       		.uleb128 0xb
 483 0071 27       		.uleb128 0x27
 484 0072 19       		.uleb128 0x19
 485 0073 11       		.uleb128 0x11
 486 0074 01       		.uleb128 0x1
 487 0075 12       		.uleb128 0x12
 488 0076 06       		.uleb128 0x6
 489 0077 40       		.uleb128 0x40
ARM GAS  C:\Users\Ala\AppData\Local\Temp\ccMfiCyE.s 			page 12


 490 0078 18       		.uleb128 0x18
 491 0079 9742     		.uleb128 0x2117
 492 007b 19       		.uleb128 0x19
 493 007c 00       		.byte	0
 494 007d 00       		.byte	0
 495 007e 0A       		.uleb128 0xa
 496 007f 2E       		.uleb128 0x2e
 497 0080 00       		.byte	0
 498 0081 3F       		.uleb128 0x3f
 499 0082 19       		.uleb128 0x19
 500 0083 03       		.uleb128 0x3
 501 0084 0E       		.uleb128 0xe
 502 0085 3A       		.uleb128 0x3a
 503 0086 0B       		.uleb128 0xb
 504 0087 3B       		.uleb128 0x3b
 505 0088 0B       		.uleb128 0xb
 506 0089 27       		.uleb128 0x27
 507 008a 19       		.uleb128 0x19
 508 008b 11       		.uleb128 0x11
 509 008c 01       		.uleb128 0x1
 510 008d 12       		.uleb128 0x12
 511 008e 06       		.uleb128 0x6
 512 008f 40       		.uleb128 0x40
 513 0090 18       		.uleb128 0x18
 514 0091 9642     		.uleb128 0x2116
 515 0093 19       		.uleb128 0x19
 516 0094 00       		.byte	0
 517 0095 00       		.byte	0
 518 0096 0B       		.uleb128 0xb
 519 0097 34       		.uleb128 0x34
 520 0098 00       		.byte	0
 521 0099 03       		.uleb128 0x3
 522 009a 0E       		.uleb128 0xe
 523 009b 3A       		.uleb128 0x3a
 524 009c 0B       		.uleb128 0xb
 525 009d 3B       		.uleb128 0x3b
 526 009e 0B       		.uleb128 0xb
 527 009f 49       		.uleb128 0x49
 528 00a0 13       		.uleb128 0x13
 529 00a1 02       		.uleb128 0x2
 530 00a2 18       		.uleb128 0x18
 531 00a3 00       		.byte	0
 532 00a4 00       		.byte	0
 533 00a5 00       		.byte	0
 534              		.section	.debug_aranges,"",%progbits
 535 0000 34000000 		.4byte	0x34
 536 0004 0200     		.2byte	0x2
 537 0006 00000000 		.4byte	.Ldebug_info0
 538 000a 04       		.byte	0x4
 539 000b 00       		.byte	0
 540 000c 0000     		.2byte	0
 541 000e 0000     		.2byte	0
 542 0010 00000000 		.4byte	.LFB0
 543 0014 28000000 		.4byte	.LFE0-.LFB0
 544 0018 00000000 		.4byte	.LFB1
 545 001c 28000000 		.4byte	.LFE1-.LFB1
 546 0020 00000000 		.4byte	.LFB2
ARM GAS  C:\Users\Ala\AppData\Local\Temp\ccMfiCyE.s 			page 13


 547 0024 34000000 		.4byte	.LFE2-.LFB2
 548 0028 00000000 		.4byte	.LFB3
 549 002c 20000000 		.4byte	.LFE3-.LFB3
 550 0030 00000000 		.4byte	0
 551 0034 00000000 		.4byte	0
 552              		.section	.debug_ranges,"",%progbits
 553              	.Ldebug_ranges0:
 554 0000 00000000 		.4byte	.LFB0
 555 0004 28000000 		.4byte	.LFE0
 556 0008 00000000 		.4byte	.LFB1
 557 000c 28000000 		.4byte	.LFE1
 558 0010 00000000 		.4byte	.LFB2
 559 0014 34000000 		.4byte	.LFE2
 560 0018 00000000 		.4byte	.LFB3
 561 001c 20000000 		.4byte	.LFE3
 562 0020 00000000 		.4byte	0
 563 0024 00000000 		.4byte	0
 564              		.section	.debug_line,"",%progbits
 565              	.Ldebug_line0:
 566 0000 AD000000 		.section	.debug_str,"MS",%progbits,1
 566      02005A00 
 566      00000201 
 566      FB0E0D00 
 566      01010101 
 567              	.LASF15:
 568 0000 72656733 		.ascii	"reg32\000"
 568      3200
 569              	.LASF3:
 570 0006 73686F72 		.ascii	"short unsigned int\000"
 570      7420756E 
 570      7369676E 
 570      65642069 
 570      6E7400
 571              	.LASF20:
 572 0019 73617665 		.ascii	"saveSrA1Reg\000"
 572      53724131 
 572      52656700 
 573              	.LASF11:
 574 0025 666C6F61 		.ascii	"float\000"
 574      7400
 575              	.LASF1:
 576 002b 756E7369 		.ascii	"unsigned char\000"
 576      676E6564 
 576      20636861 
 576      7200
 577              	.LASF14:
 578 0039 72656738 		.ascii	"reg8\000"
 578      00
 579              	.LASF5:
 580 003e 6C6F6E67 		.ascii	"long unsigned int\000"
 580      20756E73 
 580      69676E65 
 580      6420696E 
 580      7400
 581              	.LASF9:
 582 0050 75696E74 		.ascii	"uint8\000"
 582      3800
ARM GAS  C:\Users\Ala\AppData\Local\Temp\ccMfiCyE.s 			page 14


 583              	.LASF26:
 584 0056 474E5520 		.ascii	"GNU C11 5.4.1 20160609 (release) [ARM/embedded-5-br"
 584      43313120 
 584      352E342E 
 584      31203230 
 584      31363036 
 585 0089 616E6368 		.ascii	"anch revision 237715] -mcpu=cortex-m0 -mthumb -g -O"
 585      20726576 
 585      6973696F 
 585      6E203233 
 585      37373135 
 586 00bc 30202D66 		.ascii	"0 -ffunction-sections -ffat-lto-objects\000"
 586      66756E63 
 586      74696F6E 
 586      2D736563 
 586      74696F6E 
 587              	.LASF12:
 588 00e4 646F7562 		.ascii	"double\000"
 588      6C6500
 589              	.LASF29:
 590 00eb 53686966 		.ascii	"ShiftReg_1_backup\000"
 590      74526567 
 590      5F315F62 
 590      61636B75 
 590      7000
 591              	.LASF21:
 592 00fd 53686966 		.ascii	"ShiftReg_1_BACKUP_STRUCT\000"
 592      74526567 
 592      5F315F42 
 592      41434B55 
 592      505F5354 
 593              	.LASF10:
 594 0116 75696E74 		.ascii	"uint32\000"
 594      333200
 595              	.LASF8:
 596 011d 756E7369 		.ascii	"unsigned int\000"
 596      676E6564 
 596      20696E74 
 596      00
 597              	.LASF22:
 598 012a 53686966 		.ascii	"ShiftReg_1_SaveConfig\000"
 598      74526567 
 598      5F315F53 
 598      61766543 
 598      6F6E6669 
 599              	.LASF7:
 600 0140 6C6F6E67 		.ascii	"long long unsigned int\000"
 600      206C6F6E 
 600      6720756E 
 600      7369676E 
 600      65642069 
 601              	.LASF27:
 602 0157 47656E65 		.ascii	"Generated_Source\\PSoC4\\ShiftReg_1_PM.c\000"
 602      72617465 
 602      645F536F 
 602      75726365 
 602      5C50536F 
ARM GAS  C:\Users\Ala\AppData\Local\Temp\ccMfiCyE.s 			page 15


 603              	.LASF23:
 604 017e 53686966 		.ascii	"ShiftReg_1_RestoreConfig\000"
 604      74526567 
 604      5F315F52 
 604      6573746F 
 604      7265436F 
 605              	.LASF17:
 606 0197 73697A65 		.ascii	"sizetype\000"
 606      74797065 
 606      00
 607              	.LASF25:
 608 01a0 53686966 		.ascii	"ShiftReg_1_Wakeup\000"
 608      74526567 
 608      5F315F57 
 608      616B6575 
 608      7000
 609              	.LASF6:
 610 01b2 6C6F6E67 		.ascii	"long long int\000"
 610      206C6F6E 
 610      6720696E 
 610      7400
 611              	.LASF13:
 612 01c0 63686172 		.ascii	"char\000"
 612      00
 613              	.LASF24:
 614 01c5 53686966 		.ascii	"ShiftReg_1_Sleep\000"
 614      74526567 
 614      5F315F53 
 614      6C656570 
 614      00
 615              	.LASF2:
 616 01d6 73686F72 		.ascii	"short int\000"
 616      7420696E 
 616      7400
 617              	.LASF28:
 618 01e0 433A5C55 		.ascii	"C:\\Users\\Ala\\Desktop\\Cypress\\BeoM_main.cydsn\000"
 618      73657273 
 618      5C416C61 
 618      5C446573 
 618      6B746F70 
 619              	.LASF4:
 620 020d 6C6F6E67 		.ascii	"long int\000"
 620      20696E74 
 620      00
 621              	.LASF18:
 622 0216 656E6162 		.ascii	"enableState\000"
 622      6C655374 
 622      61746500 
 623              	.LASF16:
 624 0222 6C6F6E67 		.ascii	"long double\000"
 624      20646F75 
 624      626C6500 
 625              	.LASF0:
 626 022e 7369676E 		.ascii	"signed char\000"
 626      65642063 
 626      68617200 
 627              	.LASF19:
ARM GAS  C:\Users\Ala\AppData\Local\Temp\ccMfiCyE.s 			page 16


 628 023a 73617665 		.ascii	"saveSrA0Reg\000"
 628      53724130 
 628      52656700 
 629              		.ident	"GCC: (GNU Tools for ARM Embedded Processors) 5.4.1 20160609 (release) [ARM/embedded-5-bran
