ARM GAS  C:\Users\Ala\AppData\Local\Temp\cc133uPb.s 			page 1


   1              		.syntax unified
   2              		.cpu cortex-m0
   3              		.fpu softvfp
   4              		.eabi_attribute 20, 1
   5              		.eabi_attribute 21, 1
   6              		.eabi_attribute 23, 3
   7              		.eabi_attribute 24, 1
   8              		.eabi_attribute 25, 1
   9              		.eabi_attribute 26, 1
  10              		.eabi_attribute 30, 4
  11              		.eabi_attribute 34, 0
  12              		.eabi_attribute 18, 4
  13              		.thumb
  14              		.syntax unified
  15              		.file	"SPIM_SPI_UART.c"
  16              		.text
  17              	.Ltext0:
  18              		.cfi_sections	.debug_frame
  19              		.section	.text.SPIM_SpiUartReadRxData,"ax",%progbits
  20              		.align	1
  21              		.global	SPIM_SpiUartReadRxData
  22              		.code	16
  23              		.thumb_func
  24              		.type	SPIM_SpiUartReadRxData, %function
  25              	SPIM_SpiUartReadRxData:
  26              	.LFB0:
  27              		.file 1 "Generated_Source\\PSoC4\\SPIM_SPI_UART.c"
   1:Generated_Source\PSoC4/SPIM_SPI_UART.c **** /***************************************************************************//**
   2:Generated_Source\PSoC4/SPIM_SPI_UART.c **** * \file SPIM_SPI_UART.c
   3:Generated_Source\PSoC4/SPIM_SPI_UART.c **** * \version 4.0
   4:Generated_Source\PSoC4/SPIM_SPI_UART.c **** *
   5:Generated_Source\PSoC4/SPIM_SPI_UART.c **** * \brief
   6:Generated_Source\PSoC4/SPIM_SPI_UART.c **** *  This file provides the source code to the API for the SCB Component in
   7:Generated_Source\PSoC4/SPIM_SPI_UART.c **** *  SPI and UART modes.
   8:Generated_Source\PSoC4/SPIM_SPI_UART.c **** *
   9:Generated_Source\PSoC4/SPIM_SPI_UART.c **** * Note:
  10:Generated_Source\PSoC4/SPIM_SPI_UART.c **** *
  11:Generated_Source\PSoC4/SPIM_SPI_UART.c **** *******************************************************************************
  12:Generated_Source\PSoC4/SPIM_SPI_UART.c **** * \copyright
  13:Generated_Source\PSoC4/SPIM_SPI_UART.c **** * Copyright 2013-2017, Cypress Semiconductor Corporation.  All rights reserved.
  14:Generated_Source\PSoC4/SPIM_SPI_UART.c **** * You may use this file only in accordance with the license, terms, conditions,
  15:Generated_Source\PSoC4/SPIM_SPI_UART.c **** * disclaimers, and limitations in the end user license agreement accompanying
  16:Generated_Source\PSoC4/SPIM_SPI_UART.c **** * the software package with which this file was provided.
  17:Generated_Source\PSoC4/SPIM_SPI_UART.c **** *******************************************************************************/
  18:Generated_Source\PSoC4/SPIM_SPI_UART.c **** 
  19:Generated_Source\PSoC4/SPIM_SPI_UART.c **** #include "SPIM_PVT.h"
  20:Generated_Source\PSoC4/SPIM_SPI_UART.c **** #include "SPIM_SPI_UART_PVT.h"
  21:Generated_Source\PSoC4/SPIM_SPI_UART.c **** 
  22:Generated_Source\PSoC4/SPIM_SPI_UART.c **** /***************************************
  23:Generated_Source\PSoC4/SPIM_SPI_UART.c **** *        SPI/UART Private Vars
  24:Generated_Source\PSoC4/SPIM_SPI_UART.c **** ***************************************/
  25:Generated_Source\PSoC4/SPIM_SPI_UART.c **** 
  26:Generated_Source\PSoC4/SPIM_SPI_UART.c **** #if(SPIM_INTERNAL_RX_SW_BUFFER_CONST)
  27:Generated_Source\PSoC4/SPIM_SPI_UART.c ****     /* Start index to put data into the software receive buffer.*/
  28:Generated_Source\PSoC4/SPIM_SPI_UART.c ****     volatile uint32 SPIM_rxBufferHead;
  29:Generated_Source\PSoC4/SPIM_SPI_UART.c ****     /* Start index to get data from the software receive buffer.*/
  30:Generated_Source\PSoC4/SPIM_SPI_UART.c ****     volatile uint32 SPIM_rxBufferTail;
ARM GAS  C:\Users\Ala\AppData\Local\Temp\cc133uPb.s 			page 2


  31:Generated_Source\PSoC4/SPIM_SPI_UART.c ****     /**
  32:Generated_Source\PSoC4/SPIM_SPI_UART.c ****     * \addtogroup group_globals
  33:Generated_Source\PSoC4/SPIM_SPI_UART.c ****     * \{
  34:Generated_Source\PSoC4/SPIM_SPI_UART.c ****     */
  35:Generated_Source\PSoC4/SPIM_SPI_UART.c ****     /** Sets when internal software receive buffer overflow
  36:Generated_Source\PSoC4/SPIM_SPI_UART.c ****     *  was occurred.
  37:Generated_Source\PSoC4/SPIM_SPI_UART.c ****     */
  38:Generated_Source\PSoC4/SPIM_SPI_UART.c ****     volatile uint8  SPIM_rxBufferOverflow;
  39:Generated_Source\PSoC4/SPIM_SPI_UART.c ****     /** \} globals */
  40:Generated_Source\PSoC4/SPIM_SPI_UART.c **** #endif /* (SPIM_INTERNAL_RX_SW_BUFFER_CONST) */
  41:Generated_Source\PSoC4/SPIM_SPI_UART.c **** 
  42:Generated_Source\PSoC4/SPIM_SPI_UART.c **** #if(SPIM_INTERNAL_TX_SW_BUFFER_CONST)
  43:Generated_Source\PSoC4/SPIM_SPI_UART.c ****     /* Start index to put data into the software transmit buffer.*/
  44:Generated_Source\PSoC4/SPIM_SPI_UART.c ****     volatile uint32 SPIM_txBufferHead;
  45:Generated_Source\PSoC4/SPIM_SPI_UART.c ****     /* Start index to get data from the software transmit buffer.*/
  46:Generated_Source\PSoC4/SPIM_SPI_UART.c ****     volatile uint32 SPIM_txBufferTail;
  47:Generated_Source\PSoC4/SPIM_SPI_UART.c **** #endif /* (SPIM_INTERNAL_TX_SW_BUFFER_CONST) */
  48:Generated_Source\PSoC4/SPIM_SPI_UART.c **** 
  49:Generated_Source\PSoC4/SPIM_SPI_UART.c **** #if(SPIM_INTERNAL_RX_SW_BUFFER)
  50:Generated_Source\PSoC4/SPIM_SPI_UART.c ****     /* Add one element to the buffer to receive full packet. One byte in receive buffer is always e
  51:Generated_Source\PSoC4/SPIM_SPI_UART.c ****     volatile uint8 SPIM_rxBufferInternal[SPIM_INTERNAL_RX_BUFFER_SIZE];
  52:Generated_Source\PSoC4/SPIM_SPI_UART.c **** #endif /* (SPIM_INTERNAL_RX_SW_BUFFER) */
  53:Generated_Source\PSoC4/SPIM_SPI_UART.c **** 
  54:Generated_Source\PSoC4/SPIM_SPI_UART.c **** #if(SPIM_INTERNAL_TX_SW_BUFFER)
  55:Generated_Source\PSoC4/SPIM_SPI_UART.c ****     volatile uint8 SPIM_txBufferInternal[SPIM_TX_BUFFER_SIZE];
  56:Generated_Source\PSoC4/SPIM_SPI_UART.c **** #endif /* (SPIM_INTERNAL_TX_SW_BUFFER) */
  57:Generated_Source\PSoC4/SPIM_SPI_UART.c **** 
  58:Generated_Source\PSoC4/SPIM_SPI_UART.c **** 
  59:Generated_Source\PSoC4/SPIM_SPI_UART.c **** #if(SPIM_RX_DIRECTION)
  60:Generated_Source\PSoC4/SPIM_SPI_UART.c ****     /*******************************************************************************
  61:Generated_Source\PSoC4/SPIM_SPI_UART.c ****     * Function Name: SPIM_SpiUartReadRxData
  62:Generated_Source\PSoC4/SPIM_SPI_UART.c ****     ****************************************************************************//**
  63:Generated_Source\PSoC4/SPIM_SPI_UART.c ****     *
  64:Generated_Source\PSoC4/SPIM_SPI_UART.c ****     *  Retrieves the next data element from the receive buffer.
  65:Generated_Source\PSoC4/SPIM_SPI_UART.c ****     *   - RX software buffer is disabled: Returns data element retrieved from
  66:Generated_Source\PSoC4/SPIM_SPI_UART.c ****     *     RX FIFO. Undefined data will be returned if the RX FIFO is empty.
  67:Generated_Source\PSoC4/SPIM_SPI_UART.c ****     *   - RX software buffer is enabled: Returns data element from the software
  68:Generated_Source\PSoC4/SPIM_SPI_UART.c ****     *     receive buffer. Zero value is returned if the software receive buffer
  69:Generated_Source\PSoC4/SPIM_SPI_UART.c ****     *     is empty.
  70:Generated_Source\PSoC4/SPIM_SPI_UART.c ****     *
  71:Generated_Source\PSoC4/SPIM_SPI_UART.c ****     * \return
  72:Generated_Source\PSoC4/SPIM_SPI_UART.c ****     *  Next data element from the receive buffer. 
  73:Generated_Source\PSoC4/SPIM_SPI_UART.c ****     *  The amount of data bits to be received depends on RX data bits selection 
  74:Generated_Source\PSoC4/SPIM_SPI_UART.c ****     *  (the data bit counting starts from LSB of return value).
  75:Generated_Source\PSoC4/SPIM_SPI_UART.c ****     *
  76:Generated_Source\PSoC4/SPIM_SPI_UART.c ****     * \globalvars
  77:Generated_Source\PSoC4/SPIM_SPI_UART.c ****     *  SPIM_rxBufferHead - the start index to put data into the 
  78:Generated_Source\PSoC4/SPIM_SPI_UART.c ****     *  software receive buffer.
  79:Generated_Source\PSoC4/SPIM_SPI_UART.c ****     *  SPIM_rxBufferTail - the start index to get data from the 
  80:Generated_Source\PSoC4/SPIM_SPI_UART.c ****     *  software receive buffer.
  81:Generated_Source\PSoC4/SPIM_SPI_UART.c ****     *
  82:Generated_Source\PSoC4/SPIM_SPI_UART.c ****     *******************************************************************************/
  83:Generated_Source\PSoC4/SPIM_SPI_UART.c ****     uint32 SPIM_SpiUartReadRxData(void)
  84:Generated_Source\PSoC4/SPIM_SPI_UART.c ****     {
  28              		.loc 1 84 0
  29              		.cfi_startproc
  30              		@ args = 0, pretend = 0, frame = 0
ARM GAS  C:\Users\Ala\AppData\Local\Temp\cc133uPb.s 			page 3


  31              		@ frame_needed = 0, uses_anonymous_args = 0
  32              		@ link register save eliminated.
  33              	.LVL0:
  85:Generated_Source\PSoC4/SPIM_SPI_UART.c ****         uint32 rxData = 0u;
  86:Generated_Source\PSoC4/SPIM_SPI_UART.c **** 
  87:Generated_Source\PSoC4/SPIM_SPI_UART.c ****     #if (SPIM_INTERNAL_RX_SW_BUFFER_CONST)
  88:Generated_Source\PSoC4/SPIM_SPI_UART.c ****         uint32 locTail;
  89:Generated_Source\PSoC4/SPIM_SPI_UART.c ****     #endif /* (SPIM_INTERNAL_RX_SW_BUFFER_CONST) */
  90:Generated_Source\PSoC4/SPIM_SPI_UART.c **** 
  91:Generated_Source\PSoC4/SPIM_SPI_UART.c ****         #if (SPIM_CHECK_RX_SW_BUFFER)
  92:Generated_Source\PSoC4/SPIM_SPI_UART.c ****         {
  93:Generated_Source\PSoC4/SPIM_SPI_UART.c ****             if (SPIM_rxBufferHead != SPIM_rxBufferTail)
  34              		.loc 1 93 0
  35 0000 084B     		ldr	r3, .L6
  36 0002 094A     		ldr	r2, .L6+4
  37 0004 1968     		ldr	r1, [r3]
  38 0006 1368     		ldr	r3, [r2]
  85:Generated_Source\PSoC4/SPIM_SPI_UART.c ****         uint32 rxData = 0u;
  39              		.loc 1 85 0
  40 0008 0020     		movs	r0, #0
  41              		.loc 1 93 0
  42 000a 9942     		cmp	r1, r3
  43 000c 08D0     		beq	.L2
  94:Generated_Source\PSoC4/SPIM_SPI_UART.c ****             {
  95:Generated_Source\PSoC4/SPIM_SPI_UART.c ****                 /* There is data in RX software buffer */
  96:Generated_Source\PSoC4/SPIM_SPI_UART.c **** 
  97:Generated_Source\PSoC4/SPIM_SPI_UART.c ****                 /* Calculate index to read from */
  98:Generated_Source\PSoC4/SPIM_SPI_UART.c ****                 locTail = (SPIM_rxBufferTail + 1u);
  44              		.loc 1 98 0
  45 000e 1368     		ldr	r3, [r2]
  46 0010 0133     		adds	r3, r3, #1
  47              	.LVL1:
  99:Generated_Source\PSoC4/SPIM_SPI_UART.c **** 
 100:Generated_Source\PSoC4/SPIM_SPI_UART.c ****                 if (SPIM_INTERNAL_RX_BUFFER_SIZE == locTail)
  48              		.loc 1 100 0
  49 0012 1F2B     		cmp	r3, #31
  50 0014 00D1     		bne	.L3
 101:Generated_Source\PSoC4/SPIM_SPI_UART.c ****                 {
 102:Generated_Source\PSoC4/SPIM_SPI_UART.c ****                     locTail = 0u;
  51              		.loc 1 102 0
  52 0016 0300     		movs	r3, r0
  53              	.LVL2:
  54              	.L3:
 103:Generated_Source\PSoC4/SPIM_SPI_UART.c ****                 }
 104:Generated_Source\PSoC4/SPIM_SPI_UART.c **** 
 105:Generated_Source\PSoC4/SPIM_SPI_UART.c ****                 /* Get data from RX software buffer */
 106:Generated_Source\PSoC4/SPIM_SPI_UART.c ****                 rxData = SPIM_GetWordFromRxBuffer(locTail);
  55              		.loc 1 106 0
  56 0018 0449     		ldr	r1, .L6+8
  57 001a C85C     		ldrb	r0, [r1, r3]
 107:Generated_Source\PSoC4/SPIM_SPI_UART.c **** 
 108:Generated_Source\PSoC4/SPIM_SPI_UART.c ****                 /* Change index in the buffer */
 109:Generated_Source\PSoC4/SPIM_SPI_UART.c ****                 SPIM_rxBufferTail = locTail;
  58              		.loc 1 109 0
  59 001c 1360     		str	r3, [r2]
 106:Generated_Source\PSoC4/SPIM_SPI_UART.c **** 
  60              		.loc 1 106 0
ARM GAS  C:\Users\Ala\AppData\Local\Temp\cc133uPb.s 			page 4


  61 001e C0B2     		uxtb	r0, r0
  62              	.LVL3:
  63              	.L2:
 110:Generated_Source\PSoC4/SPIM_SPI_UART.c **** 
 111:Generated_Source\PSoC4/SPIM_SPI_UART.c ****                 #if (SPIM_CHECK_UART_RTS_CONTROL_FLOW)
 112:Generated_Source\PSoC4/SPIM_SPI_UART.c ****                 {
 113:Generated_Source\PSoC4/SPIM_SPI_UART.c ****                     /* Check if RX Not Empty is disabled in the interrupt */
 114:Generated_Source\PSoC4/SPIM_SPI_UART.c ****                     if (0u == (SPIM_INTR_RX_MASK_REG & SPIM_INTR_RX_NOT_EMPTY))
 115:Generated_Source\PSoC4/SPIM_SPI_UART.c ****                     {
 116:Generated_Source\PSoC4/SPIM_SPI_UART.c ****                         /* Enable RX Not Empty interrupt source to continue
 117:Generated_Source\PSoC4/SPIM_SPI_UART.c ****                         * receiving data into software buffer.
 118:Generated_Source\PSoC4/SPIM_SPI_UART.c ****                         */
 119:Generated_Source\PSoC4/SPIM_SPI_UART.c ****                         SPIM_INTR_RX_MASK_REG |= SPIM_INTR_RX_NOT_EMPTY;
 120:Generated_Source\PSoC4/SPIM_SPI_UART.c ****                     }
 121:Generated_Source\PSoC4/SPIM_SPI_UART.c ****                 }
 122:Generated_Source\PSoC4/SPIM_SPI_UART.c ****                 #endif
 123:Generated_Source\PSoC4/SPIM_SPI_UART.c **** 
 124:Generated_Source\PSoC4/SPIM_SPI_UART.c ****             }
 125:Generated_Source\PSoC4/SPIM_SPI_UART.c ****         }
 126:Generated_Source\PSoC4/SPIM_SPI_UART.c ****         #else
 127:Generated_Source\PSoC4/SPIM_SPI_UART.c ****         {
 128:Generated_Source\PSoC4/SPIM_SPI_UART.c ****             /* Read data from RX FIFO */
 129:Generated_Source\PSoC4/SPIM_SPI_UART.c ****             rxData = SPIM_RX_FIFO_RD_REG;
 130:Generated_Source\PSoC4/SPIM_SPI_UART.c ****         }
 131:Generated_Source\PSoC4/SPIM_SPI_UART.c ****         #endif
 132:Generated_Source\PSoC4/SPIM_SPI_UART.c **** 
 133:Generated_Source\PSoC4/SPIM_SPI_UART.c ****         return (rxData);
 134:Generated_Source\PSoC4/SPIM_SPI_UART.c ****     }
  64              		.loc 1 134 0
  65              		@ sp needed
  66 0020 7047     		bx	lr
  67              	.L7:
  68 0022 C046     		.align	2
  69              	.L6:
  70 0024 00000000 		.word	SPIM_rxBufferHead
  71 0028 00000000 		.word	SPIM_rxBufferTail
  72 002c 00000000 		.word	SPIM_rxBufferInternal
  73              		.cfi_endproc
  74              	.LFE0:
  75              		.size	SPIM_SpiUartReadRxData, .-SPIM_SpiUartReadRxData
  76              		.section	.text.SPIM_SpiUartGetRxBufferSize,"ax",%progbits
  77              		.align	1
  78              		.global	SPIM_SpiUartGetRxBufferSize
  79              		.code	16
  80              		.thumb_func
  81              		.type	SPIM_SpiUartGetRxBufferSize, %function
  82              	SPIM_SpiUartGetRxBufferSize:
  83              	.LFB1:
 135:Generated_Source\PSoC4/SPIM_SPI_UART.c **** 
 136:Generated_Source\PSoC4/SPIM_SPI_UART.c **** 
 137:Generated_Source\PSoC4/SPIM_SPI_UART.c ****     /*******************************************************************************
 138:Generated_Source\PSoC4/SPIM_SPI_UART.c ****     * Function Name: SPIM_SpiUartGetRxBufferSize
 139:Generated_Source\PSoC4/SPIM_SPI_UART.c ****     ****************************************************************************//**
 140:Generated_Source\PSoC4/SPIM_SPI_UART.c ****     *
 141:Generated_Source\PSoC4/SPIM_SPI_UART.c ****     *  Returns the number of received data elements in the receive buffer.
 142:Generated_Source\PSoC4/SPIM_SPI_UART.c ****     *   - RX software buffer disabled: returns the number of used entries in
 143:Generated_Source\PSoC4/SPIM_SPI_UART.c ****     *     RX FIFO.
ARM GAS  C:\Users\Ala\AppData\Local\Temp\cc133uPb.s 			page 5


 144:Generated_Source\PSoC4/SPIM_SPI_UART.c ****     *   - RX software buffer enabled: returns the number of elements which were
 145:Generated_Source\PSoC4/SPIM_SPI_UART.c ****     *     placed in the receive buffer. This does not include the hardware RX FIFO.
 146:Generated_Source\PSoC4/SPIM_SPI_UART.c ****     *
 147:Generated_Source\PSoC4/SPIM_SPI_UART.c ****     * \return
 148:Generated_Source\PSoC4/SPIM_SPI_UART.c ****     *  Number of received data elements.
 149:Generated_Source\PSoC4/SPIM_SPI_UART.c ****     *
 150:Generated_Source\PSoC4/SPIM_SPI_UART.c ****     * \globalvars
 151:Generated_Source\PSoC4/SPIM_SPI_UART.c ****     *  SPIM_rxBufferHead - the start index to put data into the 
 152:Generated_Source\PSoC4/SPIM_SPI_UART.c ****     *  software receive buffer.
 153:Generated_Source\PSoC4/SPIM_SPI_UART.c ****     *  SPIM_rxBufferTail - the start index to get data from the 
 154:Generated_Source\PSoC4/SPIM_SPI_UART.c ****     *  software receive buffer.
 155:Generated_Source\PSoC4/SPIM_SPI_UART.c ****     *
 156:Generated_Source\PSoC4/SPIM_SPI_UART.c ****     *******************************************************************************/
 157:Generated_Source\PSoC4/SPIM_SPI_UART.c ****     uint32 SPIM_SpiUartGetRxBufferSize(void)
 158:Generated_Source\PSoC4/SPIM_SPI_UART.c ****     {
  84              		.loc 1 158 0
  85              		.cfi_startproc
  86              		@ args = 0, pretend = 0, frame = 0
  87              		@ frame_needed = 0, uses_anonymous_args = 0
  88              		@ link register save eliminated.
 159:Generated_Source\PSoC4/SPIM_SPI_UART.c ****         uint32 size;
 160:Generated_Source\PSoC4/SPIM_SPI_UART.c ****     #if (SPIM_INTERNAL_RX_SW_BUFFER_CONST)
 161:Generated_Source\PSoC4/SPIM_SPI_UART.c ****         uint32 locHead;
 162:Generated_Source\PSoC4/SPIM_SPI_UART.c ****     #endif /* (SPIM_INTERNAL_RX_SW_BUFFER_CONST) */
 163:Generated_Source\PSoC4/SPIM_SPI_UART.c **** 
 164:Generated_Source\PSoC4/SPIM_SPI_UART.c ****         #if (SPIM_CHECK_RX_SW_BUFFER)
 165:Generated_Source\PSoC4/SPIM_SPI_UART.c ****         {
 166:Generated_Source\PSoC4/SPIM_SPI_UART.c ****             locHead = SPIM_rxBufferHead;
  89              		.loc 1 166 0
  90 0000 044B     		ldr	r3, .L12
  91 0002 1868     		ldr	r0, [r3]
  92              	.LVL4:
 167:Generated_Source\PSoC4/SPIM_SPI_UART.c **** 
 168:Generated_Source\PSoC4/SPIM_SPI_UART.c ****             if(locHead >= SPIM_rxBufferTail)
  93              		.loc 1 168 0
  94 0004 044B     		ldr	r3, .L12+4
  95 0006 1A68     		ldr	r2, [r3]
 169:Generated_Source\PSoC4/SPIM_SPI_UART.c ****             {
 170:Generated_Source\PSoC4/SPIM_SPI_UART.c ****                 size = (locHead - SPIM_rxBufferTail);
  96              		.loc 1 170 0
  97 0008 1B68     		ldr	r3, [r3]
 168:Generated_Source\PSoC4/SPIM_SPI_UART.c ****             {
  98              		.loc 1 168 0
  99 000a 9042     		cmp	r0, r2
 100 000c 00D2     		bcs	.L11
 171:Generated_Source\PSoC4/SPIM_SPI_UART.c ****             }
 172:Generated_Source\PSoC4/SPIM_SPI_UART.c ****             else
 173:Generated_Source\PSoC4/SPIM_SPI_UART.c ****             {
 174:Generated_Source\PSoC4/SPIM_SPI_UART.c ****                 size = (locHead + (SPIM_INTERNAL_RX_BUFFER_SIZE - SPIM_rxBufferTail));
 101              		.loc 1 174 0
 102 000e 1F30     		adds	r0, r0, #31
 103              	.LVL5:
 104              	.L11:
 105 0010 C01A     		subs	r0, r0, r3
 106              	.LVL6:
 175:Generated_Source\PSoC4/SPIM_SPI_UART.c ****             }
 176:Generated_Source\PSoC4/SPIM_SPI_UART.c ****         }
ARM GAS  C:\Users\Ala\AppData\Local\Temp\cc133uPb.s 			page 6


 177:Generated_Source\PSoC4/SPIM_SPI_UART.c ****         #else
 178:Generated_Source\PSoC4/SPIM_SPI_UART.c ****         {
 179:Generated_Source\PSoC4/SPIM_SPI_UART.c ****             size = SPIM_GET_RX_FIFO_ENTRIES;
 180:Generated_Source\PSoC4/SPIM_SPI_UART.c ****         }
 181:Generated_Source\PSoC4/SPIM_SPI_UART.c ****         #endif
 182:Generated_Source\PSoC4/SPIM_SPI_UART.c **** 
 183:Generated_Source\PSoC4/SPIM_SPI_UART.c ****         return (size);
 184:Generated_Source\PSoC4/SPIM_SPI_UART.c ****     }
 107              		.loc 1 184 0
 108              		@ sp needed
 109 0012 7047     		bx	lr
 110              	.L13:
 111              		.align	2
 112              	.L12:
 113 0014 00000000 		.word	SPIM_rxBufferHead
 114 0018 00000000 		.word	SPIM_rxBufferTail
 115              		.cfi_endproc
 116              	.LFE1:
 117              		.size	SPIM_SpiUartGetRxBufferSize, .-SPIM_SpiUartGetRxBufferSize
 118              		.section	.text.SPIM_SpiUartClearRxBuffer,"ax",%progbits
 119              		.align	1
 120              		.global	SPIM_SpiUartClearRxBuffer
 121              		.code	16
 122              		.thumb_func
 123              		.type	SPIM_SpiUartClearRxBuffer, %function
 124              	SPIM_SpiUartClearRxBuffer:
 125              	.LFB2:
 185:Generated_Source\PSoC4/SPIM_SPI_UART.c **** 
 186:Generated_Source\PSoC4/SPIM_SPI_UART.c **** 
 187:Generated_Source\PSoC4/SPIM_SPI_UART.c ****     /*******************************************************************************
 188:Generated_Source\PSoC4/SPIM_SPI_UART.c ****     * Function Name: SPIM_SpiUartClearRxBuffer
 189:Generated_Source\PSoC4/SPIM_SPI_UART.c ****     ****************************************************************************//**
 190:Generated_Source\PSoC4/SPIM_SPI_UART.c ****     *
 191:Generated_Source\PSoC4/SPIM_SPI_UART.c ****     *  Clears the receive buffer and RX FIFO.
 192:Generated_Source\PSoC4/SPIM_SPI_UART.c ****     *
 193:Generated_Source\PSoC4/SPIM_SPI_UART.c ****     * \globalvars
 194:Generated_Source\PSoC4/SPIM_SPI_UART.c ****     *  SPIM_rxBufferHead - the start index to put data into the 
 195:Generated_Source\PSoC4/SPIM_SPI_UART.c ****     *  software receive buffer.
 196:Generated_Source\PSoC4/SPIM_SPI_UART.c ****     *  SPIM_rxBufferTail - the start index to get data from the 
 197:Generated_Source\PSoC4/SPIM_SPI_UART.c ****     *  software receive buffer.
 198:Generated_Source\PSoC4/SPIM_SPI_UART.c ****     *
 199:Generated_Source\PSoC4/SPIM_SPI_UART.c ****     *******************************************************************************/
 200:Generated_Source\PSoC4/SPIM_SPI_UART.c ****     void SPIM_SpiUartClearRxBuffer(void)
 201:Generated_Source\PSoC4/SPIM_SPI_UART.c ****     {
 126              		.loc 1 201 0
 127              		.cfi_startproc
 128              		@ args = 0, pretend = 0, frame = 0
 129              		@ frame_needed = 0, uses_anonymous_args = 0
 130 0000 10B5     		push	{r4, lr}
 131              		.cfi_def_cfa_offset 8
 132              		.cfi_offset 4, -8
 133              		.cfi_offset 14, -4
 202:Generated_Source\PSoC4/SPIM_SPI_UART.c ****         #if (SPIM_CHECK_RX_SW_BUFFER)
 203:Generated_Source\PSoC4/SPIM_SPI_UART.c ****         {
 204:Generated_Source\PSoC4/SPIM_SPI_UART.c ****             /* Lock from component interruption */
 205:Generated_Source\PSoC4/SPIM_SPI_UART.c ****             SPIM_DisableInt();
 134              		.loc 1 205 0
ARM GAS  C:\Users\Ala\AppData\Local\Temp\cc133uPb.s 			page 7


 135 0002 0B20     		movs	r0, #11
 136 0004 FFF7FEFF 		bl	CyIntDisable
 137              	.LVL7:
 206:Generated_Source\PSoC4/SPIM_SPI_UART.c **** 
 207:Generated_Source\PSoC4/SPIM_SPI_UART.c ****             /* Flush RX software buffer */
 208:Generated_Source\PSoC4/SPIM_SPI_UART.c ****             SPIM_rxBufferHead = SPIM_rxBufferTail;
 138              		.loc 1 208 0
 139 0008 0B4B     		ldr	r3, .L15
 209:Generated_Source\PSoC4/SPIM_SPI_UART.c ****             SPIM_rxBufferOverflow = 0u;
 210:Generated_Source\PSoC4/SPIM_SPI_UART.c **** 
 211:Generated_Source\PSoC4/SPIM_SPI_UART.c ****             SPIM_CLEAR_RX_FIFO;
 140              		.loc 1 211 0
 141 000a 8021     		movs	r1, #128
 208:Generated_Source\PSoC4/SPIM_SPI_UART.c ****             SPIM_rxBufferOverflow = 0u;
 142              		.loc 1 208 0
 143 000c 1A68     		ldr	r2, [r3]
 144 000e 0B4B     		ldr	r3, .L15+4
 145              		.loc 1 211 0
 146 0010 4902     		lsls	r1, r1, #9
 208:Generated_Source\PSoC4/SPIM_SPI_UART.c ****             SPIM_rxBufferOverflow = 0u;
 147              		.loc 1 208 0
 148 0012 1A60     		str	r2, [r3]
 209:Generated_Source\PSoC4/SPIM_SPI_UART.c ****             SPIM_rxBufferOverflow = 0u;
 149              		.loc 1 209 0
 150 0014 0022     		movs	r2, #0
 151 0016 0A4B     		ldr	r3, .L15+8
 212:Generated_Source\PSoC4/SPIM_SPI_UART.c ****             SPIM_ClearRxInterruptSource(SPIM_INTR_RX_ALL);
 213:Generated_Source\PSoC4/SPIM_SPI_UART.c **** 
 214:Generated_Source\PSoC4/SPIM_SPI_UART.c ****             #if (SPIM_CHECK_UART_RTS_CONTROL_FLOW)
 215:Generated_Source\PSoC4/SPIM_SPI_UART.c ****             {
 216:Generated_Source\PSoC4/SPIM_SPI_UART.c ****                 /* Enable RX Not Empty interrupt source to continue receiving
 217:Generated_Source\PSoC4/SPIM_SPI_UART.c ****                 * data into software buffer.
 218:Generated_Source\PSoC4/SPIM_SPI_UART.c ****                 */
 219:Generated_Source\PSoC4/SPIM_SPI_UART.c ****                 SPIM_INTR_RX_MASK_REG |= SPIM_INTR_RX_NOT_EMPTY;
 220:Generated_Source\PSoC4/SPIM_SPI_UART.c ****             }
 221:Generated_Source\PSoC4/SPIM_SPI_UART.c ****             #endif
 222:Generated_Source\PSoC4/SPIM_SPI_UART.c ****             
 223:Generated_Source\PSoC4/SPIM_SPI_UART.c ****             /* Release lock */
 224:Generated_Source\PSoC4/SPIM_SPI_UART.c ****             SPIM_EnableInt();
 152              		.loc 1 224 0
 153 0018 0B20     		movs	r0, #11
 209:Generated_Source\PSoC4/SPIM_SPI_UART.c **** 
 154              		.loc 1 209 0
 155 001a 1A70     		strb	r2, [r3]
 211:Generated_Source\PSoC4/SPIM_SPI_UART.c ****             SPIM_ClearRxInterruptSource(SPIM_INTR_RX_ALL);
 156              		.loc 1 211 0
 157 001c 094B     		ldr	r3, .L15+12
 225:Generated_Source\PSoC4/SPIM_SPI_UART.c ****         }
 226:Generated_Source\PSoC4/SPIM_SPI_UART.c ****         #else
 227:Generated_Source\PSoC4/SPIM_SPI_UART.c ****         {
 228:Generated_Source\PSoC4/SPIM_SPI_UART.c ****             SPIM_CLEAR_RX_FIFO;
 229:Generated_Source\PSoC4/SPIM_SPI_UART.c ****         }
 230:Generated_Source\PSoC4/SPIM_SPI_UART.c ****         #endif
 231:Generated_Source\PSoC4/SPIM_SPI_UART.c ****     }
 158              		.loc 1 231 0
 159              		@ sp needed
 211:Generated_Source\PSoC4/SPIM_SPI_UART.c ****             SPIM_ClearRxInterruptSource(SPIM_INTR_RX_ALL);
ARM GAS  C:\Users\Ala\AppData\Local\Temp\cc133uPb.s 			page 8


 160              		.loc 1 211 0
 161 001e 1A68     		ldr	r2, [r3]
 162 0020 0A43     		orrs	r2, r1
 163 0022 1A60     		str	r2, [r3]
 164 0024 1968     		ldr	r1, [r3]
 165 0026 084A     		ldr	r2, .L15+16
 166 0028 0A40     		ands	r2, r1
 167 002a 1A60     		str	r2, [r3]
 212:Generated_Source\PSoC4/SPIM_SPI_UART.c **** 
 168              		.loc 1 212 0
 169 002c 074A     		ldr	r2, .L15+20
 170 002e 084B     		ldr	r3, .L15+24
 171 0030 1A60     		str	r2, [r3]
 224:Generated_Source\PSoC4/SPIM_SPI_UART.c ****         }
 172              		.loc 1 224 0
 173 0032 FFF7FEFF 		bl	CyIntEnable
 174              	.LVL8:
 175              		.loc 1 231 0
 176 0036 10BD     		pop	{r4, pc}
 177              	.L16:
 178              		.align	2
 179              	.L15:
 180 0038 00000000 		.word	SPIM_rxBufferTail
 181 003c 00000000 		.word	SPIM_rxBufferHead
 182 0040 00000000 		.word	SPIM_rxBufferOverflow
 183 0044 04030740 		.word	1074201348
 184 0048 FFFFFEFF 		.word	-65537
 185 004c ED0F0000 		.word	4077
 186 0050 C00F0740 		.word	1074204608
 187              		.cfi_endproc
 188              	.LFE2:
 189              		.size	SPIM_SpiUartClearRxBuffer, .-SPIM_SpiUartClearRxBuffer
 190              		.section	.text.SPIM_SpiUartWriteTxData,"ax",%progbits
 191              		.align	1
 192              		.global	SPIM_SpiUartWriteTxData
 193              		.code	16
 194              		.thumb_func
 195              		.type	SPIM_SpiUartWriteTxData, %function
 196              	SPIM_SpiUartWriteTxData:
 197              	.LFB3:
 232:Generated_Source\PSoC4/SPIM_SPI_UART.c **** 
 233:Generated_Source\PSoC4/SPIM_SPI_UART.c **** #endif /* (SPIM_RX_DIRECTION) */
 234:Generated_Source\PSoC4/SPIM_SPI_UART.c **** 
 235:Generated_Source\PSoC4/SPIM_SPI_UART.c **** 
 236:Generated_Source\PSoC4/SPIM_SPI_UART.c **** #if(SPIM_TX_DIRECTION)
 237:Generated_Source\PSoC4/SPIM_SPI_UART.c ****     /*******************************************************************************
 238:Generated_Source\PSoC4/SPIM_SPI_UART.c ****     * Function Name: SPIM_SpiUartWriteTxData
 239:Generated_Source\PSoC4/SPIM_SPI_UART.c ****     ****************************************************************************//**
 240:Generated_Source\PSoC4/SPIM_SPI_UART.c ****     *
 241:Generated_Source\PSoC4/SPIM_SPI_UART.c ****     *  Places a data entry into the transmit buffer to be sent at the next available
 242:Generated_Source\PSoC4/SPIM_SPI_UART.c ****     *  bus time.
 243:Generated_Source\PSoC4/SPIM_SPI_UART.c ****     *  This function is blocking and waits until there is space available to put the
 244:Generated_Source\PSoC4/SPIM_SPI_UART.c ****     *  requested data in the transmit buffer.
 245:Generated_Source\PSoC4/SPIM_SPI_UART.c ****     *
 246:Generated_Source\PSoC4/SPIM_SPI_UART.c ****     *  \param txDataByte: the data to be transmitted.
 247:Generated_Source\PSoC4/SPIM_SPI_UART.c ****     *   The amount of data bits to be transmitted depends on TX data bits selection 
 248:Generated_Source\PSoC4/SPIM_SPI_UART.c ****     *   (the data bit counting starts from LSB of txDataByte).
ARM GAS  C:\Users\Ala\AppData\Local\Temp\cc133uPb.s 			page 9


 249:Generated_Source\PSoC4/SPIM_SPI_UART.c ****     *
 250:Generated_Source\PSoC4/SPIM_SPI_UART.c ****     * \globalvars
 251:Generated_Source\PSoC4/SPIM_SPI_UART.c ****     *  SPIM_txBufferHead - the start index to put data into the 
 252:Generated_Source\PSoC4/SPIM_SPI_UART.c ****     *  software transmit buffer.
 253:Generated_Source\PSoC4/SPIM_SPI_UART.c ****     *  SPIM_txBufferTail - start index to get data from the software
 254:Generated_Source\PSoC4/SPIM_SPI_UART.c ****     *  transmit buffer.
 255:Generated_Source\PSoC4/SPIM_SPI_UART.c ****     *
 256:Generated_Source\PSoC4/SPIM_SPI_UART.c ****     *******************************************************************************/
 257:Generated_Source\PSoC4/SPIM_SPI_UART.c ****     void SPIM_SpiUartWriteTxData(uint32 txData)
 258:Generated_Source\PSoC4/SPIM_SPI_UART.c ****     {
 198              		.loc 1 258 0
 199              		.cfi_startproc
 200              		@ args = 0, pretend = 0, frame = 0
 201              		@ frame_needed = 0, uses_anonymous_args = 0
 202              		@ link register save eliminated.
 203              	.LVL9:
 259:Generated_Source\PSoC4/SPIM_SPI_UART.c ****     #if (SPIM_INTERNAL_TX_SW_BUFFER_CONST)
 260:Generated_Source\PSoC4/SPIM_SPI_UART.c ****         uint32 locHead;
 261:Generated_Source\PSoC4/SPIM_SPI_UART.c ****     #endif /* (SPIM_INTERNAL_TX_SW_BUFFER_CONST) */
 262:Generated_Source\PSoC4/SPIM_SPI_UART.c **** 
 263:Generated_Source\PSoC4/SPIM_SPI_UART.c ****         #if (SPIM_CHECK_TX_SW_BUFFER)
 264:Generated_Source\PSoC4/SPIM_SPI_UART.c ****         {
 265:Generated_Source\PSoC4/SPIM_SPI_UART.c ****             /* Put data directly into the TX FIFO */
 266:Generated_Source\PSoC4/SPIM_SPI_UART.c ****             if ((SPIM_txBufferHead == SPIM_txBufferTail) &&
 267:Generated_Source\PSoC4/SPIM_SPI_UART.c ****                 (SPIM_SPI_UART_FIFO_SIZE != SPIM_GET_TX_FIFO_ENTRIES))
 268:Generated_Source\PSoC4/SPIM_SPI_UART.c ****             {
 269:Generated_Source\PSoC4/SPIM_SPI_UART.c ****                 /* TX software buffer is empty: put data directly in TX FIFO */
 270:Generated_Source\PSoC4/SPIM_SPI_UART.c ****                 SPIM_TX_FIFO_WR_REG = txData;
 271:Generated_Source\PSoC4/SPIM_SPI_UART.c ****             }
 272:Generated_Source\PSoC4/SPIM_SPI_UART.c ****             /* Put data into TX software buffer */
 273:Generated_Source\PSoC4/SPIM_SPI_UART.c ****             else
 274:Generated_Source\PSoC4/SPIM_SPI_UART.c ****             {
 275:Generated_Source\PSoC4/SPIM_SPI_UART.c ****                 /* Head index to put data */
 276:Generated_Source\PSoC4/SPIM_SPI_UART.c ****                 locHead = (SPIM_txBufferHead + 1u);
 277:Generated_Source\PSoC4/SPIM_SPI_UART.c **** 
 278:Generated_Source\PSoC4/SPIM_SPI_UART.c ****                 /* Adjust TX software buffer index */
 279:Generated_Source\PSoC4/SPIM_SPI_UART.c ****                 if (SPIM_TX_BUFFER_SIZE == locHead)
 280:Generated_Source\PSoC4/SPIM_SPI_UART.c ****                 {
 281:Generated_Source\PSoC4/SPIM_SPI_UART.c ****                     locHead = 0u;
 282:Generated_Source\PSoC4/SPIM_SPI_UART.c ****                 }
 283:Generated_Source\PSoC4/SPIM_SPI_UART.c **** 
 284:Generated_Source\PSoC4/SPIM_SPI_UART.c ****                 /* Wait for space in TX software buffer */
 285:Generated_Source\PSoC4/SPIM_SPI_UART.c ****                 while (locHead == SPIM_txBufferTail)
 286:Generated_Source\PSoC4/SPIM_SPI_UART.c ****                 {
 287:Generated_Source\PSoC4/SPIM_SPI_UART.c ****                 }
 288:Generated_Source\PSoC4/SPIM_SPI_UART.c **** 
 289:Generated_Source\PSoC4/SPIM_SPI_UART.c ****                 /* TX software buffer has at least one room */
 290:Generated_Source\PSoC4/SPIM_SPI_UART.c **** 
 291:Generated_Source\PSoC4/SPIM_SPI_UART.c ****                 /* Clear old status of INTR_TX_NOT_FULL. It sets at the end of transfer when TX FIF
 292:Generated_Source\PSoC4/SPIM_SPI_UART.c ****                 SPIM_ClearTxInterruptSource(SPIM_INTR_TX_NOT_FULL);
 293:Generated_Source\PSoC4/SPIM_SPI_UART.c **** 
 294:Generated_Source\PSoC4/SPIM_SPI_UART.c ****                 SPIM_PutWordInTxBuffer(locHead, txData);
 295:Generated_Source\PSoC4/SPIM_SPI_UART.c **** 
 296:Generated_Source\PSoC4/SPIM_SPI_UART.c ****                 SPIM_txBufferHead = locHead;
 297:Generated_Source\PSoC4/SPIM_SPI_UART.c **** 
 298:Generated_Source\PSoC4/SPIM_SPI_UART.c ****                 /* Check if TX Not Full is disabled in interrupt */
 299:Generated_Source\PSoC4/SPIM_SPI_UART.c ****                 if (0u == (SPIM_INTR_TX_MASK_REG & SPIM_INTR_TX_NOT_FULL))
ARM GAS  C:\Users\Ala\AppData\Local\Temp\cc133uPb.s 			page 10


 300:Generated_Source\PSoC4/SPIM_SPI_UART.c ****                 {
 301:Generated_Source\PSoC4/SPIM_SPI_UART.c ****                     /* Enable TX Not Full interrupt source to transmit from software buffer */
 302:Generated_Source\PSoC4/SPIM_SPI_UART.c ****                     SPIM_INTR_TX_MASK_REG |= (uint32) SPIM_INTR_TX_NOT_FULL;
 303:Generated_Source\PSoC4/SPIM_SPI_UART.c ****                 }
 304:Generated_Source\PSoC4/SPIM_SPI_UART.c ****             }
 305:Generated_Source\PSoC4/SPIM_SPI_UART.c ****         }
 306:Generated_Source\PSoC4/SPIM_SPI_UART.c ****         #else
 307:Generated_Source\PSoC4/SPIM_SPI_UART.c ****         {
 308:Generated_Source\PSoC4/SPIM_SPI_UART.c ****             /* Wait until TX FIFO has space to put data element */
 309:Generated_Source\PSoC4/SPIM_SPI_UART.c ****             while (SPIM_SPI_UART_FIFO_SIZE == SPIM_GET_TX_FIFO_ENTRIES)
 204              		.loc 1 309 0
 205 0000 0F22     		movs	r2, #15
 206 0002 0449     		ldr	r1, .L21
 207              	.L18:
 208              		.loc 1 309 0 is_stmt 0 discriminator 1
 209 0004 0B68     		ldr	r3, [r1]
 210 0006 1340     		ands	r3, r2
 211 0008 082B     		cmp	r3, #8
 212 000a FBD0     		beq	.L18
 310:Generated_Source\PSoC4/SPIM_SPI_UART.c ****             {
 311:Generated_Source\PSoC4/SPIM_SPI_UART.c ****             }
 312:Generated_Source\PSoC4/SPIM_SPI_UART.c **** 
 313:Generated_Source\PSoC4/SPIM_SPI_UART.c ****             SPIM_TX_FIFO_WR_REG = txData;
 213              		.loc 1 313 0 is_stmt 1
 214 000c 024B     		ldr	r3, .L21+4
 314:Generated_Source\PSoC4/SPIM_SPI_UART.c ****         }
 315:Generated_Source\PSoC4/SPIM_SPI_UART.c ****         #endif
 316:Generated_Source\PSoC4/SPIM_SPI_UART.c ****     }
 215              		.loc 1 316 0
 216              		@ sp needed
 313:Generated_Source\PSoC4/SPIM_SPI_UART.c ****         }
 217              		.loc 1 313 0
 218 000e 1860     		str	r0, [r3]
 219              		.loc 1 316 0
 220 0010 7047     		bx	lr
 221              	.L22:
 222 0012 C046     		.align	2
 223              	.L21:
 224 0014 08020740 		.word	1074201096
 225 0018 40020740 		.word	1074201152
 226              		.cfi_endproc
 227              	.LFE3:
 228              		.size	SPIM_SpiUartWriteTxData, .-SPIM_SpiUartWriteTxData
 229              		.section	.text.SPIM_SpiUartPutArray,"ax",%progbits
 230              		.align	1
 231              		.global	SPIM_SpiUartPutArray
 232              		.code	16
 233              		.thumb_func
 234              		.type	SPIM_SpiUartPutArray, %function
 235              	SPIM_SpiUartPutArray:
 236              	.LFB4:
 317:Generated_Source\PSoC4/SPIM_SPI_UART.c **** 
 318:Generated_Source\PSoC4/SPIM_SPI_UART.c **** 
 319:Generated_Source\PSoC4/SPIM_SPI_UART.c ****     /*******************************************************************************
 320:Generated_Source\PSoC4/SPIM_SPI_UART.c ****     * Function Name: SPIM_SpiUartPutArray
 321:Generated_Source\PSoC4/SPIM_SPI_UART.c ****     ****************************************************************************//**
 322:Generated_Source\PSoC4/SPIM_SPI_UART.c ****     *
ARM GAS  C:\Users\Ala\AppData\Local\Temp\cc133uPb.s 			page 11


 323:Generated_Source\PSoC4/SPIM_SPI_UART.c ****     *  Places an array of data into the transmit buffer to be sent.
 324:Generated_Source\PSoC4/SPIM_SPI_UART.c ****     *  This function is blocking and waits until there is a space available to put
 325:Generated_Source\PSoC4/SPIM_SPI_UART.c ****     *  all the requested data in the transmit buffer. The array size can be greater
 326:Generated_Source\PSoC4/SPIM_SPI_UART.c ****     *  than transmit buffer size.
 327:Generated_Source\PSoC4/SPIM_SPI_UART.c ****     *
 328:Generated_Source\PSoC4/SPIM_SPI_UART.c ****     * \param wrBuf: pointer to an array of data to be placed in transmit buffer. 
 329:Generated_Source\PSoC4/SPIM_SPI_UART.c ****     *  The width of the data to be transmitted depends on TX data width selection 
 330:Generated_Source\PSoC4/SPIM_SPI_UART.c ****     *  (the data bit counting starts from LSB for each array element).
 331:Generated_Source\PSoC4/SPIM_SPI_UART.c ****     * \param count: number of data elements to be placed in the transmit buffer.
 332:Generated_Source\PSoC4/SPIM_SPI_UART.c ****     *
 333:Generated_Source\PSoC4/SPIM_SPI_UART.c ****     * \globalvars
 334:Generated_Source\PSoC4/SPIM_SPI_UART.c ****     *  SPIM_txBufferHead - the start index to put data into the 
 335:Generated_Source\PSoC4/SPIM_SPI_UART.c ****     *  software transmit buffer.
 336:Generated_Source\PSoC4/SPIM_SPI_UART.c ****     *  SPIM_txBufferTail - start index to get data from the software
 337:Generated_Source\PSoC4/SPIM_SPI_UART.c ****     *  transmit buffer.
 338:Generated_Source\PSoC4/SPIM_SPI_UART.c ****     *
 339:Generated_Source\PSoC4/SPIM_SPI_UART.c ****     *******************************************************************************/
 340:Generated_Source\PSoC4/SPIM_SPI_UART.c ****     void SPIM_SpiUartPutArray(const uint8 wrBuf[], uint32 count)
 341:Generated_Source\PSoC4/SPIM_SPI_UART.c ****     {
 237              		.loc 1 341 0
 238              		.cfi_startproc
 239              		@ args = 0, pretend = 0, frame = 0
 240              		@ frame_needed = 0, uses_anonymous_args = 0
 241              	.LVL10:
 242 0000 70B5     		push	{r4, r5, r6, lr}
 243              		.cfi_def_cfa_offset 16
 244              		.cfi_offset 4, -16
 245              		.cfi_offset 5, -12
 246              		.cfi_offset 6, -8
 247              		.cfi_offset 14, -4
 248 0002 0400     		movs	r4, r0
 249 0004 4518     		adds	r5, r0, r1
 250              	.LVL11:
 251              	.L24:
 342:Generated_Source\PSoC4/SPIM_SPI_UART.c ****         uint32 i;
 343:Generated_Source\PSoC4/SPIM_SPI_UART.c **** 
 344:Generated_Source\PSoC4/SPIM_SPI_UART.c ****         for (i=0u; i < count; i++)
 252              		.loc 1 344 0 discriminator 1
 253 0006 AC42     		cmp	r4, r5
 254 0008 04D0     		beq	.L26
 345:Generated_Source\PSoC4/SPIM_SPI_UART.c ****         {
 346:Generated_Source\PSoC4/SPIM_SPI_UART.c ****             SPIM_SpiUartWriteTxData((uint32) wrBuf[i]);
 255              		.loc 1 346 0 discriminator 3
 256 000a 2078     		ldrb	r0, [r4]
 257 000c FFF7FEFF 		bl	SPIM_SpiUartWriteTxData
 258              	.LVL12:
 259 0010 0134     		adds	r4, r4, #1
 260              	.LVL13:
 261 0012 F8E7     		b	.L24
 262              	.L26:
 347:Generated_Source\PSoC4/SPIM_SPI_UART.c ****         }
 348:Generated_Source\PSoC4/SPIM_SPI_UART.c ****     }
 263              		.loc 1 348 0
 264              		@ sp needed
 265              	.LVL14:
 266 0014 70BD     		pop	{r4, r5, r6, pc}
 267              		.cfi_endproc
ARM GAS  C:\Users\Ala\AppData\Local\Temp\cc133uPb.s 			page 12


 268              	.LFE4:
 269              		.size	SPIM_SpiUartPutArray, .-SPIM_SpiUartPutArray
 270              		.section	.text.SPIM_SpiUartGetTxBufferSize,"ax",%progbits
 271              		.align	1
 272              		.global	SPIM_SpiUartGetTxBufferSize
 273              		.code	16
 274              		.thumb_func
 275              		.type	SPIM_SpiUartGetTxBufferSize, %function
 276              	SPIM_SpiUartGetTxBufferSize:
 277              	.LFB5:
 349:Generated_Source\PSoC4/SPIM_SPI_UART.c **** 
 350:Generated_Source\PSoC4/SPIM_SPI_UART.c **** 
 351:Generated_Source\PSoC4/SPIM_SPI_UART.c ****     /*******************************************************************************
 352:Generated_Source\PSoC4/SPIM_SPI_UART.c ****     * Function Name: SPIM_SpiUartGetTxBufferSize
 353:Generated_Source\PSoC4/SPIM_SPI_UART.c ****     ****************************************************************************//**
 354:Generated_Source\PSoC4/SPIM_SPI_UART.c ****     *
 355:Generated_Source\PSoC4/SPIM_SPI_UART.c ****     *  Returns the number of elements currently in the transmit buffer.
 356:Generated_Source\PSoC4/SPIM_SPI_UART.c ****     *   - TX software buffer is disabled: returns the number of used entries in
 357:Generated_Source\PSoC4/SPIM_SPI_UART.c ****     *     TX FIFO.
 358:Generated_Source\PSoC4/SPIM_SPI_UART.c ****     *   - TX software buffer is enabled: returns the number of elements currently
 359:Generated_Source\PSoC4/SPIM_SPI_UART.c ****     *     used in the transmit buffer. This number does not include used entries in
 360:Generated_Source\PSoC4/SPIM_SPI_UART.c ****     *     the TX FIFO. The transmit buffer size is zero until the TX FIFO is
 361:Generated_Source\PSoC4/SPIM_SPI_UART.c ****     *     not full.
 362:Generated_Source\PSoC4/SPIM_SPI_UART.c ****     *
 363:Generated_Source\PSoC4/SPIM_SPI_UART.c ****     * \return
 364:Generated_Source\PSoC4/SPIM_SPI_UART.c ****     *  Number of data elements ready to transmit.
 365:Generated_Source\PSoC4/SPIM_SPI_UART.c ****     *
 366:Generated_Source\PSoC4/SPIM_SPI_UART.c ****     * \globalvars
 367:Generated_Source\PSoC4/SPIM_SPI_UART.c ****     *  SPIM_txBufferHead - the start index to put data into the 
 368:Generated_Source\PSoC4/SPIM_SPI_UART.c ****     *  software transmit buffer.
 369:Generated_Source\PSoC4/SPIM_SPI_UART.c ****     *  SPIM_txBufferTail - start index to get data from the software
 370:Generated_Source\PSoC4/SPIM_SPI_UART.c ****     *  transmit buffer.
 371:Generated_Source\PSoC4/SPIM_SPI_UART.c ****     *
 372:Generated_Source\PSoC4/SPIM_SPI_UART.c ****     *******************************************************************************/
 373:Generated_Source\PSoC4/SPIM_SPI_UART.c ****     uint32 SPIM_SpiUartGetTxBufferSize(void)
 374:Generated_Source\PSoC4/SPIM_SPI_UART.c ****     {
 278              		.loc 1 374 0
 279              		.cfi_startproc
 280              		@ args = 0, pretend = 0, frame = 0
 281              		@ frame_needed = 0, uses_anonymous_args = 0
 282              		@ link register save eliminated.
 375:Generated_Source\PSoC4/SPIM_SPI_UART.c ****         uint32 size;
 376:Generated_Source\PSoC4/SPIM_SPI_UART.c ****     #if (SPIM_INTERNAL_TX_SW_BUFFER_CONST)
 377:Generated_Source\PSoC4/SPIM_SPI_UART.c ****         uint32 locTail;
 378:Generated_Source\PSoC4/SPIM_SPI_UART.c ****     #endif /* (SPIM_INTERNAL_TX_SW_BUFFER_CONST) */
 379:Generated_Source\PSoC4/SPIM_SPI_UART.c **** 
 380:Generated_Source\PSoC4/SPIM_SPI_UART.c ****         #if (SPIM_CHECK_TX_SW_BUFFER)
 381:Generated_Source\PSoC4/SPIM_SPI_UART.c ****         {
 382:Generated_Source\PSoC4/SPIM_SPI_UART.c ****             /* Get current Tail index */
 383:Generated_Source\PSoC4/SPIM_SPI_UART.c ****             locTail = SPIM_txBufferTail;
 384:Generated_Source\PSoC4/SPIM_SPI_UART.c **** 
 385:Generated_Source\PSoC4/SPIM_SPI_UART.c ****             if (SPIM_txBufferHead >= locTail)
 386:Generated_Source\PSoC4/SPIM_SPI_UART.c ****             {
 387:Generated_Source\PSoC4/SPIM_SPI_UART.c ****                 size = (SPIM_txBufferHead - locTail);
 388:Generated_Source\PSoC4/SPIM_SPI_UART.c ****             }
 389:Generated_Source\PSoC4/SPIM_SPI_UART.c ****             else
 390:Generated_Source\PSoC4/SPIM_SPI_UART.c ****             {
ARM GAS  C:\Users\Ala\AppData\Local\Temp\cc133uPb.s 			page 13


 391:Generated_Source\PSoC4/SPIM_SPI_UART.c ****                 size = (SPIM_txBufferHead + (SPIM_TX_BUFFER_SIZE - locTail));
 392:Generated_Source\PSoC4/SPIM_SPI_UART.c ****             }
 393:Generated_Source\PSoC4/SPIM_SPI_UART.c ****         }
 394:Generated_Source\PSoC4/SPIM_SPI_UART.c ****         #else
 395:Generated_Source\PSoC4/SPIM_SPI_UART.c ****         {
 396:Generated_Source\PSoC4/SPIM_SPI_UART.c ****             size = SPIM_GET_TX_FIFO_ENTRIES;
 283              		.loc 1 396 0
 284 0000 024B     		ldr	r3, .L28
 397:Generated_Source\PSoC4/SPIM_SPI_UART.c ****         }
 398:Generated_Source\PSoC4/SPIM_SPI_UART.c ****         #endif
 399:Generated_Source\PSoC4/SPIM_SPI_UART.c **** 
 400:Generated_Source\PSoC4/SPIM_SPI_UART.c ****         return (size);
 401:Generated_Source\PSoC4/SPIM_SPI_UART.c ****     }
 285              		.loc 1 401 0
 286              		@ sp needed
 396:Generated_Source\PSoC4/SPIM_SPI_UART.c ****         }
 287              		.loc 1 396 0
 288 0002 1868     		ldr	r0, [r3]
 289              	.LVL15:
 400:Generated_Source\PSoC4/SPIM_SPI_UART.c ****     }
 290              		.loc 1 400 0
 291 0004 0F23     		movs	r3, #15
 292 0006 1840     		ands	r0, r3
 293              	.LVL16:
 294              		.loc 1 401 0
 295 0008 7047     		bx	lr
 296              	.L29:
 297 000a C046     		.align	2
 298              	.L28:
 299 000c 08020740 		.word	1074201096
 300              		.cfi_endproc
 301              	.LFE5:
 302              		.size	SPIM_SpiUartGetTxBufferSize, .-SPIM_SpiUartGetTxBufferSize
 303              		.section	.text.SPIM_SpiUartClearTxBuffer,"ax",%progbits
 304              		.align	1
 305              		.global	SPIM_SpiUartClearTxBuffer
 306              		.code	16
 307              		.thumb_func
 308              		.type	SPIM_SpiUartClearTxBuffer, %function
 309              	SPIM_SpiUartClearTxBuffer:
 310              	.LFB6:
 402:Generated_Source\PSoC4/SPIM_SPI_UART.c **** 
 403:Generated_Source\PSoC4/SPIM_SPI_UART.c **** 
 404:Generated_Source\PSoC4/SPIM_SPI_UART.c ****     /*******************************************************************************
 405:Generated_Source\PSoC4/SPIM_SPI_UART.c ****     * Function Name: SPIM_SpiUartClearTxBuffer
 406:Generated_Source\PSoC4/SPIM_SPI_UART.c ****     ****************************************************************************//**
 407:Generated_Source\PSoC4/SPIM_SPI_UART.c ****     *
 408:Generated_Source\PSoC4/SPIM_SPI_UART.c ****     *  Clears the transmit buffer and TX FIFO.
 409:Generated_Source\PSoC4/SPIM_SPI_UART.c ****     *
 410:Generated_Source\PSoC4/SPIM_SPI_UART.c ****     * \globalvars
 411:Generated_Source\PSoC4/SPIM_SPI_UART.c ****     *  SPIM_txBufferHead - the start index to put data into the 
 412:Generated_Source\PSoC4/SPIM_SPI_UART.c ****     *  software transmit buffer.
 413:Generated_Source\PSoC4/SPIM_SPI_UART.c ****     *  SPIM_txBufferTail - start index to get data from the software
 414:Generated_Source\PSoC4/SPIM_SPI_UART.c ****     *  transmit buffer.
 415:Generated_Source\PSoC4/SPIM_SPI_UART.c ****     *
 416:Generated_Source\PSoC4/SPIM_SPI_UART.c ****     *******************************************************************************/
 417:Generated_Source\PSoC4/SPIM_SPI_UART.c ****     void SPIM_SpiUartClearTxBuffer(void)
ARM GAS  C:\Users\Ala\AppData\Local\Temp\cc133uPb.s 			page 14


 418:Generated_Source\PSoC4/SPIM_SPI_UART.c ****     {
 311              		.loc 1 418 0
 312              		.cfi_startproc
 313              		@ args = 0, pretend = 0, frame = 0
 314              		@ frame_needed = 0, uses_anonymous_args = 0
 315              		@ link register save eliminated.
 419:Generated_Source\PSoC4/SPIM_SPI_UART.c ****         #if (SPIM_CHECK_TX_SW_BUFFER)
 420:Generated_Source\PSoC4/SPIM_SPI_UART.c ****         {
 421:Generated_Source\PSoC4/SPIM_SPI_UART.c ****             /* Lock from component interruption */
 422:Generated_Source\PSoC4/SPIM_SPI_UART.c ****             SPIM_DisableInt();
 423:Generated_Source\PSoC4/SPIM_SPI_UART.c **** 
 424:Generated_Source\PSoC4/SPIM_SPI_UART.c ****             /* Flush TX software buffer */
 425:Generated_Source\PSoC4/SPIM_SPI_UART.c ****             SPIM_txBufferHead = SPIM_txBufferTail;
 426:Generated_Source\PSoC4/SPIM_SPI_UART.c **** 
 427:Generated_Source\PSoC4/SPIM_SPI_UART.c ****             SPIM_INTR_TX_MASK_REG &= (uint32) ~SPIM_INTR_TX_NOT_FULL;
 428:Generated_Source\PSoC4/SPIM_SPI_UART.c ****             SPIM_CLEAR_TX_FIFO;
 429:Generated_Source\PSoC4/SPIM_SPI_UART.c ****             SPIM_ClearTxInterruptSource(SPIM_INTR_TX_ALL);
 430:Generated_Source\PSoC4/SPIM_SPI_UART.c **** 
 431:Generated_Source\PSoC4/SPIM_SPI_UART.c ****             /* Release lock */
 432:Generated_Source\PSoC4/SPIM_SPI_UART.c ****             SPIM_EnableInt();
 433:Generated_Source\PSoC4/SPIM_SPI_UART.c ****         }
 434:Generated_Source\PSoC4/SPIM_SPI_UART.c ****         #else
 435:Generated_Source\PSoC4/SPIM_SPI_UART.c ****         {
 436:Generated_Source\PSoC4/SPIM_SPI_UART.c ****             SPIM_CLEAR_TX_FIFO;
 316              		.loc 1 436 0
 317 0000 8021     		movs	r1, #128
 318 0002 054B     		ldr	r3, .L31
 319 0004 4902     		lsls	r1, r1, #9
 320 0006 1A68     		ldr	r2, [r3]
 437:Generated_Source\PSoC4/SPIM_SPI_UART.c ****         }
 438:Generated_Source\PSoC4/SPIM_SPI_UART.c ****         #endif
 439:Generated_Source\PSoC4/SPIM_SPI_UART.c ****     }
 321              		.loc 1 439 0
 322              		@ sp needed
 436:Generated_Source\PSoC4/SPIM_SPI_UART.c ****         }
 323              		.loc 1 436 0
 324 0008 0A43     		orrs	r2, r1
 325 000a 1A60     		str	r2, [r3]
 326 000c 1968     		ldr	r1, [r3]
 327 000e 034A     		ldr	r2, .L31+4
 328 0010 0A40     		ands	r2, r1
 329 0012 1A60     		str	r2, [r3]
 330              		.loc 1 439 0
 331 0014 7047     		bx	lr
 332              	.L32:
 333 0016 C046     		.align	2
 334              	.L31:
 335 0018 04020740 		.word	1074201092
 336 001c FFFFFEFF 		.word	-65537
 337              		.cfi_endproc
 338              	.LFE6:
 339              		.size	SPIM_SpiUartClearTxBuffer, .-SPIM_SpiUartClearTxBuffer
 340              		.section	.text.SPIM_SpiUartDisableIntRx,"ax",%progbits
 341              		.align	1
 342              		.global	SPIM_SpiUartDisableIntRx
 343              		.code	16
 344              		.thumb_func
ARM GAS  C:\Users\Ala\AppData\Local\Temp\cc133uPb.s 			page 15


 345              		.type	SPIM_SpiUartDisableIntRx, %function
 346              	SPIM_SpiUartDisableIntRx:
 347              	.LFB7:
 440:Generated_Source\PSoC4/SPIM_SPI_UART.c **** 
 441:Generated_Source\PSoC4/SPIM_SPI_UART.c **** #endif /* (SPIM_TX_DIRECTION) */
 442:Generated_Source\PSoC4/SPIM_SPI_UART.c **** 
 443:Generated_Source\PSoC4/SPIM_SPI_UART.c **** 
 444:Generated_Source\PSoC4/SPIM_SPI_UART.c **** /*******************************************************************************
 445:Generated_Source\PSoC4/SPIM_SPI_UART.c **** * Function Name: SPIM_SpiUartDisableIntRx
 446:Generated_Source\PSoC4/SPIM_SPI_UART.c **** ****************************************************************************//**
 447:Generated_Source\PSoC4/SPIM_SPI_UART.c **** *
 448:Generated_Source\PSoC4/SPIM_SPI_UART.c **** *  Disables the RX interrupt sources.
 449:Generated_Source\PSoC4/SPIM_SPI_UART.c **** *
 450:Generated_Source\PSoC4/SPIM_SPI_UART.c **** *  \return
 451:Generated_Source\PSoC4/SPIM_SPI_UART.c **** *   Returns the RX interrupt sources enabled before the function call.
 452:Generated_Source\PSoC4/SPIM_SPI_UART.c **** *
 453:Generated_Source\PSoC4/SPIM_SPI_UART.c **** *******************************************************************************/
 454:Generated_Source\PSoC4/SPIM_SPI_UART.c **** uint32 SPIM_SpiUartDisableIntRx(void)
 455:Generated_Source\PSoC4/SPIM_SPI_UART.c **** {
 348              		.loc 1 455 0
 349              		.cfi_startproc
 350              		@ args = 0, pretend = 0, frame = 0
 351              		@ frame_needed = 0, uses_anonymous_args = 0
 352              		@ link register save eliminated.
 456:Generated_Source\PSoC4/SPIM_SPI_UART.c ****     uint32 intSource;
 457:Generated_Source\PSoC4/SPIM_SPI_UART.c **** 
 458:Generated_Source\PSoC4/SPIM_SPI_UART.c ****     intSource = SPIM_GetRxInterruptMode();
 459:Generated_Source\PSoC4/SPIM_SPI_UART.c **** 
 460:Generated_Source\PSoC4/SPIM_SPI_UART.c ****     SPIM_SetRxInterruptMode(SPIM_NO_INTR_SOURCES);
 353              		.loc 1 460 0
 354 0000 0022     		movs	r2, #0
 458:Generated_Source\PSoC4/SPIM_SPI_UART.c **** 
 355              		.loc 1 458 0
 356 0002 024B     		ldr	r3, .L34
 461:Generated_Source\PSoC4/SPIM_SPI_UART.c **** 
 462:Generated_Source\PSoC4/SPIM_SPI_UART.c ****     return (intSource);
 463:Generated_Source\PSoC4/SPIM_SPI_UART.c **** }
 357              		.loc 1 463 0
 358              		@ sp needed
 458:Generated_Source\PSoC4/SPIM_SPI_UART.c **** 
 359              		.loc 1 458 0
 360 0004 1868     		ldr	r0, [r3]
 361              	.LVL17:
 460:Generated_Source\PSoC4/SPIM_SPI_UART.c **** 
 362              		.loc 1 460 0
 363 0006 1A60     		str	r2, [r3]
 364              		.loc 1 463 0
 365 0008 7047     		bx	lr
 366              	.L35:
 367 000a C046     		.align	2
 368              	.L34:
 369 000c C80F0740 		.word	1074204616
 370              		.cfi_endproc
 371              	.LFE7:
 372              		.size	SPIM_SpiUartDisableIntRx, .-SPIM_SpiUartDisableIntRx
 373              		.section	.text.SPIM_SpiUartDisableIntTx,"ax",%progbits
 374              		.align	1
ARM GAS  C:\Users\Ala\AppData\Local\Temp\cc133uPb.s 			page 16


 375              		.global	SPIM_SpiUartDisableIntTx
 376              		.code	16
 377              		.thumb_func
 378              		.type	SPIM_SpiUartDisableIntTx, %function
 379              	SPIM_SpiUartDisableIntTx:
 380              	.LFB8:
 464:Generated_Source\PSoC4/SPIM_SPI_UART.c **** 
 465:Generated_Source\PSoC4/SPIM_SPI_UART.c **** 
 466:Generated_Source\PSoC4/SPIM_SPI_UART.c **** /*******************************************************************************
 467:Generated_Source\PSoC4/SPIM_SPI_UART.c **** * Function Name: SPIM_SpiUartDisableIntTx
 468:Generated_Source\PSoC4/SPIM_SPI_UART.c **** ****************************************************************************//**
 469:Generated_Source\PSoC4/SPIM_SPI_UART.c **** *
 470:Generated_Source\PSoC4/SPIM_SPI_UART.c **** *  Disables TX interrupt sources.
 471:Generated_Source\PSoC4/SPIM_SPI_UART.c **** *
 472:Generated_Source\PSoC4/SPIM_SPI_UART.c **** *  \return
 473:Generated_Source\PSoC4/SPIM_SPI_UART.c **** *   Returns TX interrupt sources enabled before function call.
 474:Generated_Source\PSoC4/SPIM_SPI_UART.c **** *
 475:Generated_Source\PSoC4/SPIM_SPI_UART.c **** *******************************************************************************/
 476:Generated_Source\PSoC4/SPIM_SPI_UART.c **** uint32 SPIM_SpiUartDisableIntTx(void)
 477:Generated_Source\PSoC4/SPIM_SPI_UART.c **** {
 381              		.loc 1 477 0
 382              		.cfi_startproc
 383              		@ args = 0, pretend = 0, frame = 0
 384              		@ frame_needed = 0, uses_anonymous_args = 0
 385              		@ link register save eliminated.
 478:Generated_Source\PSoC4/SPIM_SPI_UART.c ****     uint32 intSourceMask;
 479:Generated_Source\PSoC4/SPIM_SPI_UART.c **** 
 480:Generated_Source\PSoC4/SPIM_SPI_UART.c ****     intSourceMask = SPIM_GetTxInterruptMode();
 481:Generated_Source\PSoC4/SPIM_SPI_UART.c **** 
 482:Generated_Source\PSoC4/SPIM_SPI_UART.c ****     SPIM_SetTxInterruptMode(SPIM_NO_INTR_SOURCES);
 386              		.loc 1 482 0
 387 0000 0022     		movs	r2, #0
 480:Generated_Source\PSoC4/SPIM_SPI_UART.c **** 
 388              		.loc 1 480 0
 389 0002 024B     		ldr	r3, .L37
 483:Generated_Source\PSoC4/SPIM_SPI_UART.c **** 
 484:Generated_Source\PSoC4/SPIM_SPI_UART.c ****     return (intSourceMask);
 485:Generated_Source\PSoC4/SPIM_SPI_UART.c **** }
 390              		.loc 1 485 0
 391              		@ sp needed
 480:Generated_Source\PSoC4/SPIM_SPI_UART.c **** 
 392              		.loc 1 480 0
 393 0004 1868     		ldr	r0, [r3]
 394              	.LVL18:
 482:Generated_Source\PSoC4/SPIM_SPI_UART.c **** 
 395              		.loc 1 482 0
 396 0006 1A60     		str	r2, [r3]
 397              		.loc 1 485 0
 398 0008 7047     		bx	lr
 399              	.L38:
 400 000a C046     		.align	2
 401              	.L37:
 402 000c 880F0740 		.word	1074204552
 403              		.cfi_endproc
 404              	.LFE8:
 405              		.size	SPIM_SpiUartDisableIntTx, .-SPIM_SpiUartDisableIntTx
 406              		.comm	SPIM_rxBufferInternal,31,1
ARM GAS  C:\Users\Ala\AppData\Local\Temp\cc133uPb.s 			page 17


 407              		.comm	SPIM_rxBufferOverflow,1,1
 408              		.comm	SPIM_rxBufferTail,4,4
 409              		.comm	SPIM_rxBufferHead,4,4
 410              		.text
 411              	.Letext0:
 412              		.file 2 "Generated_Source\\PSoC4/cytypes.h"
 413              		.file 3 "Generated_Source\\PSoC4/CyLib.h"
 414              		.section	.debug_info,"",%progbits
 415              	.Ldebug_info0:
 416 0000 DB020000 		.4byte	0x2db
 417 0004 0400     		.2byte	0x4
 418 0006 00000000 		.4byte	.Ldebug_abbrev0
 419 000a 04       		.byte	0x4
 420 000b 01       		.uleb128 0x1
 421 000c 8B020000 		.4byte	.LASF40
 422 0010 0C       		.byte	0xc
 423 0011 00000000 		.4byte	.LASF41
 424 0015 04020000 		.4byte	.LASF42
 425 0019 00000000 		.4byte	.Ldebug_ranges0+0
 426 001d 00000000 		.4byte	0
 427 0021 00000000 		.4byte	.Ldebug_line0
 428 0025 02       		.uleb128 0x2
 429 0026 01       		.byte	0x1
 430 0027 06       		.byte	0x6
 431 0028 66020000 		.4byte	.LASF0
 432 002c 02       		.uleb128 0x2
 433 002d 01       		.byte	0x1
 434 002e 08       		.byte	0x8
 435 002f 58010000 		.4byte	.LASF1
 436 0033 02       		.uleb128 0x2
 437 0034 02       		.byte	0x2
 438 0035 05       		.byte	0x5
 439 0036 FA010000 		.4byte	.LASF2
 440 003a 02       		.uleb128 0x2
 441 003b 02       		.byte	0x2
 442 003c 07       		.byte	0x7
 443 003d 62000000 		.4byte	.LASF3
 444 0041 02       		.uleb128 0x2
 445 0042 04       		.byte	0x4
 446 0043 05       		.byte	0x5
 447 0044 4B020000 		.4byte	.LASF4
 448 0048 02       		.uleb128 0x2
 449 0049 04       		.byte	0x4
 450 004a 07       		.byte	0x7
 451 004b 0A010000 		.4byte	.LASF5
 452 004f 02       		.uleb128 0x2
 453 0050 08       		.byte	0x8
 454 0051 05       		.byte	0x5
 455 0052 DA010000 		.4byte	.LASF6
 456 0056 02       		.uleb128 0x2
 457 0057 08       		.byte	0x8
 458 0058 07       		.byte	0x7
 459 0059 B2010000 		.4byte	.LASF7
 460 005d 03       		.uleb128 0x3
 461 005e 04       		.byte	0x4
 462 005f 05       		.byte	0x5
 463 0060 696E7400 		.ascii	"int\000"
ARM GAS  C:\Users\Ala\AppData\Local\Temp\cc133uPb.s 			page 18


 464 0064 02       		.uleb128 0x2
 465 0065 04       		.byte	0x4
 466 0066 07       		.byte	0x7
 467 0067 22010000 		.4byte	.LASF8
 468 006b 04       		.uleb128 0x4
 469 006c 1C010000 		.4byte	.LASF9
 470 0070 02       		.byte	0x2
 471 0071 F701     		.2byte	0x1f7
 472 0073 2C000000 		.4byte	0x2c
 473 0077 04       		.uleb128 0x4
 474 0078 93010000 		.4byte	.LASF10
 475 007c 02       		.byte	0x2
 476 007d F901     		.2byte	0x1f9
 477 007f 48000000 		.4byte	0x48
 478 0083 02       		.uleb128 0x2
 479 0084 04       		.byte	0x4
 480 0085 04       		.byte	0x4
 481 0086 D1000000 		.4byte	.LASF11
 482 008a 02       		.uleb128 0x2
 483 008b 08       		.byte	0x8
 484 008c 04       		.byte	0x4
 485 008d 66010000 		.4byte	.LASF12
 486 0091 02       		.uleb128 0x2
 487 0092 01       		.byte	0x1
 488 0093 08       		.byte	0x8
 489 0094 E8010000 		.4byte	.LASF13
 490 0098 05       		.uleb128 0x5
 491 0099 6B000000 		.4byte	0x6b
 492 009d 04       		.uleb128 0x4
 493 009e 54020000 		.4byte	.LASF14
 494 00a2 02       		.byte	0x2
 495 00a3 A302     		.2byte	0x2a3
 496 00a5 A9000000 		.4byte	0xa9
 497 00a9 05       		.uleb128 0x5
 498 00aa 77000000 		.4byte	0x77
 499 00ae 02       		.uleb128 0x2
 500 00af 08       		.byte	0x8
 501 00b0 04       		.byte	0x4
 502 00b1 5A020000 		.4byte	.LASF15
 503 00b5 02       		.uleb128 0x2
 504 00b6 04       		.byte	0x4
 505 00b7 07       		.byte	0x7
 506 00b8 D1010000 		.4byte	.LASF16
 507 00bc 06       		.uleb128 0x6
 508 00bd A0000000 		.4byte	.LASF19
 509 00c1 01       		.byte	0x1
 510 00c2 53       		.byte	0x53
 511 00c3 77000000 		.4byte	0x77
 512 00c7 00000000 		.4byte	.LFB0
 513 00cb 30000000 		.4byte	.LFE0-.LFB0
 514 00cf 01       		.uleb128 0x1
 515 00d0 9C       		.byte	0x9c
 516 00d1 F4000000 		.4byte	0xf4
 517 00d5 07       		.uleb128 0x7
 518 00d6 4B010000 		.4byte	.LASF17
 519 00da 01       		.byte	0x1
 520 00db 55       		.byte	0x55
ARM GAS  C:\Users\Ala\AppData\Local\Temp\cc133uPb.s 			page 19


 521 00dc 77000000 		.4byte	0x77
 522 00e0 00000000 		.4byte	.LLST0
 523 00e4 07       		.uleb128 0x7
 524 00e5 C9010000 		.4byte	.LASF18
 525 00e9 01       		.byte	0x1
 526 00ea 58       		.byte	0x58
 527 00eb 77000000 		.4byte	0x77
 528 00ef 1F000000 		.4byte	.LLST1
 529 00f3 00       		.byte	0
 530 00f4 06       		.uleb128 0x6
 531 00f5 D7000000 		.4byte	.LASF20
 532 00f9 01       		.byte	0x1
 533 00fa 9D       		.byte	0x9d
 534 00fb 77000000 		.4byte	0x77
 535 00ff 00000000 		.4byte	.LFB1
 536 0103 1C000000 		.4byte	.LFE1-.LFB1
 537 0107 01       		.uleb128 0x1
 538 0108 9C       		.byte	0x9c
 539 0109 2A010000 		.4byte	0x12a
 540 010d 08       		.uleb128 0x8
 541 010e F3000000 		.4byte	.LASF21
 542 0112 01       		.byte	0x1
 543 0113 9F       		.byte	0x9f
 544 0114 77000000 		.4byte	0x77
 545 0118 01       		.uleb128 0x1
 546 0119 50       		.byte	0x50
 547 011a 07       		.uleb128 0x7
 548 011b B7000000 		.4byte	.LASF22
 549 011f 01       		.byte	0x1
 550 0120 A1       		.byte	0xa1
 551 0121 77000000 		.4byte	0x77
 552 0125 32000000 		.4byte	.LLST2
 553 0129 00       		.byte	0
 554 012a 09       		.uleb128 0x9
 555 012b 79010000 		.4byte	.LASF23
 556 012f 01       		.byte	0x1
 557 0130 C8       		.byte	0xc8
 558 0131 00000000 		.4byte	.LFB2
 559 0135 54000000 		.4byte	.LFE2-.LFB2
 560 0139 01       		.uleb128 0x1
 561 013a 9C       		.byte	0x9c
 562 013b 62010000 		.4byte	0x162
 563 013f 0A       		.uleb128 0xa
 564 0140 08000000 		.4byte	.LVL7
 565 0144 C8020000 		.4byte	0x2c8
 566 0148 52010000 		.4byte	0x152
 567 014c 0B       		.uleb128 0xb
 568 014d 01       		.uleb128 0x1
 569 014e 50       		.byte	0x50
 570 014f 01       		.uleb128 0x1
 571 0150 3B       		.byte	0x3b
 572 0151 00       		.byte	0
 573 0152 0C       		.uleb128 0xc
 574 0153 36000000 		.4byte	.LVL8
 575 0157 D3020000 		.4byte	0x2d3
 576 015b 0B       		.uleb128 0xb
 577 015c 01       		.uleb128 0x1
ARM GAS  C:\Users\Ala\AppData\Local\Temp\cc133uPb.s 			page 20


 578 015d 50       		.byte	0x50
 579 015e 01       		.uleb128 0x1
 580 015f 3B       		.byte	0x3b
 581 0160 00       		.byte	0
 582 0161 00       		.byte	0
 583 0162 0D       		.uleb128 0xd
 584 0163 3D000000 		.4byte	.LASF24
 585 0167 01       		.byte	0x1
 586 0168 0101     		.2byte	0x101
 587 016a 00000000 		.4byte	.LFB3
 588 016e 1C000000 		.4byte	.LFE3-.LFB3
 589 0172 01       		.uleb128 0x1
 590 0173 9C       		.byte	0x9c
 591 0174 87010000 		.4byte	0x187
 592 0178 0E       		.uleb128 0xe
 593 0179 5B000000 		.4byte	.LASF26
 594 017d 01       		.byte	0x1
 595 017e 0101     		.2byte	0x101
 596 0180 77000000 		.4byte	0x77
 597 0184 01       		.uleb128 0x1
 598 0185 50       		.byte	0x50
 599 0186 00       		.byte	0
 600 0187 0D       		.uleb128 0xd
 601 0188 75000000 		.4byte	.LASF25
 602 018c 01       		.byte	0x1
 603 018d 5401     		.2byte	0x154
 604 018f 00000000 		.4byte	.LFB4
 605 0193 16000000 		.4byte	.LFE4-.LFB4
 606 0197 01       		.uleb128 0x1
 607 0198 9C       		.byte	0x9c
 608 0199 D5010000 		.4byte	0x1d5
 609 019d 0F       		.uleb128 0xf
 610 019e 52010000 		.4byte	.LASF27
 611 01a2 01       		.byte	0x1
 612 01a3 5401     		.2byte	0x154
 613 01a5 D5010000 		.4byte	0x1d5
 614 01a9 45000000 		.4byte	.LLST3
 615 01ad 0F       		.uleb128 0xf
 616 01ae 55000000 		.4byte	.LASF28
 617 01b2 01       		.byte	0x1
 618 01b3 5401     		.2byte	0x154
 619 01b5 77000000 		.4byte	0x77
 620 01b9 66000000 		.4byte	.LLST4
 621 01bd 10       		.uleb128 0x10
 622 01be 6900     		.ascii	"i\000"
 623 01c0 01       		.byte	0x1
 624 01c1 5601     		.2byte	0x156
 625 01c3 77000000 		.4byte	0x77
 626 01c7 87000000 		.4byte	.LLST5
 627 01cb 11       		.uleb128 0x11
 628 01cc 10000000 		.4byte	.LVL12
 629 01d0 62010000 		.4byte	0x162
 630 01d4 00       		.byte	0
 631 01d5 12       		.uleb128 0x12
 632 01d6 04       		.byte	0x4
 633 01d7 DB010000 		.4byte	0x1db
 634 01db 13       		.uleb128 0x13
ARM GAS  C:\Users\Ala\AppData\Local\Temp\cc133uPb.s 			page 21


 635 01dc 6B000000 		.4byte	0x6b
 636 01e0 14       		.uleb128 0x14
 637 01e1 2F010000 		.4byte	.LASF29
 638 01e5 01       		.byte	0x1
 639 01e6 7501     		.2byte	0x175
 640 01e8 77000000 		.4byte	0x77
 641 01ec 00000000 		.4byte	.LFB5
 642 01f0 10000000 		.4byte	.LFE5-.LFB5
 643 01f4 01       		.uleb128 0x1
 644 01f5 9C       		.byte	0x9c
 645 01f6 0B020000 		.4byte	0x20b
 646 01fa 15       		.uleb128 0x15
 647 01fb F3000000 		.4byte	.LASF21
 648 01ff 01       		.byte	0x1
 649 0200 7701     		.2byte	0x177
 650 0202 77000000 		.4byte	0x77
 651 0206 D0000000 		.4byte	.LLST6
 652 020a 00       		.byte	0
 653 020b 16       		.uleb128 0x16
 654 020c 31020000 		.4byte	.LASF43
 655 0210 01       		.byte	0x1
 656 0211 A101     		.2byte	0x1a1
 657 0213 00000000 		.4byte	.LFB6
 658 0217 20000000 		.4byte	.LFE6-.LFB6
 659 021b 01       		.uleb128 0x1
 660 021c 9C       		.byte	0x9c
 661 021d 14       		.uleb128 0x14
 662 021e 72020000 		.4byte	.LASF30
 663 0222 01       		.byte	0x1
 664 0223 C601     		.2byte	0x1c6
 665 0225 77000000 		.4byte	0x77
 666 0229 00000000 		.4byte	.LFB7
 667 022d 10000000 		.4byte	.LFE7-.LFB7
 668 0231 01       		.uleb128 0x1
 669 0232 9C       		.byte	0x9c
 670 0233 46020000 		.4byte	0x246
 671 0237 17       		.uleb128 0x17
 672 0238 A8010000 		.4byte	.LASF31
 673 023c 01       		.byte	0x1
 674 023d C801     		.2byte	0x1c8
 675 023f 77000000 		.4byte	0x77
 676 0243 01       		.uleb128 0x1
 677 0244 50       		.byte	0x50
 678 0245 00       		.byte	0
 679 0246 14       		.uleb128 0x14
 680 0247 19030000 		.4byte	.LASF32
 681 024b 01       		.byte	0x1
 682 024c DC01     		.2byte	0x1dc
 683 024e 77000000 		.4byte	0x77
 684 0252 00000000 		.4byte	.LFB8
 685 0256 10000000 		.4byte	.LFE8-.LFB8
 686 025a 01       		.uleb128 0x1
 687 025b 9C       		.byte	0x9c
 688 025c 6F020000 		.4byte	0x26f
 689 0260 17       		.uleb128 0x17
 690 0261 9A010000 		.4byte	.LASF33
 691 0265 01       		.byte	0x1
ARM GAS  C:\Users\Ala\AppData\Local\Temp\cc133uPb.s 			page 22


 692 0266 DE01     		.2byte	0x1de
 693 0268 77000000 		.4byte	0x77
 694 026c 01       		.uleb128 0x1
 695 026d 50       		.byte	0x50
 696 026e 00       		.byte	0
 697 026f 18       		.uleb128 0x18
 698 0270 BF000000 		.4byte	.LASF34
 699 0274 01       		.byte	0x1
 700 0275 1C       		.byte	0x1c
 701 0276 A9000000 		.4byte	0xa9
 702 027a 05       		.uleb128 0x5
 703 027b 03       		.byte	0x3
 704 027c 00000000 		.4byte	SPIM_rxBufferHead
 705 0280 18       		.uleb128 0x18
 706 0281 F8000000 		.4byte	.LASF35
 707 0285 01       		.byte	0x1
 708 0286 1E       		.byte	0x1e
 709 0287 A9000000 		.4byte	0xa9
 710 028b 05       		.uleb128 0x5
 711 028c 03       		.byte	0x3
 712 028d 00000000 		.4byte	SPIM_rxBufferTail
 713 0291 18       		.uleb128 0x18
 714 0292 8A000000 		.4byte	.LASF36
 715 0296 01       		.byte	0x1
 716 0297 26       		.byte	0x26
 717 0298 98000000 		.4byte	0x98
 718 029c 05       		.uleb128 0x5
 719 029d 03       		.byte	0x3
 720 029e 00000000 		.4byte	SPIM_rxBufferOverflow
 721 02a2 19       		.uleb128 0x19
 722 02a3 98000000 		.4byte	0x98
 723 02a7 B2020000 		.4byte	0x2b2
 724 02ab 1A       		.uleb128 0x1a
 725 02ac B5000000 		.4byte	0xb5
 726 02b0 1E       		.byte	0x1e
 727 02b1 00       		.byte	0
 728 02b2 18       		.uleb128 0x18
 729 02b3 27000000 		.4byte	.LASF37
 730 02b7 01       		.byte	0x1
 731 02b8 33       		.byte	0x33
 732 02b9 C3020000 		.4byte	0x2c3
 733 02bd 05       		.uleb128 0x5
 734 02be 03       		.byte	0x3
 735 02bf 00000000 		.4byte	SPIM_rxBufferInternal
 736 02c3 05       		.uleb128 0x5
 737 02c4 A2020000 		.4byte	0x2a2
 738 02c8 1B       		.uleb128 0x1b
 739 02c9 ED010000 		.4byte	.LASF38
 740 02cd ED010000 		.4byte	.LASF38
 741 02d1 03       		.byte	0x3
 742 02d2 D8       		.byte	0xd8
 743 02d3 1B       		.uleb128 0x1b
 744 02d4 6D010000 		.4byte	.LASF39
 745 02d8 6D010000 		.4byte	.LASF39
 746 02dc 03       		.byte	0x3
 747 02dd D6       		.byte	0xd6
 748 02de 00       		.byte	0
ARM GAS  C:\Users\Ala\AppData\Local\Temp\cc133uPb.s 			page 23


 749              		.section	.debug_abbrev,"",%progbits
 750              	.Ldebug_abbrev0:
 751 0000 01       		.uleb128 0x1
 752 0001 11       		.uleb128 0x11
 753 0002 01       		.byte	0x1
 754 0003 25       		.uleb128 0x25
 755 0004 0E       		.uleb128 0xe
 756 0005 13       		.uleb128 0x13
 757 0006 0B       		.uleb128 0xb
 758 0007 03       		.uleb128 0x3
 759 0008 0E       		.uleb128 0xe
 760 0009 1B       		.uleb128 0x1b
 761 000a 0E       		.uleb128 0xe
 762 000b 55       		.uleb128 0x55
 763 000c 17       		.uleb128 0x17
 764 000d 11       		.uleb128 0x11
 765 000e 01       		.uleb128 0x1
 766 000f 10       		.uleb128 0x10
 767 0010 17       		.uleb128 0x17
 768 0011 00       		.byte	0
 769 0012 00       		.byte	0
 770 0013 02       		.uleb128 0x2
 771 0014 24       		.uleb128 0x24
 772 0015 00       		.byte	0
 773 0016 0B       		.uleb128 0xb
 774 0017 0B       		.uleb128 0xb
 775 0018 3E       		.uleb128 0x3e
 776 0019 0B       		.uleb128 0xb
 777 001a 03       		.uleb128 0x3
 778 001b 0E       		.uleb128 0xe
 779 001c 00       		.byte	0
 780 001d 00       		.byte	0
 781 001e 03       		.uleb128 0x3
 782 001f 24       		.uleb128 0x24
 783 0020 00       		.byte	0
 784 0021 0B       		.uleb128 0xb
 785 0022 0B       		.uleb128 0xb
 786 0023 3E       		.uleb128 0x3e
 787 0024 0B       		.uleb128 0xb
 788 0025 03       		.uleb128 0x3
 789 0026 08       		.uleb128 0x8
 790 0027 00       		.byte	0
 791 0028 00       		.byte	0
 792 0029 04       		.uleb128 0x4
 793 002a 16       		.uleb128 0x16
 794 002b 00       		.byte	0
 795 002c 03       		.uleb128 0x3
 796 002d 0E       		.uleb128 0xe
 797 002e 3A       		.uleb128 0x3a
 798 002f 0B       		.uleb128 0xb
 799 0030 3B       		.uleb128 0x3b
 800 0031 05       		.uleb128 0x5
 801 0032 49       		.uleb128 0x49
 802 0033 13       		.uleb128 0x13
 803 0034 00       		.byte	0
 804 0035 00       		.byte	0
 805 0036 05       		.uleb128 0x5
ARM GAS  C:\Users\Ala\AppData\Local\Temp\cc133uPb.s 			page 24


 806 0037 35       		.uleb128 0x35
 807 0038 00       		.byte	0
 808 0039 49       		.uleb128 0x49
 809 003a 13       		.uleb128 0x13
 810 003b 00       		.byte	0
 811 003c 00       		.byte	0
 812 003d 06       		.uleb128 0x6
 813 003e 2E       		.uleb128 0x2e
 814 003f 01       		.byte	0x1
 815 0040 3F       		.uleb128 0x3f
 816 0041 19       		.uleb128 0x19
 817 0042 03       		.uleb128 0x3
 818 0043 0E       		.uleb128 0xe
 819 0044 3A       		.uleb128 0x3a
 820 0045 0B       		.uleb128 0xb
 821 0046 3B       		.uleb128 0x3b
 822 0047 0B       		.uleb128 0xb
 823 0048 27       		.uleb128 0x27
 824 0049 19       		.uleb128 0x19
 825 004a 49       		.uleb128 0x49
 826 004b 13       		.uleb128 0x13
 827 004c 11       		.uleb128 0x11
 828 004d 01       		.uleb128 0x1
 829 004e 12       		.uleb128 0x12
 830 004f 06       		.uleb128 0x6
 831 0050 40       		.uleb128 0x40
 832 0051 18       		.uleb128 0x18
 833 0052 9742     		.uleb128 0x2117
 834 0054 19       		.uleb128 0x19
 835 0055 01       		.uleb128 0x1
 836 0056 13       		.uleb128 0x13
 837 0057 00       		.byte	0
 838 0058 00       		.byte	0
 839 0059 07       		.uleb128 0x7
 840 005a 34       		.uleb128 0x34
 841 005b 00       		.byte	0
 842 005c 03       		.uleb128 0x3
 843 005d 0E       		.uleb128 0xe
 844 005e 3A       		.uleb128 0x3a
 845 005f 0B       		.uleb128 0xb
 846 0060 3B       		.uleb128 0x3b
 847 0061 0B       		.uleb128 0xb
 848 0062 49       		.uleb128 0x49
 849 0063 13       		.uleb128 0x13
 850 0064 02       		.uleb128 0x2
 851 0065 17       		.uleb128 0x17
 852 0066 00       		.byte	0
 853 0067 00       		.byte	0
 854 0068 08       		.uleb128 0x8
 855 0069 34       		.uleb128 0x34
 856 006a 00       		.byte	0
 857 006b 03       		.uleb128 0x3
 858 006c 0E       		.uleb128 0xe
 859 006d 3A       		.uleb128 0x3a
 860 006e 0B       		.uleb128 0xb
 861 006f 3B       		.uleb128 0x3b
 862 0070 0B       		.uleb128 0xb
ARM GAS  C:\Users\Ala\AppData\Local\Temp\cc133uPb.s 			page 25


 863 0071 49       		.uleb128 0x49
 864 0072 13       		.uleb128 0x13
 865 0073 02       		.uleb128 0x2
 866 0074 18       		.uleb128 0x18
 867 0075 00       		.byte	0
 868 0076 00       		.byte	0
 869 0077 09       		.uleb128 0x9
 870 0078 2E       		.uleb128 0x2e
 871 0079 01       		.byte	0x1
 872 007a 3F       		.uleb128 0x3f
 873 007b 19       		.uleb128 0x19
 874 007c 03       		.uleb128 0x3
 875 007d 0E       		.uleb128 0xe
 876 007e 3A       		.uleb128 0x3a
 877 007f 0B       		.uleb128 0xb
 878 0080 3B       		.uleb128 0x3b
 879 0081 0B       		.uleb128 0xb
 880 0082 27       		.uleb128 0x27
 881 0083 19       		.uleb128 0x19
 882 0084 11       		.uleb128 0x11
 883 0085 01       		.uleb128 0x1
 884 0086 12       		.uleb128 0x12
 885 0087 06       		.uleb128 0x6
 886 0088 40       		.uleb128 0x40
 887 0089 18       		.uleb128 0x18
 888 008a 9742     		.uleb128 0x2117
 889 008c 19       		.uleb128 0x19
 890 008d 01       		.uleb128 0x1
 891 008e 13       		.uleb128 0x13
 892 008f 00       		.byte	0
 893 0090 00       		.byte	0
 894 0091 0A       		.uleb128 0xa
 895 0092 898201   		.uleb128 0x4109
 896 0095 01       		.byte	0x1
 897 0096 11       		.uleb128 0x11
 898 0097 01       		.uleb128 0x1
 899 0098 31       		.uleb128 0x31
 900 0099 13       		.uleb128 0x13
 901 009a 01       		.uleb128 0x1
 902 009b 13       		.uleb128 0x13
 903 009c 00       		.byte	0
 904 009d 00       		.byte	0
 905 009e 0B       		.uleb128 0xb
 906 009f 8A8201   		.uleb128 0x410a
 907 00a2 00       		.byte	0
 908 00a3 02       		.uleb128 0x2
 909 00a4 18       		.uleb128 0x18
 910 00a5 9142     		.uleb128 0x2111
 911 00a7 18       		.uleb128 0x18
 912 00a8 00       		.byte	0
 913 00a9 00       		.byte	0
 914 00aa 0C       		.uleb128 0xc
 915 00ab 898201   		.uleb128 0x4109
 916 00ae 01       		.byte	0x1
 917 00af 11       		.uleb128 0x11
 918 00b0 01       		.uleb128 0x1
 919 00b1 31       		.uleb128 0x31
ARM GAS  C:\Users\Ala\AppData\Local\Temp\cc133uPb.s 			page 26


 920 00b2 13       		.uleb128 0x13
 921 00b3 00       		.byte	0
 922 00b4 00       		.byte	0
 923 00b5 0D       		.uleb128 0xd
 924 00b6 2E       		.uleb128 0x2e
 925 00b7 01       		.byte	0x1
 926 00b8 3F       		.uleb128 0x3f
 927 00b9 19       		.uleb128 0x19
 928 00ba 03       		.uleb128 0x3
 929 00bb 0E       		.uleb128 0xe
 930 00bc 3A       		.uleb128 0x3a
 931 00bd 0B       		.uleb128 0xb
 932 00be 3B       		.uleb128 0x3b
 933 00bf 05       		.uleb128 0x5
 934 00c0 27       		.uleb128 0x27
 935 00c1 19       		.uleb128 0x19
 936 00c2 11       		.uleb128 0x11
 937 00c3 01       		.uleb128 0x1
 938 00c4 12       		.uleb128 0x12
 939 00c5 06       		.uleb128 0x6
 940 00c6 40       		.uleb128 0x40
 941 00c7 18       		.uleb128 0x18
 942 00c8 9742     		.uleb128 0x2117
 943 00ca 19       		.uleb128 0x19
 944 00cb 01       		.uleb128 0x1
 945 00cc 13       		.uleb128 0x13
 946 00cd 00       		.byte	0
 947 00ce 00       		.byte	0
 948 00cf 0E       		.uleb128 0xe
 949 00d0 05       		.uleb128 0x5
 950 00d1 00       		.byte	0
 951 00d2 03       		.uleb128 0x3
 952 00d3 0E       		.uleb128 0xe
 953 00d4 3A       		.uleb128 0x3a
 954 00d5 0B       		.uleb128 0xb
 955 00d6 3B       		.uleb128 0x3b
 956 00d7 05       		.uleb128 0x5
 957 00d8 49       		.uleb128 0x49
 958 00d9 13       		.uleb128 0x13
 959 00da 02       		.uleb128 0x2
 960 00db 18       		.uleb128 0x18
 961 00dc 00       		.byte	0
 962 00dd 00       		.byte	0
 963 00de 0F       		.uleb128 0xf
 964 00df 05       		.uleb128 0x5
 965 00e0 00       		.byte	0
 966 00e1 03       		.uleb128 0x3
 967 00e2 0E       		.uleb128 0xe
 968 00e3 3A       		.uleb128 0x3a
 969 00e4 0B       		.uleb128 0xb
 970 00e5 3B       		.uleb128 0x3b
 971 00e6 05       		.uleb128 0x5
 972 00e7 49       		.uleb128 0x49
 973 00e8 13       		.uleb128 0x13
 974 00e9 02       		.uleb128 0x2
 975 00ea 17       		.uleb128 0x17
 976 00eb 00       		.byte	0
ARM GAS  C:\Users\Ala\AppData\Local\Temp\cc133uPb.s 			page 27


 977 00ec 00       		.byte	0
 978 00ed 10       		.uleb128 0x10
 979 00ee 34       		.uleb128 0x34
 980 00ef 00       		.byte	0
 981 00f0 03       		.uleb128 0x3
 982 00f1 08       		.uleb128 0x8
 983 00f2 3A       		.uleb128 0x3a
 984 00f3 0B       		.uleb128 0xb
 985 00f4 3B       		.uleb128 0x3b
 986 00f5 05       		.uleb128 0x5
 987 00f6 49       		.uleb128 0x49
 988 00f7 13       		.uleb128 0x13
 989 00f8 02       		.uleb128 0x2
 990 00f9 17       		.uleb128 0x17
 991 00fa 00       		.byte	0
 992 00fb 00       		.byte	0
 993 00fc 11       		.uleb128 0x11
 994 00fd 898201   		.uleb128 0x4109
 995 0100 00       		.byte	0
 996 0101 11       		.uleb128 0x11
 997 0102 01       		.uleb128 0x1
 998 0103 31       		.uleb128 0x31
 999 0104 13       		.uleb128 0x13
 1000 0105 00       		.byte	0
 1001 0106 00       		.byte	0
 1002 0107 12       		.uleb128 0x12
 1003 0108 0F       		.uleb128 0xf
 1004 0109 00       		.byte	0
 1005 010a 0B       		.uleb128 0xb
 1006 010b 0B       		.uleb128 0xb
 1007 010c 49       		.uleb128 0x49
 1008 010d 13       		.uleb128 0x13
 1009 010e 00       		.byte	0
 1010 010f 00       		.byte	0
 1011 0110 13       		.uleb128 0x13
 1012 0111 26       		.uleb128 0x26
 1013 0112 00       		.byte	0
 1014 0113 49       		.uleb128 0x49
 1015 0114 13       		.uleb128 0x13
 1016 0115 00       		.byte	0
 1017 0116 00       		.byte	0
 1018 0117 14       		.uleb128 0x14
 1019 0118 2E       		.uleb128 0x2e
 1020 0119 01       		.byte	0x1
 1021 011a 3F       		.uleb128 0x3f
 1022 011b 19       		.uleb128 0x19
 1023 011c 03       		.uleb128 0x3
 1024 011d 0E       		.uleb128 0xe
 1025 011e 3A       		.uleb128 0x3a
 1026 011f 0B       		.uleb128 0xb
 1027 0120 3B       		.uleb128 0x3b
 1028 0121 05       		.uleb128 0x5
 1029 0122 27       		.uleb128 0x27
 1030 0123 19       		.uleb128 0x19
 1031 0124 49       		.uleb128 0x49
 1032 0125 13       		.uleb128 0x13
 1033 0126 11       		.uleb128 0x11
ARM GAS  C:\Users\Ala\AppData\Local\Temp\cc133uPb.s 			page 28


 1034 0127 01       		.uleb128 0x1
 1035 0128 12       		.uleb128 0x12
 1036 0129 06       		.uleb128 0x6
 1037 012a 40       		.uleb128 0x40
 1038 012b 18       		.uleb128 0x18
 1039 012c 9742     		.uleb128 0x2117
 1040 012e 19       		.uleb128 0x19
 1041 012f 01       		.uleb128 0x1
 1042 0130 13       		.uleb128 0x13
 1043 0131 00       		.byte	0
 1044 0132 00       		.byte	0
 1045 0133 15       		.uleb128 0x15
 1046 0134 34       		.uleb128 0x34
 1047 0135 00       		.byte	0
 1048 0136 03       		.uleb128 0x3
 1049 0137 0E       		.uleb128 0xe
 1050 0138 3A       		.uleb128 0x3a
 1051 0139 0B       		.uleb128 0xb
 1052 013a 3B       		.uleb128 0x3b
 1053 013b 05       		.uleb128 0x5
 1054 013c 49       		.uleb128 0x49
 1055 013d 13       		.uleb128 0x13
 1056 013e 02       		.uleb128 0x2
 1057 013f 17       		.uleb128 0x17
 1058 0140 00       		.byte	0
 1059 0141 00       		.byte	0
 1060 0142 16       		.uleb128 0x16
 1061 0143 2E       		.uleb128 0x2e
 1062 0144 00       		.byte	0
 1063 0145 3F       		.uleb128 0x3f
 1064 0146 19       		.uleb128 0x19
 1065 0147 03       		.uleb128 0x3
 1066 0148 0E       		.uleb128 0xe
 1067 0149 3A       		.uleb128 0x3a
 1068 014a 0B       		.uleb128 0xb
 1069 014b 3B       		.uleb128 0x3b
 1070 014c 05       		.uleb128 0x5
 1071 014d 27       		.uleb128 0x27
 1072 014e 19       		.uleb128 0x19
 1073 014f 11       		.uleb128 0x11
 1074 0150 01       		.uleb128 0x1
 1075 0151 12       		.uleb128 0x12
 1076 0152 06       		.uleb128 0x6
 1077 0153 40       		.uleb128 0x40
 1078 0154 18       		.uleb128 0x18
 1079 0155 9742     		.uleb128 0x2117
 1080 0157 19       		.uleb128 0x19
 1081 0158 00       		.byte	0
 1082 0159 00       		.byte	0
 1083 015a 17       		.uleb128 0x17
 1084 015b 34       		.uleb128 0x34
 1085 015c 00       		.byte	0
 1086 015d 03       		.uleb128 0x3
 1087 015e 0E       		.uleb128 0xe
 1088 015f 3A       		.uleb128 0x3a
 1089 0160 0B       		.uleb128 0xb
 1090 0161 3B       		.uleb128 0x3b
ARM GAS  C:\Users\Ala\AppData\Local\Temp\cc133uPb.s 			page 29


 1091 0162 05       		.uleb128 0x5
 1092 0163 49       		.uleb128 0x49
 1093 0164 13       		.uleb128 0x13
 1094 0165 02       		.uleb128 0x2
 1095 0166 18       		.uleb128 0x18
 1096 0167 00       		.byte	0
 1097 0168 00       		.byte	0
 1098 0169 18       		.uleb128 0x18
 1099 016a 34       		.uleb128 0x34
 1100 016b 00       		.byte	0
 1101 016c 03       		.uleb128 0x3
 1102 016d 0E       		.uleb128 0xe
 1103 016e 3A       		.uleb128 0x3a
 1104 016f 0B       		.uleb128 0xb
 1105 0170 3B       		.uleb128 0x3b
 1106 0171 0B       		.uleb128 0xb
 1107 0172 49       		.uleb128 0x49
 1108 0173 13       		.uleb128 0x13
 1109 0174 3F       		.uleb128 0x3f
 1110 0175 19       		.uleb128 0x19
 1111 0176 02       		.uleb128 0x2
 1112 0177 18       		.uleb128 0x18
 1113 0178 00       		.byte	0
 1114 0179 00       		.byte	0
 1115 017a 19       		.uleb128 0x19
 1116 017b 01       		.uleb128 0x1
 1117 017c 01       		.byte	0x1
 1118 017d 49       		.uleb128 0x49
 1119 017e 13       		.uleb128 0x13
 1120 017f 01       		.uleb128 0x1
 1121 0180 13       		.uleb128 0x13
 1122 0181 00       		.byte	0
 1123 0182 00       		.byte	0
 1124 0183 1A       		.uleb128 0x1a
 1125 0184 21       		.uleb128 0x21
 1126 0185 00       		.byte	0
 1127 0186 49       		.uleb128 0x49
 1128 0187 13       		.uleb128 0x13
 1129 0188 2F       		.uleb128 0x2f
 1130 0189 0B       		.uleb128 0xb
 1131 018a 00       		.byte	0
 1132 018b 00       		.byte	0
 1133 018c 1B       		.uleb128 0x1b
 1134 018d 2E       		.uleb128 0x2e
 1135 018e 00       		.byte	0
 1136 018f 3F       		.uleb128 0x3f
 1137 0190 19       		.uleb128 0x19
 1138 0191 3C       		.uleb128 0x3c
 1139 0192 19       		.uleb128 0x19
 1140 0193 6E       		.uleb128 0x6e
 1141 0194 0E       		.uleb128 0xe
 1142 0195 03       		.uleb128 0x3
 1143 0196 0E       		.uleb128 0xe
 1144 0197 3A       		.uleb128 0x3a
 1145 0198 0B       		.uleb128 0xb
 1146 0199 3B       		.uleb128 0x3b
 1147 019a 0B       		.uleb128 0xb
ARM GAS  C:\Users\Ala\AppData\Local\Temp\cc133uPb.s 			page 30


 1148 019b 00       		.byte	0
 1149 019c 00       		.byte	0
 1150 019d 00       		.byte	0
 1151              		.section	.debug_loc,"",%progbits
 1152              	.Ldebug_loc0:
 1153              	.LLST0:
 1154 0000 00000000 		.4byte	.LVL0
 1155 0004 20000000 		.4byte	.LVL3
 1156 0008 0200     		.2byte	0x2
 1157 000a 30       		.byte	0x30
 1158 000b 9F       		.byte	0x9f
 1159 000c 20000000 		.4byte	.LVL3
 1160 0010 30000000 		.4byte	.LFE0
 1161 0014 0100     		.2byte	0x1
 1162 0016 50       		.byte	0x50
 1163 0017 00000000 		.4byte	0
 1164 001b 00000000 		.4byte	0
 1165              	.LLST1:
 1166 001f 12000000 		.4byte	.LVL1
 1167 0023 20000000 		.4byte	.LVL3
 1168 0027 0100     		.2byte	0x1
 1169 0029 53       		.byte	0x53
 1170 002a 00000000 		.4byte	0
 1171 002e 00000000 		.4byte	0
 1172              	.LLST2:
 1173 0032 04000000 		.4byte	.LVL4
 1174 0036 10000000 		.4byte	.LVL5
 1175 003a 0100     		.2byte	0x1
 1176 003c 50       		.byte	0x50
 1177 003d 00000000 		.4byte	0
 1178 0041 00000000 		.4byte	0
 1179              	.LLST3:
 1180 0045 00000000 		.4byte	.LVL10
 1181 0049 06000000 		.4byte	.LVL11
 1182 004d 0100     		.2byte	0x1
 1183 004f 50       		.byte	0x50
 1184 0050 06000000 		.4byte	.LVL11
 1185 0054 16000000 		.4byte	.LFE4
 1186 0058 0400     		.2byte	0x4
 1187 005a F3       		.byte	0xf3
 1188 005b 01       		.uleb128 0x1
 1189 005c 50       		.byte	0x50
 1190 005d 9F       		.byte	0x9f
 1191 005e 00000000 		.4byte	0
 1192 0062 00000000 		.4byte	0
 1193              	.LLST4:
 1194 0066 00000000 		.4byte	.LVL10
 1195 006a 06000000 		.4byte	.LVL11
 1196 006e 0100     		.2byte	0x1
 1197 0070 51       		.byte	0x51
 1198 0071 06000000 		.4byte	.LVL11
 1199 0075 16000000 		.4byte	.LFE4
 1200 0079 0400     		.2byte	0x4
 1201 007b F3       		.byte	0xf3
 1202 007c 01       		.uleb128 0x1
 1203 007d 51       		.byte	0x51
 1204 007e 9F       		.byte	0x9f
ARM GAS  C:\Users\Ala\AppData\Local\Temp\cc133uPb.s 			page 31


 1205 007f 00000000 		.4byte	0
 1206 0083 00000000 		.4byte	0
 1207              	.LLST5:
 1208 0087 00000000 		.4byte	.LVL10
 1209 008b 06000000 		.4byte	.LVL11
 1210 008f 0200     		.2byte	0x2
 1211 0091 30       		.byte	0x30
 1212 0092 9F       		.byte	0x9f
 1213 0093 06000000 		.4byte	.LVL11
 1214 0097 10000000 		.4byte	.LVL12
 1215 009b 0700     		.2byte	0x7
 1216 009d 74       		.byte	0x74
 1217 009e 00       		.sleb128 0
 1218 009f F3       		.byte	0xf3
 1219 00a0 01       		.uleb128 0x1
 1220 00a1 50       		.byte	0x50
 1221 00a2 1C       		.byte	0x1c
 1222 00a3 9F       		.byte	0x9f
 1223 00a4 10000000 		.4byte	.LVL12
 1224 00a8 12000000 		.4byte	.LVL13
 1225 00ac 0900     		.2byte	0x9
 1226 00ae 74       		.byte	0x74
 1227 00af 00       		.sleb128 0
 1228 00b0 F3       		.byte	0xf3
 1229 00b1 01       		.uleb128 0x1
 1230 00b2 50       		.byte	0x50
 1231 00b3 1C       		.byte	0x1c
 1232 00b4 23       		.byte	0x23
 1233 00b5 01       		.uleb128 0x1
 1234 00b6 9F       		.byte	0x9f
 1235 00b7 12000000 		.4byte	.LVL13
 1236 00bb 14000000 		.4byte	.LVL14
 1237 00bf 0700     		.2byte	0x7
 1238 00c1 74       		.byte	0x74
 1239 00c2 00       		.sleb128 0
 1240 00c3 F3       		.byte	0xf3
 1241 00c4 01       		.uleb128 0x1
 1242 00c5 50       		.byte	0x50
 1243 00c6 1C       		.byte	0x1c
 1244 00c7 9F       		.byte	0x9f
 1245 00c8 00000000 		.4byte	0
 1246 00cc 00000000 		.4byte	0
 1247              	.LLST6:
 1248 00d0 04000000 		.4byte	.LVL15
 1249 00d4 08000000 		.4byte	.LVL16
 1250 00d8 0500     		.2byte	0x5
 1251 00da 70       		.byte	0x70
 1252 00db 00       		.sleb128 0
 1253 00dc 3F       		.byte	0x3f
 1254 00dd 1A       		.byte	0x1a
 1255 00de 9F       		.byte	0x9f
 1256 00df 08000000 		.4byte	.LVL16
 1257 00e3 10000000 		.4byte	.LFE5
 1258 00e7 0100     		.2byte	0x1
 1259 00e9 50       		.byte	0x50
 1260 00ea 00000000 		.4byte	0
 1261 00ee 00000000 		.4byte	0
ARM GAS  C:\Users\Ala\AppData\Local\Temp\cc133uPb.s 			page 32


 1262              		.section	.debug_aranges,"",%progbits
 1263 0000 5C000000 		.4byte	0x5c
 1264 0004 0200     		.2byte	0x2
 1265 0006 00000000 		.4byte	.Ldebug_info0
 1266 000a 04       		.byte	0x4
 1267 000b 00       		.byte	0
 1268 000c 0000     		.2byte	0
 1269 000e 0000     		.2byte	0
 1270 0010 00000000 		.4byte	.LFB0
 1271 0014 30000000 		.4byte	.LFE0-.LFB0
 1272 0018 00000000 		.4byte	.LFB1
 1273 001c 1C000000 		.4byte	.LFE1-.LFB1
 1274 0020 00000000 		.4byte	.LFB2
 1275 0024 54000000 		.4byte	.LFE2-.LFB2
 1276 0028 00000000 		.4byte	.LFB3
 1277 002c 1C000000 		.4byte	.LFE3-.LFB3
 1278 0030 00000000 		.4byte	.LFB4
 1279 0034 16000000 		.4byte	.LFE4-.LFB4
 1280 0038 00000000 		.4byte	.LFB5
 1281 003c 10000000 		.4byte	.LFE5-.LFB5
 1282 0040 00000000 		.4byte	.LFB6
 1283 0044 20000000 		.4byte	.LFE6-.LFB6
 1284 0048 00000000 		.4byte	.LFB7
 1285 004c 10000000 		.4byte	.LFE7-.LFB7
 1286 0050 00000000 		.4byte	.LFB8
 1287 0054 10000000 		.4byte	.LFE8-.LFB8
 1288 0058 00000000 		.4byte	0
 1289 005c 00000000 		.4byte	0
 1290              		.section	.debug_ranges,"",%progbits
 1291              	.Ldebug_ranges0:
 1292 0000 00000000 		.4byte	.LFB0
 1293 0004 30000000 		.4byte	.LFE0
 1294 0008 00000000 		.4byte	.LFB1
 1295 000c 1C000000 		.4byte	.LFE1
 1296 0010 00000000 		.4byte	.LFB2
 1297 0014 54000000 		.4byte	.LFE2
 1298 0018 00000000 		.4byte	.LFB3
 1299 001c 1C000000 		.4byte	.LFE3
 1300 0020 00000000 		.4byte	.LFB4
 1301 0024 16000000 		.4byte	.LFE4
 1302 0028 00000000 		.4byte	.LFB5
 1303 002c 10000000 		.4byte	.LFE5
 1304 0030 00000000 		.4byte	.LFB6
 1305 0034 20000000 		.4byte	.LFE6
 1306 0038 00000000 		.4byte	.LFB7
 1307 003c 10000000 		.4byte	.LFE7
 1308 0040 00000000 		.4byte	.LFB8
 1309 0044 10000000 		.4byte	.LFE8
 1310 0048 00000000 		.4byte	0
 1311 004c 00000000 		.4byte	0
 1312              		.section	.debug_line,"",%progbits
 1313              	.Ldebug_line0:
 1314 0000 4E010000 		.section	.debug_str,"MS",%progbits,1
 1314      02005500 
 1314      00000201 
 1314      FB0E0D00 
 1314      01010101 
ARM GAS  C:\Users\Ala\AppData\Local\Temp\cc133uPb.s 			page 33


 1315              	.LASF41:
 1316 0000 47656E65 		.ascii	"Generated_Source\\PSoC4\\SPIM_SPI_UART.c\000"
 1316      72617465 
 1316      645F536F 
 1316      75726365 
 1316      5C50536F 
 1317              	.LASF37:
 1318 0027 5350494D 		.ascii	"SPIM_rxBufferInternal\000"
 1318      5F727842 
 1318      75666665 
 1318      72496E74 
 1318      65726E61 
 1319              	.LASF24:
 1320 003d 5350494D 		.ascii	"SPIM_SpiUartWriteTxData\000"
 1320      5F537069 
 1320      55617274 
 1320      57726974 
 1320      65547844 
 1321              	.LASF28:
 1322 0055 636F756E 		.ascii	"count\000"
 1322      7400
 1323              	.LASF26:
 1324 005b 74784461 		.ascii	"txData\000"
 1324      746100
 1325              	.LASF3:
 1326 0062 73686F72 		.ascii	"short unsigned int\000"
 1326      7420756E 
 1326      7369676E 
 1326      65642069 
 1326      6E7400
 1327              	.LASF25:
 1328 0075 5350494D 		.ascii	"SPIM_SpiUartPutArray\000"
 1328      5F537069 
 1328      55617274 
 1328      50757441 
 1328      72726179 
 1329              	.LASF36:
 1330 008a 5350494D 		.ascii	"SPIM_rxBufferOverflow\000"
 1330      5F727842 
 1330      75666665 
 1330      724F7665 
 1330      72666C6F 
 1331              	.LASF19:
 1332 00a0 5350494D 		.ascii	"SPIM_SpiUartReadRxData\000"
 1332      5F537069 
 1332      55617274 
 1332      52656164 
 1332      52784461 
 1333              	.LASF22:
 1334 00b7 6C6F6348 		.ascii	"locHead\000"
 1334      65616400 
 1335              	.LASF34:
 1336 00bf 5350494D 		.ascii	"SPIM_rxBufferHead\000"
 1336      5F727842 
 1336      75666665 
 1336      72486561 
 1336      6400
ARM GAS  C:\Users\Ala\AppData\Local\Temp\cc133uPb.s 			page 34


 1337              	.LASF11:
 1338 00d1 666C6F61 		.ascii	"float\000"
 1338      7400
 1339              	.LASF20:
 1340 00d7 5350494D 		.ascii	"SPIM_SpiUartGetRxBufferSize\000"
 1340      5F537069 
 1340      55617274 
 1340      47657452 
 1340      78427566 
 1341              	.LASF21:
 1342 00f3 73697A65 		.ascii	"size\000"
 1342      00
 1343              	.LASF35:
 1344 00f8 5350494D 		.ascii	"SPIM_rxBufferTail\000"
 1344      5F727842 
 1344      75666665 
 1344      72546169 
 1344      6C00
 1345              	.LASF5:
 1346 010a 6C6F6E67 		.ascii	"long unsigned int\000"
 1346      20756E73 
 1346      69676E65 
 1346      6420696E 
 1346      7400
 1347              	.LASF9:
 1348 011c 75696E74 		.ascii	"uint8\000"
 1348      3800
 1349              	.LASF8:
 1350 0122 756E7369 		.ascii	"unsigned int\000"
 1350      676E6564 
 1350      20696E74 
 1350      00
 1351              	.LASF29:
 1352 012f 5350494D 		.ascii	"SPIM_SpiUartGetTxBufferSize\000"
 1352      5F537069 
 1352      55617274 
 1352      47657454 
 1352      78427566 
 1353              	.LASF17:
 1354 014b 72784461 		.ascii	"rxData\000"
 1354      746100
 1355              	.LASF27:
 1356 0152 77724275 		.ascii	"wrBuf\000"
 1356      6600
 1357              	.LASF1:
 1358 0158 756E7369 		.ascii	"unsigned char\000"
 1358      676E6564 
 1358      20636861 
 1358      7200
 1359              	.LASF12:
 1360 0166 646F7562 		.ascii	"double\000"
 1360      6C6500
 1361              	.LASF39:
 1362 016d 4379496E 		.ascii	"CyIntEnable\000"
 1362      74456E61 
 1362      626C6500 
 1363              	.LASF23:
ARM GAS  C:\Users\Ala\AppData\Local\Temp\cc133uPb.s 			page 35


 1364 0179 5350494D 		.ascii	"SPIM_SpiUartClearRxBuffer\000"
 1364      5F537069 
 1364      55617274 
 1364      436C6561 
 1364      72527842 
 1365              	.LASF10:
 1366 0193 75696E74 		.ascii	"uint32\000"
 1366      333200
 1367              	.LASF33:
 1368 019a 696E7453 		.ascii	"intSourceMask\000"
 1368      6F757263 
 1368      654D6173 
 1368      6B00
 1369              	.LASF31:
 1370 01a8 696E7453 		.ascii	"intSource\000"
 1370      6F757263 
 1370      6500
 1371              	.LASF7:
 1372 01b2 6C6F6E67 		.ascii	"long long unsigned int\000"
 1372      206C6F6E 
 1372      6720756E 
 1372      7369676E 
 1372      65642069 
 1373              	.LASF18:
 1374 01c9 6C6F6354 		.ascii	"locTail\000"
 1374      61696C00 
 1375              	.LASF16:
 1376 01d1 73697A65 		.ascii	"sizetype\000"
 1376      74797065 
 1376      00
 1377              	.LASF6:
 1378 01da 6C6F6E67 		.ascii	"long long int\000"
 1378      206C6F6E 
 1378      6720696E 
 1378      7400
 1379              	.LASF13:
 1380 01e8 63686172 		.ascii	"char\000"
 1380      00
 1381              	.LASF38:
 1382 01ed 4379496E 		.ascii	"CyIntDisable\000"
 1382      74446973 
 1382      61626C65 
 1382      00
 1383              	.LASF2:
 1384 01fa 73686F72 		.ascii	"short int\000"
 1384      7420696E 
 1384      7400
 1385              	.LASF42:
 1386 0204 433A5C55 		.ascii	"C:\\Users\\Ala\\Desktop\\Cypress\\BeoM_main.cydsn\000"
 1386      73657273 
 1386      5C416C61 
 1386      5C446573 
 1386      6B746F70 
 1387              	.LASF43:
 1388 0231 5350494D 		.ascii	"SPIM_SpiUartClearTxBuffer\000"
 1388      5F537069 
 1388      55617274 
ARM GAS  C:\Users\Ala\AppData\Local\Temp\cc133uPb.s 			page 36


 1388      436C6561 
 1388      72547842 
 1389              	.LASF4:
 1390 024b 6C6F6E67 		.ascii	"long int\000"
 1390      20696E74 
 1390      00
 1391              	.LASF14:
 1392 0254 72656733 		.ascii	"reg32\000"
 1392      3200
 1393              	.LASF15:
 1394 025a 6C6F6E67 		.ascii	"long double\000"
 1394      20646F75 
 1394      626C6500 
 1395              	.LASF0:
 1396 0266 7369676E 		.ascii	"signed char\000"
 1396      65642063 
 1396      68617200 
 1397              	.LASF30:
 1398 0272 5350494D 		.ascii	"SPIM_SpiUartDisableIntRx\000"
 1398      5F537069 
 1398      55617274 
 1398      44697361 
 1398      626C6549 
 1399              	.LASF40:
 1400 028b 474E5520 		.ascii	"GNU C11 5.4.1 20160609 (release) [ARM/embedded-5-br"
 1400      43313120 
 1400      352E342E 
 1400      31203230 
 1400      31363036 
 1401 02be 616E6368 		.ascii	"anch revision 237715] -mcpu=cortex-m0 -mthumb -g -O"
 1401      20726576 
 1401      6973696F 
 1401      6E203233 
 1401      37373135 
 1402 02f1 73202D66 		.ascii	"s -ffunction-sections -ffat-lto-objects\000"
 1402      66756E63 
 1402      74696F6E 
 1402      2D736563 
 1402      74696F6E 
 1403              	.LASF32:
 1404 0319 5350494D 		.ascii	"SPIM_SpiUartDisableIntTx\000"
 1404      5F537069 
 1404      55617274 
 1404      44697361 
 1404      626C6549 
 1405              		.ident	"GCC: (GNU Tools for ARM Embedded Processors) 5.4.1 20160609 (release) [ARM/embedded-5-bran
