ARM GAS  C:\Users\Ala\AppData\Local\Temp\ccpEhX0n.s 			page 1


   1              		.syntax unified
   2              		.cpu cortex-m0
   3              		.fpu softvfp
   4              		.eabi_attribute 20, 1
   5              		.eabi_attribute 21, 1
   6              		.eabi_attribute 23, 3
   7              		.eabi_attribute 24, 1
   8              		.eabi_attribute 25, 1
   9              		.eabi_attribute 26, 1
  10              		.eabi_attribute 30, 6
  11              		.eabi_attribute 34, 0
  12              		.eabi_attribute 18, 4
  13              		.thumb
  14              		.syntax unified
  15              		.file	"Timer_3_PM.c"
  16              		.text
  17              	.Ltext0:
  18              		.cfi_sections	.debug_frame
  19              		.bss
  20              		.align	2
  21              	Timer_3_backup:
  22 0000 00000000 		.space	4
  23              		.section	.text.Timer_3_SaveConfig,"ax",%progbits
  24              		.align	2
  25              		.global	Timer_3_SaveConfig
  26              		.code	16
  27              		.thumb_func
  28              		.type	Timer_3_SaveConfig, %function
  29              	Timer_3_SaveConfig:
  30              	.LFB0:
  31              		.file 1 "Generated_Source\\PSoC4\\Timer_3_PM.c"
   1:Generated_Source\PSoC4/Timer_3_PM.c **** /*******************************************************************************
   2:Generated_Source\PSoC4/Timer_3_PM.c **** * File Name: Timer_3_PM.c
   3:Generated_Source\PSoC4/Timer_3_PM.c **** * Version 2.80
   4:Generated_Source\PSoC4/Timer_3_PM.c **** *
   5:Generated_Source\PSoC4/Timer_3_PM.c **** *  Description:
   6:Generated_Source\PSoC4/Timer_3_PM.c **** *     This file provides the power management source code to API for the
   7:Generated_Source\PSoC4/Timer_3_PM.c **** *     Timer.
   8:Generated_Source\PSoC4/Timer_3_PM.c **** *
   9:Generated_Source\PSoC4/Timer_3_PM.c **** *   Note:
  10:Generated_Source\PSoC4/Timer_3_PM.c **** *     None
  11:Generated_Source\PSoC4/Timer_3_PM.c **** *
  12:Generated_Source\PSoC4/Timer_3_PM.c **** *******************************************************************************
  13:Generated_Source\PSoC4/Timer_3_PM.c **** * Copyright 2008-2017, Cypress Semiconductor Corporation.  All rights reserved.
  14:Generated_Source\PSoC4/Timer_3_PM.c **** * You may use this file only in accordance with the license, terms, conditions,
  15:Generated_Source\PSoC4/Timer_3_PM.c **** * disclaimers, and limitations in the end user license agreement accompanying
  16:Generated_Source\PSoC4/Timer_3_PM.c **** * the software package with which this file was provided.
  17:Generated_Source\PSoC4/Timer_3_PM.c **** ********************************************************************************/
  18:Generated_Source\PSoC4/Timer_3_PM.c **** 
  19:Generated_Source\PSoC4/Timer_3_PM.c **** #include "Timer_3.h"
  20:Generated_Source\PSoC4/Timer_3_PM.c **** 
  21:Generated_Source\PSoC4/Timer_3_PM.c **** static Timer_3_backupStruct Timer_3_backup;
  22:Generated_Source\PSoC4/Timer_3_PM.c **** 
  23:Generated_Source\PSoC4/Timer_3_PM.c **** 
  24:Generated_Source\PSoC4/Timer_3_PM.c **** /*******************************************************************************
  25:Generated_Source\PSoC4/Timer_3_PM.c **** * Function Name: Timer_3_SaveConfig
  26:Generated_Source\PSoC4/Timer_3_PM.c **** ********************************************************************************
ARM GAS  C:\Users\Ala\AppData\Local\Temp\ccpEhX0n.s 			page 2


  27:Generated_Source\PSoC4/Timer_3_PM.c **** *
  28:Generated_Source\PSoC4/Timer_3_PM.c **** * Summary:
  29:Generated_Source\PSoC4/Timer_3_PM.c **** *     Save the current user configuration
  30:Generated_Source\PSoC4/Timer_3_PM.c **** *
  31:Generated_Source\PSoC4/Timer_3_PM.c **** * Parameters:
  32:Generated_Source\PSoC4/Timer_3_PM.c **** *  void
  33:Generated_Source\PSoC4/Timer_3_PM.c **** *
  34:Generated_Source\PSoC4/Timer_3_PM.c **** * Return:
  35:Generated_Source\PSoC4/Timer_3_PM.c **** *  void
  36:Generated_Source\PSoC4/Timer_3_PM.c **** *
  37:Generated_Source\PSoC4/Timer_3_PM.c **** * Global variables:
  38:Generated_Source\PSoC4/Timer_3_PM.c **** *  Timer_3_backup:  Variables of this global structure are modified to
  39:Generated_Source\PSoC4/Timer_3_PM.c **** *  store the values of non retention configuration registers when Sleep() API is
  40:Generated_Source\PSoC4/Timer_3_PM.c **** *  called.
  41:Generated_Source\PSoC4/Timer_3_PM.c **** *
  42:Generated_Source\PSoC4/Timer_3_PM.c **** *******************************************************************************/
  43:Generated_Source\PSoC4/Timer_3_PM.c **** void Timer_3_SaveConfig(void) 
  44:Generated_Source\PSoC4/Timer_3_PM.c **** {
  32              		.loc 1 44 0
  33              		.cfi_startproc
  34              		@ args = 0, pretend = 0, frame = 0
  35              		@ frame_needed = 1, uses_anonymous_args = 0
  36 0000 80B5     		push	{r7, lr}
  37              		.cfi_def_cfa_offset 8
  38              		.cfi_offset 7, -8
  39              		.cfi_offset 14, -4
  40 0002 00AF     		add	r7, sp, #0
  41              		.cfi_def_cfa_register 7
  45:Generated_Source\PSoC4/Timer_3_PM.c ****     #if (!Timer_3_UsingFixedFunction)
  46:Generated_Source\PSoC4/Timer_3_PM.c ****         Timer_3_backup.TimerUdb = Timer_3_ReadCounter();
  42              		.loc 1 46 0
  43 0004 FFF7FEFF 		bl	Timer_3_ReadCounter
  44 0008 0300     		movs	r3, r0
  45 000a 1A00     		movs	r2, r3
  46 000c 074B     		ldr	r3, .L2
  47 000e 5A70     		strb	r2, [r3, #1]
  47:Generated_Source\PSoC4/Timer_3_PM.c ****         Timer_3_backup.InterruptMaskValue = Timer_3_STATUS_MASK;
  48              		.loc 1 47 0
  49 0010 074B     		ldr	r3, .L2+4
  50 0012 1B78     		ldrb	r3, [r3]
  51 0014 DAB2     		uxtb	r2, r3
  52 0016 054B     		ldr	r3, .L2
  53 0018 9A70     		strb	r2, [r3, #2]
  48:Generated_Source\PSoC4/Timer_3_PM.c ****         #if (Timer_3_UsingHWCaptureCounter)
  49:Generated_Source\PSoC4/Timer_3_PM.c ****             Timer_3_backup.TimerCaptureCounter = Timer_3_ReadCaptureCount();
  50:Generated_Source\PSoC4/Timer_3_PM.c ****         #endif /* Back Up capture counter register  */
  51:Generated_Source\PSoC4/Timer_3_PM.c **** 
  52:Generated_Source\PSoC4/Timer_3_PM.c ****         #if(!Timer_3_UDB_CONTROL_REG_REMOVED)
  53:Generated_Source\PSoC4/Timer_3_PM.c ****             Timer_3_backup.TimerControlRegister = Timer_3_ReadControlRegister();
  54              		.loc 1 53 0
  55 001a FFF7FEFF 		bl	Timer_3_ReadControlRegister
  56 001e 0300     		movs	r3, r0
  57 0020 1A00     		movs	r2, r3
  58 0022 024B     		ldr	r3, .L2
  59 0024 DA70     		strb	r2, [r3, #3]
  54:Generated_Source\PSoC4/Timer_3_PM.c ****         #endif /* Backup the enable state of the Timer component */
  55:Generated_Source\PSoC4/Timer_3_PM.c ****     #endif /* Backup non retention registers in UDB implementation. All fixed function registers ar
ARM GAS  C:\Users\Ala\AppData\Local\Temp\ccpEhX0n.s 			page 3


  56:Generated_Source\PSoC4/Timer_3_PM.c **** }
  60              		.loc 1 56 0
  61 0026 C046     		nop
  62 0028 BD46     		mov	sp, r7
  63              		@ sp needed
  64 002a 80BD     		pop	{r7, pc}
  65              	.L3:
  66              		.align	2
  67              	.L2:
  68 002c 00000000 		.word	Timer_3_backup
  69 0030 80000F40 		.word	1074724992
  70              		.cfi_endproc
  71              	.LFE0:
  72              		.size	Timer_3_SaveConfig, .-Timer_3_SaveConfig
  73              		.section	.text.Timer_3_RestoreConfig,"ax",%progbits
  74              		.align	2
  75              		.global	Timer_3_RestoreConfig
  76              		.code	16
  77              		.thumb_func
  78              		.type	Timer_3_RestoreConfig, %function
  79              	Timer_3_RestoreConfig:
  80              	.LFB1:
  57:Generated_Source\PSoC4/Timer_3_PM.c **** 
  58:Generated_Source\PSoC4/Timer_3_PM.c **** 
  59:Generated_Source\PSoC4/Timer_3_PM.c **** /*******************************************************************************
  60:Generated_Source\PSoC4/Timer_3_PM.c **** * Function Name: Timer_3_RestoreConfig
  61:Generated_Source\PSoC4/Timer_3_PM.c **** ********************************************************************************
  62:Generated_Source\PSoC4/Timer_3_PM.c **** *
  63:Generated_Source\PSoC4/Timer_3_PM.c **** * Summary:
  64:Generated_Source\PSoC4/Timer_3_PM.c **** *  Restores the current user configuration.
  65:Generated_Source\PSoC4/Timer_3_PM.c **** *
  66:Generated_Source\PSoC4/Timer_3_PM.c **** * Parameters:
  67:Generated_Source\PSoC4/Timer_3_PM.c **** *  void
  68:Generated_Source\PSoC4/Timer_3_PM.c **** *
  69:Generated_Source\PSoC4/Timer_3_PM.c **** * Return:
  70:Generated_Source\PSoC4/Timer_3_PM.c **** *  void
  71:Generated_Source\PSoC4/Timer_3_PM.c **** *
  72:Generated_Source\PSoC4/Timer_3_PM.c **** * Global variables:
  73:Generated_Source\PSoC4/Timer_3_PM.c **** *  Timer_3_backup:  Variables of this global structure are used to
  74:Generated_Source\PSoC4/Timer_3_PM.c **** *  restore the values of non retention registers on wakeup from sleep mode.
  75:Generated_Source\PSoC4/Timer_3_PM.c **** *
  76:Generated_Source\PSoC4/Timer_3_PM.c **** *******************************************************************************/
  77:Generated_Source\PSoC4/Timer_3_PM.c **** void Timer_3_RestoreConfig(void) 
  78:Generated_Source\PSoC4/Timer_3_PM.c **** {   
  81              		.loc 1 78 0
  82              		.cfi_startproc
  83              		@ args = 0, pretend = 0, frame = 0
  84              		@ frame_needed = 1, uses_anonymous_args = 0
  85 0000 80B5     		push	{r7, lr}
  86              		.cfi_def_cfa_offset 8
  87              		.cfi_offset 7, -8
  88              		.cfi_offset 14, -4
  89 0002 00AF     		add	r7, sp, #0
  90              		.cfi_def_cfa_register 7
  79:Generated_Source\PSoC4/Timer_3_PM.c ****     #if (!Timer_3_UsingFixedFunction)
  80:Generated_Source\PSoC4/Timer_3_PM.c **** 
  81:Generated_Source\PSoC4/Timer_3_PM.c ****         Timer_3_WriteCounter(Timer_3_backup.TimerUdb);
ARM GAS  C:\Users\Ala\AppData\Local\Temp\ccpEhX0n.s 			page 4


  91              		.loc 1 81 0
  92 0004 084B     		ldr	r3, .L5
  93 0006 5B78     		ldrb	r3, [r3, #1]
  94 0008 1800     		movs	r0, r3
  95 000a FFF7FEFF 		bl	Timer_3_WriteCounter
  82:Generated_Source\PSoC4/Timer_3_PM.c ****         Timer_3_STATUS_MASK =Timer_3_backup.InterruptMaskValue;
  96              		.loc 1 82 0
  97 000e 074A     		ldr	r2, .L5+4
  98 0010 054B     		ldr	r3, .L5
  99 0012 9B78     		ldrb	r3, [r3, #2]
 100 0014 1370     		strb	r3, [r2]
  83:Generated_Source\PSoC4/Timer_3_PM.c ****         #if (Timer_3_UsingHWCaptureCounter)
  84:Generated_Source\PSoC4/Timer_3_PM.c ****             Timer_3_SetCaptureCount(Timer_3_backup.TimerCaptureCounter);
  85:Generated_Source\PSoC4/Timer_3_PM.c ****         #endif /* Restore Capture counter register*/
  86:Generated_Source\PSoC4/Timer_3_PM.c **** 
  87:Generated_Source\PSoC4/Timer_3_PM.c ****         #if(!Timer_3_UDB_CONTROL_REG_REMOVED)
  88:Generated_Source\PSoC4/Timer_3_PM.c ****             Timer_3_WriteControlRegister(Timer_3_backup.TimerControlRegister);
 101              		.loc 1 88 0
 102 0016 044B     		ldr	r3, .L5
 103 0018 DB78     		ldrb	r3, [r3, #3]
 104 001a 1800     		movs	r0, r3
 105 001c FFF7FEFF 		bl	Timer_3_WriteControlRegister
  89:Generated_Source\PSoC4/Timer_3_PM.c ****         #endif /* Restore the enable state of the Timer component */
  90:Generated_Source\PSoC4/Timer_3_PM.c ****     #endif /* Restore non retention registers in the UDB implementation only */
  91:Generated_Source\PSoC4/Timer_3_PM.c **** }
 106              		.loc 1 91 0
 107 0020 C046     		nop
 108 0022 BD46     		mov	sp, r7
 109              		@ sp needed
 110 0024 80BD     		pop	{r7, pc}
 111              	.L6:
 112 0026 C046     		.align	2
 113              	.L5:
 114 0028 00000000 		.word	Timer_3_backup
 115 002c 80000F40 		.word	1074724992
 116              		.cfi_endproc
 117              	.LFE1:
 118              		.size	Timer_3_RestoreConfig, .-Timer_3_RestoreConfig
 119              		.section	.text.Timer_3_Sleep,"ax",%progbits
 120              		.align	2
 121              		.global	Timer_3_Sleep
 122              		.code	16
 123              		.thumb_func
 124              		.type	Timer_3_Sleep, %function
 125              	Timer_3_Sleep:
 126              	.LFB2:
  92:Generated_Source\PSoC4/Timer_3_PM.c **** 
  93:Generated_Source\PSoC4/Timer_3_PM.c **** 
  94:Generated_Source\PSoC4/Timer_3_PM.c **** /*******************************************************************************
  95:Generated_Source\PSoC4/Timer_3_PM.c **** * Function Name: Timer_3_Sleep
  96:Generated_Source\PSoC4/Timer_3_PM.c **** ********************************************************************************
  97:Generated_Source\PSoC4/Timer_3_PM.c **** *
  98:Generated_Source\PSoC4/Timer_3_PM.c **** * Summary:
  99:Generated_Source\PSoC4/Timer_3_PM.c **** *     Stop and Save the user configuration
 100:Generated_Source\PSoC4/Timer_3_PM.c **** *
 101:Generated_Source\PSoC4/Timer_3_PM.c **** * Parameters:
 102:Generated_Source\PSoC4/Timer_3_PM.c **** *  void
ARM GAS  C:\Users\Ala\AppData\Local\Temp\ccpEhX0n.s 			page 5


 103:Generated_Source\PSoC4/Timer_3_PM.c **** *
 104:Generated_Source\PSoC4/Timer_3_PM.c **** * Return:
 105:Generated_Source\PSoC4/Timer_3_PM.c **** *  void
 106:Generated_Source\PSoC4/Timer_3_PM.c **** *
 107:Generated_Source\PSoC4/Timer_3_PM.c **** * Global variables:
 108:Generated_Source\PSoC4/Timer_3_PM.c **** *  Timer_3_backup.TimerEnableState:  Is modified depending on the
 109:Generated_Source\PSoC4/Timer_3_PM.c **** *  enable state of the block before entering sleep mode.
 110:Generated_Source\PSoC4/Timer_3_PM.c **** *
 111:Generated_Source\PSoC4/Timer_3_PM.c **** *******************************************************************************/
 112:Generated_Source\PSoC4/Timer_3_PM.c **** void Timer_3_Sleep(void) 
 113:Generated_Source\PSoC4/Timer_3_PM.c **** {
 127              		.loc 1 113 0
 128              		.cfi_startproc
 129              		@ args = 0, pretend = 0, frame = 0
 130              		@ frame_needed = 1, uses_anonymous_args = 0
 131 0000 80B5     		push	{r7, lr}
 132              		.cfi_def_cfa_offset 8
 133              		.cfi_offset 7, -8
 134              		.cfi_offset 14, -4
 135 0002 00AF     		add	r7, sp, #0
 136              		.cfi_def_cfa_register 7
 114:Generated_Source\PSoC4/Timer_3_PM.c ****     #if(!Timer_3_UDB_CONTROL_REG_REMOVED)
 115:Generated_Source\PSoC4/Timer_3_PM.c ****         /* Save Counter's enable state */
 116:Generated_Source\PSoC4/Timer_3_PM.c ****         if(Timer_3_CTRL_ENABLE == (Timer_3_CONTROL & Timer_3_CTRL_ENABLE))
 137              		.loc 1 116 0
 138 0004 094B     		ldr	r3, .L10
 139 0006 1B78     		ldrb	r3, [r3]
 140 0008 DBB2     		uxtb	r3, r3
 141 000a 5BB2     		sxtb	r3, r3
 142 000c 002B     		cmp	r3, #0
 143 000e 03DA     		bge	.L8
 117:Generated_Source\PSoC4/Timer_3_PM.c ****         {
 118:Generated_Source\PSoC4/Timer_3_PM.c ****             /* Timer is enabled */
 119:Generated_Source\PSoC4/Timer_3_PM.c ****             Timer_3_backup.TimerEnableState = 1u;
 144              		.loc 1 119 0
 145 0010 074B     		ldr	r3, .L10+4
 146 0012 0122     		movs	r2, #1
 147 0014 1A70     		strb	r2, [r3]
 148 0016 02E0     		b	.L9
 149              	.L8:
 120:Generated_Source\PSoC4/Timer_3_PM.c ****         }
 121:Generated_Source\PSoC4/Timer_3_PM.c ****         else
 122:Generated_Source\PSoC4/Timer_3_PM.c ****         {
 123:Generated_Source\PSoC4/Timer_3_PM.c ****             /* Timer is disabled */
 124:Generated_Source\PSoC4/Timer_3_PM.c ****             Timer_3_backup.TimerEnableState = 0u;
 150              		.loc 1 124 0
 151 0018 054B     		ldr	r3, .L10+4
 152 001a 0022     		movs	r2, #0
 153 001c 1A70     		strb	r2, [r3]
 154              	.L9:
 125:Generated_Source\PSoC4/Timer_3_PM.c ****         }
 126:Generated_Source\PSoC4/Timer_3_PM.c ****     #endif /* Back up enable state from the Timer control register */
 127:Generated_Source\PSoC4/Timer_3_PM.c ****     Timer_3_Stop();
 155              		.loc 1 127 0
 156 001e FFF7FEFF 		bl	Timer_3_Stop
 128:Generated_Source\PSoC4/Timer_3_PM.c ****     Timer_3_SaveConfig();
 157              		.loc 1 128 0
ARM GAS  C:\Users\Ala\AppData\Local\Temp\ccpEhX0n.s 			page 6


 158 0022 FFF7FEFF 		bl	Timer_3_SaveConfig
 129:Generated_Source\PSoC4/Timer_3_PM.c **** }
 159              		.loc 1 129 0
 160 0026 C046     		nop
 161 0028 BD46     		mov	sp, r7
 162              		@ sp needed
 163 002a 80BD     		pop	{r7, pc}
 164              	.L11:
 165              		.align	2
 166              	.L10:
 167 002c 70000F40 		.word	1074724976
 168 0030 00000000 		.word	Timer_3_backup
 169              		.cfi_endproc
 170              	.LFE2:
 171              		.size	Timer_3_Sleep, .-Timer_3_Sleep
 172              		.section	.text.Timer_3_Wakeup,"ax",%progbits
 173              		.align	2
 174              		.global	Timer_3_Wakeup
 175              		.code	16
 176              		.thumb_func
 177              		.type	Timer_3_Wakeup, %function
 178              	Timer_3_Wakeup:
 179              	.LFB3:
 130:Generated_Source\PSoC4/Timer_3_PM.c **** 
 131:Generated_Source\PSoC4/Timer_3_PM.c **** 
 132:Generated_Source\PSoC4/Timer_3_PM.c **** /*******************************************************************************
 133:Generated_Source\PSoC4/Timer_3_PM.c **** * Function Name: Timer_3_Wakeup
 134:Generated_Source\PSoC4/Timer_3_PM.c **** ********************************************************************************
 135:Generated_Source\PSoC4/Timer_3_PM.c **** *
 136:Generated_Source\PSoC4/Timer_3_PM.c **** * Summary:
 137:Generated_Source\PSoC4/Timer_3_PM.c **** *  Restores and enables the user configuration
 138:Generated_Source\PSoC4/Timer_3_PM.c **** *
 139:Generated_Source\PSoC4/Timer_3_PM.c **** * Parameters:
 140:Generated_Source\PSoC4/Timer_3_PM.c **** *  void
 141:Generated_Source\PSoC4/Timer_3_PM.c **** *
 142:Generated_Source\PSoC4/Timer_3_PM.c **** * Return:
 143:Generated_Source\PSoC4/Timer_3_PM.c **** *  void
 144:Generated_Source\PSoC4/Timer_3_PM.c **** *
 145:Generated_Source\PSoC4/Timer_3_PM.c **** * Global variables:
 146:Generated_Source\PSoC4/Timer_3_PM.c **** *  Timer_3_backup.enableState:  Is used to restore the enable state of
 147:Generated_Source\PSoC4/Timer_3_PM.c **** *  block on wakeup from sleep mode.
 148:Generated_Source\PSoC4/Timer_3_PM.c **** *
 149:Generated_Source\PSoC4/Timer_3_PM.c **** *******************************************************************************/
 150:Generated_Source\PSoC4/Timer_3_PM.c **** void Timer_3_Wakeup(void) 
 151:Generated_Source\PSoC4/Timer_3_PM.c **** {
 180              		.loc 1 151 0
 181              		.cfi_startproc
 182              		@ args = 0, pretend = 0, frame = 0
 183              		@ frame_needed = 1, uses_anonymous_args = 0
 184 0000 80B5     		push	{r7, lr}
 185              		.cfi_def_cfa_offset 8
 186              		.cfi_offset 7, -8
 187              		.cfi_offset 14, -4
 188 0002 00AF     		add	r7, sp, #0
 189              		.cfi_def_cfa_register 7
 152:Generated_Source\PSoC4/Timer_3_PM.c ****     Timer_3_RestoreConfig();
 190              		.loc 1 152 0
ARM GAS  C:\Users\Ala\AppData\Local\Temp\ccpEhX0n.s 			page 7


 191 0004 FFF7FEFF 		bl	Timer_3_RestoreConfig
 153:Generated_Source\PSoC4/Timer_3_PM.c ****     #if(!Timer_3_UDB_CONTROL_REG_REMOVED)
 154:Generated_Source\PSoC4/Timer_3_PM.c ****         if(Timer_3_backup.TimerEnableState == 1u)
 192              		.loc 1 154 0
 193 0008 044B     		ldr	r3, .L15
 194 000a 1B78     		ldrb	r3, [r3]
 195 000c 012B     		cmp	r3, #1
 196 000e 01D1     		bne	.L14
 155:Generated_Source\PSoC4/Timer_3_PM.c ****         {     /* Enable Timer's operation */
 156:Generated_Source\PSoC4/Timer_3_PM.c ****                 Timer_3_Enable();
 197              		.loc 1 156 0
 198 0010 FFF7FEFF 		bl	Timer_3_Enable
 199              	.L14:
 157:Generated_Source\PSoC4/Timer_3_PM.c ****         } /* Do nothing if Timer was disabled before */
 158:Generated_Source\PSoC4/Timer_3_PM.c ****     #endif /* Remove this code section if Control register is removed */
 159:Generated_Source\PSoC4/Timer_3_PM.c **** }
 200              		.loc 1 159 0
 201 0014 C046     		nop
 202 0016 BD46     		mov	sp, r7
 203              		@ sp needed
 204 0018 80BD     		pop	{r7, pc}
 205              	.L16:
 206 001a C046     		.align	2
 207              	.L15:
 208 001c 00000000 		.word	Timer_3_backup
 209              		.cfi_endproc
 210              	.LFE3:
 211              		.size	Timer_3_Wakeup, .-Timer_3_Wakeup
 212              		.text
 213              	.Letext0:
 214              		.file 2 "Generated_Source\\PSoC4\\cytypes.h"
 215              		.file 3 "Generated_Source\\PSoC4\\Timer_3.h"
 216              		.section	.debug_info,"",%progbits
 217              	.Ldebug_info0:
 218 0000 41010000 		.4byte	0x141
 219 0004 0400     		.2byte	0x4
 220 0006 00000000 		.4byte	.Ldebug_abbrev0
 221 000a 04       		.byte	0x4
 222 000b 01       		.uleb128 0x1
 223 000c 73010000 		.4byte	.LASF25
 224 0010 0C       		.byte	0xc
 225 0011 1D020000 		.4byte	.LASF26
 226 0015 E0000000 		.4byte	.LASF27
 227 0019 00000000 		.4byte	.Ldebug_ranges0+0
 228 001d 00000000 		.4byte	0
 229 0021 00000000 		.4byte	.Ldebug_line0
 230 0025 02       		.uleb128 0x2
 231 0026 01       		.byte	0x1
 232 0027 06       		.byte	0x6
 233 0028 43010000 		.4byte	.LASF0
 234 002c 02       		.uleb128 0x2
 235 002d 01       		.byte	0x1
 236 002e 08       		.byte	0x8
 237 002f 1B000000 		.4byte	.LASF1
 238 0033 02       		.uleb128 0x2
 239 0034 02       		.byte	0x2
 240 0035 05       		.byte	0x5
ARM GAS  C:\Users\Ala\AppData\Local\Temp\ccpEhX0n.s 			page 8


 241 0036 0D010000 		.4byte	.LASF2
 242 003a 02       		.uleb128 0x2
 243 003b 02       		.byte	0x2
 244 003c 07       		.byte	0x7
 245 003d 30010000 		.4byte	.LASF3
 246 0041 02       		.uleb128 0x2
 247 0042 04       		.byte	0x4
 248 0043 05       		.byte	0x5
 249 0044 D7000000 		.4byte	.LASF4
 250 0048 02       		.uleb128 0x2
 251 0049 04       		.byte	0x4
 252 004a 07       		.byte	0x7
 253 004b 17010000 		.4byte	.LASF5
 254 004f 02       		.uleb128 0x2
 255 0050 08       		.byte	0x8
 256 0051 05       		.byte	0x5
 257 0052 00000000 		.4byte	.LASF6
 258 0056 02       		.uleb128 0x2
 259 0057 08       		.byte	0x8
 260 0058 07       		.byte	0x7
 261 0059 A5000000 		.4byte	.LASF7
 262 005d 03       		.uleb128 0x3
 263 005e 04       		.byte	0x4
 264 005f 05       		.byte	0x5
 265 0060 696E7400 		.ascii	"int\000"
 266 0064 02       		.uleb128 0x2
 267 0065 04       		.byte	0x4
 268 0066 07       		.byte	0x7
 269 0067 0E000000 		.4byte	.LASF8
 270 006b 04       		.uleb128 0x4
 271 006c 3C000000 		.4byte	.LASF12
 272 0070 02       		.byte	0x2
 273 0071 F701     		.2byte	0x1f7
 274 0073 2C000000 		.4byte	0x2c
 275 0077 02       		.uleb128 0x2
 276 0078 04       		.byte	0x4
 277 0079 04       		.byte	0x4
 278 007a 7F000000 		.4byte	.LASF9
 279 007e 02       		.uleb128 0x2
 280 007f 08       		.byte	0x8
 281 0080 04       		.byte	0x4
 282 0081 29010000 		.4byte	.LASF10
 283 0085 02       		.uleb128 0x2
 284 0086 01       		.byte	0x1
 285 0087 08       		.byte	0x8
 286 0088 D2000000 		.4byte	.LASF11
 287 008c 04       		.uleb128 0x4
 288 008d 37000000 		.4byte	.LASF13
 289 0091 02       		.byte	0x2
 290 0092 A102     		.2byte	0x2a1
 291 0094 98000000 		.4byte	0x98
 292 0098 05       		.uleb128 0x5
 293 0099 6B000000 		.4byte	0x6b
 294 009d 02       		.uleb128 0x2
 295 009e 08       		.byte	0x8
 296 009f 04       		.byte	0x4
 297 00a0 5E010000 		.4byte	.LASF14
ARM GAS  C:\Users\Ala\AppData\Local\Temp\ccpEhX0n.s 			page 9


 298 00a4 02       		.uleb128 0x2
 299 00a5 04       		.byte	0x4
 300 00a6 07       		.byte	0x7
 301 00a7 14020000 		.4byte	.LASF15
 302 00ab 06       		.uleb128 0x6
 303 00ac 04       		.byte	0x4
 304 00ad 03       		.byte	0x3
 305 00ae 43       		.byte	0x43
 306 00af E4000000 		.4byte	0xe4
 307 00b3 07       		.uleb128 0x7
 308 00b4 94000000 		.4byte	.LASF16
 309 00b8 03       		.byte	0x3
 310 00b9 45       		.byte	0x45
 311 00ba 6B000000 		.4byte	0x6b
 312 00be 00       		.byte	0
 313 00bf 07       		.uleb128 0x7
 314 00c0 6A010000 		.4byte	.LASF17
 315 00c4 03       		.byte	0x3
 316 00c5 48       		.byte	0x48
 317 00c6 6B000000 		.4byte	0x6b
 318 00ca 01       		.byte	0x1
 319 00cb 07       		.uleb128 0x7
 320 00cc 01020000 		.4byte	.LASF18
 321 00d0 03       		.byte	0x3
 322 00d1 49       		.byte	0x49
 323 00d2 6B000000 		.4byte	0x6b
 324 00d6 02       		.byte	0x2
 325 00d7 07       		.uleb128 0x7
 326 00d8 6A000000 		.4byte	.LASF19
 327 00dc 03       		.byte	0x3
 328 00dd 4F       		.byte	0x4f
 329 00de 6B000000 		.4byte	0x6b
 330 00e2 03       		.byte	0x3
 331 00e3 00       		.byte	0
 332 00e4 08       		.uleb128 0x8
 333 00e5 55000000 		.4byte	.LASF20
 334 00e9 03       		.byte	0x3
 335 00ea 53       		.byte	0x53
 336 00eb AB000000 		.4byte	0xab
 337 00ef 09       		.uleb128 0x9
 338 00f0 42000000 		.4byte	.LASF21
 339 00f4 01       		.byte	0x1
 340 00f5 2B       		.byte	0x2b
 341 00f6 00000000 		.4byte	.LFB0
 342 00fa 34000000 		.4byte	.LFE0-.LFB0
 343 00fe 01       		.uleb128 0x1
 344 00ff 9C       		.byte	0x9c
 345 0100 09       		.uleb128 0x9
 346 0101 BC000000 		.4byte	.LASF22
 347 0105 01       		.byte	0x1
 348 0106 4D       		.byte	0x4d
 349 0107 00000000 		.4byte	.LFB1
 350 010b 30000000 		.4byte	.LFE1-.LFB1
 351 010f 01       		.uleb128 0x1
 352 0110 9C       		.byte	0x9c
 353 0111 09       		.uleb128 0x9
 354 0112 29000000 		.4byte	.LASF23
ARM GAS  C:\Users\Ala\AppData\Local\Temp\ccpEhX0n.s 			page 10


 355 0116 01       		.byte	0x1
 356 0117 70       		.byte	0x70
 357 0118 00000000 		.4byte	.LFB2
 358 011c 34000000 		.4byte	.LFE2-.LFB2
 359 0120 01       		.uleb128 0x1
 360 0121 9C       		.byte	0x9c
 361 0122 09       		.uleb128 0x9
 362 0123 4F010000 		.4byte	.LASF24
 363 0127 01       		.byte	0x1
 364 0128 96       		.byte	0x96
 365 0129 00000000 		.4byte	.LFB3
 366 012d 20000000 		.4byte	.LFE3-.LFB3
 367 0131 01       		.uleb128 0x1
 368 0132 9C       		.byte	0x9c
 369 0133 0A       		.uleb128 0xa
 370 0134 85000000 		.4byte	.LASF28
 371 0138 01       		.byte	0x1
 372 0139 15       		.byte	0x15
 373 013a E4000000 		.4byte	0xe4
 374 013e 05       		.uleb128 0x5
 375 013f 03       		.byte	0x3
 376 0140 00000000 		.4byte	Timer_3_backup
 377 0144 00       		.byte	0
 378              		.section	.debug_abbrev,"",%progbits
 379              	.Ldebug_abbrev0:
 380 0000 01       		.uleb128 0x1
 381 0001 11       		.uleb128 0x11
 382 0002 01       		.byte	0x1
 383 0003 25       		.uleb128 0x25
 384 0004 0E       		.uleb128 0xe
 385 0005 13       		.uleb128 0x13
 386 0006 0B       		.uleb128 0xb
 387 0007 03       		.uleb128 0x3
 388 0008 0E       		.uleb128 0xe
 389 0009 1B       		.uleb128 0x1b
 390 000a 0E       		.uleb128 0xe
 391 000b 55       		.uleb128 0x55
 392 000c 17       		.uleb128 0x17
 393 000d 11       		.uleb128 0x11
 394 000e 01       		.uleb128 0x1
 395 000f 10       		.uleb128 0x10
 396 0010 17       		.uleb128 0x17
 397 0011 00       		.byte	0
 398 0012 00       		.byte	0
 399 0013 02       		.uleb128 0x2
 400 0014 24       		.uleb128 0x24
 401 0015 00       		.byte	0
 402 0016 0B       		.uleb128 0xb
 403 0017 0B       		.uleb128 0xb
 404 0018 3E       		.uleb128 0x3e
 405 0019 0B       		.uleb128 0xb
 406 001a 03       		.uleb128 0x3
 407 001b 0E       		.uleb128 0xe
 408 001c 00       		.byte	0
 409 001d 00       		.byte	0
 410 001e 03       		.uleb128 0x3
 411 001f 24       		.uleb128 0x24
ARM GAS  C:\Users\Ala\AppData\Local\Temp\ccpEhX0n.s 			page 11


 412 0020 00       		.byte	0
 413 0021 0B       		.uleb128 0xb
 414 0022 0B       		.uleb128 0xb
 415 0023 3E       		.uleb128 0x3e
 416 0024 0B       		.uleb128 0xb
 417 0025 03       		.uleb128 0x3
 418 0026 08       		.uleb128 0x8
 419 0027 00       		.byte	0
 420 0028 00       		.byte	0
 421 0029 04       		.uleb128 0x4
 422 002a 16       		.uleb128 0x16
 423 002b 00       		.byte	0
 424 002c 03       		.uleb128 0x3
 425 002d 0E       		.uleb128 0xe
 426 002e 3A       		.uleb128 0x3a
 427 002f 0B       		.uleb128 0xb
 428 0030 3B       		.uleb128 0x3b
 429 0031 05       		.uleb128 0x5
 430 0032 49       		.uleb128 0x49
 431 0033 13       		.uleb128 0x13
 432 0034 00       		.byte	0
 433 0035 00       		.byte	0
 434 0036 05       		.uleb128 0x5
 435 0037 35       		.uleb128 0x35
 436 0038 00       		.byte	0
 437 0039 49       		.uleb128 0x49
 438 003a 13       		.uleb128 0x13
 439 003b 00       		.byte	0
 440 003c 00       		.byte	0
 441 003d 06       		.uleb128 0x6
 442 003e 13       		.uleb128 0x13
 443 003f 01       		.byte	0x1
 444 0040 0B       		.uleb128 0xb
 445 0041 0B       		.uleb128 0xb
 446 0042 3A       		.uleb128 0x3a
 447 0043 0B       		.uleb128 0xb
 448 0044 3B       		.uleb128 0x3b
 449 0045 0B       		.uleb128 0xb
 450 0046 01       		.uleb128 0x1
 451 0047 13       		.uleb128 0x13
 452 0048 00       		.byte	0
 453 0049 00       		.byte	0
 454 004a 07       		.uleb128 0x7
 455 004b 0D       		.uleb128 0xd
 456 004c 00       		.byte	0
 457 004d 03       		.uleb128 0x3
 458 004e 0E       		.uleb128 0xe
 459 004f 3A       		.uleb128 0x3a
 460 0050 0B       		.uleb128 0xb
 461 0051 3B       		.uleb128 0x3b
 462 0052 0B       		.uleb128 0xb
 463 0053 49       		.uleb128 0x49
 464 0054 13       		.uleb128 0x13
 465 0055 38       		.uleb128 0x38
 466 0056 0B       		.uleb128 0xb
 467 0057 00       		.byte	0
 468 0058 00       		.byte	0
ARM GAS  C:\Users\Ala\AppData\Local\Temp\ccpEhX0n.s 			page 12


 469 0059 08       		.uleb128 0x8
 470 005a 16       		.uleb128 0x16
 471 005b 00       		.byte	0
 472 005c 03       		.uleb128 0x3
 473 005d 0E       		.uleb128 0xe
 474 005e 3A       		.uleb128 0x3a
 475 005f 0B       		.uleb128 0xb
 476 0060 3B       		.uleb128 0x3b
 477 0061 0B       		.uleb128 0xb
 478 0062 49       		.uleb128 0x49
 479 0063 13       		.uleb128 0x13
 480 0064 00       		.byte	0
 481 0065 00       		.byte	0
 482 0066 09       		.uleb128 0x9
 483 0067 2E       		.uleb128 0x2e
 484 0068 00       		.byte	0
 485 0069 3F       		.uleb128 0x3f
 486 006a 19       		.uleb128 0x19
 487 006b 03       		.uleb128 0x3
 488 006c 0E       		.uleb128 0xe
 489 006d 3A       		.uleb128 0x3a
 490 006e 0B       		.uleb128 0xb
 491 006f 3B       		.uleb128 0x3b
 492 0070 0B       		.uleb128 0xb
 493 0071 27       		.uleb128 0x27
 494 0072 19       		.uleb128 0x19
 495 0073 11       		.uleb128 0x11
 496 0074 01       		.uleb128 0x1
 497 0075 12       		.uleb128 0x12
 498 0076 06       		.uleb128 0x6
 499 0077 40       		.uleb128 0x40
 500 0078 18       		.uleb128 0x18
 501 0079 9642     		.uleb128 0x2116
 502 007b 19       		.uleb128 0x19
 503 007c 00       		.byte	0
 504 007d 00       		.byte	0
 505 007e 0A       		.uleb128 0xa
 506 007f 34       		.uleb128 0x34
 507 0080 00       		.byte	0
 508 0081 03       		.uleb128 0x3
 509 0082 0E       		.uleb128 0xe
 510 0083 3A       		.uleb128 0x3a
 511 0084 0B       		.uleb128 0xb
 512 0085 3B       		.uleb128 0x3b
 513 0086 0B       		.uleb128 0xb
 514 0087 49       		.uleb128 0x49
 515 0088 13       		.uleb128 0x13
 516 0089 02       		.uleb128 0x2
 517 008a 18       		.uleb128 0x18
 518 008b 00       		.byte	0
 519 008c 00       		.byte	0
 520 008d 00       		.byte	0
 521              		.section	.debug_aranges,"",%progbits
 522 0000 34000000 		.4byte	0x34
 523 0004 0200     		.2byte	0x2
 524 0006 00000000 		.4byte	.Ldebug_info0
 525 000a 04       		.byte	0x4
ARM GAS  C:\Users\Ala\AppData\Local\Temp\ccpEhX0n.s 			page 13


 526 000b 00       		.byte	0
 527 000c 0000     		.2byte	0
 528 000e 0000     		.2byte	0
 529 0010 00000000 		.4byte	.LFB0
 530 0014 34000000 		.4byte	.LFE0-.LFB0
 531 0018 00000000 		.4byte	.LFB1
 532 001c 30000000 		.4byte	.LFE1-.LFB1
 533 0020 00000000 		.4byte	.LFB2
 534 0024 34000000 		.4byte	.LFE2-.LFB2
 535 0028 00000000 		.4byte	.LFB3
 536 002c 20000000 		.4byte	.LFE3-.LFB3
 537 0030 00000000 		.4byte	0
 538 0034 00000000 		.4byte	0
 539              		.section	.debug_ranges,"",%progbits
 540              	.Ldebug_ranges0:
 541 0000 00000000 		.4byte	.LFB0
 542 0004 34000000 		.4byte	.LFE0
 543 0008 00000000 		.4byte	.LFB1
 544 000c 30000000 		.4byte	.LFE1
 545 0010 00000000 		.4byte	.LFB2
 546 0014 34000000 		.4byte	.LFE2
 547 0018 00000000 		.4byte	.LFB3
 548 001c 20000000 		.4byte	.LFE3
 549 0020 00000000 		.4byte	0
 550 0024 00000000 		.4byte	0
 551              		.section	.debug_line,"",%progbits
 552              	.Ldebug_line0:
 553 0000 AB000000 		.section	.debug_str,"MS",%progbits,1
 553      02005400 
 553      00000201 
 553      FB0E0D00 
 553      01010101 
 554              	.LASF6:
 555 0000 6C6F6E67 		.ascii	"long long int\000"
 555      206C6F6E 
 555      6720696E 
 555      7400
 556              	.LASF8:
 557 000e 756E7369 		.ascii	"unsigned int\000"
 557      676E6564 
 557      20696E74 
 557      00
 558              	.LASF1:
 559 001b 756E7369 		.ascii	"unsigned char\000"
 559      676E6564 
 559      20636861 
 559      7200
 560              	.LASF23:
 561 0029 54696D65 		.ascii	"Timer_3_Sleep\000"
 561      725F335F 
 561      536C6565 
 561      7000
 562              	.LASF13:
 563 0037 72656738 		.ascii	"reg8\000"
 563      00
 564              	.LASF12:
 565 003c 75696E74 		.ascii	"uint8\000"
ARM GAS  C:\Users\Ala\AppData\Local\Temp\ccpEhX0n.s 			page 14


 565      3800
 566              	.LASF21:
 567 0042 54696D65 		.ascii	"Timer_3_SaveConfig\000"
 567      725F335F 
 567      53617665 
 567      436F6E66 
 567      696700
 568              	.LASF20:
 569 0055 54696D65 		.ascii	"Timer_3_backupStruct\000"
 569      725F335F 
 569      6261636B 
 569      75705374 
 569      72756374 
 570              	.LASF19:
 571 006a 54696D65 		.ascii	"TimerControlRegister\000"
 571      72436F6E 
 571      74726F6C 
 571      52656769 
 571      73746572 
 572              	.LASF9:
 573 007f 666C6F61 		.ascii	"float\000"
 573      7400
 574              	.LASF28:
 575 0085 54696D65 		.ascii	"Timer_3_backup\000"
 575      725F335F 
 575      6261636B 
 575      757000
 576              	.LASF16:
 577 0094 54696D65 		.ascii	"TimerEnableState\000"
 577      72456E61 
 577      626C6553 
 577      74617465 
 577      00
 578              	.LASF7:
 579 00a5 6C6F6E67 		.ascii	"long long unsigned int\000"
 579      206C6F6E 
 579      6720756E 
 579      7369676E 
 579      65642069 
 580              	.LASF22:
 581 00bc 54696D65 		.ascii	"Timer_3_RestoreConfig\000"
 581      725F335F 
 581      52657374 
 581      6F726543 
 581      6F6E6669 
 582              	.LASF11:
 583 00d2 63686172 		.ascii	"char\000"
 583      00
 584              	.LASF4:
 585 00d7 6C6F6E67 		.ascii	"long int\000"
 585      20696E74 
 585      00
 586              	.LASF27:
 587 00e0 433A5C55 		.ascii	"C:\\Users\\Ala\\Desktop\\Cypress\\BeoM_main.cydsn\000"
 587      73657273 
 587      5C416C61 
 587      5C446573 
ARM GAS  C:\Users\Ala\AppData\Local\Temp\ccpEhX0n.s 			page 15


 587      6B746F70 
 588              	.LASF2:
 589 010d 73686F72 		.ascii	"short int\000"
 589      7420696E 
 589      7400
 590              	.LASF5:
 591 0117 6C6F6E67 		.ascii	"long unsigned int\000"
 591      20756E73 
 591      69676E65 
 591      6420696E 
 591      7400
 592              	.LASF10:
 593 0129 646F7562 		.ascii	"double\000"
 593      6C6500
 594              	.LASF3:
 595 0130 73686F72 		.ascii	"short unsigned int\000"
 595      7420756E 
 595      7369676E 
 595      65642069 
 595      6E7400
 596              	.LASF0:
 597 0143 7369676E 		.ascii	"signed char\000"
 597      65642063 
 597      68617200 
 598              	.LASF24:
 599 014f 54696D65 		.ascii	"Timer_3_Wakeup\000"
 599      725F335F 
 599      57616B65 
 599      757000
 600              	.LASF14:
 601 015e 6C6F6E67 		.ascii	"long double\000"
 601      20646F75 
 601      626C6500 
 602              	.LASF17:
 603 016a 54696D65 		.ascii	"TimerUdb\000"
 603      72556462 
 603      00
 604              	.LASF25:
 605 0173 474E5520 		.ascii	"GNU C11 5.4.1 20160609 (release) [ARM/embedded-5-br"
 605      43313120 
 605      352E342E 
 605      31203230 
 605      31363036 
 606 01a6 616E6368 		.ascii	"anch revision 237715] -mcpu=cortex-m0 -mthumb -g -O"
 606      20726576 
 606      6973696F 
 606      6E203233 
 606      37373135 
 607 01d9 30202D66 		.ascii	"0 -ffunction-sections -ffat-lto-objects\000"
 607      66756E63 
 607      74696F6E 
 607      2D736563 
 607      74696F6E 
 608              	.LASF18:
 609 0201 496E7465 		.ascii	"InterruptMaskValue\000"
 609      72727570 
 609      744D6173 
ARM GAS  C:\Users\Ala\AppData\Local\Temp\ccpEhX0n.s 			page 16


 609      6B56616C 
 609      756500
 610              	.LASF15:
 611 0214 73697A65 		.ascii	"sizetype\000"
 611      74797065 
 611      00
 612              	.LASF26:
 613 021d 47656E65 		.ascii	"Generated_Source\\PSoC4\\Timer_3_PM.c\000"
 613      72617465 
 613      645F536F 
 613      75726365 
 613      5C50536F 
 614              		.ident	"GCC: (GNU Tools for ARM Embedded Processors) 5.4.1 20160609 (release) [ARM/embedded-5-bran
