ARM GAS  C:\Users\Ala\AppData\Local\Temp\ccu1D1GM.s 			page 1


   1              		.syntax unified
   2              		.cpu cortex-m0
   3              		.fpu softvfp
   4              		.eabi_attribute 20, 1
   5              		.eabi_attribute 21, 1
   6              		.eabi_attribute 23, 3
   7              		.eabi_attribute 24, 1
   8              		.eabi_attribute 25, 1
   9              		.eabi_attribute 26, 1
  10              		.eabi_attribute 30, 4
  11              		.eabi_attribute 34, 0
  12              		.eabi_attribute 18, 4
  13              		.thumb
  14              		.syntax unified
  15              		.file	"Timer_2_PM.c"
  16              		.text
  17              	.Ltext0:
  18              		.cfi_sections	.debug_frame
  19              		.section	.text.Timer_2_SaveConfig,"ax",%progbits
  20              		.align	1
  21              		.global	Timer_2_SaveConfig
  22              		.code	16
  23              		.thumb_func
  24              		.type	Timer_2_SaveConfig, %function
  25              	Timer_2_SaveConfig:
  26              	.LFB5:
  27              		.cfi_startproc
  28              		@ args = 0, pretend = 0, frame = 0
  29              		@ frame_needed = 0, uses_anonymous_args = 0
  30              		@ link register save eliminated.
  31              		@ sp needed
  32 0000 7047     		bx	lr
  33              		.cfi_endproc
  34              	.LFE5:
  35              		.size	Timer_2_SaveConfig, .-Timer_2_SaveConfig
  36              		.section	.text.Timer_2_Sleep,"ax",%progbits
  37              		.align	1
  38              		.global	Timer_2_Sleep
  39              		.code	16
  40              		.thumb_func
  41              		.type	Timer_2_Sleep, %function
  42              	Timer_2_Sleep:
  43              	.LFB1:
  44              		.file 1 "Generated_Source\\PSoC4\\Timer_2_PM.c"
   1:Generated_Source\PSoC4/Timer_2_PM.c **** /*******************************************************************************
   2:Generated_Source\PSoC4/Timer_2_PM.c **** * File Name: Timer_2_PM.c
   3:Generated_Source\PSoC4/Timer_2_PM.c **** * Version 2.10
   4:Generated_Source\PSoC4/Timer_2_PM.c **** *
   5:Generated_Source\PSoC4/Timer_2_PM.c **** * Description:
   6:Generated_Source\PSoC4/Timer_2_PM.c **** *  This file contains the setup, control, and status commands to support
   7:Generated_Source\PSoC4/Timer_2_PM.c **** *  the component operations in the low power mode.
   8:Generated_Source\PSoC4/Timer_2_PM.c **** *
   9:Generated_Source\PSoC4/Timer_2_PM.c **** * Note:
  10:Generated_Source\PSoC4/Timer_2_PM.c **** *  None
  11:Generated_Source\PSoC4/Timer_2_PM.c **** *
  12:Generated_Source\PSoC4/Timer_2_PM.c **** ********************************************************************************
  13:Generated_Source\PSoC4/Timer_2_PM.c **** * Copyright 2013-2015, Cypress Semiconductor Corporation.  All rights reserved.
ARM GAS  C:\Users\Ala\AppData\Local\Temp\ccu1D1GM.s 			page 2


  14:Generated_Source\PSoC4/Timer_2_PM.c **** * You may use this file only in accordance with the license, terms, conditions,
  15:Generated_Source\PSoC4/Timer_2_PM.c **** * disclaimers, and limitations in the end user license agreement accompanying
  16:Generated_Source\PSoC4/Timer_2_PM.c **** * the software package with which this file was provided.
  17:Generated_Source\PSoC4/Timer_2_PM.c **** *******************************************************************************/
  18:Generated_Source\PSoC4/Timer_2_PM.c **** 
  19:Generated_Source\PSoC4/Timer_2_PM.c **** #include "Timer_2.h"
  20:Generated_Source\PSoC4/Timer_2_PM.c **** 
  21:Generated_Source\PSoC4/Timer_2_PM.c **** static Timer_2_BACKUP_STRUCT Timer_2_backup;
  22:Generated_Source\PSoC4/Timer_2_PM.c **** 
  23:Generated_Source\PSoC4/Timer_2_PM.c **** 
  24:Generated_Source\PSoC4/Timer_2_PM.c **** /*******************************************************************************
  25:Generated_Source\PSoC4/Timer_2_PM.c **** * Function Name: Timer_2_SaveConfig
  26:Generated_Source\PSoC4/Timer_2_PM.c **** ********************************************************************************
  27:Generated_Source\PSoC4/Timer_2_PM.c **** *
  28:Generated_Source\PSoC4/Timer_2_PM.c **** * Summary:
  29:Generated_Source\PSoC4/Timer_2_PM.c **** *  All configuration registers are retention. Nothing to save here.
  30:Generated_Source\PSoC4/Timer_2_PM.c **** *
  31:Generated_Source\PSoC4/Timer_2_PM.c **** * Parameters:
  32:Generated_Source\PSoC4/Timer_2_PM.c **** *  None
  33:Generated_Source\PSoC4/Timer_2_PM.c **** *
  34:Generated_Source\PSoC4/Timer_2_PM.c **** * Return:
  35:Generated_Source\PSoC4/Timer_2_PM.c **** *  None
  36:Generated_Source\PSoC4/Timer_2_PM.c **** *
  37:Generated_Source\PSoC4/Timer_2_PM.c **** *******************************************************************************/
  38:Generated_Source\PSoC4/Timer_2_PM.c **** void Timer_2_SaveConfig(void)
  39:Generated_Source\PSoC4/Timer_2_PM.c **** {
  40:Generated_Source\PSoC4/Timer_2_PM.c **** 
  41:Generated_Source\PSoC4/Timer_2_PM.c **** }
  42:Generated_Source\PSoC4/Timer_2_PM.c **** 
  43:Generated_Source\PSoC4/Timer_2_PM.c **** 
  44:Generated_Source\PSoC4/Timer_2_PM.c **** /*******************************************************************************
  45:Generated_Source\PSoC4/Timer_2_PM.c **** * Function Name: Timer_2_Sleep
  46:Generated_Source\PSoC4/Timer_2_PM.c **** ********************************************************************************
  47:Generated_Source\PSoC4/Timer_2_PM.c **** *
  48:Generated_Source\PSoC4/Timer_2_PM.c **** * Summary:
  49:Generated_Source\PSoC4/Timer_2_PM.c **** *  Stops the component operation and saves the user configuration.
  50:Generated_Source\PSoC4/Timer_2_PM.c **** *
  51:Generated_Source\PSoC4/Timer_2_PM.c **** * Parameters:
  52:Generated_Source\PSoC4/Timer_2_PM.c **** *  None
  53:Generated_Source\PSoC4/Timer_2_PM.c **** *
  54:Generated_Source\PSoC4/Timer_2_PM.c **** * Return:
  55:Generated_Source\PSoC4/Timer_2_PM.c **** *  None
  56:Generated_Source\PSoC4/Timer_2_PM.c **** *
  57:Generated_Source\PSoC4/Timer_2_PM.c **** *******************************************************************************/
  58:Generated_Source\PSoC4/Timer_2_PM.c **** void Timer_2_Sleep(void)
  59:Generated_Source\PSoC4/Timer_2_PM.c **** {
  45              		.loc 1 59 0
  46              		.cfi_startproc
  47              		@ args = 0, pretend = 0, frame = 0
  48              		@ frame_needed = 0, uses_anonymous_args = 0
  60:Generated_Source\PSoC4/Timer_2_PM.c ****     if(0u != (Timer_2_BLOCK_CONTROL_REG & Timer_2_MASK))
  49              		.loc 1 60 0
  50 0000 054B     		ldr	r3, .L6
  59:Generated_Source\PSoC4/Timer_2_PM.c ****     if(0u != (Timer_2_BLOCK_CONTROL_REG & Timer_2_MASK))
  51              		.loc 1 59 0
  52 0002 10B5     		push	{r4, lr}
  53              		.cfi_def_cfa_offset 8
ARM GAS  C:\Users\Ala\AppData\Local\Temp\ccu1D1GM.s 			page 3


  54              		.cfi_offset 4, -8
  55              		.cfi_offset 14, -4
  56              		.loc 1 60 0
  57 0004 1A68     		ldr	r2, [r3]
  58 0006 0223     		movs	r3, #2
  59 0008 1340     		ands	r3, r2
  60 000a 044A     		ldr	r2, .L6+4
  61 000c 00D0     		beq	.L3
  61:Generated_Source\PSoC4/Timer_2_PM.c ****     {
  62:Generated_Source\PSoC4/Timer_2_PM.c ****         Timer_2_backup.enableState = 1u;
  62              		.loc 1 62 0
  63 000e 0123     		movs	r3, #1
  64              	.L3:
  63:Generated_Source\PSoC4/Timer_2_PM.c ****     }
  64:Generated_Source\PSoC4/Timer_2_PM.c ****     else
  65:Generated_Source\PSoC4/Timer_2_PM.c ****     {
  66:Generated_Source\PSoC4/Timer_2_PM.c ****         Timer_2_backup.enableState = 0u;
  65              		.loc 1 66 0
  66 0010 1370     		strb	r3, [r2]
  67:Generated_Source\PSoC4/Timer_2_PM.c ****     }
  68:Generated_Source\PSoC4/Timer_2_PM.c **** 
  69:Generated_Source\PSoC4/Timer_2_PM.c ****     Timer_2_Stop();
  70:Generated_Source\PSoC4/Timer_2_PM.c ****     Timer_2_SaveConfig();
  71:Generated_Source\PSoC4/Timer_2_PM.c **** }
  67              		.loc 1 71 0
  68              		@ sp needed
  69:Generated_Source\PSoC4/Timer_2_PM.c ****     Timer_2_SaveConfig();
  69              		.loc 1 69 0
  70 0012 FFF7FEFF 		bl	Timer_2_Stop
  71              	.LVL0:
  72              		.loc 1 71 0
  73 0016 10BD     		pop	{r4, pc}
  74              	.L7:
  75              		.align	2
  76              	.L6:
  77 0018 00000540 		.word	1074069504
  78 001c 00000000 		.word	.LANCHOR0
  79              		.cfi_endproc
  80              	.LFE1:
  81              		.size	Timer_2_Sleep, .-Timer_2_Sleep
  82              		.section	.text.Timer_2_RestoreConfig,"ax",%progbits
  83              		.align	1
  84              		.global	Timer_2_RestoreConfig
  85              		.code	16
  86              		.thumb_func
  87              		.type	Timer_2_RestoreConfig, %function
  88              	Timer_2_RestoreConfig:
  89              	.LFB2:
  72:Generated_Source\PSoC4/Timer_2_PM.c **** 
  73:Generated_Source\PSoC4/Timer_2_PM.c **** 
  74:Generated_Source\PSoC4/Timer_2_PM.c **** /*******************************************************************************
  75:Generated_Source\PSoC4/Timer_2_PM.c **** * Function Name: Timer_2_RestoreConfig
  76:Generated_Source\PSoC4/Timer_2_PM.c **** ********************************************************************************
  77:Generated_Source\PSoC4/Timer_2_PM.c **** *
  78:Generated_Source\PSoC4/Timer_2_PM.c **** * Summary:
  79:Generated_Source\PSoC4/Timer_2_PM.c **** *  All configuration registers are retention. Nothing to restore here.
  80:Generated_Source\PSoC4/Timer_2_PM.c **** *
ARM GAS  C:\Users\Ala\AppData\Local\Temp\ccu1D1GM.s 			page 4


  81:Generated_Source\PSoC4/Timer_2_PM.c **** * Parameters:
  82:Generated_Source\PSoC4/Timer_2_PM.c **** *  None
  83:Generated_Source\PSoC4/Timer_2_PM.c **** *
  84:Generated_Source\PSoC4/Timer_2_PM.c **** * Return:
  85:Generated_Source\PSoC4/Timer_2_PM.c **** *  None
  86:Generated_Source\PSoC4/Timer_2_PM.c **** *
  87:Generated_Source\PSoC4/Timer_2_PM.c **** *******************************************************************************/
  88:Generated_Source\PSoC4/Timer_2_PM.c **** void Timer_2_RestoreConfig(void)
  89:Generated_Source\PSoC4/Timer_2_PM.c **** {
  90              		.loc 1 89 0
  91              		.cfi_startproc
  92              		@ args = 0, pretend = 0, frame = 0
  93              		@ frame_needed = 0, uses_anonymous_args = 0
  94              		@ link register save eliminated.
  90:Generated_Source\PSoC4/Timer_2_PM.c **** 
  91:Generated_Source\PSoC4/Timer_2_PM.c **** }
  95              		.loc 1 91 0
  96              		@ sp needed
  97 0000 7047     		bx	lr
  98              		.cfi_endproc
  99              	.LFE2:
 100              		.size	Timer_2_RestoreConfig, .-Timer_2_RestoreConfig
 101              		.section	.text.Timer_2_Wakeup,"ax",%progbits
 102              		.align	1
 103              		.global	Timer_2_Wakeup
 104              		.code	16
 105              		.thumb_func
 106              		.type	Timer_2_Wakeup, %function
 107              	Timer_2_Wakeup:
 108              	.LFB3:
  92:Generated_Source\PSoC4/Timer_2_PM.c **** 
  93:Generated_Source\PSoC4/Timer_2_PM.c **** 
  94:Generated_Source\PSoC4/Timer_2_PM.c **** /*******************************************************************************
  95:Generated_Source\PSoC4/Timer_2_PM.c **** * Function Name: Timer_2_Wakeup
  96:Generated_Source\PSoC4/Timer_2_PM.c **** ********************************************************************************
  97:Generated_Source\PSoC4/Timer_2_PM.c **** *
  98:Generated_Source\PSoC4/Timer_2_PM.c **** * Summary:
  99:Generated_Source\PSoC4/Timer_2_PM.c **** *  Restores the user configuration and restores the enable state.
 100:Generated_Source\PSoC4/Timer_2_PM.c **** *
 101:Generated_Source\PSoC4/Timer_2_PM.c **** * Parameters:
 102:Generated_Source\PSoC4/Timer_2_PM.c **** *  None
 103:Generated_Source\PSoC4/Timer_2_PM.c **** *
 104:Generated_Source\PSoC4/Timer_2_PM.c **** * Return:
 105:Generated_Source\PSoC4/Timer_2_PM.c **** *  None
 106:Generated_Source\PSoC4/Timer_2_PM.c **** *
 107:Generated_Source\PSoC4/Timer_2_PM.c **** *******************************************************************************/
 108:Generated_Source\PSoC4/Timer_2_PM.c **** void Timer_2_Wakeup(void)
 109:Generated_Source\PSoC4/Timer_2_PM.c **** {
 109              		.loc 1 109 0
 110              		.cfi_startproc
 111              		@ args = 0, pretend = 0, frame = 0
 112              		@ frame_needed = 0, uses_anonymous_args = 0
 113 0000 10B5     		push	{r4, lr}
 114              		.cfi_def_cfa_offset 8
 115              		.cfi_offset 4, -8
 116              		.cfi_offset 14, -4
 110:Generated_Source\PSoC4/Timer_2_PM.c ****     Timer_2_RestoreConfig();
ARM GAS  C:\Users\Ala\AppData\Local\Temp\ccu1D1GM.s 			page 5


 111:Generated_Source\PSoC4/Timer_2_PM.c **** 
 112:Generated_Source\PSoC4/Timer_2_PM.c ****     if(0u != Timer_2_backup.enableState)
 117              		.loc 1 112 0
 118 0002 034B     		ldr	r3, .L14
 119 0004 1B78     		ldrb	r3, [r3]
 120 0006 002B     		cmp	r3, #0
 121 0008 01D0     		beq	.L9
 113:Generated_Source\PSoC4/Timer_2_PM.c ****     {
 114:Generated_Source\PSoC4/Timer_2_PM.c ****         Timer_2_Enable();
 122              		.loc 1 114 0
 123 000a FFF7FEFF 		bl	Timer_2_Enable
 124              	.LVL1:
 125              	.L9:
 115:Generated_Source\PSoC4/Timer_2_PM.c ****     }
 116:Generated_Source\PSoC4/Timer_2_PM.c **** }
 126              		.loc 1 116 0
 127              		@ sp needed
 128 000e 10BD     		pop	{r4, pc}
 129              	.L15:
 130              		.align	2
 131              	.L14:
 132 0010 00000000 		.word	.LANCHOR0
 133              		.cfi_endproc
 134              	.LFE3:
 135              		.size	Timer_2_Wakeup, .-Timer_2_Wakeup
 136              		.bss
 137              		.set	.LANCHOR0,. + 0
 138              		.type	Timer_2_backup, %object
 139              		.size	Timer_2_backup, 1
 140              	Timer_2_backup:
 141 0000 00       		.space	1
 142              		.text
 143              	.Letext0:
 144              		.file 2 "Generated_Source\\PSoC4\\cytypes.h"
 145              		.file 3 "Generated_Source\\PSoC4\\Timer_2.h"
 146              		.section	.debug_info,"",%progbits
 147              	.Ldebug_info0:
 148 0000 5A010000 		.4byte	0x15a
 149 0004 0400     		.2byte	0x4
 150 0006 00000000 		.4byte	.Ldebug_abbrev0
 151 000a 04       		.byte	0x4
 152 000b 01       		.uleb128 0x1
 153 000c 3D000000 		.4byte	.LASF24
 154 0010 0C       		.byte	0xc
 155 0011 46010000 		.4byte	.LASF25
 156 0015 73010000 		.4byte	.LASF26
 157 0019 00000000 		.4byte	.Ldebug_ranges0+0
 158 001d 00000000 		.4byte	0
 159 0021 00000000 		.4byte	.Ldebug_line0
 160 0025 02       		.uleb128 0x2
 161 0026 01       		.byte	0x1
 162 0027 06       		.byte	0x6
 163 0028 CC010000 		.4byte	.LASF0
 164 002c 02       		.uleb128 0x2
 165 002d 01       		.byte	0x1
 166 002e 08       		.byte	0x8
 167 002f 33010000 		.4byte	.LASF1
ARM GAS  C:\Users\Ala\AppData\Local\Temp\ccu1D1GM.s 			page 6


 168 0033 02       		.uleb128 0x2
 169 0034 02       		.byte	0x2
 170 0035 05       		.byte	0x5
 171 0036 0A020000 		.4byte	.LASF2
 172 003a 02       		.uleb128 0x2
 173 003b 02       		.byte	0x2
 174 003c 07       		.byte	0x7
 175 003d B9010000 		.4byte	.LASF3
 176 0041 02       		.uleb128 0x2
 177 0042 04       		.byte	0x4
 178 0043 05       		.byte	0x5
 179 0044 6A010000 		.4byte	.LASF4
 180 0048 02       		.uleb128 0x2
 181 0049 04       		.byte	0x4
 182 004a 07       		.byte	0x7
 183 004b F6000000 		.4byte	.LASF5
 184 004f 02       		.uleb128 0x2
 185 0050 08       		.byte	0x8
 186 0051 05       		.byte	0x5
 187 0052 00000000 		.4byte	.LASF6
 188 0056 02       		.uleb128 0x2
 189 0057 08       		.byte	0x8
 190 0058 07       		.byte	0x7
 191 0059 08010000 		.4byte	.LASF7
 192 005d 03       		.uleb128 0x3
 193 005e 04       		.byte	0x4
 194 005f 05       		.byte	0x5
 195 0060 696E7400 		.ascii	"int\000"
 196 0064 02       		.uleb128 0x2
 197 0065 04       		.byte	0x4
 198 0066 07       		.byte	0x7
 199 0067 21000000 		.4byte	.LASF8
 200 006b 04       		.uleb128 0x4
 201 006c F0000000 		.4byte	.LASF9
 202 0070 02       		.byte	0x2
 203 0071 F701     		.2byte	0x1f7
 204 0073 2C000000 		.4byte	0x2c
 205 0077 04       		.uleb128 0x4
 206 0078 0E000000 		.4byte	.LASF10
 207 007c 02       		.byte	0x2
 208 007d F901     		.2byte	0x1f9
 209 007f 48000000 		.4byte	0x48
 210 0083 02       		.uleb128 0x2
 211 0084 04       		.byte	0x4
 212 0085 04       		.byte	0x4
 213 0086 2D010000 		.4byte	.LASF11
 214 008a 02       		.uleb128 0x2
 215 008b 08       		.byte	0x8
 216 008c 04       		.byte	0x4
 217 008d A0010000 		.4byte	.LASF12
 218 0091 02       		.uleb128 0x2
 219 0092 01       		.byte	0x1
 220 0093 08       		.byte	0x8
 221 0094 41010000 		.4byte	.LASF13
 222 0098 04       		.uleb128 0x4
 223 0099 B3010000 		.4byte	.LASF14
 224 009d 02       		.byte	0x2
ARM GAS  C:\Users\Ala\AppData\Local\Temp\ccu1D1GM.s 			page 7


 225 009e A302     		.2byte	0x2a3
 226 00a0 A4000000 		.4byte	0xa4
 227 00a4 05       		.uleb128 0x5
 228 00a5 77000000 		.4byte	0x77
 229 00a9 02       		.uleb128 0x2
 230 00aa 08       		.byte	0x8
 231 00ab 04       		.byte	0x4
 232 00ac A7010000 		.4byte	.LASF15
 233 00b0 02       		.uleb128 0x2
 234 00b1 04       		.byte	0x4
 235 00b2 07       		.byte	0x7
 236 00b3 01020000 		.4byte	.LASF16
 237 00b7 06       		.uleb128 0x6
 238 00b8 01       		.byte	0x1
 239 00b9 03       		.byte	0x3
 240 00ba 21       		.byte	0x21
 241 00bb CC000000 		.4byte	0xcc
 242 00bf 07       		.uleb128 0x7
 243 00c0 15000000 		.4byte	.LASF27
 244 00c4 03       		.byte	0x3
 245 00c5 23       		.byte	0x23
 246 00c6 6B000000 		.4byte	0x6b
 247 00ca 00       		.byte	0
 248 00cb 00       		.byte	0
 249 00cc 08       		.uleb128 0x8
 250 00cd D8010000 		.4byte	.LASF17
 251 00d1 03       		.byte	0x3
 252 00d2 24       		.byte	0x24
 253 00d3 B7000000 		.4byte	0xb7
 254 00d7 09       		.uleb128 0x9
 255 00d8 EE010000 		.4byte	.LASF18
 256 00dc 01       		.byte	0x1
 257 00dd 26       		.byte	0x26
 258 00de 01       		.byte	0x1
 259 00df 09       		.uleb128 0x9
 260 00e0 DA000000 		.4byte	.LASF19
 261 00e4 01       		.byte	0x1
 262 00e5 58       		.byte	0x58
 263 00e6 01       		.byte	0x1
 264 00e7 0A       		.uleb128 0xa
 265 00e8 1F010000 		.4byte	.LASF20
 266 00ec 01       		.byte	0x1
 267 00ed 3A       		.byte	0x3a
 268 00ee 00000000 		.4byte	.LFB1
 269 00f2 20000000 		.4byte	.LFE1-.LFB1
 270 00f6 01       		.uleb128 0x1
 271 00f7 9C       		.byte	0x9c
 272 00f8 06010000 		.4byte	0x106
 273 00fc 0B       		.uleb128 0xb
 274 00fd 16000000 		.4byte	.LVL0
 275 0101 45010000 		.4byte	0x145
 276 0105 00       		.byte	0
 277 0106 0C       		.uleb128 0xc
 278 0107 DF000000 		.4byte	0xdf
 279 010b 00000000 		.4byte	.LFB2
 280 010f 02000000 		.4byte	.LFE2-.LFB2
 281 0113 01       		.uleb128 0x1
ARM GAS  C:\Users\Ala\AppData\Local\Temp\ccu1D1GM.s 			page 8


 282 0114 9C       		.byte	0x9c
 283 0115 0A       		.uleb128 0xa
 284 0116 21020000 		.4byte	.LASF21
 285 011a 01       		.byte	0x1
 286 011b 6C       		.byte	0x6c
 287 011c 00000000 		.4byte	.LFB3
 288 0120 14000000 		.4byte	.LFE3-.LFB3
 289 0124 01       		.uleb128 0x1
 290 0125 9C       		.byte	0x9c
 291 0126 34010000 		.4byte	0x134
 292 012a 0B       		.uleb128 0xb
 293 012b 0E000000 		.4byte	.LVL1
 294 012f 51010000 		.4byte	0x151
 295 0133 00       		.byte	0
 296 0134 0D       		.uleb128 0xd
 297 0135 CB000000 		.4byte	.LASF28
 298 0139 01       		.byte	0x1
 299 013a 15       		.byte	0x15
 300 013b CC000000 		.4byte	0xcc
 301 013f 05       		.uleb128 0x5
 302 0140 03       		.byte	0x3
 303 0141 00000000 		.4byte	Timer_2_backup
 304 0145 0E       		.uleb128 0xe
 305 0146 14020000 		.4byte	.LASF22
 306 014a 14020000 		.4byte	.LASF22
 307 014e 03       		.byte	0x3
 308 014f 3301     		.2byte	0x133
 309 0151 0E       		.uleb128 0xe
 310 0152 2E000000 		.4byte	.LASF23
 311 0156 2E000000 		.4byte	.LASF23
 312 015a 03       		.byte	0x3
 313 015b 3101     		.2byte	0x131
 314 015d 00       		.byte	0
 315              		.section	.debug_abbrev,"",%progbits
 316              	.Ldebug_abbrev0:
 317 0000 01       		.uleb128 0x1
 318 0001 11       		.uleb128 0x11
 319 0002 01       		.byte	0x1
 320 0003 25       		.uleb128 0x25
 321 0004 0E       		.uleb128 0xe
 322 0005 13       		.uleb128 0x13
 323 0006 0B       		.uleb128 0xb
 324 0007 03       		.uleb128 0x3
 325 0008 0E       		.uleb128 0xe
 326 0009 1B       		.uleb128 0x1b
 327 000a 0E       		.uleb128 0xe
 328 000b 55       		.uleb128 0x55
 329 000c 17       		.uleb128 0x17
 330 000d 11       		.uleb128 0x11
 331 000e 01       		.uleb128 0x1
 332 000f 10       		.uleb128 0x10
 333 0010 17       		.uleb128 0x17
 334 0011 00       		.byte	0
 335 0012 00       		.byte	0
 336 0013 02       		.uleb128 0x2
 337 0014 24       		.uleb128 0x24
 338 0015 00       		.byte	0
ARM GAS  C:\Users\Ala\AppData\Local\Temp\ccu1D1GM.s 			page 9


 339 0016 0B       		.uleb128 0xb
 340 0017 0B       		.uleb128 0xb
 341 0018 3E       		.uleb128 0x3e
 342 0019 0B       		.uleb128 0xb
 343 001a 03       		.uleb128 0x3
 344 001b 0E       		.uleb128 0xe
 345 001c 00       		.byte	0
 346 001d 00       		.byte	0
 347 001e 03       		.uleb128 0x3
 348 001f 24       		.uleb128 0x24
 349 0020 00       		.byte	0
 350 0021 0B       		.uleb128 0xb
 351 0022 0B       		.uleb128 0xb
 352 0023 3E       		.uleb128 0x3e
 353 0024 0B       		.uleb128 0xb
 354 0025 03       		.uleb128 0x3
 355 0026 08       		.uleb128 0x8
 356 0027 00       		.byte	0
 357 0028 00       		.byte	0
 358 0029 04       		.uleb128 0x4
 359 002a 16       		.uleb128 0x16
 360 002b 00       		.byte	0
 361 002c 03       		.uleb128 0x3
 362 002d 0E       		.uleb128 0xe
 363 002e 3A       		.uleb128 0x3a
 364 002f 0B       		.uleb128 0xb
 365 0030 3B       		.uleb128 0x3b
 366 0031 05       		.uleb128 0x5
 367 0032 49       		.uleb128 0x49
 368 0033 13       		.uleb128 0x13
 369 0034 00       		.byte	0
 370 0035 00       		.byte	0
 371 0036 05       		.uleb128 0x5
 372 0037 35       		.uleb128 0x35
 373 0038 00       		.byte	0
 374 0039 49       		.uleb128 0x49
 375 003a 13       		.uleb128 0x13
 376 003b 00       		.byte	0
 377 003c 00       		.byte	0
 378 003d 06       		.uleb128 0x6
 379 003e 13       		.uleb128 0x13
 380 003f 01       		.byte	0x1
 381 0040 0B       		.uleb128 0xb
 382 0041 0B       		.uleb128 0xb
 383 0042 3A       		.uleb128 0x3a
 384 0043 0B       		.uleb128 0xb
 385 0044 3B       		.uleb128 0x3b
 386 0045 0B       		.uleb128 0xb
 387 0046 01       		.uleb128 0x1
 388 0047 13       		.uleb128 0x13
 389 0048 00       		.byte	0
 390 0049 00       		.byte	0
 391 004a 07       		.uleb128 0x7
 392 004b 0D       		.uleb128 0xd
 393 004c 00       		.byte	0
 394 004d 03       		.uleb128 0x3
 395 004e 0E       		.uleb128 0xe
ARM GAS  C:\Users\Ala\AppData\Local\Temp\ccu1D1GM.s 			page 10


 396 004f 3A       		.uleb128 0x3a
 397 0050 0B       		.uleb128 0xb
 398 0051 3B       		.uleb128 0x3b
 399 0052 0B       		.uleb128 0xb
 400 0053 49       		.uleb128 0x49
 401 0054 13       		.uleb128 0x13
 402 0055 38       		.uleb128 0x38
 403 0056 0B       		.uleb128 0xb
 404 0057 00       		.byte	0
 405 0058 00       		.byte	0
 406 0059 08       		.uleb128 0x8
 407 005a 16       		.uleb128 0x16
 408 005b 00       		.byte	0
 409 005c 03       		.uleb128 0x3
 410 005d 0E       		.uleb128 0xe
 411 005e 3A       		.uleb128 0x3a
 412 005f 0B       		.uleb128 0xb
 413 0060 3B       		.uleb128 0x3b
 414 0061 0B       		.uleb128 0xb
 415 0062 49       		.uleb128 0x49
 416 0063 13       		.uleb128 0x13
 417 0064 00       		.byte	0
 418 0065 00       		.byte	0
 419 0066 09       		.uleb128 0x9
 420 0067 2E       		.uleb128 0x2e
 421 0068 00       		.byte	0
 422 0069 3F       		.uleb128 0x3f
 423 006a 19       		.uleb128 0x19
 424 006b 03       		.uleb128 0x3
 425 006c 0E       		.uleb128 0xe
 426 006d 3A       		.uleb128 0x3a
 427 006e 0B       		.uleb128 0xb
 428 006f 3B       		.uleb128 0x3b
 429 0070 0B       		.uleb128 0xb
 430 0071 27       		.uleb128 0x27
 431 0072 19       		.uleb128 0x19
 432 0073 20       		.uleb128 0x20
 433 0074 0B       		.uleb128 0xb
 434 0075 00       		.byte	0
 435 0076 00       		.byte	0
 436 0077 0A       		.uleb128 0xa
 437 0078 2E       		.uleb128 0x2e
 438 0079 01       		.byte	0x1
 439 007a 3F       		.uleb128 0x3f
 440 007b 19       		.uleb128 0x19
 441 007c 03       		.uleb128 0x3
 442 007d 0E       		.uleb128 0xe
 443 007e 3A       		.uleb128 0x3a
 444 007f 0B       		.uleb128 0xb
 445 0080 3B       		.uleb128 0x3b
 446 0081 0B       		.uleb128 0xb
 447 0082 27       		.uleb128 0x27
 448 0083 19       		.uleb128 0x19
 449 0084 11       		.uleb128 0x11
 450 0085 01       		.uleb128 0x1
 451 0086 12       		.uleb128 0x12
 452 0087 06       		.uleb128 0x6
ARM GAS  C:\Users\Ala\AppData\Local\Temp\ccu1D1GM.s 			page 11


 453 0088 40       		.uleb128 0x40
 454 0089 18       		.uleb128 0x18
 455 008a 9742     		.uleb128 0x2117
 456 008c 19       		.uleb128 0x19
 457 008d 01       		.uleb128 0x1
 458 008e 13       		.uleb128 0x13
 459 008f 00       		.byte	0
 460 0090 00       		.byte	0
 461 0091 0B       		.uleb128 0xb
 462 0092 898201   		.uleb128 0x4109
 463 0095 00       		.byte	0
 464 0096 11       		.uleb128 0x11
 465 0097 01       		.uleb128 0x1
 466 0098 31       		.uleb128 0x31
 467 0099 13       		.uleb128 0x13
 468 009a 00       		.byte	0
 469 009b 00       		.byte	0
 470 009c 0C       		.uleb128 0xc
 471 009d 2E       		.uleb128 0x2e
 472 009e 00       		.byte	0
 473 009f 31       		.uleb128 0x31
 474 00a0 13       		.uleb128 0x13
 475 00a1 11       		.uleb128 0x11
 476 00a2 01       		.uleb128 0x1
 477 00a3 12       		.uleb128 0x12
 478 00a4 06       		.uleb128 0x6
 479 00a5 40       		.uleb128 0x40
 480 00a6 18       		.uleb128 0x18
 481 00a7 9742     		.uleb128 0x2117
 482 00a9 19       		.uleb128 0x19
 483 00aa 00       		.byte	0
 484 00ab 00       		.byte	0
 485 00ac 0D       		.uleb128 0xd
 486 00ad 34       		.uleb128 0x34
 487 00ae 00       		.byte	0
 488 00af 03       		.uleb128 0x3
 489 00b0 0E       		.uleb128 0xe
 490 00b1 3A       		.uleb128 0x3a
 491 00b2 0B       		.uleb128 0xb
 492 00b3 3B       		.uleb128 0x3b
 493 00b4 0B       		.uleb128 0xb
 494 00b5 49       		.uleb128 0x49
 495 00b6 13       		.uleb128 0x13
 496 00b7 02       		.uleb128 0x2
 497 00b8 18       		.uleb128 0x18
 498 00b9 00       		.byte	0
 499 00ba 00       		.byte	0
 500 00bb 0E       		.uleb128 0xe
 501 00bc 2E       		.uleb128 0x2e
 502 00bd 00       		.byte	0
 503 00be 3F       		.uleb128 0x3f
 504 00bf 19       		.uleb128 0x19
 505 00c0 3C       		.uleb128 0x3c
 506 00c1 19       		.uleb128 0x19
 507 00c2 6E       		.uleb128 0x6e
 508 00c3 0E       		.uleb128 0xe
 509 00c4 03       		.uleb128 0x3
ARM GAS  C:\Users\Ala\AppData\Local\Temp\ccu1D1GM.s 			page 12


 510 00c5 0E       		.uleb128 0xe
 511 00c6 3A       		.uleb128 0x3a
 512 00c7 0B       		.uleb128 0xb
 513 00c8 3B       		.uleb128 0x3b
 514 00c9 05       		.uleb128 0x5
 515 00ca 00       		.byte	0
 516 00cb 00       		.byte	0
 517 00cc 00       		.byte	0
 518              		.section	.debug_aranges,"",%progbits
 519 0000 2C000000 		.4byte	0x2c
 520 0004 0200     		.2byte	0x2
 521 0006 00000000 		.4byte	.Ldebug_info0
 522 000a 04       		.byte	0x4
 523 000b 00       		.byte	0
 524 000c 0000     		.2byte	0
 525 000e 0000     		.2byte	0
 526 0010 00000000 		.4byte	.LFB1
 527 0014 20000000 		.4byte	.LFE1-.LFB1
 528 0018 00000000 		.4byte	.LFB2
 529 001c 02000000 		.4byte	.LFE2-.LFB2
 530 0020 00000000 		.4byte	.LFB3
 531 0024 14000000 		.4byte	.LFE3-.LFB3
 532 0028 00000000 		.4byte	0
 533 002c 00000000 		.4byte	0
 534              		.section	.debug_ranges,"",%progbits
 535              	.Ldebug_ranges0:
 536 0000 00000000 		.4byte	.LFB1
 537 0004 20000000 		.4byte	.LFE1
 538 0008 00000000 		.4byte	.LFB2
 539 000c 02000000 		.4byte	.LFE2
 540 0010 00000000 		.4byte	.LFB3
 541 0014 14000000 		.4byte	.LFE3
 542 0018 00000000 		.4byte	0
 543 001c 00000000 		.4byte	0
 544              		.section	.debug_line,"",%progbits
 545              	.Ldebug_line0:
 546 0000 95000000 		.section	.debug_str,"MS",%progbits,1
 546      02005400 
 546      00000201 
 546      FB0E0D00 
 546      01010101 
 547              	.LASF6:
 548 0000 6C6F6E67 		.ascii	"long long int\000"
 548      206C6F6E 
 548      6720696E 
 548      7400
 549              	.LASF10:
 550 000e 75696E74 		.ascii	"uint32\000"
 550      333200
 551              	.LASF27:
 552 0015 656E6162 		.ascii	"enableState\000"
 552      6C655374 
 552      61746500 
 553              	.LASF8:
 554 0021 756E7369 		.ascii	"unsigned int\000"
 554      676E6564 
 554      20696E74 
ARM GAS  C:\Users\Ala\AppData\Local\Temp\ccu1D1GM.s 			page 13


 554      00
 555              	.LASF23:
 556 002e 54696D65 		.ascii	"Timer_2_Enable\000"
 556      725F325F 
 556      456E6162 
 556      6C6500
 557              	.LASF24:
 558 003d 474E5520 		.ascii	"GNU C11 5.4.1 20160609 (release) [ARM/embedded-5-br"
 558      43313120 
 558      352E342E 
 558      31203230 
 558      31363036 
 559 0070 616E6368 		.ascii	"anch revision 237715] -mcpu=cortex-m0 -mthumb -g -O"
 559      20726576 
 559      6973696F 
 559      6E203233 
 559      37373135 
 560 00a3 73202D66 		.ascii	"s -ffunction-sections -ffat-lto-objects\000"
 560      66756E63 
 560      74696F6E 
 560      2D736563 
 560      74696F6E 
 561              	.LASF28:
 562 00cb 54696D65 		.ascii	"Timer_2_backup\000"
 562      725F325F 
 562      6261636B 
 562      757000
 563              	.LASF19:
 564 00da 54696D65 		.ascii	"Timer_2_RestoreConfig\000"
 564      725F325F 
 564      52657374 
 564      6F726543 
 564      6F6E6669 
 565              	.LASF9:
 566 00f0 75696E74 		.ascii	"uint8\000"
 566      3800
 567              	.LASF5:
 568 00f6 6C6F6E67 		.ascii	"long unsigned int\000"
 568      20756E73 
 568      69676E65 
 568      6420696E 
 568      7400
 569              	.LASF7:
 570 0108 6C6F6E67 		.ascii	"long long unsigned int\000"
 570      206C6F6E 
 570      6720756E 
 570      7369676E 
 570      65642069 
 571              	.LASF20:
 572 011f 54696D65 		.ascii	"Timer_2_Sleep\000"
 572      725F325F 
 572      536C6565 
 572      7000
 573              	.LASF11:
 574 012d 666C6F61 		.ascii	"float\000"
 574      7400
 575              	.LASF1:
ARM GAS  C:\Users\Ala\AppData\Local\Temp\ccu1D1GM.s 			page 14


 576 0133 756E7369 		.ascii	"unsigned char\000"
 576      676E6564 
 576      20636861 
 576      7200
 577              	.LASF13:
 578 0141 63686172 		.ascii	"char\000"
 578      00
 579              	.LASF25:
 580 0146 47656E65 		.ascii	"Generated_Source\\PSoC4\\Timer_2_PM.c\000"
 580      72617465 
 580      645F536F 
 580      75726365 
 580      5C50536F 
 581              	.LASF4:
 582 016a 6C6F6E67 		.ascii	"long int\000"
 582      20696E74 
 582      00
 583              	.LASF26:
 584 0173 433A5C55 		.ascii	"C:\\Users\\Ala\\Desktop\\Cypress\\BeoM_main.cydsn\000"
 584      73657273 
 584      5C416C61 
 584      5C446573 
 584      6B746F70 
 585              	.LASF12:
 586 01a0 646F7562 		.ascii	"double\000"
 586      6C6500
 587              	.LASF15:
 588 01a7 6C6F6E67 		.ascii	"long double\000"
 588      20646F75 
 588      626C6500 
 589              	.LASF14:
 590 01b3 72656733 		.ascii	"reg32\000"
 590      3200
 591              	.LASF3:
 592 01b9 73686F72 		.ascii	"short unsigned int\000"
 592      7420756E 
 592      7369676E 
 592      65642069 
 592      6E7400
 593              	.LASF0:
 594 01cc 7369676E 		.ascii	"signed char\000"
 594      65642063 
 594      68617200 
 595              	.LASF17:
 596 01d8 54696D65 		.ascii	"Timer_2_BACKUP_STRUCT\000"
 596      725F325F 
 596      4241434B 
 596      55505F53 
 596      54525543 
 597              	.LASF18:
 598 01ee 54696D65 		.ascii	"Timer_2_SaveConfig\000"
 598      725F325F 
 598      53617665 
 598      436F6E66 
 598      696700
 599              	.LASF16:
 600 0201 73697A65 		.ascii	"sizetype\000"
ARM GAS  C:\Users\Ala\AppData\Local\Temp\ccu1D1GM.s 			page 15


 600      74797065 
 600      00
 601              	.LASF2:
 602 020a 73686F72 		.ascii	"short int\000"
 602      7420696E 
 602      7400
 603              	.LASF22:
 604 0214 54696D65 		.ascii	"Timer_2_Stop\000"
 604      725F325F 
 604      53746F70 
 604      00
 605              	.LASF21:
 606 0221 54696D65 		.ascii	"Timer_2_Wakeup\000"
 606      725F325F 
 606      57616B65 
 606      757000
 607              		.ident	"GCC: (GNU Tools for ARM Embedded Processors) 5.4.1 20160609 (release) [ARM/embedded-5-bran
