ARM GAS  C:\Users\Ala\AppData\Local\Temp\ccATLmL1.s 			page 1


   1              		.syntax unified
   2              		.cpu cortex-m0
   3              		.fpu softvfp
   4              		.eabi_attribute 20, 1
   5              		.eabi_attribute 21, 1
   6              		.eabi_attribute 23, 3
   7              		.eabi_attribute 24, 1
   8              		.eabi_attribute 25, 1
   9              		.eabi_attribute 26, 1
  10              		.eabi_attribute 30, 6
  11              		.eabi_attribute 34, 0
  12              		.eabi_attribute 18, 4
  13              		.thumb
  14              		.syntax unified
  15              		.file	"UART_1_rx.c"
  16              		.text
  17              	.Ltext0:
  18              		.cfi_sections	.debug_frame
  19              		.section	.text.UART_1_rx_SetDriveMode,"ax",%progbits
  20              		.align	2
  21              		.global	UART_1_rx_SetDriveMode
  22              		.code	16
  23              		.thumb_func
  24              		.type	UART_1_rx_SetDriveMode, %function
  25              	UART_1_rx_SetDriveMode:
  26              	.LFB0:
  27              		.file 1 "Generated_Source\\PSoC4\\UART_1_rx.c"
   1:Generated_Source\PSoC4/UART_1_rx.c **** /*******************************************************************************
   2:Generated_Source\PSoC4/UART_1_rx.c **** * File Name: UART_1_rx.c  
   3:Generated_Source\PSoC4/UART_1_rx.c **** * Version 2.20
   4:Generated_Source\PSoC4/UART_1_rx.c **** *
   5:Generated_Source\PSoC4/UART_1_rx.c **** * Description:
   6:Generated_Source\PSoC4/UART_1_rx.c **** *  This file contains API to enable firmware control of a Pins component.
   7:Generated_Source\PSoC4/UART_1_rx.c **** *
   8:Generated_Source\PSoC4/UART_1_rx.c **** ********************************************************************************
   9:Generated_Source\PSoC4/UART_1_rx.c **** * Copyright 2008-2015, Cypress Semiconductor Corporation.  All rights reserved.
  10:Generated_Source\PSoC4/UART_1_rx.c **** * You may use this file only in accordance with the license, terms, conditions, 
  11:Generated_Source\PSoC4/UART_1_rx.c **** * disclaimers, and limitations in the end user license agreement accompanying 
  12:Generated_Source\PSoC4/UART_1_rx.c **** * the software package with which this file was provided.
  13:Generated_Source\PSoC4/UART_1_rx.c **** *******************************************************************************/
  14:Generated_Source\PSoC4/UART_1_rx.c **** 
  15:Generated_Source\PSoC4/UART_1_rx.c **** #include "cytypes.h"
  16:Generated_Source\PSoC4/UART_1_rx.c **** #include "UART_1_rx.h"
  17:Generated_Source\PSoC4/UART_1_rx.c **** 
  18:Generated_Source\PSoC4/UART_1_rx.c **** 
  19:Generated_Source\PSoC4/UART_1_rx.c **** #if defined(UART_1_rx__PC)
  20:Generated_Source\PSoC4/UART_1_rx.c ****     #define UART_1_rx_SetP4PinDriveMode(shift, mode)  \
  21:Generated_Source\PSoC4/UART_1_rx.c ****     do { \
  22:Generated_Source\PSoC4/UART_1_rx.c ****         UART_1_rx_PC =   (UART_1_rx_PC & \
  23:Generated_Source\PSoC4/UART_1_rx.c ****                                 (uint32)(~(uint32)(UART_1_rx_DRIVE_MODE_IND_MASK << \
  24:Generated_Source\PSoC4/UART_1_rx.c ****                                 (UART_1_rx_DRIVE_MODE_BITS * (shift))))) | \
  25:Generated_Source\PSoC4/UART_1_rx.c ****                                 (uint32)((uint32)(mode) << \
  26:Generated_Source\PSoC4/UART_1_rx.c ****                                 (UART_1_rx_DRIVE_MODE_BITS * (shift))); \
  27:Generated_Source\PSoC4/UART_1_rx.c ****     } while (0)
  28:Generated_Source\PSoC4/UART_1_rx.c **** #else
  29:Generated_Source\PSoC4/UART_1_rx.c ****     #if (CY_PSOC4_4200L)
  30:Generated_Source\PSoC4/UART_1_rx.c ****         #define UART_1_rx_SetP4PinDriveMode(shift, mode)  \
ARM GAS  C:\Users\Ala\AppData\Local\Temp\ccATLmL1.s 			page 2


  31:Generated_Source\PSoC4/UART_1_rx.c ****         do { \
  32:Generated_Source\PSoC4/UART_1_rx.c ****             UART_1_rx_USBIO_CTRL_REG = (UART_1_rx_USBIO_CTRL_REG & \
  33:Generated_Source\PSoC4/UART_1_rx.c ****                                     (uint32)(~(uint32)(UART_1_rx_DRIVE_MODE_IND_MASK << \
  34:Generated_Source\PSoC4/UART_1_rx.c ****                                     (UART_1_rx_DRIVE_MODE_BITS * (shift))))) | \
  35:Generated_Source\PSoC4/UART_1_rx.c ****                                     (uint32)((uint32)(mode) << \
  36:Generated_Source\PSoC4/UART_1_rx.c ****                                     (UART_1_rx_DRIVE_MODE_BITS * (shift))); \
  37:Generated_Source\PSoC4/UART_1_rx.c ****         } while (0)
  38:Generated_Source\PSoC4/UART_1_rx.c ****     #endif
  39:Generated_Source\PSoC4/UART_1_rx.c **** #endif
  40:Generated_Source\PSoC4/UART_1_rx.c ****   
  41:Generated_Source\PSoC4/UART_1_rx.c **** 
  42:Generated_Source\PSoC4/UART_1_rx.c **** #if defined(UART_1_rx__PC) || (CY_PSOC4_4200L) 
  43:Generated_Source\PSoC4/UART_1_rx.c ****     /*******************************************************************************
  44:Generated_Source\PSoC4/UART_1_rx.c ****     * Function Name: UART_1_rx_SetDriveMode
  45:Generated_Source\PSoC4/UART_1_rx.c ****     ****************************************************************************//**
  46:Generated_Source\PSoC4/UART_1_rx.c ****     *
  47:Generated_Source\PSoC4/UART_1_rx.c ****     * \brief Sets the drive mode for each of the Pins component's pins.
  48:Generated_Source\PSoC4/UART_1_rx.c ****     * 
  49:Generated_Source\PSoC4/UART_1_rx.c ****     * <b>Note</b> This affects all pins in the Pins component instance. Use the
  50:Generated_Source\PSoC4/UART_1_rx.c ****     * Per-Pin APIs if you wish to control individual pin's drive modes.
  51:Generated_Source\PSoC4/UART_1_rx.c ****     *
  52:Generated_Source\PSoC4/UART_1_rx.c ****     * <b>Note</b> USBIOs have limited drive functionality. Refer to the Drive Mode
  53:Generated_Source\PSoC4/UART_1_rx.c ****     * parameter for more information.
  54:Generated_Source\PSoC4/UART_1_rx.c ****     *
  55:Generated_Source\PSoC4/UART_1_rx.c ****     * \param mode
  56:Generated_Source\PSoC4/UART_1_rx.c ****     *  Mode for the selected signals. Valid options are documented in 
  57:Generated_Source\PSoC4/UART_1_rx.c ****     *  \ref driveMode.
  58:Generated_Source\PSoC4/UART_1_rx.c ****     *
  59:Generated_Source\PSoC4/UART_1_rx.c ****     * \return
  60:Generated_Source\PSoC4/UART_1_rx.c ****     *  None
  61:Generated_Source\PSoC4/UART_1_rx.c ****     *
  62:Generated_Source\PSoC4/UART_1_rx.c ****     * \sideeffect
  63:Generated_Source\PSoC4/UART_1_rx.c ****     *  If you use read-modify-write operations that are not atomic, the ISR can
  64:Generated_Source\PSoC4/UART_1_rx.c ****     *  cause corruption of this function. An ISR that interrupts this function 
  65:Generated_Source\PSoC4/UART_1_rx.c ****     *  and performs writes to the Pins component Drive Mode registers can cause 
  66:Generated_Source\PSoC4/UART_1_rx.c ****     *  corrupted port data. To avoid this issue, you should either use the Per-Pin
  67:Generated_Source\PSoC4/UART_1_rx.c ****     *  APIs (primary method) or disable interrupts around this function.
  68:Generated_Source\PSoC4/UART_1_rx.c ****     *
  69:Generated_Source\PSoC4/UART_1_rx.c ****     * \funcusage
  70:Generated_Source\PSoC4/UART_1_rx.c ****     *  \snippet UART_1_rx_SUT.c usage_UART_1_rx_SetDriveMode
  71:Generated_Source\PSoC4/UART_1_rx.c ****     *******************************************************************************/
  72:Generated_Source\PSoC4/UART_1_rx.c ****     void UART_1_rx_SetDriveMode(uint8 mode)
  73:Generated_Source\PSoC4/UART_1_rx.c ****     {
  28              		.loc 1 73 0
  29              		.cfi_startproc
  30              		@ args = 0, pretend = 0, frame = 8
  31              		@ frame_needed = 1, uses_anonymous_args = 0
  32 0000 80B5     		push	{r7, lr}
  33              		.cfi_def_cfa_offset 8
  34              		.cfi_offset 7, -8
  35              		.cfi_offset 14, -4
  36 0002 82B0     		sub	sp, sp, #8
  37              		.cfi_def_cfa_offset 16
  38 0004 00AF     		add	r7, sp, #0
  39              		.cfi_def_cfa_register 7
  40 0006 0200     		movs	r2, r0
  41 0008 FB1D     		adds	r3, r7, #7
ARM GAS  C:\Users\Ala\AppData\Local\Temp\ccATLmL1.s 			page 3


  42 000a 1A70     		strb	r2, [r3]
  74:Generated_Source\PSoC4/UART_1_rx.c **** 		UART_1_rx_SetP4PinDriveMode(UART_1_rx__0__SHIFT, mode);
  43              		.loc 1 74 0
  44 000c 064B     		ldr	r3, .L2
  45 000e 064A     		ldr	r2, .L2
  46 0010 1268     		ldr	r2, [r2]
  47 0012 0721     		movs	r1, #7
  48 0014 8A43     		bics	r2, r1
  49 0016 1100     		movs	r1, r2
  50 0018 FA1D     		adds	r2, r7, #7
  51 001a 1278     		ldrb	r2, [r2]
  52 001c 0A43     		orrs	r2, r1
  53 001e 1A60     		str	r2, [r3]
  75:Generated_Source\PSoC4/UART_1_rx.c ****     }
  54              		.loc 1 75 0
  55 0020 C046     		nop
  56 0022 BD46     		mov	sp, r7
  57 0024 02B0     		add	sp, sp, #8
  58              		@ sp needed
  59 0026 80BD     		pop	{r7, pc}
  60              	.L3:
  61              		.align	2
  62              	.L2:
  63 0028 08040440 		.word	1074005000
  64              		.cfi_endproc
  65              	.LFE0:
  66              		.size	UART_1_rx_SetDriveMode, .-UART_1_rx_SetDriveMode
  67              		.section	.text.UART_1_rx_Write,"ax",%progbits
  68              		.align	2
  69              		.global	UART_1_rx_Write
  70              		.code	16
  71              		.thumb_func
  72              		.type	UART_1_rx_Write, %function
  73              	UART_1_rx_Write:
  74              	.LFB1:
  76:Generated_Source\PSoC4/UART_1_rx.c **** #endif
  77:Generated_Source\PSoC4/UART_1_rx.c **** 
  78:Generated_Source\PSoC4/UART_1_rx.c **** 
  79:Generated_Source\PSoC4/UART_1_rx.c **** /*******************************************************************************
  80:Generated_Source\PSoC4/UART_1_rx.c **** * Function Name: UART_1_rx_Write
  81:Generated_Source\PSoC4/UART_1_rx.c **** ****************************************************************************//**
  82:Generated_Source\PSoC4/UART_1_rx.c **** *
  83:Generated_Source\PSoC4/UART_1_rx.c **** * \brief Writes the value to the physical port (data output register), masking
  84:Generated_Source\PSoC4/UART_1_rx.c **** *  and shifting the bits appropriately. 
  85:Generated_Source\PSoC4/UART_1_rx.c **** *
  86:Generated_Source\PSoC4/UART_1_rx.c **** * The data output register controls the signal applied to the physical pin in 
  87:Generated_Source\PSoC4/UART_1_rx.c **** * conjunction with the drive mode parameter. This function avoids changing 
  88:Generated_Source\PSoC4/UART_1_rx.c **** * other bits in the port by using the appropriate method (read-modify-write or
  89:Generated_Source\PSoC4/UART_1_rx.c **** * bit banding).
  90:Generated_Source\PSoC4/UART_1_rx.c **** *
  91:Generated_Source\PSoC4/UART_1_rx.c **** * <b>Note</b> This function should not be used on a hardware digital output pin 
  92:Generated_Source\PSoC4/UART_1_rx.c **** * as it is driven by the hardware signal attached to it.
  93:Generated_Source\PSoC4/UART_1_rx.c **** *
  94:Generated_Source\PSoC4/UART_1_rx.c **** * \param value
  95:Generated_Source\PSoC4/UART_1_rx.c **** *  Value to write to the component instance.
  96:Generated_Source\PSoC4/UART_1_rx.c **** *
  97:Generated_Source\PSoC4/UART_1_rx.c **** * \return 
ARM GAS  C:\Users\Ala\AppData\Local\Temp\ccATLmL1.s 			page 4


  98:Generated_Source\PSoC4/UART_1_rx.c **** *  None 
  99:Generated_Source\PSoC4/UART_1_rx.c **** *
 100:Generated_Source\PSoC4/UART_1_rx.c **** * \sideeffect
 101:Generated_Source\PSoC4/UART_1_rx.c **** *  If you use read-modify-write operations that are not atomic; the Interrupt 
 102:Generated_Source\PSoC4/UART_1_rx.c **** *  Service Routines (ISR) can cause corruption of this function. An ISR that 
 103:Generated_Source\PSoC4/UART_1_rx.c **** *  interrupts this function and performs writes to the Pins component data 
 104:Generated_Source\PSoC4/UART_1_rx.c **** *  register can cause corrupted port data. To avoid this issue, you should 
 105:Generated_Source\PSoC4/UART_1_rx.c **** *  either use the Per-Pin APIs (primary method) or disable interrupts around 
 106:Generated_Source\PSoC4/UART_1_rx.c **** *  this function.
 107:Generated_Source\PSoC4/UART_1_rx.c **** *
 108:Generated_Source\PSoC4/UART_1_rx.c **** * \funcusage
 109:Generated_Source\PSoC4/UART_1_rx.c **** *  \snippet UART_1_rx_SUT.c usage_UART_1_rx_Write
 110:Generated_Source\PSoC4/UART_1_rx.c **** *******************************************************************************/
 111:Generated_Source\PSoC4/UART_1_rx.c **** void UART_1_rx_Write(uint8 value)
 112:Generated_Source\PSoC4/UART_1_rx.c **** {
  75              		.loc 1 112 0
  76              		.cfi_startproc
  77              		@ args = 0, pretend = 0, frame = 16
  78              		@ frame_needed = 1, uses_anonymous_args = 0
  79 0000 80B5     		push	{r7, lr}
  80              		.cfi_def_cfa_offset 8
  81              		.cfi_offset 7, -8
  82              		.cfi_offset 14, -4
  83 0002 84B0     		sub	sp, sp, #16
  84              		.cfi_def_cfa_offset 24
  85 0004 00AF     		add	r7, sp, #0
  86              		.cfi_def_cfa_register 7
  87 0006 0200     		movs	r2, r0
  88 0008 FB1D     		adds	r3, r7, #7
  89 000a 1A70     		strb	r2, [r3]
 113:Generated_Source\PSoC4/UART_1_rx.c ****     uint8 drVal = (uint8)(UART_1_rx_DR & (uint8)(~UART_1_rx_MASK));
  90              		.loc 1 113 0
  91 000c 0E4B     		ldr	r3, .L5
  92 000e 1B68     		ldr	r3, [r3]
  93 0010 DAB2     		uxtb	r2, r3
  94 0012 0F23     		movs	r3, #15
  95 0014 FB18     		adds	r3, r7, r3
  96 0016 0121     		movs	r1, #1
  97 0018 8A43     		bics	r2, r1
  98 001a 1A70     		strb	r2, [r3]
 114:Generated_Source\PSoC4/UART_1_rx.c ****     drVal = (drVal | ((uint8)(value << UART_1_rx_SHIFT) & UART_1_rx_MASK));
  99              		.loc 1 114 0
 100 001c FB1D     		adds	r3, r7, #7
 101 001e 1B78     		ldrb	r3, [r3]
 102 0020 0122     		movs	r2, #1
 103 0022 1340     		ands	r3, r2
 104 0024 D9B2     		uxtb	r1, r3
 105 0026 0F23     		movs	r3, #15
 106 0028 FB18     		adds	r3, r7, r3
 107 002a 0F22     		movs	r2, #15
 108 002c BA18     		adds	r2, r7, r2
 109 002e 1278     		ldrb	r2, [r2]
 110 0030 0A43     		orrs	r2, r1
 111 0032 1A70     		strb	r2, [r3]
 115:Generated_Source\PSoC4/UART_1_rx.c ****     UART_1_rx_DR = (uint32)drVal;
 112              		.loc 1 115 0
 113 0034 044B     		ldr	r3, .L5
ARM GAS  C:\Users\Ala\AppData\Local\Temp\ccATLmL1.s 			page 5


 114 0036 0F22     		movs	r2, #15
 115 0038 BA18     		adds	r2, r7, r2
 116 003a 1278     		ldrb	r2, [r2]
 117 003c 1A60     		str	r2, [r3]
 116:Generated_Source\PSoC4/UART_1_rx.c **** }
 118              		.loc 1 116 0
 119 003e C046     		nop
 120 0040 BD46     		mov	sp, r7
 121 0042 04B0     		add	sp, sp, #16
 122              		@ sp needed
 123 0044 80BD     		pop	{r7, pc}
 124              	.L6:
 125 0046 C046     		.align	2
 126              	.L5:
 127 0048 00040440 		.word	1074004992
 128              		.cfi_endproc
 129              	.LFE1:
 130              		.size	UART_1_rx_Write, .-UART_1_rx_Write
 131              		.section	.text.UART_1_rx_Read,"ax",%progbits
 132              		.align	2
 133              		.global	UART_1_rx_Read
 134              		.code	16
 135              		.thumb_func
 136              		.type	UART_1_rx_Read, %function
 137              	UART_1_rx_Read:
 138              	.LFB2:
 117:Generated_Source\PSoC4/UART_1_rx.c **** 
 118:Generated_Source\PSoC4/UART_1_rx.c **** 
 119:Generated_Source\PSoC4/UART_1_rx.c **** /*******************************************************************************
 120:Generated_Source\PSoC4/UART_1_rx.c **** * Function Name: UART_1_rx_Read
 121:Generated_Source\PSoC4/UART_1_rx.c **** ****************************************************************************//**
 122:Generated_Source\PSoC4/UART_1_rx.c **** *
 123:Generated_Source\PSoC4/UART_1_rx.c **** * \brief Reads the associated physical port (pin status register) and masks 
 124:Generated_Source\PSoC4/UART_1_rx.c **** *  the required bits according to the width and bit position of the component
 125:Generated_Source\PSoC4/UART_1_rx.c **** *  instance. 
 126:Generated_Source\PSoC4/UART_1_rx.c **** *
 127:Generated_Source\PSoC4/UART_1_rx.c **** * The pin's status register returns the current logic level present on the 
 128:Generated_Source\PSoC4/UART_1_rx.c **** * physical pin.
 129:Generated_Source\PSoC4/UART_1_rx.c **** *
 130:Generated_Source\PSoC4/UART_1_rx.c **** * \return 
 131:Generated_Source\PSoC4/UART_1_rx.c **** *  The current value for the pins in the component as a right justified number.
 132:Generated_Source\PSoC4/UART_1_rx.c **** *
 133:Generated_Source\PSoC4/UART_1_rx.c **** * \funcusage
 134:Generated_Source\PSoC4/UART_1_rx.c **** *  \snippet UART_1_rx_SUT.c usage_UART_1_rx_Read  
 135:Generated_Source\PSoC4/UART_1_rx.c **** *******************************************************************************/
 136:Generated_Source\PSoC4/UART_1_rx.c **** uint8 UART_1_rx_Read(void)
 137:Generated_Source\PSoC4/UART_1_rx.c **** {
 139              		.loc 1 137 0
 140              		.cfi_startproc
 141              		@ args = 0, pretend = 0, frame = 0
 142              		@ frame_needed = 1, uses_anonymous_args = 0
 143 0000 80B5     		push	{r7, lr}
 144              		.cfi_def_cfa_offset 8
 145              		.cfi_offset 7, -8
 146              		.cfi_offset 14, -4
 147 0002 00AF     		add	r7, sp, #0
 148              		.cfi_def_cfa_register 7
ARM GAS  C:\Users\Ala\AppData\Local\Temp\ccATLmL1.s 			page 6


 138:Generated_Source\PSoC4/UART_1_rx.c ****     return (uint8)((UART_1_rx_PS & UART_1_rx_MASK) >> UART_1_rx_SHIFT);
 149              		.loc 1 138 0
 150 0004 044B     		ldr	r3, .L9
 151 0006 1B68     		ldr	r3, [r3]
 152 0008 DBB2     		uxtb	r3, r3
 153 000a 0122     		movs	r2, #1
 154 000c 1340     		ands	r3, r2
 155 000e DBB2     		uxtb	r3, r3
 139:Generated_Source\PSoC4/UART_1_rx.c **** }
 156              		.loc 1 139 0
 157 0010 1800     		movs	r0, r3
 158 0012 BD46     		mov	sp, r7
 159              		@ sp needed
 160 0014 80BD     		pop	{r7, pc}
 161              	.L10:
 162 0016 C046     		.align	2
 163              	.L9:
 164 0018 04040440 		.word	1074004996
 165              		.cfi_endproc
 166              	.LFE2:
 167              		.size	UART_1_rx_Read, .-UART_1_rx_Read
 168              		.section	.text.UART_1_rx_ReadDataReg,"ax",%progbits
 169              		.align	2
 170              		.global	UART_1_rx_ReadDataReg
 171              		.code	16
 172              		.thumb_func
 173              		.type	UART_1_rx_ReadDataReg, %function
 174              	UART_1_rx_ReadDataReg:
 175              	.LFB3:
 140:Generated_Source\PSoC4/UART_1_rx.c **** 
 141:Generated_Source\PSoC4/UART_1_rx.c **** 
 142:Generated_Source\PSoC4/UART_1_rx.c **** /*******************************************************************************
 143:Generated_Source\PSoC4/UART_1_rx.c **** * Function Name: UART_1_rx_ReadDataReg
 144:Generated_Source\PSoC4/UART_1_rx.c **** ****************************************************************************//**
 145:Generated_Source\PSoC4/UART_1_rx.c **** *
 146:Generated_Source\PSoC4/UART_1_rx.c **** * \brief Reads the associated physical port's data output register and masks 
 147:Generated_Source\PSoC4/UART_1_rx.c **** *  the correct bits according to the width and bit position of the component 
 148:Generated_Source\PSoC4/UART_1_rx.c **** *  instance. 
 149:Generated_Source\PSoC4/UART_1_rx.c **** *
 150:Generated_Source\PSoC4/UART_1_rx.c **** * The data output register controls the signal applied to the physical pin in 
 151:Generated_Source\PSoC4/UART_1_rx.c **** * conjunction with the drive mode parameter. This is not the same as the 
 152:Generated_Source\PSoC4/UART_1_rx.c **** * preferred UART_1_rx_Read() API because the 
 153:Generated_Source\PSoC4/UART_1_rx.c **** * UART_1_rx_ReadDataReg() reads the data register instead of the status 
 154:Generated_Source\PSoC4/UART_1_rx.c **** * register. For output pins this is a useful function to determine the value 
 155:Generated_Source\PSoC4/UART_1_rx.c **** * just written to the pin.
 156:Generated_Source\PSoC4/UART_1_rx.c **** *
 157:Generated_Source\PSoC4/UART_1_rx.c **** * \return 
 158:Generated_Source\PSoC4/UART_1_rx.c **** *  The current value of the data register masked and shifted into a right 
 159:Generated_Source\PSoC4/UART_1_rx.c **** *  justified number for the component instance.
 160:Generated_Source\PSoC4/UART_1_rx.c **** *
 161:Generated_Source\PSoC4/UART_1_rx.c **** * \funcusage
 162:Generated_Source\PSoC4/UART_1_rx.c **** *  \snippet UART_1_rx_SUT.c usage_UART_1_rx_ReadDataReg 
 163:Generated_Source\PSoC4/UART_1_rx.c **** *******************************************************************************/
 164:Generated_Source\PSoC4/UART_1_rx.c **** uint8 UART_1_rx_ReadDataReg(void)
 165:Generated_Source\PSoC4/UART_1_rx.c **** {
 176              		.loc 1 165 0
 177              		.cfi_startproc
ARM GAS  C:\Users\Ala\AppData\Local\Temp\ccATLmL1.s 			page 7


 178              		@ args = 0, pretend = 0, frame = 0
 179              		@ frame_needed = 1, uses_anonymous_args = 0
 180 0000 80B5     		push	{r7, lr}
 181              		.cfi_def_cfa_offset 8
 182              		.cfi_offset 7, -8
 183              		.cfi_offset 14, -4
 184 0002 00AF     		add	r7, sp, #0
 185              		.cfi_def_cfa_register 7
 166:Generated_Source\PSoC4/UART_1_rx.c ****     return (uint8)((UART_1_rx_DR & UART_1_rx_MASK) >> UART_1_rx_SHIFT);
 186              		.loc 1 166 0
 187 0004 044B     		ldr	r3, .L13
 188 0006 1B68     		ldr	r3, [r3]
 189 0008 DBB2     		uxtb	r3, r3
 190 000a 0122     		movs	r2, #1
 191 000c 1340     		ands	r3, r2
 192 000e DBB2     		uxtb	r3, r3
 167:Generated_Source\PSoC4/UART_1_rx.c **** }
 193              		.loc 1 167 0
 194 0010 1800     		movs	r0, r3
 195 0012 BD46     		mov	sp, r7
 196              		@ sp needed
 197 0014 80BD     		pop	{r7, pc}
 198              	.L14:
 199 0016 C046     		.align	2
 200              	.L13:
 201 0018 00040440 		.word	1074004992
 202              		.cfi_endproc
 203              	.LFE3:
 204              		.size	UART_1_rx_ReadDataReg, .-UART_1_rx_ReadDataReg
 205              		.section	.text.UART_1_rx_SetInterruptMode,"ax",%progbits
 206              		.align	2
 207              		.global	UART_1_rx_SetInterruptMode
 208              		.code	16
 209              		.thumb_func
 210              		.type	UART_1_rx_SetInterruptMode, %function
 211              	UART_1_rx_SetInterruptMode:
 212              	.LFB4:
 168:Generated_Source\PSoC4/UART_1_rx.c **** 
 169:Generated_Source\PSoC4/UART_1_rx.c **** 
 170:Generated_Source\PSoC4/UART_1_rx.c **** /*******************************************************************************
 171:Generated_Source\PSoC4/UART_1_rx.c **** * Function Name: UART_1_rx_SetInterruptMode
 172:Generated_Source\PSoC4/UART_1_rx.c **** ****************************************************************************//**
 173:Generated_Source\PSoC4/UART_1_rx.c **** *
 174:Generated_Source\PSoC4/UART_1_rx.c **** * \brief Configures the interrupt mode for each of the Pins component's
 175:Generated_Source\PSoC4/UART_1_rx.c **** *  pins. Alternatively you may set the interrupt mode for all the pins
 176:Generated_Source\PSoC4/UART_1_rx.c **** *  specified in the Pins component.
 177:Generated_Source\PSoC4/UART_1_rx.c **** *
 178:Generated_Source\PSoC4/UART_1_rx.c **** *  <b>Note</b> The interrupt is port-wide and therefore any enabled pin
 179:Generated_Source\PSoC4/UART_1_rx.c **** *  interrupt may trigger it.
 180:Generated_Source\PSoC4/UART_1_rx.c **** *
 181:Generated_Source\PSoC4/UART_1_rx.c **** * \param position
 182:Generated_Source\PSoC4/UART_1_rx.c **** *  The pin position as listed in the Pins component. You may OR these to be 
 183:Generated_Source\PSoC4/UART_1_rx.c **** *  able to configure the interrupt mode of multiple pins within a Pins 
 184:Generated_Source\PSoC4/UART_1_rx.c **** *  component. Or you may use UART_1_rx_INTR_ALL to configure the
 185:Generated_Source\PSoC4/UART_1_rx.c **** *  interrupt mode of all the pins in the Pins component.       
 186:Generated_Source\PSoC4/UART_1_rx.c **** *  - UART_1_rx_0_INTR       (First pin in the list)
 187:Generated_Source\PSoC4/UART_1_rx.c **** *  - UART_1_rx_1_INTR       (Second pin in the list)
ARM GAS  C:\Users\Ala\AppData\Local\Temp\ccATLmL1.s 			page 8


 188:Generated_Source\PSoC4/UART_1_rx.c **** *  - ...
 189:Generated_Source\PSoC4/UART_1_rx.c **** *  - UART_1_rx_INTR_ALL     (All pins in Pins component)
 190:Generated_Source\PSoC4/UART_1_rx.c **** *
 191:Generated_Source\PSoC4/UART_1_rx.c **** * \param mode
 192:Generated_Source\PSoC4/UART_1_rx.c **** *  Interrupt mode for the selected pins. Valid options are documented in
 193:Generated_Source\PSoC4/UART_1_rx.c **** *  \ref intrMode.
 194:Generated_Source\PSoC4/UART_1_rx.c **** *
 195:Generated_Source\PSoC4/UART_1_rx.c **** * \return 
 196:Generated_Source\PSoC4/UART_1_rx.c **** *  None
 197:Generated_Source\PSoC4/UART_1_rx.c **** *  
 198:Generated_Source\PSoC4/UART_1_rx.c **** * \sideeffect
 199:Generated_Source\PSoC4/UART_1_rx.c **** *  It is recommended that the interrupt be disabled before calling this 
 200:Generated_Source\PSoC4/UART_1_rx.c **** *  function to avoid unintended interrupt requests. Note that the interrupt
 201:Generated_Source\PSoC4/UART_1_rx.c **** *  type is port wide, and therefore will trigger for any enabled pin on the 
 202:Generated_Source\PSoC4/UART_1_rx.c **** *  port.
 203:Generated_Source\PSoC4/UART_1_rx.c **** *
 204:Generated_Source\PSoC4/UART_1_rx.c **** * \funcusage
 205:Generated_Source\PSoC4/UART_1_rx.c **** *  \snippet UART_1_rx_SUT.c usage_UART_1_rx_SetInterruptMode
 206:Generated_Source\PSoC4/UART_1_rx.c **** *******************************************************************************/
 207:Generated_Source\PSoC4/UART_1_rx.c **** void UART_1_rx_SetInterruptMode(uint16 position, uint16 mode)
 208:Generated_Source\PSoC4/UART_1_rx.c **** {
 213              		.loc 1 208 0
 214              		.cfi_startproc
 215              		@ args = 0, pretend = 0, frame = 16
 216              		@ frame_needed = 1, uses_anonymous_args = 0
 217 0000 80B5     		push	{r7, lr}
 218              		.cfi_def_cfa_offset 8
 219              		.cfi_offset 7, -8
 220              		.cfi_offset 14, -4
 221 0002 84B0     		sub	sp, sp, #16
 222              		.cfi_def_cfa_offset 24
 223 0004 00AF     		add	r7, sp, #0
 224              		.cfi_def_cfa_register 7
 225 0006 0200     		movs	r2, r0
 226 0008 BB1D     		adds	r3, r7, #6
 227 000a 1A80     		strh	r2, [r3]
 228 000c 3B1D     		adds	r3, r7, #4
 229 000e 0A1C     		adds	r2, r1, #0
 230 0010 1A80     		strh	r2, [r3]
 209:Generated_Source\PSoC4/UART_1_rx.c ****     uint32 intrCfg;
 210:Generated_Source\PSoC4/UART_1_rx.c ****     
 211:Generated_Source\PSoC4/UART_1_rx.c ****     intrCfg =  UART_1_rx_INTCFG & (uint32)(~(uint32)position);
 231              		.loc 1 211 0
 232 0012 0B4B     		ldr	r3, .L16
 233 0014 1B68     		ldr	r3, [r3]
 234 0016 BA1D     		adds	r2, r7, #6
 235 0018 1288     		ldrh	r2, [r2]
 236 001a D243     		mvns	r2, r2
 237 001c 1340     		ands	r3, r2
 238 001e FB60     		str	r3, [r7, #12]
 212:Generated_Source\PSoC4/UART_1_rx.c ****     UART_1_rx_INTCFG = intrCfg | ((uint32)position & (uint32)mode);
 239              		.loc 1 212 0
 240 0020 074B     		ldr	r3, .L16
 241 0022 BA1D     		adds	r2, r7, #6
 242 0024 391D     		adds	r1, r7, #4
 243 0026 1288     		ldrh	r2, [r2]
 244 0028 0988     		ldrh	r1, [r1]
ARM GAS  C:\Users\Ala\AppData\Local\Temp\ccATLmL1.s 			page 9


 245 002a 0A40     		ands	r2, r1
 246 002c 92B2     		uxth	r2, r2
 247 002e 1100     		movs	r1, r2
 248 0030 FA68     		ldr	r2, [r7, #12]
 249 0032 0A43     		orrs	r2, r1
 250 0034 1A60     		str	r2, [r3]
 213:Generated_Source\PSoC4/UART_1_rx.c **** }
 251              		.loc 1 213 0
 252 0036 C046     		nop
 253 0038 BD46     		mov	sp, r7
 254 003a 04B0     		add	sp, sp, #16
 255              		@ sp needed
 256 003c 80BD     		pop	{r7, pc}
 257              	.L17:
 258 003e C046     		.align	2
 259              	.L16:
 260 0040 0C040440 		.word	1074005004
 261              		.cfi_endproc
 262              	.LFE4:
 263              		.size	UART_1_rx_SetInterruptMode, .-UART_1_rx_SetInterruptMode
 264              		.section	.text.UART_1_rx_ClearInterrupt,"ax",%progbits
 265              		.align	2
 266              		.global	UART_1_rx_ClearInterrupt
 267              		.code	16
 268              		.thumb_func
 269              		.type	UART_1_rx_ClearInterrupt, %function
 270              	UART_1_rx_ClearInterrupt:
 271              	.LFB5:
 214:Generated_Source\PSoC4/UART_1_rx.c **** 
 215:Generated_Source\PSoC4/UART_1_rx.c **** 
 216:Generated_Source\PSoC4/UART_1_rx.c **** /*******************************************************************************
 217:Generated_Source\PSoC4/UART_1_rx.c **** * Function Name: UART_1_rx_ClearInterrupt
 218:Generated_Source\PSoC4/UART_1_rx.c **** ****************************************************************************//**
 219:Generated_Source\PSoC4/UART_1_rx.c **** *
 220:Generated_Source\PSoC4/UART_1_rx.c **** * \brief Clears any active interrupts attached with the component and returns 
 221:Generated_Source\PSoC4/UART_1_rx.c **** *  the value of the interrupt status register allowing determination of which
 222:Generated_Source\PSoC4/UART_1_rx.c **** *  pins generated an interrupt event.
 223:Generated_Source\PSoC4/UART_1_rx.c **** *
 224:Generated_Source\PSoC4/UART_1_rx.c **** * \return 
 225:Generated_Source\PSoC4/UART_1_rx.c **** *  The right-shifted current value of the interrupt status register. Each pin 
 226:Generated_Source\PSoC4/UART_1_rx.c **** *  has one bit set if it generated an interrupt event. For example, bit 0 is 
 227:Generated_Source\PSoC4/UART_1_rx.c **** *  for pin 0 and bit 1 is for pin 1 of the Pins component.
 228:Generated_Source\PSoC4/UART_1_rx.c **** *  
 229:Generated_Source\PSoC4/UART_1_rx.c **** * \sideeffect
 230:Generated_Source\PSoC4/UART_1_rx.c **** *  Clears all bits of the physical port's interrupt status register, not just
 231:Generated_Source\PSoC4/UART_1_rx.c **** *  those associated with the Pins component.
 232:Generated_Source\PSoC4/UART_1_rx.c **** *
 233:Generated_Source\PSoC4/UART_1_rx.c **** * \funcusage
 234:Generated_Source\PSoC4/UART_1_rx.c **** *  \snippet UART_1_rx_SUT.c usage_UART_1_rx_ClearInterrupt
 235:Generated_Source\PSoC4/UART_1_rx.c **** *******************************************************************************/
 236:Generated_Source\PSoC4/UART_1_rx.c **** uint8 UART_1_rx_ClearInterrupt(void)
 237:Generated_Source\PSoC4/UART_1_rx.c **** {
 272              		.loc 1 237 0
 273              		.cfi_startproc
 274              		@ args = 0, pretend = 0, frame = 8
 275              		@ frame_needed = 1, uses_anonymous_args = 0
 276 0000 80B5     		push	{r7, lr}
ARM GAS  C:\Users\Ala\AppData\Local\Temp\ccATLmL1.s 			page 10


 277              		.cfi_def_cfa_offset 8
 278              		.cfi_offset 7, -8
 279              		.cfi_offset 14, -4
 280 0002 82B0     		sub	sp, sp, #8
 281              		.cfi_def_cfa_offset 16
 282 0004 00AF     		add	r7, sp, #0
 283              		.cfi_def_cfa_register 7
 238:Generated_Source\PSoC4/UART_1_rx.c **** 	uint8 maskedStatus = (uint8)(UART_1_rx_INTSTAT & UART_1_rx_MASK);
 284              		.loc 1 238 0
 285 0006 084B     		ldr	r3, .L20
 286 0008 1B68     		ldr	r3, [r3]
 287 000a DAB2     		uxtb	r2, r3
 288 000c FB1D     		adds	r3, r7, #7
 289 000e 0121     		movs	r1, #1
 290 0010 0A40     		ands	r2, r1
 291 0012 1A70     		strb	r2, [r3]
 239:Generated_Source\PSoC4/UART_1_rx.c **** 	UART_1_rx_INTSTAT = maskedStatus;
 292              		.loc 1 239 0
 293 0014 044B     		ldr	r3, .L20
 294 0016 FA1D     		adds	r2, r7, #7
 295 0018 1278     		ldrb	r2, [r2]
 296 001a 1A60     		str	r2, [r3]
 240:Generated_Source\PSoC4/UART_1_rx.c ****     return maskedStatus >> UART_1_rx_SHIFT;
 297              		.loc 1 240 0
 298 001c FB1D     		adds	r3, r7, #7
 299 001e 1B78     		ldrb	r3, [r3]
 241:Generated_Source\PSoC4/UART_1_rx.c **** }
 300              		.loc 1 241 0
 301 0020 1800     		movs	r0, r3
 302 0022 BD46     		mov	sp, r7
 303 0024 02B0     		add	sp, sp, #8
 304              		@ sp needed
 305 0026 80BD     		pop	{r7, pc}
 306              	.L21:
 307              		.align	2
 308              	.L20:
 309 0028 10040440 		.word	1074005008
 310              		.cfi_endproc
 311              	.LFE5:
 312              		.size	UART_1_rx_ClearInterrupt, .-UART_1_rx_ClearInterrupt
 313              		.text
 314              	.Letext0:
 315              		.file 2 "Generated_Source\\PSoC4\\cytypes.h"
 316              		.section	.debug_info,"",%progbits
 317              	.Ldebug_info0:
 318 0000 93010000 		.4byte	0x193
 319 0004 0400     		.2byte	0x4
 320 0006 00000000 		.4byte	.Ldebug_abbrev0
 321 000a 04       		.byte	0x4
 322 000b 01       		.uleb128 0x1
 323 000c E0000000 		.4byte	.LASF28
 324 0010 0C       		.byte	0xc
 325 0011 48000000 		.4byte	.LASF29
 326 0015 A0000000 		.4byte	.LASF30
 327 0019 00000000 		.4byte	.Ldebug_ranges0+0
 328 001d 00000000 		.4byte	0
 329 0021 00000000 		.4byte	.Ldebug_line0
ARM GAS  C:\Users\Ala\AppData\Local\Temp\ccATLmL1.s 			page 11


 330 0025 02       		.uleb128 0x2
 331 0026 01       		.byte	0x1
 332 0027 06       		.byte	0x6
 333 0028 18020000 		.4byte	.LASF0
 334 002c 02       		.uleb128 0x2
 335 002d 01       		.byte	0x1
 336 002e 08       		.byte	0x8
 337 002f 8C000000 		.4byte	.LASF1
 338 0033 02       		.uleb128 0x2
 339 0034 02       		.byte	0x2
 340 0035 05       		.byte	0x5
 341 0036 FF010000 		.4byte	.LASF2
 342 003a 02       		.uleb128 0x2
 343 003b 02       		.byte	0x2
 344 003c 07       		.byte	0x7
 345 003d CD000000 		.4byte	.LASF3
 346 0041 02       		.uleb128 0x2
 347 0042 04       		.byte	0x4
 348 0043 05       		.byte	0x5
 349 0044 0F020000 		.4byte	.LASF4
 350 0048 02       		.uleb128 0x2
 351 0049 04       		.byte	0x4
 352 004a 07       		.byte	0x7
 353 004b 6E010000 		.4byte	.LASF5
 354 004f 02       		.uleb128 0x2
 355 0050 08       		.byte	0x8
 356 0051 05       		.byte	0x5
 357 0052 DF010000 		.4byte	.LASF6
 358 0056 02       		.uleb128 0x2
 359 0057 08       		.byte	0x8
 360 0058 07       		.byte	0x7
 361 0059 C3010000 		.4byte	.LASF7
 362 005d 03       		.uleb128 0x3
 363 005e 04       		.byte	0x4
 364 005f 05       		.byte	0x5
 365 0060 696E7400 		.ascii	"int\000"
 366 0064 02       		.uleb128 0x2
 367 0065 04       		.byte	0x4
 368 0066 07       		.byte	0x7
 369 0067 B6010000 		.4byte	.LASF8
 370 006b 04       		.uleb128 0x4
 371 006c 09020000 		.4byte	.LASF9
 372 0070 02       		.byte	0x2
 373 0071 A1       		.byte	0xa1
 374 0072 2C000000 		.4byte	0x2c
 375 0076 04       		.uleb128 0x4
 376 0077 97010000 		.4byte	.LASF10
 377 007b 02       		.byte	0x2
 378 007c A2       		.byte	0xa2
 379 007d 3A000000 		.4byte	0x3a
 380 0081 04       		.uleb128 0x4
 381 0082 A7010000 		.4byte	.LASF11
 382 0086 02       		.byte	0x2
 383 0087 A3       		.byte	0xa3
 384 0088 48000000 		.4byte	0x48
 385 008c 02       		.uleb128 0x2
 386 008d 04       		.byte	0x4
ARM GAS  C:\Users\Ala\AppData\Local\Temp\ccATLmL1.s 			page 12


 387 008e 04       		.byte	0x4
 388 008f 6B000000 		.4byte	.LASF12
 389 0093 02       		.uleb128 0x2
 390 0094 08       		.byte	0x8
 391 0095 04       		.byte	0x4
 392 0096 32000000 		.4byte	.LASF13
 393 009a 02       		.uleb128 0x2
 394 009b 01       		.byte	0x1
 395 009c 08       		.byte	0x8
 396 009d FA010000 		.4byte	.LASF14
 397 00a1 05       		.uleb128 0x5
 398 00a2 00000000 		.4byte	.LASF15
 399 00a6 02       		.byte	0x2
 400 00a7 4D01     		.2byte	0x14d
 401 00a9 AD000000 		.4byte	0xad
 402 00ad 06       		.uleb128 0x6
 403 00ae 81000000 		.4byte	0x81
 404 00b2 07       		.uleb128 0x7
 405 00b3 80010000 		.4byte	.LASF16
 406 00b7 01       		.byte	0x1
 407 00b8 48       		.byte	0x48
 408 00b9 00000000 		.4byte	.LFB0
 409 00bd 2C000000 		.4byte	.LFE0-.LFB0
 410 00c1 01       		.uleb128 0x1
 411 00c2 9C       		.byte	0x9c
 412 00c3 D6000000 		.4byte	0xd6
 413 00c7 08       		.uleb128 0x8
 414 00c8 DA010000 		.4byte	.LASF18
 415 00cc 01       		.byte	0x1
 416 00cd 48       		.byte	0x48
 417 00ce 6B000000 		.4byte	0x6b
 418 00d2 02       		.uleb128 0x2
 419 00d3 91       		.byte	0x91
 420 00d4 77       		.sleb128 -9
 421 00d5 00       		.byte	0
 422 00d6 07       		.uleb128 0x7
 423 00d7 22000000 		.4byte	.LASF17
 424 00db 01       		.byte	0x1
 425 00dc 6F       		.byte	0x6f
 426 00dd 00000000 		.4byte	.LFB1
 427 00e1 4C000000 		.4byte	.LFE1-.LFB1
 428 00e5 01       		.uleb128 0x1
 429 00e6 9C       		.byte	0x9c
 430 00e7 08010000 		.4byte	0x108
 431 00eb 08       		.uleb128 0x8
 432 00ec 1C000000 		.4byte	.LASF19
 433 00f0 01       		.byte	0x1
 434 00f1 6F       		.byte	0x6f
 435 00f2 6B000000 		.4byte	0x6b
 436 00f6 02       		.uleb128 0x2
 437 00f7 91       		.byte	0x91
 438 00f8 6F       		.sleb128 -17
 439 00f9 09       		.uleb128 0x9
 440 00fa 9A000000 		.4byte	.LASF24
 441 00fe 01       		.byte	0x1
 442 00ff 71       		.byte	0x71
 443 0100 6B000000 		.4byte	0x6b
ARM GAS  C:\Users\Ala\AppData\Local\Temp\ccATLmL1.s 			page 13


 444 0104 02       		.uleb128 0x2
 445 0105 91       		.byte	0x91
 446 0106 77       		.sleb128 -9
 447 0107 00       		.byte	0
 448 0108 0A       		.uleb128 0xa
 449 0109 39000000 		.4byte	.LASF20
 450 010d 01       		.byte	0x1
 451 010e 88       		.byte	0x88
 452 010f 6B000000 		.4byte	0x6b
 453 0113 00000000 		.4byte	.LFB2
 454 0117 1C000000 		.4byte	.LFE2-.LFB2
 455 011b 01       		.uleb128 0x1
 456 011c 9C       		.byte	0x9c
 457 011d 0A       		.uleb128 0xa
 458 011e 06000000 		.4byte	.LASF21
 459 0122 01       		.byte	0x1
 460 0123 A4       		.byte	0xa4
 461 0124 6B000000 		.4byte	0x6b
 462 0128 00000000 		.4byte	.LFB3
 463 012c 1C000000 		.4byte	.LFE3-.LFB3
 464 0130 01       		.uleb128 0x1
 465 0131 9C       		.byte	0x9c
 466 0132 07       		.uleb128 0x7
 467 0133 71000000 		.4byte	.LASF22
 468 0137 01       		.byte	0x1
 469 0138 CF       		.byte	0xcf
 470 0139 00000000 		.4byte	.LFB4
 471 013d 44000000 		.4byte	.LFE4-.LFB4
 472 0141 01       		.uleb128 0x1
 473 0142 9C       		.byte	0x9c
 474 0143 72010000 		.4byte	0x172
 475 0147 08       		.uleb128 0x8
 476 0148 9E010000 		.4byte	.LASF23
 477 014c 01       		.byte	0x1
 478 014d CF       		.byte	0xcf
 479 014e 76000000 		.4byte	0x76
 480 0152 02       		.uleb128 0x2
 481 0153 91       		.byte	0x91
 482 0154 6E       		.sleb128 -18
 483 0155 08       		.uleb128 0x8
 484 0156 DA010000 		.4byte	.LASF18
 485 015a 01       		.byte	0x1
 486 015b CF       		.byte	0xcf
 487 015c 76000000 		.4byte	0x76
 488 0160 02       		.uleb128 0x2
 489 0161 91       		.byte	0x91
 490 0162 6C       		.sleb128 -20
 491 0163 09       		.uleb128 0x9
 492 0164 AE010000 		.4byte	.LASF25
 493 0168 01       		.byte	0x1
 494 0169 D1       		.byte	0xd1
 495 016a 81000000 		.4byte	0x81
 496 016e 02       		.uleb128 0x2
 497 016f 91       		.byte	0x91
 498 0170 74       		.sleb128 -12
 499 0171 00       		.byte	0
 500 0172 0B       		.uleb128 0xb
ARM GAS  C:\Users\Ala\AppData\Local\Temp\ccATLmL1.s 			page 14


 501 0173 24020000 		.4byte	.LASF26
 502 0177 01       		.byte	0x1
 503 0178 EC       		.byte	0xec
 504 0179 6B000000 		.4byte	0x6b
 505 017d 00000000 		.4byte	.LFB5
 506 0181 2C000000 		.4byte	.LFE5-.LFB5
 507 0185 01       		.uleb128 0x1
 508 0186 9C       		.byte	0x9c
 509 0187 09       		.uleb128 0x9
 510 0188 ED010000 		.4byte	.LASF27
 511 018c 01       		.byte	0x1
 512 018d EE       		.byte	0xee
 513 018e 6B000000 		.4byte	0x6b
 514 0192 02       		.uleb128 0x2
 515 0193 91       		.byte	0x91
 516 0194 77       		.sleb128 -9
 517 0195 00       		.byte	0
 518 0196 00       		.byte	0
 519              		.section	.debug_abbrev,"",%progbits
 520              	.Ldebug_abbrev0:
 521 0000 01       		.uleb128 0x1
 522 0001 11       		.uleb128 0x11
 523 0002 01       		.byte	0x1
 524 0003 25       		.uleb128 0x25
 525 0004 0E       		.uleb128 0xe
 526 0005 13       		.uleb128 0x13
 527 0006 0B       		.uleb128 0xb
 528 0007 03       		.uleb128 0x3
 529 0008 0E       		.uleb128 0xe
 530 0009 1B       		.uleb128 0x1b
 531 000a 0E       		.uleb128 0xe
 532 000b 55       		.uleb128 0x55
 533 000c 17       		.uleb128 0x17
 534 000d 11       		.uleb128 0x11
 535 000e 01       		.uleb128 0x1
 536 000f 10       		.uleb128 0x10
 537 0010 17       		.uleb128 0x17
 538 0011 00       		.byte	0
 539 0012 00       		.byte	0
 540 0013 02       		.uleb128 0x2
 541 0014 24       		.uleb128 0x24
 542 0015 00       		.byte	0
 543 0016 0B       		.uleb128 0xb
 544 0017 0B       		.uleb128 0xb
 545 0018 3E       		.uleb128 0x3e
 546 0019 0B       		.uleb128 0xb
 547 001a 03       		.uleb128 0x3
 548 001b 0E       		.uleb128 0xe
 549 001c 00       		.byte	0
 550 001d 00       		.byte	0
 551 001e 03       		.uleb128 0x3
 552 001f 24       		.uleb128 0x24
 553 0020 00       		.byte	0
 554 0021 0B       		.uleb128 0xb
 555 0022 0B       		.uleb128 0xb
 556 0023 3E       		.uleb128 0x3e
 557 0024 0B       		.uleb128 0xb
ARM GAS  C:\Users\Ala\AppData\Local\Temp\ccATLmL1.s 			page 15


 558 0025 03       		.uleb128 0x3
 559 0026 08       		.uleb128 0x8
 560 0027 00       		.byte	0
 561 0028 00       		.byte	0
 562 0029 04       		.uleb128 0x4
 563 002a 16       		.uleb128 0x16
 564 002b 00       		.byte	0
 565 002c 03       		.uleb128 0x3
 566 002d 0E       		.uleb128 0xe
 567 002e 3A       		.uleb128 0x3a
 568 002f 0B       		.uleb128 0xb
 569 0030 3B       		.uleb128 0x3b
 570 0031 0B       		.uleb128 0xb
 571 0032 49       		.uleb128 0x49
 572 0033 13       		.uleb128 0x13
 573 0034 00       		.byte	0
 574 0035 00       		.byte	0
 575 0036 05       		.uleb128 0x5
 576 0037 16       		.uleb128 0x16
 577 0038 00       		.byte	0
 578 0039 03       		.uleb128 0x3
 579 003a 0E       		.uleb128 0xe
 580 003b 3A       		.uleb128 0x3a
 581 003c 0B       		.uleb128 0xb
 582 003d 3B       		.uleb128 0x3b
 583 003e 05       		.uleb128 0x5
 584 003f 49       		.uleb128 0x49
 585 0040 13       		.uleb128 0x13
 586 0041 00       		.byte	0
 587 0042 00       		.byte	0
 588 0043 06       		.uleb128 0x6
 589 0044 35       		.uleb128 0x35
 590 0045 00       		.byte	0
 591 0046 49       		.uleb128 0x49
 592 0047 13       		.uleb128 0x13
 593 0048 00       		.byte	0
 594 0049 00       		.byte	0
 595 004a 07       		.uleb128 0x7
 596 004b 2E       		.uleb128 0x2e
 597 004c 01       		.byte	0x1
 598 004d 3F       		.uleb128 0x3f
 599 004e 19       		.uleb128 0x19
 600 004f 03       		.uleb128 0x3
 601 0050 0E       		.uleb128 0xe
 602 0051 3A       		.uleb128 0x3a
 603 0052 0B       		.uleb128 0xb
 604 0053 3B       		.uleb128 0x3b
 605 0054 0B       		.uleb128 0xb
 606 0055 27       		.uleb128 0x27
 607 0056 19       		.uleb128 0x19
 608 0057 11       		.uleb128 0x11
 609 0058 01       		.uleb128 0x1
 610 0059 12       		.uleb128 0x12
 611 005a 06       		.uleb128 0x6
 612 005b 40       		.uleb128 0x40
 613 005c 18       		.uleb128 0x18
 614 005d 9742     		.uleb128 0x2117
ARM GAS  C:\Users\Ala\AppData\Local\Temp\ccATLmL1.s 			page 16


 615 005f 19       		.uleb128 0x19
 616 0060 01       		.uleb128 0x1
 617 0061 13       		.uleb128 0x13
 618 0062 00       		.byte	0
 619 0063 00       		.byte	0
 620 0064 08       		.uleb128 0x8
 621 0065 05       		.uleb128 0x5
 622 0066 00       		.byte	0
 623 0067 03       		.uleb128 0x3
 624 0068 0E       		.uleb128 0xe
 625 0069 3A       		.uleb128 0x3a
 626 006a 0B       		.uleb128 0xb
 627 006b 3B       		.uleb128 0x3b
 628 006c 0B       		.uleb128 0xb
 629 006d 49       		.uleb128 0x49
 630 006e 13       		.uleb128 0x13
 631 006f 02       		.uleb128 0x2
 632 0070 18       		.uleb128 0x18
 633 0071 00       		.byte	0
 634 0072 00       		.byte	0
 635 0073 09       		.uleb128 0x9
 636 0074 34       		.uleb128 0x34
 637 0075 00       		.byte	0
 638 0076 03       		.uleb128 0x3
 639 0077 0E       		.uleb128 0xe
 640 0078 3A       		.uleb128 0x3a
 641 0079 0B       		.uleb128 0xb
 642 007a 3B       		.uleb128 0x3b
 643 007b 0B       		.uleb128 0xb
 644 007c 49       		.uleb128 0x49
 645 007d 13       		.uleb128 0x13
 646 007e 02       		.uleb128 0x2
 647 007f 18       		.uleb128 0x18
 648 0080 00       		.byte	0
 649 0081 00       		.byte	0
 650 0082 0A       		.uleb128 0xa
 651 0083 2E       		.uleb128 0x2e
 652 0084 00       		.byte	0
 653 0085 3F       		.uleb128 0x3f
 654 0086 19       		.uleb128 0x19
 655 0087 03       		.uleb128 0x3
 656 0088 0E       		.uleb128 0xe
 657 0089 3A       		.uleb128 0x3a
 658 008a 0B       		.uleb128 0xb
 659 008b 3B       		.uleb128 0x3b
 660 008c 0B       		.uleb128 0xb
 661 008d 27       		.uleb128 0x27
 662 008e 19       		.uleb128 0x19
 663 008f 49       		.uleb128 0x49
 664 0090 13       		.uleb128 0x13
 665 0091 11       		.uleb128 0x11
 666 0092 01       		.uleb128 0x1
 667 0093 12       		.uleb128 0x12
 668 0094 06       		.uleb128 0x6
 669 0095 40       		.uleb128 0x40
 670 0096 18       		.uleb128 0x18
 671 0097 9742     		.uleb128 0x2117
ARM GAS  C:\Users\Ala\AppData\Local\Temp\ccATLmL1.s 			page 17


 672 0099 19       		.uleb128 0x19
 673 009a 00       		.byte	0
 674 009b 00       		.byte	0
 675 009c 0B       		.uleb128 0xb
 676 009d 2E       		.uleb128 0x2e
 677 009e 01       		.byte	0x1
 678 009f 3F       		.uleb128 0x3f
 679 00a0 19       		.uleb128 0x19
 680 00a1 03       		.uleb128 0x3
 681 00a2 0E       		.uleb128 0xe
 682 00a3 3A       		.uleb128 0x3a
 683 00a4 0B       		.uleb128 0xb
 684 00a5 3B       		.uleb128 0x3b
 685 00a6 0B       		.uleb128 0xb
 686 00a7 27       		.uleb128 0x27
 687 00a8 19       		.uleb128 0x19
 688 00a9 49       		.uleb128 0x49
 689 00aa 13       		.uleb128 0x13
 690 00ab 11       		.uleb128 0x11
 691 00ac 01       		.uleb128 0x1
 692 00ad 12       		.uleb128 0x12
 693 00ae 06       		.uleb128 0x6
 694 00af 40       		.uleb128 0x40
 695 00b0 18       		.uleb128 0x18
 696 00b1 9742     		.uleb128 0x2117
 697 00b3 19       		.uleb128 0x19
 698 00b4 00       		.byte	0
 699 00b5 00       		.byte	0
 700 00b6 00       		.byte	0
 701              		.section	.debug_aranges,"",%progbits
 702 0000 44000000 		.4byte	0x44
 703 0004 0200     		.2byte	0x2
 704 0006 00000000 		.4byte	.Ldebug_info0
 705 000a 04       		.byte	0x4
 706 000b 00       		.byte	0
 707 000c 0000     		.2byte	0
 708 000e 0000     		.2byte	0
 709 0010 00000000 		.4byte	.LFB0
 710 0014 2C000000 		.4byte	.LFE0-.LFB0
 711 0018 00000000 		.4byte	.LFB1
 712 001c 4C000000 		.4byte	.LFE1-.LFB1
 713 0020 00000000 		.4byte	.LFB2
 714 0024 1C000000 		.4byte	.LFE2-.LFB2
 715 0028 00000000 		.4byte	.LFB3
 716 002c 1C000000 		.4byte	.LFE3-.LFB3
 717 0030 00000000 		.4byte	.LFB4
 718 0034 44000000 		.4byte	.LFE4-.LFB4
 719 0038 00000000 		.4byte	.LFB5
 720 003c 2C000000 		.4byte	.LFE5-.LFB5
 721 0040 00000000 		.4byte	0
 722 0044 00000000 		.4byte	0
 723              		.section	.debug_ranges,"",%progbits
 724              	.Ldebug_ranges0:
 725 0000 00000000 		.4byte	.LFB0
 726 0004 2C000000 		.4byte	.LFE0
 727 0008 00000000 		.4byte	.LFB1
 728 000c 4C000000 		.4byte	.LFE1
ARM GAS  C:\Users\Ala\AppData\Local\Temp\ccATLmL1.s 			page 18


 729 0010 00000000 		.4byte	.LFB2
 730 0014 1C000000 		.4byte	.LFE2
 731 0018 00000000 		.4byte	.LFB3
 732 001c 1C000000 		.4byte	.LFE3
 733 0020 00000000 		.4byte	.LFB4
 734 0024 44000000 		.4byte	.LFE4
 735 0028 00000000 		.4byte	.LFB5
 736 002c 2C000000 		.4byte	.LFE5
 737 0030 00000000 		.4byte	0
 738 0034 00000000 		.4byte	0
 739              		.section	.debug_line,"",%progbits
 740              	.Ldebug_line0:
 741 0000 BD000000 		.section	.debug_str,"MS",%progbits,1
 741      02004600 
 741      00000201 
 741      FB0E0D00 
 741      01010101 
 742              	.LASF15:
 743 0000 72656733 		.ascii	"reg32\000"
 743      3200
 744              	.LASF21:
 745 0006 55415254 		.ascii	"UART_1_rx_ReadDataReg\000"
 745      5F315F72 
 745      785F5265 
 745      61644461 
 745      74615265 
 746              	.LASF19:
 747 001c 76616C75 		.ascii	"value\000"
 747      6500
 748              	.LASF17:
 749 0022 55415254 		.ascii	"UART_1_rx_Write\000"
 749      5F315F72 
 749      785F5772 
 749      69746500 
 750              	.LASF13:
 751 0032 646F7562 		.ascii	"double\000"
 751      6C6500
 752              	.LASF20:
 753 0039 55415254 		.ascii	"UART_1_rx_Read\000"
 753      5F315F72 
 753      785F5265 
 753      616400
 754              	.LASF29:
 755 0048 47656E65 		.ascii	"Generated_Source\\PSoC4\\UART_1_rx.c\000"
 755      72617465 
 755      645F536F 
 755      75726365 
 755      5C50536F 
 756              	.LASF12:
 757 006b 666C6F61 		.ascii	"float\000"
 757      7400
 758              	.LASF22:
 759 0071 55415254 		.ascii	"UART_1_rx_SetInterruptMode\000"
 759      5F315F72 
 759      785F5365 
 759      74496E74 
 759      65727275 
ARM GAS  C:\Users\Ala\AppData\Local\Temp\ccATLmL1.s 			page 19


 760              	.LASF1:
 761 008c 756E7369 		.ascii	"unsigned char\000"
 761      676E6564 
 761      20636861 
 761      7200
 762              	.LASF24:
 763 009a 64725661 		.ascii	"drVal\000"
 763      6C00
 764              	.LASF30:
 765 00a0 433A5C55 		.ascii	"C:\\Users\\Ala\\Desktop\\Cypress\\BeoM_main.cydsn\000"
 765      73657273 
 765      5C416C61 
 765      5C446573 
 765      6B746F70 
 766              	.LASF3:
 767 00cd 73686F72 		.ascii	"short unsigned int\000"
 767      7420756E 
 767      7369676E 
 767      65642069 
 767      6E7400
 768              	.LASF28:
 769 00e0 474E5520 		.ascii	"GNU C11 5.4.1 20160609 (release) [ARM/embedded-5-br"
 769      43313120 
 769      352E342E 
 769      31203230 
 769      31363036 
 770 0113 616E6368 		.ascii	"anch revision 237715] -mcpu=cortex-m0 -mthumb -g -O"
 770      20726576 
 770      6973696F 
 770      6E203233 
 770      37373135 
 771 0146 30202D66 		.ascii	"0 -ffunction-sections -ffat-lto-objects\000"
 771      66756E63 
 771      74696F6E 
 771      2D736563 
 771      74696F6E 
 772              	.LASF5:
 773 016e 6C6F6E67 		.ascii	"long unsigned int\000"
 773      20756E73 
 773      69676E65 
 773      6420696E 
 773      7400
 774              	.LASF16:
 775 0180 55415254 		.ascii	"UART_1_rx_SetDriveMode\000"
 775      5F315F72 
 775      785F5365 
 775      74447269 
 775      76654D6F 
 776              	.LASF10:
 777 0197 75696E74 		.ascii	"uint16\000"
 777      313600
 778              	.LASF23:
 779 019e 706F7369 		.ascii	"position\000"
 779      74696F6E 
 779      00
 780              	.LASF11:
 781 01a7 75696E74 		.ascii	"uint32\000"
ARM GAS  C:\Users\Ala\AppData\Local\Temp\ccATLmL1.s 			page 20


 781      333200
 782              	.LASF25:
 783 01ae 696E7472 		.ascii	"intrCfg\000"
 783      43666700 
 784              	.LASF8:
 785 01b6 756E7369 		.ascii	"unsigned int\000"
 785      676E6564 
 785      20696E74 
 785      00
 786              	.LASF7:
 787 01c3 6C6F6E67 		.ascii	"long long unsigned int\000"
 787      206C6F6E 
 787      6720756E 
 787      7369676E 
 787      65642069 
 788              	.LASF18:
 789 01da 6D6F6465 		.ascii	"mode\000"
 789      00
 790              	.LASF6:
 791 01df 6C6F6E67 		.ascii	"long long int\000"
 791      206C6F6E 
 791      6720696E 
 791      7400
 792              	.LASF27:
 793 01ed 6D61736B 		.ascii	"maskedStatus\000"
 793      65645374 
 793      61747573 
 793      00
 794              	.LASF14:
 795 01fa 63686172 		.ascii	"char\000"
 795      00
 796              	.LASF2:
 797 01ff 73686F72 		.ascii	"short int\000"
 797      7420696E 
 797      7400
 798              	.LASF9:
 799 0209 75696E74 		.ascii	"uint8\000"
 799      3800
 800              	.LASF4:
 801 020f 6C6F6E67 		.ascii	"long int\000"
 801      20696E74 
 801      00
 802              	.LASF0:
 803 0218 7369676E 		.ascii	"signed char\000"
 803      65642063 
 803      68617200 
 804              	.LASF26:
 805 0224 55415254 		.ascii	"UART_1_rx_ClearInterrupt\000"
 805      5F315F72 
 805      785F436C 
 805      65617249 
 805      6E746572 
 806              		.ident	"GCC: (GNU Tools for ARM Embedded Processors) 5.4.1 20160609 (release) [ARM/embedded-5-bran
