ARM GAS  C:\Users\Ala\AppData\Local\Temp\ccSwqRut.s 			page 1


   1              		.syntax unified
   2              		.cpu cortex-m0
   3              		.fpu softvfp
   4              		.eabi_attribute 20, 1
   5              		.eabi_attribute 21, 1
   6              		.eabi_attribute 23, 3
   7              		.eabi_attribute 24, 1
   8              		.eabi_attribute 25, 1
   9              		.eabi_attribute 26, 1
  10              		.eabi_attribute 30, 6
  11              		.eabi_attribute 34, 0
  12              		.eabi_attribute 18, 4
  13              		.thumb
  14              		.syntax unified
  15              		.file	"UART_1_tx.c"
  16              		.text
  17              	.Ltext0:
  18              		.cfi_sections	.debug_frame
  19              		.section	.text.UART_1_tx_SetDriveMode,"ax",%progbits
  20              		.align	2
  21              		.global	UART_1_tx_SetDriveMode
  22              		.code	16
  23              		.thumb_func
  24              		.type	UART_1_tx_SetDriveMode, %function
  25              	UART_1_tx_SetDriveMode:
  26              	.LFB0:
  27              		.file 1 "Generated_Source\\PSoC4\\UART_1_tx.c"
   1:Generated_Source\PSoC4/UART_1_tx.c **** /*******************************************************************************
   2:Generated_Source\PSoC4/UART_1_tx.c **** * File Name: UART_1_tx.c  
   3:Generated_Source\PSoC4/UART_1_tx.c **** * Version 2.20
   4:Generated_Source\PSoC4/UART_1_tx.c **** *
   5:Generated_Source\PSoC4/UART_1_tx.c **** * Description:
   6:Generated_Source\PSoC4/UART_1_tx.c **** *  This file contains API to enable firmware control of a Pins component.
   7:Generated_Source\PSoC4/UART_1_tx.c **** *
   8:Generated_Source\PSoC4/UART_1_tx.c **** ********************************************************************************
   9:Generated_Source\PSoC4/UART_1_tx.c **** * Copyright 2008-2015, Cypress Semiconductor Corporation.  All rights reserved.
  10:Generated_Source\PSoC4/UART_1_tx.c **** * You may use this file only in accordance with the license, terms, conditions, 
  11:Generated_Source\PSoC4/UART_1_tx.c **** * disclaimers, and limitations in the end user license agreement accompanying 
  12:Generated_Source\PSoC4/UART_1_tx.c **** * the software package with which this file was provided.
  13:Generated_Source\PSoC4/UART_1_tx.c **** *******************************************************************************/
  14:Generated_Source\PSoC4/UART_1_tx.c **** 
  15:Generated_Source\PSoC4/UART_1_tx.c **** #include "cytypes.h"
  16:Generated_Source\PSoC4/UART_1_tx.c **** #include "UART_1_tx.h"
  17:Generated_Source\PSoC4/UART_1_tx.c **** 
  18:Generated_Source\PSoC4/UART_1_tx.c **** 
  19:Generated_Source\PSoC4/UART_1_tx.c **** #if defined(UART_1_tx__PC)
  20:Generated_Source\PSoC4/UART_1_tx.c ****     #define UART_1_tx_SetP4PinDriveMode(shift, mode)  \
  21:Generated_Source\PSoC4/UART_1_tx.c ****     do { \
  22:Generated_Source\PSoC4/UART_1_tx.c ****         UART_1_tx_PC =   (UART_1_tx_PC & \
  23:Generated_Source\PSoC4/UART_1_tx.c ****                                 (uint32)(~(uint32)(UART_1_tx_DRIVE_MODE_IND_MASK << \
  24:Generated_Source\PSoC4/UART_1_tx.c ****                                 (UART_1_tx_DRIVE_MODE_BITS * (shift))))) | \
  25:Generated_Source\PSoC4/UART_1_tx.c ****                                 (uint32)((uint32)(mode) << \
  26:Generated_Source\PSoC4/UART_1_tx.c ****                                 (UART_1_tx_DRIVE_MODE_BITS * (shift))); \
  27:Generated_Source\PSoC4/UART_1_tx.c ****     } while (0)
  28:Generated_Source\PSoC4/UART_1_tx.c **** #else
  29:Generated_Source\PSoC4/UART_1_tx.c ****     #if (CY_PSOC4_4200L)
  30:Generated_Source\PSoC4/UART_1_tx.c ****         #define UART_1_tx_SetP4PinDriveMode(shift, mode)  \
ARM GAS  C:\Users\Ala\AppData\Local\Temp\ccSwqRut.s 			page 2


  31:Generated_Source\PSoC4/UART_1_tx.c ****         do { \
  32:Generated_Source\PSoC4/UART_1_tx.c ****             UART_1_tx_USBIO_CTRL_REG = (UART_1_tx_USBIO_CTRL_REG & \
  33:Generated_Source\PSoC4/UART_1_tx.c ****                                     (uint32)(~(uint32)(UART_1_tx_DRIVE_MODE_IND_MASK << \
  34:Generated_Source\PSoC4/UART_1_tx.c ****                                     (UART_1_tx_DRIVE_MODE_BITS * (shift))))) | \
  35:Generated_Source\PSoC4/UART_1_tx.c ****                                     (uint32)((uint32)(mode) << \
  36:Generated_Source\PSoC4/UART_1_tx.c ****                                     (UART_1_tx_DRIVE_MODE_BITS * (shift))); \
  37:Generated_Source\PSoC4/UART_1_tx.c ****         } while (0)
  38:Generated_Source\PSoC4/UART_1_tx.c ****     #endif
  39:Generated_Source\PSoC4/UART_1_tx.c **** #endif
  40:Generated_Source\PSoC4/UART_1_tx.c ****   
  41:Generated_Source\PSoC4/UART_1_tx.c **** 
  42:Generated_Source\PSoC4/UART_1_tx.c **** #if defined(UART_1_tx__PC) || (CY_PSOC4_4200L) 
  43:Generated_Source\PSoC4/UART_1_tx.c ****     /*******************************************************************************
  44:Generated_Source\PSoC4/UART_1_tx.c ****     * Function Name: UART_1_tx_SetDriveMode
  45:Generated_Source\PSoC4/UART_1_tx.c ****     ****************************************************************************//**
  46:Generated_Source\PSoC4/UART_1_tx.c ****     *
  47:Generated_Source\PSoC4/UART_1_tx.c ****     * \brief Sets the drive mode for each of the Pins component's pins.
  48:Generated_Source\PSoC4/UART_1_tx.c ****     * 
  49:Generated_Source\PSoC4/UART_1_tx.c ****     * <b>Note</b> This affects all pins in the Pins component instance. Use the
  50:Generated_Source\PSoC4/UART_1_tx.c ****     * Per-Pin APIs if you wish to control individual pin's drive modes.
  51:Generated_Source\PSoC4/UART_1_tx.c ****     *
  52:Generated_Source\PSoC4/UART_1_tx.c ****     * <b>Note</b> USBIOs have limited drive functionality. Refer to the Drive Mode
  53:Generated_Source\PSoC4/UART_1_tx.c ****     * parameter for more information.
  54:Generated_Source\PSoC4/UART_1_tx.c ****     *
  55:Generated_Source\PSoC4/UART_1_tx.c ****     * \param mode
  56:Generated_Source\PSoC4/UART_1_tx.c ****     *  Mode for the selected signals. Valid options are documented in 
  57:Generated_Source\PSoC4/UART_1_tx.c ****     *  \ref driveMode.
  58:Generated_Source\PSoC4/UART_1_tx.c ****     *
  59:Generated_Source\PSoC4/UART_1_tx.c ****     * \return
  60:Generated_Source\PSoC4/UART_1_tx.c ****     *  None
  61:Generated_Source\PSoC4/UART_1_tx.c ****     *
  62:Generated_Source\PSoC4/UART_1_tx.c ****     * \sideeffect
  63:Generated_Source\PSoC4/UART_1_tx.c ****     *  If you use read-modify-write operations that are not atomic, the ISR can
  64:Generated_Source\PSoC4/UART_1_tx.c ****     *  cause corruption of this function. An ISR that interrupts this function 
  65:Generated_Source\PSoC4/UART_1_tx.c ****     *  and performs writes to the Pins component Drive Mode registers can cause 
  66:Generated_Source\PSoC4/UART_1_tx.c ****     *  corrupted port data. To avoid this issue, you should either use the Per-Pin
  67:Generated_Source\PSoC4/UART_1_tx.c ****     *  APIs (primary method) or disable interrupts around this function.
  68:Generated_Source\PSoC4/UART_1_tx.c ****     *
  69:Generated_Source\PSoC4/UART_1_tx.c ****     * \funcusage
  70:Generated_Source\PSoC4/UART_1_tx.c ****     *  \snippet UART_1_tx_SUT.c usage_UART_1_tx_SetDriveMode
  71:Generated_Source\PSoC4/UART_1_tx.c ****     *******************************************************************************/
  72:Generated_Source\PSoC4/UART_1_tx.c ****     void UART_1_tx_SetDriveMode(uint8 mode)
  73:Generated_Source\PSoC4/UART_1_tx.c ****     {
  28              		.loc 1 73 0
  29              		.cfi_startproc
  30              		@ args = 0, pretend = 0, frame = 8
  31              		@ frame_needed = 1, uses_anonymous_args = 0
  32 0000 80B5     		push	{r7, lr}
  33              		.cfi_def_cfa_offset 8
  34              		.cfi_offset 7, -8
  35              		.cfi_offset 14, -4
  36 0002 82B0     		sub	sp, sp, #8
  37              		.cfi_def_cfa_offset 16
  38 0004 00AF     		add	r7, sp, #0
  39              		.cfi_def_cfa_register 7
  40 0006 0200     		movs	r2, r0
  41 0008 FB1D     		adds	r3, r7, #7
ARM GAS  C:\Users\Ala\AppData\Local\Temp\ccSwqRut.s 			page 3


  42 000a 1A70     		strb	r2, [r3]
  74:Generated_Source\PSoC4/UART_1_tx.c **** 		UART_1_tx_SetP4PinDriveMode(UART_1_tx__0__SHIFT, mode);
  43              		.loc 1 74 0
  44 000c 074B     		ldr	r3, .L2
  45 000e 074A     		ldr	r2, .L2
  46 0010 1268     		ldr	r2, [r2]
  47 0012 3821     		movs	r1, #56
  48 0014 8A43     		bics	r2, r1
  49 0016 1100     		movs	r1, r2
  50 0018 FA1D     		adds	r2, r7, #7
  51 001a 1278     		ldrb	r2, [r2]
  52 001c D200     		lsls	r2, r2, #3
  53 001e 0A43     		orrs	r2, r1
  54 0020 1A60     		str	r2, [r3]
  75:Generated_Source\PSoC4/UART_1_tx.c ****     }
  55              		.loc 1 75 0
  56 0022 C046     		nop
  57 0024 BD46     		mov	sp, r7
  58 0026 02B0     		add	sp, sp, #8
  59              		@ sp needed
  60 0028 80BD     		pop	{r7, pc}
  61              	.L3:
  62 002a C046     		.align	2
  63              	.L2:
  64 002c 08040440 		.word	1074005000
  65              		.cfi_endproc
  66              	.LFE0:
  67              		.size	UART_1_tx_SetDriveMode, .-UART_1_tx_SetDriveMode
  68              		.section	.text.UART_1_tx_Write,"ax",%progbits
  69              		.align	2
  70              		.global	UART_1_tx_Write
  71              		.code	16
  72              		.thumb_func
  73              		.type	UART_1_tx_Write, %function
  74              	UART_1_tx_Write:
  75              	.LFB1:
  76:Generated_Source\PSoC4/UART_1_tx.c **** #endif
  77:Generated_Source\PSoC4/UART_1_tx.c **** 
  78:Generated_Source\PSoC4/UART_1_tx.c **** 
  79:Generated_Source\PSoC4/UART_1_tx.c **** /*******************************************************************************
  80:Generated_Source\PSoC4/UART_1_tx.c **** * Function Name: UART_1_tx_Write
  81:Generated_Source\PSoC4/UART_1_tx.c **** ****************************************************************************//**
  82:Generated_Source\PSoC4/UART_1_tx.c **** *
  83:Generated_Source\PSoC4/UART_1_tx.c **** * \brief Writes the value to the physical port (data output register), masking
  84:Generated_Source\PSoC4/UART_1_tx.c **** *  and shifting the bits appropriately. 
  85:Generated_Source\PSoC4/UART_1_tx.c **** *
  86:Generated_Source\PSoC4/UART_1_tx.c **** * The data output register controls the signal applied to the physical pin in 
  87:Generated_Source\PSoC4/UART_1_tx.c **** * conjunction with the drive mode parameter. This function avoids changing 
  88:Generated_Source\PSoC4/UART_1_tx.c **** * other bits in the port by using the appropriate method (read-modify-write or
  89:Generated_Source\PSoC4/UART_1_tx.c **** * bit banding).
  90:Generated_Source\PSoC4/UART_1_tx.c **** *
  91:Generated_Source\PSoC4/UART_1_tx.c **** * <b>Note</b> This function should not be used on a hardware digital output pin 
  92:Generated_Source\PSoC4/UART_1_tx.c **** * as it is driven by the hardware signal attached to it.
  93:Generated_Source\PSoC4/UART_1_tx.c **** *
  94:Generated_Source\PSoC4/UART_1_tx.c **** * \param value
  95:Generated_Source\PSoC4/UART_1_tx.c **** *  Value to write to the component instance.
  96:Generated_Source\PSoC4/UART_1_tx.c **** *
ARM GAS  C:\Users\Ala\AppData\Local\Temp\ccSwqRut.s 			page 4


  97:Generated_Source\PSoC4/UART_1_tx.c **** * \return 
  98:Generated_Source\PSoC4/UART_1_tx.c **** *  None 
  99:Generated_Source\PSoC4/UART_1_tx.c **** *
 100:Generated_Source\PSoC4/UART_1_tx.c **** * \sideeffect
 101:Generated_Source\PSoC4/UART_1_tx.c **** *  If you use read-modify-write operations that are not atomic; the Interrupt 
 102:Generated_Source\PSoC4/UART_1_tx.c **** *  Service Routines (ISR) can cause corruption of this function. An ISR that 
 103:Generated_Source\PSoC4/UART_1_tx.c **** *  interrupts this function and performs writes to the Pins component data 
 104:Generated_Source\PSoC4/UART_1_tx.c **** *  register can cause corrupted port data. To avoid this issue, you should 
 105:Generated_Source\PSoC4/UART_1_tx.c **** *  either use the Per-Pin APIs (primary method) or disable interrupts around 
 106:Generated_Source\PSoC4/UART_1_tx.c **** *  this function.
 107:Generated_Source\PSoC4/UART_1_tx.c **** *
 108:Generated_Source\PSoC4/UART_1_tx.c **** * \funcusage
 109:Generated_Source\PSoC4/UART_1_tx.c **** *  \snippet UART_1_tx_SUT.c usage_UART_1_tx_Write
 110:Generated_Source\PSoC4/UART_1_tx.c **** *******************************************************************************/
 111:Generated_Source\PSoC4/UART_1_tx.c **** void UART_1_tx_Write(uint8 value)
 112:Generated_Source\PSoC4/UART_1_tx.c **** {
  76              		.loc 1 112 0
  77              		.cfi_startproc
  78              		@ args = 0, pretend = 0, frame = 16
  79              		@ frame_needed = 1, uses_anonymous_args = 0
  80 0000 80B5     		push	{r7, lr}
  81              		.cfi_def_cfa_offset 8
  82              		.cfi_offset 7, -8
  83              		.cfi_offset 14, -4
  84 0002 84B0     		sub	sp, sp, #16
  85              		.cfi_def_cfa_offset 24
  86 0004 00AF     		add	r7, sp, #0
  87              		.cfi_def_cfa_register 7
  88 0006 0200     		movs	r2, r0
  89 0008 FB1D     		adds	r3, r7, #7
  90 000a 1A70     		strb	r2, [r3]
 113:Generated_Source\PSoC4/UART_1_tx.c ****     uint8 drVal = (uint8)(UART_1_tx_DR & (uint8)(~UART_1_tx_MASK));
  91              		.loc 1 113 0
  92 000c 0F4B     		ldr	r3, .L5
  93 000e 1B68     		ldr	r3, [r3]
  94 0010 DAB2     		uxtb	r2, r3
  95 0012 0F23     		movs	r3, #15
  96 0014 FB18     		adds	r3, r7, r3
  97 0016 0221     		movs	r1, #2
  98 0018 8A43     		bics	r2, r1
  99 001a 1A70     		strb	r2, [r3]
 114:Generated_Source\PSoC4/UART_1_tx.c ****     drVal = (drVal | ((uint8)(value << UART_1_tx_SHIFT) & UART_1_tx_MASK));
 100              		.loc 1 114 0
 101 001c FB1D     		adds	r3, r7, #7
 102 001e 1B78     		ldrb	r3, [r3]
 103 0020 DB18     		adds	r3, r3, r3
 104 0022 DBB2     		uxtb	r3, r3
 105 0024 0222     		movs	r2, #2
 106 0026 1340     		ands	r3, r2
 107 0028 D9B2     		uxtb	r1, r3
 108 002a 0F23     		movs	r3, #15
 109 002c FB18     		adds	r3, r7, r3
 110 002e 0F22     		movs	r2, #15
 111 0030 BA18     		adds	r2, r7, r2
 112 0032 1278     		ldrb	r2, [r2]
 113 0034 0A43     		orrs	r2, r1
 114 0036 1A70     		strb	r2, [r3]
ARM GAS  C:\Users\Ala\AppData\Local\Temp\ccSwqRut.s 			page 5


 115:Generated_Source\PSoC4/UART_1_tx.c ****     UART_1_tx_DR = (uint32)drVal;
 115              		.loc 1 115 0
 116 0038 044B     		ldr	r3, .L5
 117 003a 0F22     		movs	r2, #15
 118 003c BA18     		adds	r2, r7, r2
 119 003e 1278     		ldrb	r2, [r2]
 120 0040 1A60     		str	r2, [r3]
 116:Generated_Source\PSoC4/UART_1_tx.c **** }
 121              		.loc 1 116 0
 122 0042 C046     		nop
 123 0044 BD46     		mov	sp, r7
 124 0046 04B0     		add	sp, sp, #16
 125              		@ sp needed
 126 0048 80BD     		pop	{r7, pc}
 127              	.L6:
 128 004a C046     		.align	2
 129              	.L5:
 130 004c 00040440 		.word	1074004992
 131              		.cfi_endproc
 132              	.LFE1:
 133              		.size	UART_1_tx_Write, .-UART_1_tx_Write
 134              		.section	.text.UART_1_tx_Read,"ax",%progbits
 135              		.align	2
 136              		.global	UART_1_tx_Read
 137              		.code	16
 138              		.thumb_func
 139              		.type	UART_1_tx_Read, %function
 140              	UART_1_tx_Read:
 141              	.LFB2:
 117:Generated_Source\PSoC4/UART_1_tx.c **** 
 118:Generated_Source\PSoC4/UART_1_tx.c **** 
 119:Generated_Source\PSoC4/UART_1_tx.c **** /*******************************************************************************
 120:Generated_Source\PSoC4/UART_1_tx.c **** * Function Name: UART_1_tx_Read
 121:Generated_Source\PSoC4/UART_1_tx.c **** ****************************************************************************//**
 122:Generated_Source\PSoC4/UART_1_tx.c **** *
 123:Generated_Source\PSoC4/UART_1_tx.c **** * \brief Reads the associated physical port (pin status register) and masks 
 124:Generated_Source\PSoC4/UART_1_tx.c **** *  the required bits according to the width and bit position of the component
 125:Generated_Source\PSoC4/UART_1_tx.c **** *  instance. 
 126:Generated_Source\PSoC4/UART_1_tx.c **** *
 127:Generated_Source\PSoC4/UART_1_tx.c **** * The pin's status register returns the current logic level present on the 
 128:Generated_Source\PSoC4/UART_1_tx.c **** * physical pin.
 129:Generated_Source\PSoC4/UART_1_tx.c **** *
 130:Generated_Source\PSoC4/UART_1_tx.c **** * \return 
 131:Generated_Source\PSoC4/UART_1_tx.c **** *  The current value for the pins in the component as a right justified number.
 132:Generated_Source\PSoC4/UART_1_tx.c **** *
 133:Generated_Source\PSoC4/UART_1_tx.c **** * \funcusage
 134:Generated_Source\PSoC4/UART_1_tx.c **** *  \snippet UART_1_tx_SUT.c usage_UART_1_tx_Read  
 135:Generated_Source\PSoC4/UART_1_tx.c **** *******************************************************************************/
 136:Generated_Source\PSoC4/UART_1_tx.c **** uint8 UART_1_tx_Read(void)
 137:Generated_Source\PSoC4/UART_1_tx.c **** {
 142              		.loc 1 137 0
 143              		.cfi_startproc
 144              		@ args = 0, pretend = 0, frame = 0
 145              		@ frame_needed = 1, uses_anonymous_args = 0
 146 0000 80B5     		push	{r7, lr}
 147              		.cfi_def_cfa_offset 8
 148              		.cfi_offset 7, -8
ARM GAS  C:\Users\Ala\AppData\Local\Temp\ccSwqRut.s 			page 6


 149              		.cfi_offset 14, -4
 150 0002 00AF     		add	r7, sp, #0
 151              		.cfi_def_cfa_register 7
 138:Generated_Source\PSoC4/UART_1_tx.c ****     return (uint8)((UART_1_tx_PS & UART_1_tx_MASK) >> UART_1_tx_SHIFT);
 152              		.loc 1 138 0
 153 0004 044B     		ldr	r3, .L9
 154 0006 1B68     		ldr	r3, [r3]
 155 0008 0222     		movs	r2, #2
 156 000a 1340     		ands	r3, r2
 157 000c 5B08     		lsrs	r3, r3, #1
 158 000e DBB2     		uxtb	r3, r3
 139:Generated_Source\PSoC4/UART_1_tx.c **** }
 159              		.loc 1 139 0
 160 0010 1800     		movs	r0, r3
 161 0012 BD46     		mov	sp, r7
 162              		@ sp needed
 163 0014 80BD     		pop	{r7, pc}
 164              	.L10:
 165 0016 C046     		.align	2
 166              	.L9:
 167 0018 04040440 		.word	1074004996
 168              		.cfi_endproc
 169              	.LFE2:
 170              		.size	UART_1_tx_Read, .-UART_1_tx_Read
 171              		.section	.text.UART_1_tx_ReadDataReg,"ax",%progbits
 172              		.align	2
 173              		.global	UART_1_tx_ReadDataReg
 174              		.code	16
 175              		.thumb_func
 176              		.type	UART_1_tx_ReadDataReg, %function
 177              	UART_1_tx_ReadDataReg:
 178              	.LFB3:
 140:Generated_Source\PSoC4/UART_1_tx.c **** 
 141:Generated_Source\PSoC4/UART_1_tx.c **** 
 142:Generated_Source\PSoC4/UART_1_tx.c **** /*******************************************************************************
 143:Generated_Source\PSoC4/UART_1_tx.c **** * Function Name: UART_1_tx_ReadDataReg
 144:Generated_Source\PSoC4/UART_1_tx.c **** ****************************************************************************//**
 145:Generated_Source\PSoC4/UART_1_tx.c **** *
 146:Generated_Source\PSoC4/UART_1_tx.c **** * \brief Reads the associated physical port's data output register and masks 
 147:Generated_Source\PSoC4/UART_1_tx.c **** *  the correct bits according to the width and bit position of the component 
 148:Generated_Source\PSoC4/UART_1_tx.c **** *  instance. 
 149:Generated_Source\PSoC4/UART_1_tx.c **** *
 150:Generated_Source\PSoC4/UART_1_tx.c **** * The data output register controls the signal applied to the physical pin in 
 151:Generated_Source\PSoC4/UART_1_tx.c **** * conjunction with the drive mode parameter. This is not the same as the 
 152:Generated_Source\PSoC4/UART_1_tx.c **** * preferred UART_1_tx_Read() API because the 
 153:Generated_Source\PSoC4/UART_1_tx.c **** * UART_1_tx_ReadDataReg() reads the data register instead of the status 
 154:Generated_Source\PSoC4/UART_1_tx.c **** * register. For output pins this is a useful function to determine the value 
 155:Generated_Source\PSoC4/UART_1_tx.c **** * just written to the pin.
 156:Generated_Source\PSoC4/UART_1_tx.c **** *
 157:Generated_Source\PSoC4/UART_1_tx.c **** * \return 
 158:Generated_Source\PSoC4/UART_1_tx.c **** *  The current value of the data register masked and shifted into a right 
 159:Generated_Source\PSoC4/UART_1_tx.c **** *  justified number for the component instance.
 160:Generated_Source\PSoC4/UART_1_tx.c **** *
 161:Generated_Source\PSoC4/UART_1_tx.c **** * \funcusage
 162:Generated_Source\PSoC4/UART_1_tx.c **** *  \snippet UART_1_tx_SUT.c usage_UART_1_tx_ReadDataReg 
 163:Generated_Source\PSoC4/UART_1_tx.c **** *******************************************************************************/
 164:Generated_Source\PSoC4/UART_1_tx.c **** uint8 UART_1_tx_ReadDataReg(void)
ARM GAS  C:\Users\Ala\AppData\Local\Temp\ccSwqRut.s 			page 7


 165:Generated_Source\PSoC4/UART_1_tx.c **** {
 179              		.loc 1 165 0
 180              		.cfi_startproc
 181              		@ args = 0, pretend = 0, frame = 0
 182              		@ frame_needed = 1, uses_anonymous_args = 0
 183 0000 80B5     		push	{r7, lr}
 184              		.cfi_def_cfa_offset 8
 185              		.cfi_offset 7, -8
 186              		.cfi_offset 14, -4
 187 0002 00AF     		add	r7, sp, #0
 188              		.cfi_def_cfa_register 7
 166:Generated_Source\PSoC4/UART_1_tx.c ****     return (uint8)((UART_1_tx_DR & UART_1_tx_MASK) >> UART_1_tx_SHIFT);
 189              		.loc 1 166 0
 190 0004 044B     		ldr	r3, .L13
 191 0006 1B68     		ldr	r3, [r3]
 192 0008 0222     		movs	r2, #2
 193 000a 1340     		ands	r3, r2
 194 000c 5B08     		lsrs	r3, r3, #1
 195 000e DBB2     		uxtb	r3, r3
 167:Generated_Source\PSoC4/UART_1_tx.c **** }
 196              		.loc 1 167 0
 197 0010 1800     		movs	r0, r3
 198 0012 BD46     		mov	sp, r7
 199              		@ sp needed
 200 0014 80BD     		pop	{r7, pc}
 201              	.L14:
 202 0016 C046     		.align	2
 203              	.L13:
 204 0018 00040440 		.word	1074004992
 205              		.cfi_endproc
 206              	.LFE3:
 207              		.size	UART_1_tx_ReadDataReg, .-UART_1_tx_ReadDataReg
 208              		.section	.text.UART_1_tx_SetInterruptMode,"ax",%progbits
 209              		.align	2
 210              		.global	UART_1_tx_SetInterruptMode
 211              		.code	16
 212              		.thumb_func
 213              		.type	UART_1_tx_SetInterruptMode, %function
 214              	UART_1_tx_SetInterruptMode:
 215              	.LFB4:
 168:Generated_Source\PSoC4/UART_1_tx.c **** 
 169:Generated_Source\PSoC4/UART_1_tx.c **** 
 170:Generated_Source\PSoC4/UART_1_tx.c **** /*******************************************************************************
 171:Generated_Source\PSoC4/UART_1_tx.c **** * Function Name: UART_1_tx_SetInterruptMode
 172:Generated_Source\PSoC4/UART_1_tx.c **** ****************************************************************************//**
 173:Generated_Source\PSoC4/UART_1_tx.c **** *
 174:Generated_Source\PSoC4/UART_1_tx.c **** * \brief Configures the interrupt mode for each of the Pins component's
 175:Generated_Source\PSoC4/UART_1_tx.c **** *  pins. Alternatively you may set the interrupt mode for all the pins
 176:Generated_Source\PSoC4/UART_1_tx.c **** *  specified in the Pins component.
 177:Generated_Source\PSoC4/UART_1_tx.c **** *
 178:Generated_Source\PSoC4/UART_1_tx.c **** *  <b>Note</b> The interrupt is port-wide and therefore any enabled pin
 179:Generated_Source\PSoC4/UART_1_tx.c **** *  interrupt may trigger it.
 180:Generated_Source\PSoC4/UART_1_tx.c **** *
 181:Generated_Source\PSoC4/UART_1_tx.c **** * \param position
 182:Generated_Source\PSoC4/UART_1_tx.c **** *  The pin position as listed in the Pins component. You may OR these to be 
 183:Generated_Source\PSoC4/UART_1_tx.c **** *  able to configure the interrupt mode of multiple pins within a Pins 
 184:Generated_Source\PSoC4/UART_1_tx.c **** *  component. Or you may use UART_1_tx_INTR_ALL to configure the
ARM GAS  C:\Users\Ala\AppData\Local\Temp\ccSwqRut.s 			page 8


 185:Generated_Source\PSoC4/UART_1_tx.c **** *  interrupt mode of all the pins in the Pins component.       
 186:Generated_Source\PSoC4/UART_1_tx.c **** *  - UART_1_tx_0_INTR       (First pin in the list)
 187:Generated_Source\PSoC4/UART_1_tx.c **** *  - UART_1_tx_1_INTR       (Second pin in the list)
 188:Generated_Source\PSoC4/UART_1_tx.c **** *  - ...
 189:Generated_Source\PSoC4/UART_1_tx.c **** *  - UART_1_tx_INTR_ALL     (All pins in Pins component)
 190:Generated_Source\PSoC4/UART_1_tx.c **** *
 191:Generated_Source\PSoC4/UART_1_tx.c **** * \param mode
 192:Generated_Source\PSoC4/UART_1_tx.c **** *  Interrupt mode for the selected pins. Valid options are documented in
 193:Generated_Source\PSoC4/UART_1_tx.c **** *  \ref intrMode.
 194:Generated_Source\PSoC4/UART_1_tx.c **** *
 195:Generated_Source\PSoC4/UART_1_tx.c **** * \return 
 196:Generated_Source\PSoC4/UART_1_tx.c **** *  None
 197:Generated_Source\PSoC4/UART_1_tx.c **** *  
 198:Generated_Source\PSoC4/UART_1_tx.c **** * \sideeffect
 199:Generated_Source\PSoC4/UART_1_tx.c **** *  It is recommended that the interrupt be disabled before calling this 
 200:Generated_Source\PSoC4/UART_1_tx.c **** *  function to avoid unintended interrupt requests. Note that the interrupt
 201:Generated_Source\PSoC4/UART_1_tx.c **** *  type is port wide, and therefore will trigger for any enabled pin on the 
 202:Generated_Source\PSoC4/UART_1_tx.c **** *  port.
 203:Generated_Source\PSoC4/UART_1_tx.c **** *
 204:Generated_Source\PSoC4/UART_1_tx.c **** * \funcusage
 205:Generated_Source\PSoC4/UART_1_tx.c **** *  \snippet UART_1_tx_SUT.c usage_UART_1_tx_SetInterruptMode
 206:Generated_Source\PSoC4/UART_1_tx.c **** *******************************************************************************/
 207:Generated_Source\PSoC4/UART_1_tx.c **** void UART_1_tx_SetInterruptMode(uint16 position, uint16 mode)
 208:Generated_Source\PSoC4/UART_1_tx.c **** {
 216              		.loc 1 208 0
 217              		.cfi_startproc
 218              		@ args = 0, pretend = 0, frame = 16
 219              		@ frame_needed = 1, uses_anonymous_args = 0
 220 0000 80B5     		push	{r7, lr}
 221              		.cfi_def_cfa_offset 8
 222              		.cfi_offset 7, -8
 223              		.cfi_offset 14, -4
 224 0002 84B0     		sub	sp, sp, #16
 225              		.cfi_def_cfa_offset 24
 226 0004 00AF     		add	r7, sp, #0
 227              		.cfi_def_cfa_register 7
 228 0006 0200     		movs	r2, r0
 229 0008 BB1D     		adds	r3, r7, #6
 230 000a 1A80     		strh	r2, [r3]
 231 000c 3B1D     		adds	r3, r7, #4
 232 000e 0A1C     		adds	r2, r1, #0
 233 0010 1A80     		strh	r2, [r3]
 209:Generated_Source\PSoC4/UART_1_tx.c ****     uint32 intrCfg;
 210:Generated_Source\PSoC4/UART_1_tx.c ****     
 211:Generated_Source\PSoC4/UART_1_tx.c ****     intrCfg =  UART_1_tx_INTCFG & (uint32)(~(uint32)position);
 234              		.loc 1 211 0
 235 0012 0B4B     		ldr	r3, .L16
 236 0014 1B68     		ldr	r3, [r3]
 237 0016 BA1D     		adds	r2, r7, #6
 238 0018 1288     		ldrh	r2, [r2]
 239 001a D243     		mvns	r2, r2
 240 001c 1340     		ands	r3, r2
 241 001e FB60     		str	r3, [r7, #12]
 212:Generated_Source\PSoC4/UART_1_tx.c ****     UART_1_tx_INTCFG = intrCfg | ((uint32)position & (uint32)mode);
 242              		.loc 1 212 0
 243 0020 074B     		ldr	r3, .L16
 244 0022 BA1D     		adds	r2, r7, #6
ARM GAS  C:\Users\Ala\AppData\Local\Temp\ccSwqRut.s 			page 9


 245 0024 391D     		adds	r1, r7, #4
 246 0026 1288     		ldrh	r2, [r2]
 247 0028 0988     		ldrh	r1, [r1]
 248 002a 0A40     		ands	r2, r1
 249 002c 92B2     		uxth	r2, r2
 250 002e 1100     		movs	r1, r2
 251 0030 FA68     		ldr	r2, [r7, #12]
 252 0032 0A43     		orrs	r2, r1
 253 0034 1A60     		str	r2, [r3]
 213:Generated_Source\PSoC4/UART_1_tx.c **** }
 254              		.loc 1 213 0
 255 0036 C046     		nop
 256 0038 BD46     		mov	sp, r7
 257 003a 04B0     		add	sp, sp, #16
 258              		@ sp needed
 259 003c 80BD     		pop	{r7, pc}
 260              	.L17:
 261 003e C046     		.align	2
 262              	.L16:
 263 0040 0C040440 		.word	1074005004
 264              		.cfi_endproc
 265              	.LFE4:
 266              		.size	UART_1_tx_SetInterruptMode, .-UART_1_tx_SetInterruptMode
 267              		.section	.text.UART_1_tx_ClearInterrupt,"ax",%progbits
 268              		.align	2
 269              		.global	UART_1_tx_ClearInterrupt
 270              		.code	16
 271              		.thumb_func
 272              		.type	UART_1_tx_ClearInterrupt, %function
 273              	UART_1_tx_ClearInterrupt:
 274              	.LFB5:
 214:Generated_Source\PSoC4/UART_1_tx.c **** 
 215:Generated_Source\PSoC4/UART_1_tx.c **** 
 216:Generated_Source\PSoC4/UART_1_tx.c **** /*******************************************************************************
 217:Generated_Source\PSoC4/UART_1_tx.c **** * Function Name: UART_1_tx_ClearInterrupt
 218:Generated_Source\PSoC4/UART_1_tx.c **** ****************************************************************************//**
 219:Generated_Source\PSoC4/UART_1_tx.c **** *
 220:Generated_Source\PSoC4/UART_1_tx.c **** * \brief Clears any active interrupts attached with the component and returns 
 221:Generated_Source\PSoC4/UART_1_tx.c **** *  the value of the interrupt status register allowing determination of which
 222:Generated_Source\PSoC4/UART_1_tx.c **** *  pins generated an interrupt event.
 223:Generated_Source\PSoC4/UART_1_tx.c **** *
 224:Generated_Source\PSoC4/UART_1_tx.c **** * \return 
 225:Generated_Source\PSoC4/UART_1_tx.c **** *  The right-shifted current value of the interrupt status register. Each pin 
 226:Generated_Source\PSoC4/UART_1_tx.c **** *  has one bit set if it generated an interrupt event. For example, bit 0 is 
 227:Generated_Source\PSoC4/UART_1_tx.c **** *  for pin 0 and bit 1 is for pin 1 of the Pins component.
 228:Generated_Source\PSoC4/UART_1_tx.c **** *  
 229:Generated_Source\PSoC4/UART_1_tx.c **** * \sideeffect
 230:Generated_Source\PSoC4/UART_1_tx.c **** *  Clears all bits of the physical port's interrupt status register, not just
 231:Generated_Source\PSoC4/UART_1_tx.c **** *  those associated with the Pins component.
 232:Generated_Source\PSoC4/UART_1_tx.c **** *
 233:Generated_Source\PSoC4/UART_1_tx.c **** * \funcusage
 234:Generated_Source\PSoC4/UART_1_tx.c **** *  \snippet UART_1_tx_SUT.c usage_UART_1_tx_ClearInterrupt
 235:Generated_Source\PSoC4/UART_1_tx.c **** *******************************************************************************/
 236:Generated_Source\PSoC4/UART_1_tx.c **** uint8 UART_1_tx_ClearInterrupt(void)
 237:Generated_Source\PSoC4/UART_1_tx.c **** {
 275              		.loc 1 237 0
 276              		.cfi_startproc
ARM GAS  C:\Users\Ala\AppData\Local\Temp\ccSwqRut.s 			page 10


 277              		@ args = 0, pretend = 0, frame = 8
 278              		@ frame_needed = 1, uses_anonymous_args = 0
 279 0000 80B5     		push	{r7, lr}
 280              		.cfi_def_cfa_offset 8
 281              		.cfi_offset 7, -8
 282              		.cfi_offset 14, -4
 283 0002 82B0     		sub	sp, sp, #8
 284              		.cfi_def_cfa_offset 16
 285 0004 00AF     		add	r7, sp, #0
 286              		.cfi_def_cfa_register 7
 238:Generated_Source\PSoC4/UART_1_tx.c **** 	uint8 maskedStatus = (uint8)(UART_1_tx_INTSTAT & UART_1_tx_MASK);
 287              		.loc 1 238 0
 288 0006 094B     		ldr	r3, .L20
 289 0008 1B68     		ldr	r3, [r3]
 290 000a DAB2     		uxtb	r2, r3
 291 000c FB1D     		adds	r3, r7, #7
 292 000e 0221     		movs	r1, #2
 293 0010 0A40     		ands	r2, r1
 294 0012 1A70     		strb	r2, [r3]
 239:Generated_Source\PSoC4/UART_1_tx.c **** 	UART_1_tx_INTSTAT = maskedStatus;
 295              		.loc 1 239 0
 296 0014 054B     		ldr	r3, .L20
 297 0016 FA1D     		adds	r2, r7, #7
 298 0018 1278     		ldrb	r2, [r2]
 299 001a 1A60     		str	r2, [r3]
 240:Generated_Source\PSoC4/UART_1_tx.c ****     return maskedStatus >> UART_1_tx_SHIFT;
 300              		.loc 1 240 0
 301 001c FB1D     		adds	r3, r7, #7
 302 001e 1B78     		ldrb	r3, [r3]
 303 0020 5B08     		lsrs	r3, r3, #1
 304 0022 DBB2     		uxtb	r3, r3
 241:Generated_Source\PSoC4/UART_1_tx.c **** }
 305              		.loc 1 241 0
 306 0024 1800     		movs	r0, r3
 307 0026 BD46     		mov	sp, r7
 308 0028 02B0     		add	sp, sp, #8
 309              		@ sp needed
 310 002a 80BD     		pop	{r7, pc}
 311              	.L21:
 312              		.align	2
 313              	.L20:
 314 002c 10040440 		.word	1074005008
 315              		.cfi_endproc
 316              	.LFE5:
 317              		.size	UART_1_tx_ClearInterrupt, .-UART_1_tx_ClearInterrupt
 318              		.text
 319              	.Letext0:
 320              		.file 2 "Generated_Source\\PSoC4\\cytypes.h"
 321              		.section	.debug_info,"",%progbits
 322              	.Ldebug_info0:
 323 0000 93010000 		.4byte	0x193
 324 0004 0400     		.2byte	0x4
 325 0006 00000000 		.4byte	.Ldebug_abbrev0
 326 000a 04       		.byte	0x4
 327 000b 01       		.uleb128 0x1
 328 000c 9E000000 		.4byte	.LASF28
 329 0010 0C       		.byte	0xc
ARM GAS  C:\Users\Ala\AppData\Local\Temp\ccSwqRut.s 			page 11


 330 0011 CD010000 		.4byte	.LASF29
 331 0015 5E000000 		.4byte	.LASF30
 332 0019 00000000 		.4byte	.Ldebug_ranges0+0
 333 001d 00000000 		.4byte	0
 334 0021 00000000 		.4byte	.Ldebug_line0
 335 0025 02       		.uleb128 0x2
 336 0026 01       		.byte	0x1
 337 0027 06       		.byte	0x6
 338 0028 31020000 		.4byte	.LASF0
 339 002c 02       		.uleb128 0x2
 340 002d 01       		.byte	0x1
 341 002e 08       		.byte	0x8
 342 002f 4A000000 		.4byte	.LASF1
 343 0033 02       		.uleb128 0x2
 344 0034 02       		.byte	0x2
 345 0035 05       		.byte	0x5
 346 0036 10020000 		.4byte	.LASF2
 347 003a 02       		.uleb128 0x2
 348 003b 02       		.byte	0x2
 349 003c 07       		.byte	0x7
 350 003d 8B000000 		.4byte	.LASF3
 351 0041 02       		.uleb128 0x2
 352 0042 04       		.byte	0x4
 353 0043 05       		.byte	0x5
 354 0044 28020000 		.4byte	.LASF4
 355 0048 02       		.uleb128 0x2
 356 0049 04       		.byte	0x4
 357 004a 07       		.byte	0x7
 358 004b 2C010000 		.4byte	.LASF5
 359 004f 02       		.uleb128 0x2
 360 0050 08       		.byte	0x8
 361 0051 05       		.byte	0x5
 362 0052 F0010000 		.4byte	.LASF6
 363 0056 02       		.uleb128 0x2
 364 0057 08       		.byte	0x8
 365 0058 07       		.byte	0x7
 366 0059 A1010000 		.4byte	.LASF7
 367 005d 03       		.uleb128 0x3
 368 005e 04       		.byte	0x4
 369 005f 05       		.byte	0x5
 370 0060 696E7400 		.ascii	"int\000"
 371 0064 02       		.uleb128 0x2
 372 0065 04       		.byte	0x4
 373 0066 07       		.byte	0x7
 374 0067 94010000 		.4byte	.LASF8
 375 006b 04       		.uleb128 0x4
 376 006c 22020000 		.4byte	.LASF9
 377 0070 02       		.byte	0x2
 378 0071 A1       		.byte	0xa1
 379 0072 2C000000 		.4byte	0x2c
 380 0076 04       		.uleb128 0x4
 381 0077 6E010000 		.4byte	.LASF10
 382 007b 02       		.byte	0x2
 383 007c A2       		.byte	0xa2
 384 007d 3A000000 		.4byte	0x3a
 385 0081 04       		.uleb128 0x4
 386 0082 7E010000 		.4byte	.LASF11
ARM GAS  C:\Users\Ala\AppData\Local\Temp\ccSwqRut.s 			page 12


 387 0086 02       		.byte	0x2
 388 0087 A3       		.byte	0xa3
 389 0088 48000000 		.4byte	0x48
 390 008c 02       		.uleb128 0x2
 391 008d 04       		.byte	0x4
 392 008e 04       		.byte	0x4
 393 008f 44000000 		.4byte	.LASF12
 394 0093 02       		.uleb128 0x2
 395 0094 08       		.byte	0x8
 396 0095 04       		.byte	0x4
 397 0096 27000000 		.4byte	.LASF13
 398 009a 02       		.uleb128 0x2
 399 009b 01       		.byte	0x1
 400 009c 08       		.byte	0x8
 401 009d 0B020000 		.4byte	.LASF14
 402 00a1 05       		.uleb128 0x5
 403 00a2 00000000 		.4byte	.LASF15
 404 00a6 02       		.byte	0x2
 405 00a7 4D01     		.2byte	0x14d
 406 00a9 AD000000 		.4byte	0xad
 407 00ad 06       		.uleb128 0x6
 408 00ae 81000000 		.4byte	0x81
 409 00b2 07       		.uleb128 0x7
 410 00b3 3E010000 		.4byte	.LASF16
 411 00b7 01       		.byte	0x1
 412 00b8 48       		.byte	0x48
 413 00b9 00000000 		.4byte	.LFB0
 414 00bd 30000000 		.4byte	.LFE0-.LFB0
 415 00c1 01       		.uleb128 0x1
 416 00c2 9C       		.byte	0x9c
 417 00c3 D6000000 		.4byte	0xd6
 418 00c7 08       		.uleb128 0x8
 419 00c8 B8010000 		.4byte	.LASF18
 420 00cc 01       		.byte	0x1
 421 00cd 48       		.byte	0x48
 422 00ce 6B000000 		.4byte	0x6b
 423 00d2 02       		.uleb128 0x2
 424 00d3 91       		.byte	0x91
 425 00d4 77       		.sleb128 -9
 426 00d5 00       		.byte	0
 427 00d6 07       		.uleb128 0x7
 428 00d7 BD010000 		.4byte	.LASF17
 429 00db 01       		.byte	0x1
 430 00dc 6F       		.byte	0x6f
 431 00dd 00000000 		.4byte	.LFB1
 432 00e1 50000000 		.4byte	.LFE1-.LFB1
 433 00e5 01       		.uleb128 0x1
 434 00e6 9C       		.byte	0x9c
 435 00e7 08010000 		.4byte	0x108
 436 00eb 08       		.uleb128 0x8
 437 00ec 06000000 		.4byte	.LASF19
 438 00f0 01       		.byte	0x1
 439 00f1 6F       		.byte	0x6f
 440 00f2 6B000000 		.4byte	0x6b
 441 00f6 02       		.uleb128 0x2
 442 00f7 91       		.byte	0x91
 443 00f8 6F       		.sleb128 -17
ARM GAS  C:\Users\Ala\AppData\Local\Temp\ccSwqRut.s 			page 13


 444 00f9 09       		.uleb128 0x9
 445 00fa 58000000 		.4byte	.LASF24
 446 00fe 01       		.byte	0x1
 447 00ff 71       		.byte	0x71
 448 0100 6B000000 		.4byte	0x6b
 449 0104 02       		.uleb128 0x2
 450 0105 91       		.byte	0x91
 451 0106 77       		.sleb128 -9
 452 0107 00       		.byte	0
 453 0108 0A       		.uleb128 0xa
 454 0109 85010000 		.4byte	.LASF20
 455 010d 01       		.byte	0x1
 456 010e 88       		.byte	0x88
 457 010f 6B000000 		.4byte	0x6b
 458 0113 00000000 		.4byte	.LFB2
 459 0117 1C000000 		.4byte	.LFE2-.LFB2
 460 011b 01       		.uleb128 0x1
 461 011c 9C       		.byte	0x9c
 462 011d 0A       		.uleb128 0xa
 463 011e 2E000000 		.4byte	.LASF21
 464 0122 01       		.byte	0x1
 465 0123 A4       		.byte	0xa4
 466 0124 6B000000 		.4byte	0x6b
 467 0128 00000000 		.4byte	.LFB3
 468 012c 1C000000 		.4byte	.LFE3-.LFB3
 469 0130 01       		.uleb128 0x1
 470 0131 9C       		.byte	0x9c
 471 0132 07       		.uleb128 0x7
 472 0133 0C000000 		.4byte	.LASF22
 473 0137 01       		.byte	0x1
 474 0138 CF       		.byte	0xcf
 475 0139 00000000 		.4byte	.LFB4
 476 013d 44000000 		.4byte	.LFE4-.LFB4
 477 0141 01       		.uleb128 0x1
 478 0142 9C       		.byte	0x9c
 479 0143 72010000 		.4byte	0x172
 480 0147 08       		.uleb128 0x8
 481 0148 75010000 		.4byte	.LASF23
 482 014c 01       		.byte	0x1
 483 014d CF       		.byte	0xcf
 484 014e 76000000 		.4byte	0x76
 485 0152 02       		.uleb128 0x2
 486 0153 91       		.byte	0x91
 487 0154 6E       		.sleb128 -18
 488 0155 08       		.uleb128 0x8
 489 0156 B8010000 		.4byte	.LASF18
 490 015a 01       		.byte	0x1
 491 015b CF       		.byte	0xcf
 492 015c 76000000 		.4byte	0x76
 493 0160 02       		.uleb128 0x2
 494 0161 91       		.byte	0x91
 495 0162 6C       		.sleb128 -20
 496 0163 09       		.uleb128 0x9
 497 0164 1A020000 		.4byte	.LASF25
 498 0168 01       		.byte	0x1
 499 0169 D1       		.byte	0xd1
 500 016a 81000000 		.4byte	0x81
ARM GAS  C:\Users\Ala\AppData\Local\Temp\ccSwqRut.s 			page 14


 501 016e 02       		.uleb128 0x2
 502 016f 91       		.byte	0x91
 503 0170 74       		.sleb128 -12
 504 0171 00       		.byte	0
 505 0172 0B       		.uleb128 0xb
 506 0173 55010000 		.4byte	.LASF26
 507 0177 01       		.byte	0x1
 508 0178 EC       		.byte	0xec
 509 0179 6B000000 		.4byte	0x6b
 510 017d 00000000 		.4byte	.LFB5
 511 0181 30000000 		.4byte	.LFE5-.LFB5
 512 0185 01       		.uleb128 0x1
 513 0186 9C       		.byte	0x9c
 514 0187 09       		.uleb128 0x9
 515 0188 FE010000 		.4byte	.LASF27
 516 018c 01       		.byte	0x1
 517 018d EE       		.byte	0xee
 518 018e 6B000000 		.4byte	0x6b
 519 0192 02       		.uleb128 0x2
 520 0193 91       		.byte	0x91
 521 0194 77       		.sleb128 -9
 522 0195 00       		.byte	0
 523 0196 00       		.byte	0
 524              		.section	.debug_abbrev,"",%progbits
 525              	.Ldebug_abbrev0:
 526 0000 01       		.uleb128 0x1
 527 0001 11       		.uleb128 0x11
 528 0002 01       		.byte	0x1
 529 0003 25       		.uleb128 0x25
 530 0004 0E       		.uleb128 0xe
 531 0005 13       		.uleb128 0x13
 532 0006 0B       		.uleb128 0xb
 533 0007 03       		.uleb128 0x3
 534 0008 0E       		.uleb128 0xe
 535 0009 1B       		.uleb128 0x1b
 536 000a 0E       		.uleb128 0xe
 537 000b 55       		.uleb128 0x55
 538 000c 17       		.uleb128 0x17
 539 000d 11       		.uleb128 0x11
 540 000e 01       		.uleb128 0x1
 541 000f 10       		.uleb128 0x10
 542 0010 17       		.uleb128 0x17
 543 0011 00       		.byte	0
 544 0012 00       		.byte	0
 545 0013 02       		.uleb128 0x2
 546 0014 24       		.uleb128 0x24
 547 0015 00       		.byte	0
 548 0016 0B       		.uleb128 0xb
 549 0017 0B       		.uleb128 0xb
 550 0018 3E       		.uleb128 0x3e
 551 0019 0B       		.uleb128 0xb
 552 001a 03       		.uleb128 0x3
 553 001b 0E       		.uleb128 0xe
 554 001c 00       		.byte	0
 555 001d 00       		.byte	0
 556 001e 03       		.uleb128 0x3
 557 001f 24       		.uleb128 0x24
ARM GAS  C:\Users\Ala\AppData\Local\Temp\ccSwqRut.s 			page 15


 558 0020 00       		.byte	0
 559 0021 0B       		.uleb128 0xb
 560 0022 0B       		.uleb128 0xb
 561 0023 3E       		.uleb128 0x3e
 562 0024 0B       		.uleb128 0xb
 563 0025 03       		.uleb128 0x3
 564 0026 08       		.uleb128 0x8
 565 0027 00       		.byte	0
 566 0028 00       		.byte	0
 567 0029 04       		.uleb128 0x4
 568 002a 16       		.uleb128 0x16
 569 002b 00       		.byte	0
 570 002c 03       		.uleb128 0x3
 571 002d 0E       		.uleb128 0xe
 572 002e 3A       		.uleb128 0x3a
 573 002f 0B       		.uleb128 0xb
 574 0030 3B       		.uleb128 0x3b
 575 0031 0B       		.uleb128 0xb
 576 0032 49       		.uleb128 0x49
 577 0033 13       		.uleb128 0x13
 578 0034 00       		.byte	0
 579 0035 00       		.byte	0
 580 0036 05       		.uleb128 0x5
 581 0037 16       		.uleb128 0x16
 582 0038 00       		.byte	0
 583 0039 03       		.uleb128 0x3
 584 003a 0E       		.uleb128 0xe
 585 003b 3A       		.uleb128 0x3a
 586 003c 0B       		.uleb128 0xb
 587 003d 3B       		.uleb128 0x3b
 588 003e 05       		.uleb128 0x5
 589 003f 49       		.uleb128 0x49
 590 0040 13       		.uleb128 0x13
 591 0041 00       		.byte	0
 592 0042 00       		.byte	0
 593 0043 06       		.uleb128 0x6
 594 0044 35       		.uleb128 0x35
 595 0045 00       		.byte	0
 596 0046 49       		.uleb128 0x49
 597 0047 13       		.uleb128 0x13
 598 0048 00       		.byte	0
 599 0049 00       		.byte	0
 600 004a 07       		.uleb128 0x7
 601 004b 2E       		.uleb128 0x2e
 602 004c 01       		.byte	0x1
 603 004d 3F       		.uleb128 0x3f
 604 004e 19       		.uleb128 0x19
 605 004f 03       		.uleb128 0x3
 606 0050 0E       		.uleb128 0xe
 607 0051 3A       		.uleb128 0x3a
 608 0052 0B       		.uleb128 0xb
 609 0053 3B       		.uleb128 0x3b
 610 0054 0B       		.uleb128 0xb
 611 0055 27       		.uleb128 0x27
 612 0056 19       		.uleb128 0x19
 613 0057 11       		.uleb128 0x11
 614 0058 01       		.uleb128 0x1
ARM GAS  C:\Users\Ala\AppData\Local\Temp\ccSwqRut.s 			page 16


 615 0059 12       		.uleb128 0x12
 616 005a 06       		.uleb128 0x6
 617 005b 40       		.uleb128 0x40
 618 005c 18       		.uleb128 0x18
 619 005d 9742     		.uleb128 0x2117
 620 005f 19       		.uleb128 0x19
 621 0060 01       		.uleb128 0x1
 622 0061 13       		.uleb128 0x13
 623 0062 00       		.byte	0
 624 0063 00       		.byte	0
 625 0064 08       		.uleb128 0x8
 626 0065 05       		.uleb128 0x5
 627 0066 00       		.byte	0
 628 0067 03       		.uleb128 0x3
 629 0068 0E       		.uleb128 0xe
 630 0069 3A       		.uleb128 0x3a
 631 006a 0B       		.uleb128 0xb
 632 006b 3B       		.uleb128 0x3b
 633 006c 0B       		.uleb128 0xb
 634 006d 49       		.uleb128 0x49
 635 006e 13       		.uleb128 0x13
 636 006f 02       		.uleb128 0x2
 637 0070 18       		.uleb128 0x18
 638 0071 00       		.byte	0
 639 0072 00       		.byte	0
 640 0073 09       		.uleb128 0x9
 641 0074 34       		.uleb128 0x34
 642 0075 00       		.byte	0
 643 0076 03       		.uleb128 0x3
 644 0077 0E       		.uleb128 0xe
 645 0078 3A       		.uleb128 0x3a
 646 0079 0B       		.uleb128 0xb
 647 007a 3B       		.uleb128 0x3b
 648 007b 0B       		.uleb128 0xb
 649 007c 49       		.uleb128 0x49
 650 007d 13       		.uleb128 0x13
 651 007e 02       		.uleb128 0x2
 652 007f 18       		.uleb128 0x18
 653 0080 00       		.byte	0
 654 0081 00       		.byte	0
 655 0082 0A       		.uleb128 0xa
 656 0083 2E       		.uleb128 0x2e
 657 0084 00       		.byte	0
 658 0085 3F       		.uleb128 0x3f
 659 0086 19       		.uleb128 0x19
 660 0087 03       		.uleb128 0x3
 661 0088 0E       		.uleb128 0xe
 662 0089 3A       		.uleb128 0x3a
 663 008a 0B       		.uleb128 0xb
 664 008b 3B       		.uleb128 0x3b
 665 008c 0B       		.uleb128 0xb
 666 008d 27       		.uleb128 0x27
 667 008e 19       		.uleb128 0x19
 668 008f 49       		.uleb128 0x49
 669 0090 13       		.uleb128 0x13
 670 0091 11       		.uleb128 0x11
 671 0092 01       		.uleb128 0x1
ARM GAS  C:\Users\Ala\AppData\Local\Temp\ccSwqRut.s 			page 17


 672 0093 12       		.uleb128 0x12
 673 0094 06       		.uleb128 0x6
 674 0095 40       		.uleb128 0x40
 675 0096 18       		.uleb128 0x18
 676 0097 9742     		.uleb128 0x2117
 677 0099 19       		.uleb128 0x19
 678 009a 00       		.byte	0
 679 009b 00       		.byte	0
 680 009c 0B       		.uleb128 0xb
 681 009d 2E       		.uleb128 0x2e
 682 009e 01       		.byte	0x1
 683 009f 3F       		.uleb128 0x3f
 684 00a0 19       		.uleb128 0x19
 685 00a1 03       		.uleb128 0x3
 686 00a2 0E       		.uleb128 0xe
 687 00a3 3A       		.uleb128 0x3a
 688 00a4 0B       		.uleb128 0xb
 689 00a5 3B       		.uleb128 0x3b
 690 00a6 0B       		.uleb128 0xb
 691 00a7 27       		.uleb128 0x27
 692 00a8 19       		.uleb128 0x19
 693 00a9 49       		.uleb128 0x49
 694 00aa 13       		.uleb128 0x13
 695 00ab 11       		.uleb128 0x11
 696 00ac 01       		.uleb128 0x1
 697 00ad 12       		.uleb128 0x12
 698 00ae 06       		.uleb128 0x6
 699 00af 40       		.uleb128 0x40
 700 00b0 18       		.uleb128 0x18
 701 00b1 9742     		.uleb128 0x2117
 702 00b3 19       		.uleb128 0x19
 703 00b4 00       		.byte	0
 704 00b5 00       		.byte	0
 705 00b6 00       		.byte	0
 706              		.section	.debug_aranges,"",%progbits
 707 0000 44000000 		.4byte	0x44
 708 0004 0200     		.2byte	0x2
 709 0006 00000000 		.4byte	.Ldebug_info0
 710 000a 04       		.byte	0x4
 711 000b 00       		.byte	0
 712 000c 0000     		.2byte	0
 713 000e 0000     		.2byte	0
 714 0010 00000000 		.4byte	.LFB0
 715 0014 30000000 		.4byte	.LFE0-.LFB0
 716 0018 00000000 		.4byte	.LFB1
 717 001c 50000000 		.4byte	.LFE1-.LFB1
 718 0020 00000000 		.4byte	.LFB2
 719 0024 1C000000 		.4byte	.LFE2-.LFB2
 720 0028 00000000 		.4byte	.LFB3
 721 002c 1C000000 		.4byte	.LFE3-.LFB3
 722 0030 00000000 		.4byte	.LFB4
 723 0034 44000000 		.4byte	.LFE4-.LFB4
 724 0038 00000000 		.4byte	.LFB5
 725 003c 30000000 		.4byte	.LFE5-.LFB5
 726 0040 00000000 		.4byte	0
 727 0044 00000000 		.4byte	0
 728              		.section	.debug_ranges,"",%progbits
ARM GAS  C:\Users\Ala\AppData\Local\Temp\ccSwqRut.s 			page 18


 729              	.Ldebug_ranges0:
 730 0000 00000000 		.4byte	.LFB0
 731 0004 30000000 		.4byte	.LFE0
 732 0008 00000000 		.4byte	.LFB1
 733 000c 50000000 		.4byte	.LFE1
 734 0010 00000000 		.4byte	.LFB2
 735 0014 1C000000 		.4byte	.LFE2
 736 0018 00000000 		.4byte	.LFB3
 737 001c 1C000000 		.4byte	.LFE3
 738 0020 00000000 		.4byte	.LFB4
 739 0024 44000000 		.4byte	.LFE4
 740 0028 00000000 		.4byte	.LFB5
 741 002c 30000000 		.4byte	.LFE5
 742 0030 00000000 		.4byte	0
 743 0034 00000000 		.4byte	0
 744              		.section	.debug_line,"",%progbits
 745              	.Ldebug_line0:
 746 0000 BD000000 		.section	.debug_str,"MS",%progbits,1
 746      02004600 
 746      00000201 
 746      FB0E0D00 
 746      01010101 
 747              	.LASF15:
 748 0000 72656733 		.ascii	"reg32\000"
 748      3200
 749              	.LASF19:
 750 0006 76616C75 		.ascii	"value\000"
 750      6500
 751              	.LASF22:
 752 000c 55415254 		.ascii	"UART_1_tx_SetInterruptMode\000"
 752      5F315F74 
 752      785F5365 
 752      74496E74 
 752      65727275 
 753              	.LASF13:
 754 0027 646F7562 		.ascii	"double\000"
 754      6C6500
 755              	.LASF21:
 756 002e 55415254 		.ascii	"UART_1_tx_ReadDataReg\000"
 756      5F315F74 
 756      785F5265 
 756      61644461 
 756      74615265 
 757              	.LASF12:
 758 0044 666C6F61 		.ascii	"float\000"
 758      7400
 759              	.LASF1:
 760 004a 756E7369 		.ascii	"unsigned char\000"
 760      676E6564 
 760      20636861 
 760      7200
 761              	.LASF24:
 762 0058 64725661 		.ascii	"drVal\000"
 762      6C00
 763              	.LASF30:
 764 005e 433A5C55 		.ascii	"C:\\Users\\Ala\\Desktop\\Cypress\\BeoM_main.cydsn\000"
 764      73657273 
ARM GAS  C:\Users\Ala\AppData\Local\Temp\ccSwqRut.s 			page 19


 764      5C416C61 
 764      5C446573 
 764      6B746F70 
 765              	.LASF3:
 766 008b 73686F72 		.ascii	"short unsigned int\000"
 766      7420756E 
 766      7369676E 
 766      65642069 
 766      6E7400
 767              	.LASF28:
 768 009e 474E5520 		.ascii	"GNU C11 5.4.1 20160609 (release) [ARM/embedded-5-br"
 768      43313120 
 768      352E342E 
 768      31203230 
 768      31363036 
 769 00d1 616E6368 		.ascii	"anch revision 237715] -mcpu=cortex-m0 -mthumb -g -O"
 769      20726576 
 769      6973696F 
 769      6E203233 
 769      37373135 
 770 0104 30202D66 		.ascii	"0 -ffunction-sections -ffat-lto-objects\000"
 770      66756E63 
 770      74696F6E 
 770      2D736563 
 770      74696F6E 
 771              	.LASF5:
 772 012c 6C6F6E67 		.ascii	"long unsigned int\000"
 772      20756E73 
 772      69676E65 
 772      6420696E 
 772      7400
 773              	.LASF16:
 774 013e 55415254 		.ascii	"UART_1_tx_SetDriveMode\000"
 774      5F315F74 
 774      785F5365 
 774      74447269 
 774      76654D6F 
 775              	.LASF26:
 776 0155 55415254 		.ascii	"UART_1_tx_ClearInterrupt\000"
 776      5F315F74 
 776      785F436C 
 776      65617249 
 776      6E746572 
 777              	.LASF10:
 778 016e 75696E74 		.ascii	"uint16\000"
 778      313600
 779              	.LASF23:
 780 0175 706F7369 		.ascii	"position\000"
 780      74696F6E 
 780      00
 781              	.LASF11:
 782 017e 75696E74 		.ascii	"uint32\000"
 782      333200
 783              	.LASF20:
 784 0185 55415254 		.ascii	"UART_1_tx_Read\000"
 784      5F315F74 
 784      785F5265 
ARM GAS  C:\Users\Ala\AppData\Local\Temp\ccSwqRut.s 			page 20


 784      616400
 785              	.LASF8:
 786 0194 756E7369 		.ascii	"unsigned int\000"
 786      676E6564 
 786      20696E74 
 786      00
 787              	.LASF7:
 788 01a1 6C6F6E67 		.ascii	"long long unsigned int\000"
 788      206C6F6E 
 788      6720756E 
 788      7369676E 
 788      65642069 
 789              	.LASF18:
 790 01b8 6D6F6465 		.ascii	"mode\000"
 790      00
 791              	.LASF17:
 792 01bd 55415254 		.ascii	"UART_1_tx_Write\000"
 792      5F315F74 
 792      785F5772 
 792      69746500 
 793              	.LASF29:
 794 01cd 47656E65 		.ascii	"Generated_Source\\PSoC4\\UART_1_tx.c\000"
 794      72617465 
 794      645F536F 
 794      75726365 
 794      5C50536F 
 795              	.LASF6:
 796 01f0 6C6F6E67 		.ascii	"long long int\000"
 796      206C6F6E 
 796      6720696E 
 796      7400
 797              	.LASF27:
 798 01fe 6D61736B 		.ascii	"maskedStatus\000"
 798      65645374 
 798      61747573 
 798      00
 799              	.LASF14:
 800 020b 63686172 		.ascii	"char\000"
 800      00
 801              	.LASF2:
 802 0210 73686F72 		.ascii	"short int\000"
 802      7420696E 
 802      7400
 803              	.LASF25:
 804 021a 696E7472 		.ascii	"intrCfg\000"
 804      43666700 
 805              	.LASF9:
 806 0222 75696E74 		.ascii	"uint8\000"
 806      3800
 807              	.LASF4:
 808 0228 6C6F6E67 		.ascii	"long int\000"
 808      20696E74 
 808      00
 809              	.LASF0:
 810 0231 7369676E 		.ascii	"signed char\000"
 810      65642063 
 810      68617200 
ARM GAS  C:\Users\Ala\AppData\Local\Temp\ccSwqRut.s 			page 21


 811              		.ident	"GCC: (GNU Tools for ARM Embedded Processors) 5.4.1 20160609 (release) [ARM/embedded-5-bran
